#
# A fatal error has been detected by the Java Runtime Environment:
#
#  SIGSEGV (0xb) at pc=0x000000019e9c45dd, pid=2943, tid=1811
#
# JRE version: Java(TM) SE Runtime Environment (8.0_40-b27) (build 1.8.0_40-b27)
# Java VM: Java HotSpot(TM) 64-Bit Server VM (25.40-b25 mixed mode bsd-amd64 compressed oops)
# Problematic frame:
# C  [libglass.dylib+0x155dd]  GlassScreenDidChangeScreenParameters+0x9d
#
# Failed to write core dump. Core dumps have been disabled. To enable core dumping, try "ulimit -c unlimited" before starting Java again
#
# If you would like to submit a bug report, please visit:
#   http://bugreport.java.com/bugreport/crash.jsp
#

---------------  T H R E A D  ---------------

Current thread is native thread

siginfo: si_signo: 11 (SIGSEGV), si_code: 1 (SEGV_MAPERR), si_addr: 0x0000000000000000

Registers:
RAX=0x000000019e9f6bc0, RBX=0x0000000000000000, RCX=0x6c00847799f60420, RDX=0x00007fd2f34bc280
RSP=0x00007fff585ac080, RBP=0x00007fff585ac090, RSI=0x00007fd2f342a440, RDI=0x0000000000000000
R8 =0x00007fff585abf30, R9 =0x00007fff7d0f4300, R10=0x0000000000000000, R11=0x0000000000000246
R12=0x00007fd2f340cfb0, R13=0x00000000000f4268, R14=0x00007fd2f34bc190, R15=0x00007fff585ac1d0
RIP=0x000000019e9c45dd, EFLAGS=0x0000000000010202, ERR=0x0000000000000004
  TRAPNO=0x000000000000000e

Top of Stack: (sp=0x00007fff585ac080)
0x00007fff585ac080:   00007fff585ac260 00007fd2f34bc190
0x00007fff585ac090:   00007fff585ac0a0 00007fff94430cdc
0x00007fff585ac0a0:   00007fff585ac400 00007fff94322244
0x00007fff585ac0b0:   00007fff585ac100 0000000000000000
0x00007fff585ac0c0:   00007fff7d609cf0 00007fd2f34353f0
0x00007fff585ac0d0:   0000000000001000 0000000000000900
0x00007fff585ac0e0:   00007fd2f34353f0 00007fd2f34bc190
0x00007fff585ac0f0:   0000000000000000 00007fff585ac1d0
0x00007fff585ac100:   0000000000000000 00007fd2f34bc150
0x00007fff585ac110:   00007fff585ac250 0000000000000060
0x00007fff585ac120:   00000000000f4316 00007fd2f59f51f0
0x00007fff585ac130:   00007fd2f3488270 00007fd2f340cfb0
0x00007fff585ac140:   0000000000000001 00000000000f4268
0x00007fff585ac150:   00007fd2f340cfa0 00007fff91779acb
0x00007fff585ac160:   0000000000000001 0000000000000001
0x00007fff585ac170:   0000000000000030 0000000000000001
0x00007fff585ac180:   00007fff585ac1a0 00007fff9177f231
0x00007fff585ac190:   00007fff7d607dd0 0000000000000000
0x00007fff585ac1a0:   00007fff585ac1c0 0000000000000011
0x00007fff585ac1b0:   00013203f3961000 00007fd2f340cfd4
0x00007fff585ac1c0:   0000000000000000 00007fff94317d1f
0x00007fff585ac1d0:   00007fd2f34bc190 00007fff7d607dd0
0x00007fff585ac1e0:   00007fff585ac260 00007fff9432084f
0x00007fff585ac1f0:   00007fff585ac264 0000000000434e01
0x00007fff585ac200:   000000010766fa00 0000000000000002
0x00007fff585ac210:   000000010766c000 00007fd2f3497fc2
0x00007fff585ac220:   0000000000000003 000000010766fa00
0x00007fff585ac230:   00007fff585ac320 00007fff917782a2
0x00007fff585ac240:   00007fd2f3487de0 00007fff585ac408
0x00007fff585ac250:   0000000000000017 0000000000000000
0x00007fff585ac260:   00000000000f4268 00007fff94318013
0x00007fff585ac270:   00007fff00000000 00007fd2f3575eb0 

Instructions: (pc=0x000000019e9c45dd)
0x000000019e9c45bd:   89 df 4c 89 f1 41 ff 90 68 04 00 00 48 8d 05 f8
0x000000019e9c45cd:   24 03 00 48 8b 30 48 8d 05 e6 25 03 00 48 8b 10
0x000000019e9c45dd:   48 8b 0b 30 c0 48 89 df ff 91 68 04 00 00 48 8b
0x000000019e9c45ed:   03 48 89 df ff 50 78 48 85 c0 74 36 49 89 c6 48 

Register to memory mapping:

RAX=0x000000019e9f6bc0: jScreenNotifySettingsChanged+0 in /Library/Java/JavaVirtualMachines/jdk1.8.0_40.jdk/Contents/Home/jre/lib/libglass.dylib at 0x000000019e9af000
RBX=0x0000000000000000 is an unknown value
RCX=0x6c00847799f60420 is an unknown value
RDX=0x00007fd2f34bc280 is an unknown value
RSP=0x00007fff585ac080 is an unknown value
RBP=0x00007fff585ac090 is an unknown value
RSI=0x00007fd2f342a440 is a global jni handle
RDI=0x0000000000000000 is an unknown value
R8 =0x00007fff585abf30 is an unknown value
R9 =0x00007fff7d0f4300: _thread+0 in /usr/lib/system/libsystem_pthread.dylib at 0x00007fff91d20000
R10=0x0000000000000000 is an unknown value
R11=0x0000000000000246 is an unknown value
R12=0x00007fd2f340cfb0 is an unknown value
R13=0x00000000000f4268 is an unknown value
R14=0x00007fd2f34bc190 is an unknown value
R15=0x00007fff585ac1d0 is an unknown value


Stack: [0x00007fff57daf000,0x00007fff585af000],  sp=0x00007fff585ac080,  free space=8180k
Native frames: (J=compiled Java code, j=interpreted, Vv=VM code, C=native code)
C  [libglass.dylib+0x155dd]  GlassScreenDidChangeScreenParameters+0x9d
C  [CoreFoundation+0x11ecdc]  __CFNOTIFICATIONCENTER_IS_CALLING_OUT_TO_AN_OBSERVER__+0xc
C  [CoreFoundation+0x10244]  _CFXNotificationPost+0xc44
C  [Foundation+0x2c31]  -[NSNotificationCenter postNotificationName:object:userInfo:]+0x42
C  [AppKit+0x36305e]  -[NSApplication _reactToScreenInvalidationImmediately:]+0x17b
C  [AppKit+0x362e9d]  __44-[NSApplication _reactToScreenInvalidation:]_block_invoke+0x4b
C  [CoreFoundation+0x8056c]  __CFRUNLOOP_IS_CALLING_OUT_TO_A_BLOCK__+0xc
C  [CoreFoundation+0x72675]  __CFRunLoopDoBlocks+0x155
C  [CoreFoundation+0x721b6]  __CFRunLoopRun+0x716
C  [CoreFoundation+0x71858]  CFRunLoopRunSpecific+0x128
C  [java+0x6490]  CreateExecutionEnvironment+0x367
C  [java+0x221c]  JLI_Launch+0x7a0
C  [java+0x84ed]  main+0x65
C  [java+0x1a74]  start+0x34


---------------  P R O C E S S  ---------------

VM state:not at safepoint (normal execution)

VM Mutex/Monitor currently owned by a thread: None

Heap:
 PSYoungGen      total 18944K, used 12126K [0x0000000142d00000, 0x0000000144900000, 0x0000000158200000)
  eden space 16384K, 58% used [0x0000000142d00000,0x000000014365d1d0,0x0000000143d00000)
  from space 2560K, 99% used [0x0000000143d00000,0x0000000143f7a948,0x0000000143f80000)
  to   space 6144K, 0% used [0x0000000144300000,0x0000000144300000,0x0000000144900000)
 ParOldGen       total 28672K, used 8499K [0x0000000118200000, 0x0000000119e00000, 0x0000000142d00000)
  object space 28672K, 29% used [0x0000000118200000,0x0000000118a4ccd0,0x0000000119e00000)
 Metaspace       used 26323K, capacity 27606K, committed 27776K, reserved 1073152K
  class space    used 3874K, capacity 4116K, committed 4224K, reserved 1048576K

Card table byte_map: [0x0000000158200000,0x0000000158401000] byte_map_base: 0x000000015793f000

Marking Bits: (ParMarkBitMap*) 0x00000001080127a0
 Begin Bits: [0x000000015875d000, 0x000000015975d000)
 End Bits:   [0x000000015975d000, 0x000000015a75d000)

Polling page: 0x00000001087ff000

CodeCache: size=245760Kb used=6779Kb max_used=6789Kb free=238981Kb
 bounds [0x0000000108c29000, 0x00000001092d9000, 0x0000000117c29000]
 total_blobs=2948 nmethods=2271 adapters=592
 compilation: enabled

Compilation events (10 events):
Event: 68.463 Thread 0x00007fd2f4064000 2330       1       java.util.ArrayList::elementData (7 bytes)
Event: 68.464 Thread 0x00007fd2f4064000 nmethod 2330 0x00000001092ca3d0 code [0x00000001092ca520, 0x00000001092ca650]
Event: 68.464 Thread 0x00007fd2f4064000 2328       3       java.lang.invoke.CallSite::maybeReBoxElements (24 bytes)
Event: 68.465 Thread 0x00007fd2f4064000 nmethod 2328 0x00000001092ca710 code [0x00000001092ca8c0, 0x00000001092caf88]
Event: 68.465 Thread 0x00007fd2f4051000 2329       4       javafx.scene.Node::getScene (11 bytes)
Event: 68.471 Thread 0x00007fd2f4051000 nmethod 2329 0x00000001092cde90 code [0x00000001092cdfe0, 0x00000001092ce0d8]
Event: 68.471 Thread 0x00007fd2f4051000 2331       4       java.util.concurrent.atomic.AtomicBoolean::get (13 bytes)
Event: 68.471 Thread 0x00007fd2f4051000 nmethod 2331 0x00000001092ce1d0 code [0x00000001092ce320, 0x00000001092ce398]
Event: 68.472 Thread 0x00007fd2f4064000 2332       3       java.util.concurrent.locks.AbstractOwnableSynchronizer::setExclusiveOwnerThread (6 bytes)
Event: 68.473 Thread 0x00007fd2f4064000 nmethod 2332 0x00000001092cdb50 code [0x00000001092cdca0, 0x00000001092cde10]

GC Heap History (10 events):
Event: 3.939 GC heap before
{Heap before GC invocations=2 (full 0):
 PSYoungGen      total 18944K, used 18928K [0x0000000142d00000, 0x0000000144200000, 0x0000000158200000)
  eden space 16384K, 100% used [0x0000000142d00000,0x0000000143d00000,0x0000000143d00000)
  from space 2560K, 99% used [0x0000000143d00000,0x0000000143f7c300,0x0000000143f80000)
  to   space 2560K, 0% used [0x0000000143f80000,0x0000000143f80000,0x0000000144200000)
 ParOldGen       total 44032K, used 252K [0x0000000118200000, 0x000000011ad00000, 0x0000000142d00000)
  object space 44032K, 0% used [0x0000000118200000,0x000000011823f2f8,0x000000011ad00000)
 Metaspace       used 13233K, capacity 13674K, committed 13824K, reserved 1060864K
  class space    used 1641K, capacity 1779K, committed 1792K, reserved 1048576K
Event: 3.951 GC heap after
Heap after GC invocations=2 (full 0):
 PSYoungGen      total 18944K, used 2528K [0x0000000142d00000, 0x0000000144200000, 0x0000000158200000)
  eden space 16384K, 0% used [0x0000000142d00000,0x0000000142d00000,0x0000000143d00000)
  from space 2560K, 98% used [0x0000000143f80000,0x00000001441f8020,0x0000000144200000)
  to   space 2560K, 0% used [0x0000000143d00000,0x0000000143d00000,0x0000000143f80000)
 ParOldGen       total 44032K, used 2855K [0x0000000118200000, 0x000000011ad00000, 0x0000000142d00000)
  object space 44032K, 6% used [0x0000000118200000,0x00000001184c9c18,0x000000011ad00000)
 Metaspace       used 13233K, capacity 13674K, committed 13824K, reserved 1060864K
  class space    used 1641K, capacity 1779K, committed 1792K, reserved 1048576K
}
Event: 57.912 GC heap before
{Heap before GC invocations=3 (full 0):
 PSYoungGen      total 18944K, used 18912K [0x0000000142d00000, 0x0000000144200000, 0x0000000158200000)
  eden space 16384K, 100% used [0x0000000142d00000,0x0000000143d00000,0x0000000143d00000)
  from space 2560K, 98% used [0x0000000143f80000,0x00000001441f8020,0x0000000144200000)
  to   space 2560K, 0% used [0x0000000143d00000,0x0000000143d00000,0x0000000143f80000)
 ParOldGen       total 44032K, used 2855K [0x0000000118200000, 0x000000011ad00000, 0x0000000142d00000)
  object space 44032K, 6% used [0x0000000118200000,0x00000001184c9c18,0x000000011ad00000)
 Metaspace       used 16867K, capacity 17308K, committed 17536K, reserved 1064960K
  class space    used 2215K, capacity 2355K, committed 2432K, reserved 1048576K
Event: 57.940 GC heap after
Heap after GC invocations=3 (full 0):
 PSYoungGen      total 18944K, used 2528K [0x0000000142d00000, 0x0000000144200000, 0x0000000158200000)
  eden space 16384K, 0% used [0x0000000142d00000,0x0000000142d00000,0x0000000143d00000)
  from space 2560K, 98% used [0x0000000143d00000,0x0000000143f78020,0x0000000143f80000)
  to   space 2560K, 0% used [0x0000000143f80000,0x0000000143f80000,0x0000000144200000)
 ParOldGen       total 44032K, used 5466K [0x0000000118200000, 0x000000011ad00000, 0x0000000142d00000)
  object space 44032K, 12% used [0x0000000118200000,0x0000000118756800,0x000000011ad00000)
 Metaspace       used 16867K, capacity 17308K, committed 17536K, reserved 1064960K
  class space    used 2215K, capacity 2355K, committed 2432K, reserved 1048576K
}
Event: 59.605 GC heap before
{Heap before GC invocations=4 (full 0):
 PSYoungGen      total 18944K, used 18897K [0x0000000142d00000, 0x0000000144200000, 0x0000000158200000)
  eden space 16384K, 99% used [0x0000000142d00000,0x0000000143cfc6b0,0x0000000143d00000)
  from space 2560K, 98% used [0x0000000143d00000,0x0000000143f78020,0x0000000143f80000)
  to   space 2560K, 0% used [0x0000000143f80000,0x0000000143f80000,0x0000000144200000)
 ParOldGen       total 44032K, used 5466K [0x0000000118200000, 0x000000011ad00000, 0x0000000142d00000)
  object space 44032K, 12% used [0x0000000118200000,0x0000000118756800,0x000000011ad00000)
 Metaspace       used 20633K, capacity 21218K, committed 21248K, reserved 1067008K
  class space    used 2860K, capacity 3048K, committed 3072K, reserved 1048576K
Event: 59.628 GC heap after
Heap after GC invocations=4 (full 0):
 PSYoungGen      total 18944K, used 2544K [0x0000000142d00000, 0x0000000144200000, 0x0000000158200000)
  eden space 16384K, 0% used [0x0000000142d00000,0x0000000142d00000,0x0000000143d00000)
  from space 2560K, 99% used [0x0000000143f80000,0x00000001441fc030,0x0000000144200000)
  to   space 2560K, 0% used [0x0000000143d00000,0x0000000143d00000,0x0000000143f80000)
 ParOldGen       total 44032K, used 7454K [0x0000000118200000, 0x000000011ad00000, 0x0000000142d00000)
  object space 44032K, 16% used [0x0000000118200000,0x0000000118947b50,0x000000011ad00000)
 Metaspace       used 20633K, capacity 21218K, committed 21248K, reserved 1067008K
  class space    used 2860K, capacity 3048K, committed 3072K, reserved 1048576K
}
Event: 59.628 GC heap before
{Heap before GC invocations=5 (full 1):
 PSYoungGen      total 18944K, used 2544K [0x0000000142d00000, 0x0000000144200000, 0x0000000158200000)
  eden space 16384K, 0% used [0x0000000142d00000,0x0000000142d00000,0x0000000143d00000)
  from space 2560K, 99% used [0x0000000143f80000,0x00000001441fc030,0x0000000144200000)
  to   space 2560K, 0% used [0x0000000143d00000,0x0000000143d00000,0x0000000143f80000)
 ParOldGen       total 44032K, used 7454K [0x0000000118200000, 0x000000011ad00000, 0x0000000142d00000)
  object space 44032K, 16% used [0x0000000118200000,0x0000000118947b50,0x000000011ad00000)
 Metaspace       used 20633K, capacity 21218K, committed 21248K, reserved 1067008K
  class space    used 2860K, capacity 3048K, committed 3072K, reserved 1048576K
Event: 59.721 GC heap after
Heap after GC invocations=5 (full 1):
 PSYoungGen      total 18944K, used 0K [0x0000000142d00000, 0x0000000144200000, 0x0000000158200000)
  eden space 16384K, 0% used [0x0000000142d00000,0x0000000142d00000,0x0000000143d00000)
  from space 2560K, 0% used [0x0000000143f80000,0x0000000143f80000,0x0000000144200000)
  to   space 2560K, 0% used [0x0000000143d00000,0x0000000143d00000,0x0000000143f80000)
 ParOldGen       total 28672K, used 8403K [0x0000000118200000, 0x0000000119e00000, 0x0000000142d00000)
  object space 28672K, 29% used [0x0000000118200000,0x0000000118a34cd0,0x0000000119e00000)
 Metaspace       used 20633K, capacity 21218K, committed 21248K, reserved 1067008K
  class space    used 2860K, capacity 3048K, committed 3072K, reserved 1048576K
}
Event: 64.304 GC heap before
{Heap before GC invocations=6 (full 1):
 PSYoungGen      total 18944K, used 16384K [0x0000000142d00000, 0x0000000144200000, 0x0000000158200000)
  eden space 16384K, 100% used [0x0000000142d00000,0x0000000143d00000,0x0000000143d00000)
  from space 2560K, 0% used [0x0000000143f80000,0x0000000143f80000,0x0000000144200000)
  to   space 2560K, 0% used [0x0000000143d00000,0x0000000143d00000,0x0000000143f80000)
 ParOldGen       total 28672K, used 8403K [0x0000000118200000, 0x0000000119e00000, 0x0000000142d00000)
  object space 28672K, 29% used [0x0000000118200000,0x0000000118a34cd0,0x0000000119e00000)
 Metaspace       used 25050K, capacity 26188K, committed 26240K, reserved 1071104K
  class space    used 3692K, capacity 3927K, committed 3968K, reserved 1048576K
Event: 64.324 GC heap after
Heap after GC invocations=6 (full 1):
 PSYoungGen      total 18944K, used 2538K [0x0000000142d00000, 0x0000000144900000, 0x0000000158200000)
  eden space 16384K, 0% used [0x0000000142d00000,0x0000000142d00000,0x0000000143d00000)
  from space 2560K, 99% used [0x0000000143d00000,0x0000000143f7a948,0x0000000143f80000)
  to   space 6144K, 0% used [0x0000000144300000,0x0000000144300000,0x0000000144900000)
 ParOldGen       total 28672K, used 8499K [0x0000000118200000, 0x0000000119e00000, 0x0000000142d00000)
  object space 28672K, 29% used [0x0000000118200000,0x0000000118a4ccd0,0x0000000119e00000)
 Metaspace       used 25050K, capacity 26188K, committed 26240K, reserved 1071104K
  class space    used 3692K, capacity 3927K, committed 3968K, reserved 1048576K
}

Deoptimization events (10 events):
Event: 64.510 Thread 0x00007fd2f41f0800 Uncommon trap: reason=bimorphic action=maybe_recompile pc=0x0000000109218180 method=com.sun.javafx.css.CompoundSelector.stateMatches(Ljavafx/css/Styleable;Ljava/util/Set;I)Z @ 181
Event: 64.510 Thread 0x00007fd2f41f0800 Uncommon trap: reason=bimorphic action=maybe_recompile pc=0x0000000109218180 method=com.sun.javafx.css.CompoundSelector.stateMatches(Ljavafx/css/Styleable;Ljava/util/Set;I)Z @ 181
Event: 64.510 Thread 0x00007fd2f41f0800 Uncommon trap: reason=bimorphic action=maybe_recompile pc=0x0000000109218180 method=com.sun.javafx.css.CompoundSelector.stateMatches(Ljavafx/css/Styleable;Ljava/util/Set;I)Z @ 181
Event: 64.510 Thread 0x00007fd2f41f0800 Uncommon trap: reason=bimorphic action=maybe_recompile pc=0x0000000109218180 method=com.sun.javafx.css.CompoundSelector.stateMatches(Ljavafx/css/Styleable;Ljava/util/Set;I)Z @ 181
Event: 66.097 Thread 0x00007fd2f41f0800 Uncommon trap: reason=unstable_if action=reinterpret pc=0x000000010912437c method=jdk.internal.org.objectweb.asm.Type.getArgumentsAndReturnSizes(Ljava/lang/String;)I @ 47
Event: 66.593 Thread 0x00007fd2f41f0800 Uncommon trap: reason=unstable_if action=reinterpret pc=0x00000001092a76a0 method=javafx.scene.Node.impl_isDirty(Lcom/sun/javafx/scene/DirtyBits;)Z @ 12
Event: 67.815 Thread 0x00007fd2f40a3800 Uncommon trap: reason=class_check action=maybe_recompile pc=0x0000000108e37a98 method=java.util.WeakHashMap.eq(Ljava/lang/Object;Ljava/lang/Object;)Z @ 7
Event: 67.816 Thread 0x00007fd2f40a3800 Uncommon trap: reason=class_check action=maybe_recompile pc=0x0000000108e37a98 method=java.util.WeakHashMap.eq(Ljava/lang/Object;Ljava/lang/Object;)Z @ 7
Event: 67.816 Thread 0x00007fd2f40a3800 Uncommon trap: reason=class_check action=maybe_recompile pc=0x0000000108e37a98 method=java.util.WeakHashMap.eq(Ljava/lang/Object;Ljava/lang/Object;)Z @ 7
Event: 67.830 Thread 0x00007fd2f40a3800 Uncommon trap: reason=class_check action=maybe_recompile pc=0x0000000108e37a98 method=java.util.WeakHashMap.eq(Ljava/lang/Object;Ljava/lang/Object;)Z @ 7

Internal exceptions (10 events):
Event: 57.871 Thread 0x00007fd2f41f0800 Exception <a 'java/lang/ArrayIndexOutOfBoundsException'> (0x0000000143c1e238) thrown at [/Users/java_re/workspace/8-2-build-macosx-x86_64/jdk8u40/3153/hotspot/src/share/vm/runtime/sharedRuntime.cpp, line 605]
Event: 57.871 Thread 0x00007fd2f41f0800 Exception <a 'java/lang/ArrayIndexOutOfBoundsException'> (0x0000000143c1f7b0) thrown at [/Users/java_re/workspace/8-2-build-macosx-x86_64/jdk8u40/3153/hotspot/src/share/vm/runtime/sharedRuntime.cpp, line 605]
Event: 57.872 Thread 0x00007fd2f41f0800 Exception <a 'java/lang/ArrayIndexOutOfBoundsException'> (0x0000000143c216c0) thrown at [/Users/java_re/workspace/8-2-build-macosx-x86_64/jdk8u40/3153/hotspot/src/share/vm/runtime/sharedRuntime.cpp, line 605]
Event: 58.168 Thread 0x00007fd2f41f0800 Exception <a 'java/lang/ArrayIndexOutOfBoundsException'> (0x0000000142f45ed0) thrown at [/Users/java_re/workspace/8-2-build-macosx-x86_64/jdk8u40/3153/hotspot/src/share/vm/runtime/sharedRuntime.cpp, line 605]
Event: 58.169 Thread 0x00007fd2f41f0800 Exception <a 'java/lang/ArrayIndexOutOfBoundsException'> (0x0000000142f46c90) thrown at [/Users/java_re/workspace/8-2-build-macosx-x86_64/jdk8u40/3153/hotspot/src/share/vm/runtime/sharedRuntime.cpp, line 605]
Event: 58.170 Thread 0x00007fd2f41f0800 Exception <a 'java/lang/ArrayIndexOutOfBoundsException'> (0x0000000142f483d8) thrown at [/Users/java_re/workspace/8-2-build-macosx-x86_64/jdk8u40/3153/hotspot/src/share/vm/runtime/sharedRuntime.cpp, line 605]
Event: 59.481 Thread 0x00007fd2f41f0800 Exception <a 'java/io/FileNotFoundException'> (0x0000000143b99870) thrown at [/Users/java_re/workspace/8-2-build-macosx-x86_64/jdk8u40/3153/hotspot/src/share/vm/prims/jni.cpp, line 709]
Event: 59.752 Thread 0x00007fd2f41f0800 Implicit null exception at 0x000000010903fd75 to 0x000000010903ffad
Event: 59.752 Thread 0x00007fd2f41f0800 Implicit null exception at 0x0000000108fc79ef to 0x0000000108fc7a59
Event: 63.983 Thread 0x00007fd2f41f0800 Implicit null exception at 0x00000001091c8e19 to 0x00000001091c9265

Events (10 events):
Event: 68.467 loading class javafx/application/Application done
Event: 68.472 loading class com/sun/javafx/tk/quantum/QuantumRenderer
Event: 68.472 loading class com/sun/javafx/tk/quantum/QuantumRenderer done
Event: 68.472 loading class com/sun/javafx/tk/quantum/QuantumToolkit
Event: 68.472 loading class com/sun/javafx/tk/quantum/QuantumToolkit done
Event: 68.473 Thread 0x00007fd2f425e800 Thread exited: 0x00007fd2f425e800
Event: 68.473 Thread 0x00007fd2f41f0800 Thread exited: 0x00007fd2f41f0800
Event: 68.473 Thread 0x00007fd2f3807800 Thread exited: 0x00007fd2f3807800
Event: 68.473 Thread 0x00007fd2f3807800 Thread added: 0x00007fd2f3807800
Event: 68.473 Thread 0x00007fd2f40a3800 Thread exited: 0x00007fd2f40a3800


Dynamic libraries:
0x000000000c18c000 	/System/Library/Frameworks/Cocoa.framework/Versions/A/Cocoa
0x000000000c18c000 	/System/Library/Frameworks/Security.framework/Versions/A/Security
0x000000000c18c000 	/System/Library/Frameworks/ApplicationServices.framework/Versions/A/ApplicationServices
0x000000000c18c000 	/usr/lib/libz.1.dylib
0x000000000c18c000 	/usr/lib/libSystem.B.dylib
0x000000000c18c000 	/usr/lib/libobjc.A.dylib
0x000000000c18c000 	/System/Library/Frameworks/CoreFoundation.framework/Versions/A/CoreFoundation
0x000000000c18c000 	/System/Library/Frameworks/Foundation.framework/Versions/C/Foundation
0x000000000c18c000 	/System/Library/Frameworks/AppKit.framework/Versions/C/AppKit
0x000000000c18c000 	/System/Library/Frameworks/CoreData.framework/Versions/A/CoreData
0x000000000c18c000 	/System/Library/PrivateFrameworks/RemoteViewServices.framework/Versions/A/RemoteViewServices
0x000000000c18c000 	/System/Library/PrivateFrameworks/UIFoundation.framework/Versions/A/UIFoundation
0x000000000c18c000 	/System/Library/Frameworks/IOSurface.framework/Versions/A/IOSurface
0x000000000c18c000 	/System/Library/Frameworks/AudioToolbox.framework/Versions/A/AudioToolbox
0x000000000c18c000 	/System/Library/Frameworks/AudioUnit.framework/Versions/A/AudioUnit
0x000000000c18c000 	/System/Library/PrivateFrameworks/DataDetectorsCore.framework/Versions/A/DataDetectorsCore
0x000000000c18c000 	/System/Library/PrivateFrameworks/DesktopServicesPriv.framework/Versions/A/DesktopServicesPriv
0x000000000c18c000 	/System/Library/Frameworks/Carbon.framework/Versions/A/Frameworks/HIToolbox.framework/Versions/A/HIToolbox
0x000000000c18c000 	/System/Library/Frameworks/QuartzCore.framework/Versions/A/QuartzCore
0x000000000c18c000 	/System/Library/Frameworks/Carbon.framework/Versions/A/Frameworks/SpeechRecognition.framework/Versions/A/SpeechRecognition
0x000000000c18c000 	/usr/lib/libauto.dylib
0x000000000c18c000 	/usr/lib/libicucore.A.dylib
0x000000000c18c000 	/usr/lib/libxml2.2.dylib
0x000000000c18c000 	/System/Library/PrivateFrameworks/CoreUI.framework/Versions/A/CoreUI
0x000000000c18c000 	/System/Library/Frameworks/CoreAudio.framework/Versions/A/CoreAudio
0x000000000c18c000 	/System/Library/Frameworks/DiskArbitration.framework/Versions/A/DiskArbitration
0x000000000c18c000 	/usr/lib/liblangid.dylib
0x000000000c18c000 	/System/Library/PrivateFrameworks/MultitouchSupport.framework/Versions/A/MultitouchSupport
0x000000000c18c000 	/System/Library/Frameworks/IOKit.framework/Versions/A/IOKit
0x000000000c18c000 	/usr/lib/libDiagnosticMessagesClient.dylib
0x000000000c18c000 	/System/Library/Frameworks/CoreServices.framework/Versions/A/CoreServices
0x000000000c18c000 	/System/Library/PrivateFrameworks/PerformanceAnalysis.framework/Versions/A/PerformanceAnalysis
0x000000000c18c000 	/System/Library/PrivateFrameworks/GenerationalStorage.framework/Versions/A/GenerationalStorage
0x000000000c18c000 	/System/Library/Frameworks/OpenGL.framework/Versions/A/OpenGL
0x000000000c18c000 	/System/Library/PrivateFrameworks/Sharing.framework/Versions/A/Sharing
0x000000000c18c000 	/System/Library/Frameworks/CoreGraphics.framework/Versions/A/CoreGraphics
0x000000000c18c000 	/System/Library/Frameworks/CoreText.framework/Versions/A/CoreText
0x000000000c18c000 	/System/Library/Frameworks/ImageIO.framework/Versions/A/ImageIO
0x000000000c18c000 	/usr/lib/libextension.dylib
0x000000000c18c000 	/System/Library/PrivateFrameworks/Backup.framework/Versions/A/Backup
0x000000000c18c000 	/usr/lib/libarchive.2.dylib
0x000000000c18c000 	/System/Library/Frameworks/CFNetwork.framework/Versions/A/CFNetwork
0x000000000c18c000 	/System/Library/Frameworks/SystemConfiguration.framework/Versions/A/SystemConfiguration
0x000000000c18c000 	/usr/lib/libCRFSuite.dylib
0x000000000c18c000 	/usr/lib/libc++.1.dylib
0x000000000c18c000 	/usr/lib/libc++abi.dylib
0x000000000c18c000 	/usr/lib/system/libcache.dylib
0x000000000c18c000 	/usr/lib/system/libcommonCrypto.dylib
0x000000000c18c000 	/usr/lib/system/libcompiler_rt.dylib
0x000000000c18c000 	/usr/lib/system/libcopyfile.dylib
0x000000000c18c000 	/usr/lib/system/libcorecrypto.dylib
0x000000000c18c000 	/usr/lib/system/libdispatch.dylib
0x000000000c18c000 	/usr/lib/system/libdyld.dylib
0x000000000c18c000 	/usr/lib/system/libkeymgr.dylib
0x000000000c18c000 	/usr/lib/system/liblaunch.dylib
0x000000000c18c000 	/usr/lib/system/libmacho.dylib
0x000000000c18c000 	/usr/lib/system/libquarantine.dylib
0x000000000c18c000 	/usr/lib/system/libremovefile.dylib
0x000000000c18c000 	/usr/lib/system/libsystem_asl.dylib
0x000000000c18c000 	/usr/lib/system/libsystem_blocks.dylib
0x000000000c18c000 	/usr/lib/system/libsystem_c.dylib
0x000000000c18c000 	/usr/lib/system/libsystem_configuration.dylib
0x000000000c18c000 	/usr/lib/system/libsystem_coreservices.dylib
0x000000000c18c000 	/usr/lib/system/libsystem_coretls.dylib
0x000000000c18c000 	/usr/lib/system/libsystem_dnssd.dylib
0x000000000c18c000 	/usr/lib/system/libsystem_info.dylib
0x000000000c18c000 	/usr/lib/system/libsystem_kernel.dylib
0x000000000c18c000 	/usr/lib/system/libsystem_m.dylib
0x000000000c18c000 	/usr/lib/system/libsystem_malloc.dylib
0x000000000c18c000 	/usr/lib/system/libsystem_network.dylib
0x000000000c18c000 	/usr/lib/system/libsystem_networkextension.dylib
0x000000000c18c000 	/usr/lib/system/libsystem_notify.dylib
0x000000000c18c000 	/usr/lib/system/libsystem_platform.dylib
0x000000000c18c000 	/usr/lib/system/libsystem_pthread.dylib
0x000000000c18c000 	/usr/lib/system/libsystem_sandbox.dylib
0x000000000c18c000 	/usr/lib/system/libsystem_secinit.dylib
0x000000000c18c000 	/usr/lib/system/libsystem_stats.dylib
0x000000000c18c000 	/usr/lib/system/libsystem_trace.dylib
0x000000000c18c000 	/usr/lib/system/libunc.dylib
0x000000000c18c000 	/usr/lib/system/libunwind.dylib
0x000000000c18c000 	/usr/lib/system/libxpc.dylib
0x000000000c18c000 	/usr/lib/libbz2.1.0.dylib
0x000000000c18c000 	/usr/lib/liblzma.5.dylib
0x000000000c18c000 	/usr/lib/libbsm.0.dylib
0x000000000c18c000 	/usr/lib/libsqlite3.dylib
0x000000000c18c000 	/usr/lib/system/libkxld.dylib
0x000000000c18c000 	/usr/lib/libxar.1.dylib
0x000000000c18c000 	/usr/lib/libpam.2.dylib
0x000000000c18c000 	/usr/lib/libOpenScriptingUtil.dylib
0x000000000c18c000 	/System/Library/Frameworks/CoreServices.framework/Versions/A/Frameworks/FSEvents.framework/Versions/A/FSEvents
0x000000000c18c000 	/System/Library/Frameworks/CoreServices.framework/Versions/A/Frameworks/CarbonCore.framework/Versions/A/CarbonCore
0x000000000c18c000 	/System/Library/Frameworks/CoreServices.framework/Versions/A/Frameworks/Metadata.framework/Versions/A/Metadata
0x000000000c18c000 	/System/Library/Frameworks/CoreServices.framework/Versions/A/Frameworks/OSServices.framework/Versions/A/OSServices
0x000000000c18c000 	/System/Library/Frameworks/CoreServices.framework/Versions/A/Frameworks/SearchKit.framework/Versions/A/SearchKit
0x000000000c18c000 	/System/Library/Frameworks/CoreServices.framework/Versions/A/Frameworks/AE.framework/Versions/A/AE
0x000000000c18c000 	/System/Library/Frameworks/CoreServices.framework/Versions/A/Frameworks/LaunchServices.framework/Versions/A/LaunchServices
0x000000000c18c000 	/System/Library/Frameworks/CoreServices.framework/Versions/A/Frameworks/DictionaryServices.framework/Versions/A/DictionaryServices
0x000000000c18c000 	/System/Library/Frameworks/NetFS.framework/Versions/A/NetFS
0x000000000c18c000 	/System/Library/PrivateFrameworks/NetAuth.framework/Versions/A/NetAuth
0x000000000c18c000 	/System/Library/PrivateFrameworks/login.framework/Versions/A/Frameworks/loginsupport.framework/Versions/A/loginsupport
0x000000000c18c000 	/System/Library/PrivateFrameworks/TCC.framework/Versions/A/TCC
0x000000000c18c000 	/usr/lib/libmecabra.dylib
0x000000000c18c000 	/System/Library/Frameworks/ApplicationServices.framework/Versions/A/Frameworks/ATS.framework/Versions/A/ATS
0x000000000c18c000 	/System/Library/Frameworks/ApplicationServices.framework/Versions/A/Frameworks/ColorSync.framework/Versions/A/ColorSync
0x000000000c18c000 	/System/Library/Frameworks/ApplicationServices.framework/Versions/A/Frameworks/HIServices.framework/Versions/A/HIServices
0x000000000c18c000 	/System/Library/Frameworks/ApplicationServices.framework/Versions/A/Frameworks/LangAnalysis.framework/Versions/A/LangAnalysis
0x000000000c18c000 	/System/Library/Frameworks/ApplicationServices.framework/Versions/A/Frameworks/PrintCore.framework/Versions/A/PrintCore
0x000000000c18c000 	/System/Library/Frameworks/ApplicationServices.framework/Versions/A/Frameworks/QD.framework/Versions/A/QD
0x000000000c18c000 	/System/Library/Frameworks/ApplicationServices.framework/Versions/A/Frameworks/SpeechSynthesis.framework/Versions/A/SpeechSynthesis
0x000000000c18c000 	/System/Library/Frameworks/Accelerate.framework/Versions/A/Accelerate
0x000000000c18c000 	/System/Library/Frameworks/Accelerate.framework/Versions/A/Frameworks/vImage.framework/Versions/A/vImage
0x000000000c18c000 	/System/Library/Frameworks/Accelerate.framework/Versions/A/Frameworks/vecLib.framework/Versions/A/vecLib
0x000000000c18c000 	/System/Library/Frameworks/Accelerate.framework/Versions/A/Frameworks/vecLib.framework/Versions/A/libvDSP.dylib
0x000000000c18c000 	/System/Library/Frameworks/Accelerate.framework/Versions/A/Frameworks/vecLib.framework/Versions/A/libvMisc.dylib
0x000000000c18c000 	/System/Library/Frameworks/Accelerate.framework/Versions/A/Frameworks/vecLib.framework/Versions/A/libLAPACK.dylib
0x000000000c18c000 	/System/Library/Frameworks/Accelerate.framework/Versions/A/Frameworks/vecLib.framework/Versions/A/libBLAS.dylib
0x000000000c18c000 	/System/Library/Frameworks/Accelerate.framework/Versions/A/Frameworks/vecLib.framework/Versions/A/libLinearAlgebra.dylib
0x000000000c18c000 	/System/Library/Frameworks/ApplicationServices.framework/Versions/A/Frameworks/ATS.framework/Versions/A/Resources/libFontParser.dylib
0x000000000c18c000 	/System/Library/Frameworks/ApplicationServices.framework/Versions/A/Frameworks/ATS.framework/Versions/A/Resources/libFontRegistry.dylib
0x000000000c18c000 	/System/Library/PrivateFrameworks/AppleVPA.framework/Versions/A/AppleVPA
0x000000000c18c000 	/System/Library/PrivateFrameworks/AppleJPEG.framework/Versions/A/AppleJPEG
0x000000000c18c000 	/System/Library/Frameworks/ImageIO.framework/Versions/A/Resources/libJPEG.dylib
0x000000000c18c000 	/System/Library/Frameworks/ImageIO.framework/Versions/A/Resources/libTIFF.dylib
0x000000000c18c000 	/System/Library/Frameworks/ImageIO.framework/Versions/A/Resources/libPng.dylib
0x000000000c18c000 	/System/Library/Frameworks/ImageIO.framework/Versions/A/Resources/libGIF.dylib
0x000000000c18c000 	/System/Library/Frameworks/ImageIO.framework/Versions/A/Resources/libJP2.dylib
0x000000000c18c000 	/System/Library/Frameworks/ImageIO.framework/Versions/A/Resources/libRadiance.dylib
0x000000000c18c000 	/System/Library/Frameworks/CoreVideo.framework/Versions/A/CoreVideo
0x000000000c18c000 	/System/Library/Frameworks/OpenGL.framework/Versions/A/Libraries/libGLU.dylib
0x000000000c18c000 	/System/Library/Frameworks/OpenGL.framework/Versions/A/Libraries/libGFXShared.dylib
0x000000000c18c000 	/System/Library/Frameworks/OpenGL.framework/Versions/A/Libraries/libGL.dylib
0x000000000c18c000 	/System/Library/Frameworks/OpenGL.framework/Versions/A/Libraries/libGLImage.dylib
0x000000000c18c000 	/System/Library/Frameworks/OpenGL.framework/Versions/A/Libraries/libCVMSPluginSupport.dylib
0x000000000c18c000 	/System/Library/Frameworks/OpenGL.framework/Versions/A/Libraries/libCoreVMClient.dylib
0x000000000c18c000 	/usr/lib/libcups.2.dylib
0x000000000c18c000 	/System/Library/Frameworks/Kerberos.framework/Versions/A/Kerberos
0x000000000c18c000 	/System/Library/Frameworks/GSS.framework/Versions/A/GSS
0x000000000c18c000 	/usr/lib/libresolv.9.dylib
0x000000000c18c000 	/usr/lib/libiconv.2.dylib
0x000000000c18c000 	/System/Library/PrivateFrameworks/Heimdal.framework/Versions/A/Heimdal
0x000000000c18c000 	/usr/lib/libheimdal-asn1.dylib
0x000000000c18c000 	/System/Library/Frameworks/OpenDirectory.framework/Versions/A/OpenDirectory
0x000000000c18c000 	/System/Library/PrivateFrameworks/CommonAuth.framework/Versions/A/CommonAuth
0x000000000c18c000 	/System/Library/Frameworks/OpenDirectory.framework/Versions/A/Frameworks/CFOpenDirectory.framework/Versions/A/CFOpenDirectory
0x000000000c18c000 	/System/Library/Frameworks/SecurityFoundation.framework/Versions/A/SecurityFoundation
0x000000000c18c000 	/System/Library/PrivateFrameworks/LanguageModeling.framework/Versions/A/LanguageModeling
0x000000000c18c000 	/usr/lib/libcmph.dylib
0x000000000c18c000 	/System/Library/Frameworks/ServiceManagement.framework/Versions/A/ServiceManagement
0x000000000c18c000 	/usr/lib/libxslt.1.dylib
0x000000000c18c000 	/System/Library/Frameworks/Carbon.framework/Versions/A/Frameworks/Ink.framework/Versions/A/Ink
0x000000000c18c000 	/System/Library/Frameworks/QuartzCore.framework/Versions/A/Frameworks/CoreImage.framework/Versions/A/CoreImage
0x000000000c18c000 	/System/Library/PrivateFrameworks/CrashReporterSupport.framework/Versions/A/CrashReporterSupport
0x000000000c18c000 	/System/Library/Frameworks/OpenCL.framework/Versions/A/OpenCL
0x000000000c18c000 	/System/Library/PrivateFrameworks/FaceCore.framework/Versions/A/FaceCore
0x000000000c18c000 	/System/Library/PrivateFrameworks/Ubiquity.framework/Versions/A/Ubiquity
0x000000000c18c000 	/System/Library/PrivateFrameworks/IconServices.framework/Versions/A/IconServices
0x000000000c18c000 	/System/Library/PrivateFrameworks/ChunkingLibrary.framework/Versions/A/ChunkingLibrary
0x000000000c18c000 	/System/Library/PrivateFrameworks/Apple80211.framework/Versions/A/Apple80211
0x000000000c18c000 	/System/Library/Frameworks/CoreWLAN.framework/Versions/A/CoreWLAN
0x000000000c18c000 	/System/Library/Frameworks/IOBluetooth.framework/Versions/A/IOBluetooth
0x000000000c18c000 	/System/Library/PrivateFrameworks/CoreWiFi.framework/Versions/A/CoreWiFi
0x000000000c18c000 	/System/Library/Frameworks/CoreBluetooth.framework/Versions/A/CoreBluetooth
0x000000000c18c000 	/System/Library/PrivateFrameworks/DebugSymbols.framework/Versions/A/DebugSymbols
0x000000000c18c000 	/System/Library/PrivateFrameworks/CoreSymbolication.framework/Versions/A/CoreSymbolication
0x000000000c18c000 	/System/Library/PrivateFrameworks/Symbolication.framework/Versions/A/Symbolication
0x000000000c18c000 	/System/Library/PrivateFrameworks/SpeechRecognitionCore.framework/Versions/A/SpeechRecognitionCore
0x0000000107750000 	/Library/Java/JavaVirtualMachines/jdk1.8.0_40.jdk/Contents/Home/jre/lib/server/libjvm.dylib
0x000000000c18c000 	/usr/lib/libstdc++.6.dylib
0x00000001087bc000 	/Library/Java/JavaVirtualMachines/jdk1.8.0_40.jdk/Contents/Home/jre/lib/libverify.dylib
0x00000001087ca000 	/Library/Java/JavaVirtualMachines/jdk1.8.0_40.jdk/Contents/Home/jre/lib/libjava.dylib
0x0000000108c20000 	/Library/Java/JavaVirtualMachines/jdk1.8.0_40.jdk/Contents/Home/jre/lib/libzip.dylib
0x000000019c0f4000 	/System/Library/Frameworks/JavaVM.framework/Frameworks/JavaRuntimeSupport.framework/JavaRuntimeSupport
0x000000019c10c000 	/System/Library/Frameworks/JavaVM.framework/Versions/A/Frameworks/JavaNativeFoundation.framework/Versions/A/JavaNativeFoundation
0x000000019c121000 	/System/Library/Frameworks/JavaVM.framework/Versions/A/JavaVM
0x000000000c18c000 	/System/Library/Frameworks/Carbon.framework/Versions/A/Carbon
0x000000019c12e000 	/System/Library/PrivateFrameworks/JavaLaunching.framework/Versions/A/JavaLaunching
0x000000000c18c000 	/System/Library/Frameworks/Carbon.framework/Versions/A/Frameworks/CommonPanels.framework/Versions/A/CommonPanels
0x000000000c18c000 	/System/Library/Frameworks/Carbon.framework/Versions/A/Frameworks/Help.framework/Versions/A/Help
0x000000000c18c000 	/System/Library/Frameworks/Carbon.framework/Versions/A/Frameworks/ImageCapture.framework/Versions/A/ImageCapture
0x000000000c18c000 	/System/Library/Frameworks/Carbon.framework/Versions/A/Frameworks/OpenScripting.framework/Versions/A/OpenScripting
0x000000000c18c000 	/System/Library/Frameworks/Carbon.framework/Versions/A/Frameworks/Print.framework/Versions/A/Print
0x000000000c18c000 	/System/Library/Frameworks/Carbon.framework/Versions/A/Frameworks/SecurityHI.framework/Versions/A/SecurityHI
0x000000019e01d000 	/Library/Java/JavaVirtualMachines/jdk1.8.0_40.jdk/Contents/Home/jre/lib/libprism_es2.dylib
0x000000000c18c000 	/System/Library/Frameworks/OpenGL.framework/Versions/A/Resources/GLEngine.bundle/GLEngine
0x000000000c18c000 	/System/Library/Frameworks/OpenGL.framework/Versions/A/Libraries/libGLProgrammability.dylib
0x0000000000000000 	/System/Library/Extensions/GeForceTeslaGLDriver.bundle/Contents/MacOS/GeForceTeslaGLDriver
0x000000019e09b000 	/System/Library/Extensions/GeForceTeslaGLDriver.bundle/Contents/MacOS/libclh.dylib
0x000000019e8e2000 	/System/Library/PrivateFrameworks/GPUSupport.framework/Versions/A/Libraries/libGPUSupport.dylib
0x000000000c18c000 	/System/Library/Frameworks/OpenGL.framework/Versions/A/Resources/GLRendererFloat.bundle/GLRendererFloat
0x000000000c18c000 	/System/Library/Frameworks/OpenCL.framework/Versions/A/Libraries/libcldcpuengine.dylib
0x000000000c18c000 	/System/Library/PrivateFrameworks/DiskImages.framework/Versions/A/DiskImages
0x000000000c18c000 	/System/Library/Frameworks/DiscRecording.framework/Versions/A/DiscRecording
0x000000000c18c000 	/usr/lib/libcsfde.dylib
0x000000000c18c000 	/usr/lib/libcurl.4.dylib
0x000000000c18c000 	/System/Library/PrivateFrameworks/MediaKit.framework/Versions/A/MediaKit
0x000000000c18c000 	/System/Library/PrivateFrameworks/ProtectedCloudStorage.framework/Versions/A/ProtectedCloudStorage
0x000000000c18c000 	/usr/lib/libCoreStorage.dylib
0x000000000c18c000 	/System/Library/PrivateFrameworks/EFILogin.framework/Versions/A/EFILogin
0x000000000c18c000 	/usr/lib/libutil.dylib
0x000000000c18c000 	/System/Library/PrivateFrameworks/FindMyDevice.framework/Versions/A/FindMyDevice
0x000000000c18c000 	/System/Library/Frameworks/LDAP.framework/Versions/A/LDAP
0x000000000c18c000 	/usr/lib/libsasl2.2.dylib
0x000000000c18c000 	/System/Library/PrivateFrameworks/CoreDaemon.framework/Versions/B/CoreDaemon
0x000000000c18c000 	/usr/lib/libcrypto.0.9.8.dylib
0x000000000c18c000 	/System/Library/PrivateFrameworks/AppleSRP.framework/Versions/A/AppleSRP
0x000000000c18c000 	/System/Library/PrivateFrameworks/TrustEvaluationAgent.framework/Versions/A/TrustEvaluationAgent
0x000000019e9af000 	/Library/Java/JavaVirtualMachines/jdk1.8.0_40.jdk/Contents/Home/jre/lib/libglass.dylib
0x000000000c18c000 	/System/Library/PrivateFrameworks/CoreServicesInternal.framework/Versions/A/CoreServicesInternal
0x000000000c18c000 	/System/Library/PrivateFrameworks/CloudDocs.framework/Versions/A/CloudDocs
0x000000000c18c000 	/System/Library/PrivateFrameworks/CoreDuet.framework/Versions/A/CoreDuet
0x000000000c18c000 	/System/Library/Frameworks/CloudKit.framework/Versions/A/CloudKit
0x000000000c18c000 	/System/Library/PrivateFrameworks/ProtocolBuffer.framework/Versions/A/ProtocolBuffer
0x000000000c18c000 	/System/Library/PrivateFrameworks/CoreDuetDaemonProtocol.framework/Versions/A/CoreDuetDaemonProtocol
0x000000000c18c000 	/System/Library/PrivateFrameworks/CoreDuetDebugLogging.framework/Versions/A/CoreDuetDebugLogging
0x000000000c18c000 	/System/Library/Frameworks/CoreLocation.framework/Versions/A/CoreLocation
0x000000000c18c000 	/System/Library/Frameworks/Accounts.framework/Versions/A/Accounts
0x000000000c18c000 	/System/Library/PrivateFrameworks/ApplePushService.framework/Versions/A/ApplePushService
0x000000000c18c000 	/System/Library/PrivateFrameworks/GeoServices.framework/Versions/A/GeoServices
0x000000000c18c000 	/System/Library/PrivateFrameworks/OAuth.framework/Versions/A/OAuth
0x000000000c18c000 	/System/Library/Frameworks/CoreGraphics.framework/Versions/A/Resources/libCGCMS.A.dylib
0x000000000c18c000 	/System/Library/CoreServices/RawCamera.bundle/Contents/MacOS/RawCamera
0x000000000c18c000 	/System/Library/Frameworks/CoreGraphics.framework/Versions/A/Resources/libRIP.A.dylib
0x000000000c18c000 	/System/Library/PrivateFrameworks/FamilyControls.framework/Versions/A/FamilyControls
0x000000000c18c000 	/System/Library/PrivateFrameworks/CommerceKit.framework/Versions/A/Frameworks/CommerceCore.framework/Versions/A/CommerceCore
0x000000000c18c000 	/System/Library/PrivateFrameworks/SystemAdministration.framework/Versions/A/SystemAdministration
0x000000000c18c000 	/System/Library/PrivateFrameworks/AppContainer.framework/Versions/A/AppContainer
0x000000000c18c000 	/System/Library/PrivateFrameworks/SecCodeWrapper.framework/Versions/A/SecCodeWrapper
0x000000000c18c000 	/System/Library/Frameworks/DirectoryService.framework/Versions/A/DirectoryService
0x000000000c18c000 	/System/Library/PrivateFrameworks/LoginUIKit.framework/Versions/A/Frameworks/LoginUICore.framework/Versions/A/LoginUICore
0x000000000c18c000 	/usr/lib/libodfde.dylib
0x00000001a1f81000 	/Library/Java/JavaVirtualMachines/jdk1.8.0_40.jdk/Contents/Home/jre/lib/libnet.dylib
0x00000001a230f000 	/Library/Java/JavaVirtualMachines/jdk1.8.0_40.jdk/Contents/Home/jre/lib/libsunec.dylib
0x000000019c13a000 	/Library/Java/JavaVirtualMachines/jdk1.8.0_40.jdk/Contents/Home/jre/lib/libjavafx_font.dylib
0x000000000c18c000 	/System/Library/Frameworks/CoreGraphics.framework/Versions/A/Resources/libCGXType.A.dylib
0x000000019c29d000 	/Library/Java/JavaVirtualMachines/jdk1.8.0_40.jdk/Contents/Home/jre/lib/libnio.dylib
0x000000019c229000 	cl_kernels
0x00000001a5ea9000 	/System/Library/Frameworks/OpenCL.framework/Versions/A/Libraries/ImageFormats/unorm8_bgra.dylib
0x000000019c22e000 	cl_kernels
0x000000019c2b1000 	/Library/Java/JavaVirtualMachines/jdk1.8.0_40.jdk/Contents/Home/jre/lib/libprism_common.dylib

VM Arguments:
jvm_args: -Dfile.encoding=UTF-8 
java_command: VIEW.View
java_class_path (initial): /Users/idinter/Desktop/workspace/SBOBETCLI/bin:/Users/idinter/Desktop/workspace/SBOBETCLI/selenium-java-2.45.0.jar:/Users/idinter/Desktop/workspace/SBOBETCLI/selenium-server-standalone-2.45.0.jar
Launcher Type: SUN_STANDARD

Environment Variables:
PATH=/usr/bin:/bin:/usr/sbin:/sbin
SHELL=/bin/bash
DISPLAY=/private/tmp/com.apple.launchd.sZpdBauCIs/org.macosforge.xquartz:0

Signal Handlers:
SIGSEGV: [libjvm.dylib+0x58ef95], sa_mask[0]=11111111011111110111111111111111, sa_flags=SA_ONSTACK|SA_RESTART|SA_SIGINFO
SIGBUS: [libjvm.dylib+0x58ef95], sa_mask[0]=11111111011111110111111111111111, sa_flags=SA_RESTART|SA_SIGINFO
SIGFPE: [libjvm.dylib+0x46c118], sa_mask[0]=11111111011111110111111111111111, sa_flags=SA_RESTART|SA_SIGINFO
SIGPIPE: [libjvm.dylib+0x46c118], sa_mask[0]=11111111011111110111111111111111, sa_flags=SA_RESTART|SA_SIGINFO
SIGXFSZ: [libjvm.dylib+0x46c118], sa_mask[0]=11111111011111110111111111111111, sa_flags=SA_RESTART|SA_SIGINFO
SIGILL: [libjvm.dylib+0x46c118], sa_mask[0]=11111111011111110111111111111111, sa_flags=SA_RESTART|SA_SIGINFO
SIGUSR1: SIG_DFL, sa_mask[0]=00000000000000000000000000000000, sa_flags=none
SIGUSR2: [libjvm.dylib+0x46bc36], sa_mask[0]=00100000000000000000000000000000, sa_flags=SA_RESTART|SA_SIGINFO
SIGHUP: [libjvm.dylib+0x46a209], sa_mask[0]=11111111011111110111111111111111, sa_flags=SA_RESTART|SA_SIGINFO
SIGINT: [libjvm.dylib+0x46a209], sa_mask[0]=11111111011111110111111111111111, sa_flags=SA_RESTART|SA_SIGINFO
SIGTERM: [libjvm.dylib+0x46a209], sa_mask[0]=11111111011111110111111111111111, sa_flags=SA_RESTART|SA_SIGINFO
SIGQUIT: [libjvm.dylib+0x46a209], sa_mask[0]=11111111011111110111111111111111, sa_flags=SA_RESTART|SA_SIGINFO


---------------  S Y S T E M  ---------------

OS:Bsduname:Darwin 14.1.0 Darwin Kernel Version 14.1.0: Thu Feb 26 19:26:47 PST 2015; root:xnu-2782.10.73~1/RELEASE_X86_64 x86_64
rlimit: STACK 8192k, CORE 0k, NPROC 709, NOFILE 10240, AS infinity
load average:2.40 2.28 2.07

CPU:total 2 (2 cores per cpu, 1 threads per core) family 6 model 23 stepping 10, cmov, cx8, fxsr, mmx, sse, sse2, sse3, ssse3, sse4.1, tsc

Memory: 4k page, physical 4194304k(862948k free)

/proc/meminfo:


vm_info: Java HotSpot(TM) 64-Bit Server VM (25.40-b25) for bsd-amd64 JRE (1.8.0_40-b27), built on Mar 13 2015 04:46:52 by "java_re" with gcc 4.2.1 (Based on Apple Inc. build 5658) (LLVM build 2336.11.00)

time: Sat Aug 22 01:09:10 2015
elapsed time: 250 seconds (0d 0h 4m 10s)

