#
# A fatal error has been detected by the Java Runtime Environment:
#
#  SIGSEGV (0xb) at pc=0x0000000119e305dd, pid=728, tid=1811
#
# JRE version: Java(TM) SE Runtime Environment (8.0_40-b27) (build 1.8.0_40-b27)
# Java VM: Java HotSpot(TM) 64-Bit Server VM (25.40-b25 mixed mode bsd-amd64 compressed oops)
# Problematic frame:
# C  [libglass.dylib+0x155dd]  GlassScreenDidChangeScreenParameters+0x9d
#
# Failed to write core dump. Core dumps have been disabled. To enable core dumping, try "ulimit -c unlimited" before starting Java again
#
# If you would like to submit a bug report, please visit:
#   http://bugreport.java.com/bugreport/crash.jsp
#

---------------  T H R E A D  ---------------

Current thread is native thread

siginfo: si_signo: 11 (SIGSEGV), si_code: 1 (SEGV_MAPERR), si_addr: 0x0000000000000000

Registers:
RAX=0x0000000119e62bc0, RBX=0x0000000000000000, RCX=0x23000d63c3241977, RDX=0x00007f933a4ce000
RSP=0x00007fff5cf40080, RBP=0x00007fff5cf40090, RSI=0x00007f933a515b30, RDI=0x0000000000000000
R8 =0x00007fff5cf3ff30, R9 =0x00007fff7a99d300, R10=0x0000000000000000, R11=0x0000000000000246
R12=0x00007f933a521380, R13=0x00000000000f4268, R14=0x00007f933a4cdf10, R15=0x00007fff5cf401d0
RIP=0x0000000119e305dd, EFLAGS=0x0000000000010206, ERR=0x0000000000000004
  TRAPNO=0x000000000000000e

Top of Stack: (sp=0x00007fff5cf40080)
0x00007fff5cf40080:   00007fff5cf40260 00007f933a4cdf10
0x00007fff5cf40090:   00007fff5cf400a0 00007fff8da60cdc
0x00007fff5cf400a0:   00007fff5cf40400 00007fff8d952244
0x00007fff5cf400b0:   00007fff5cf40100 0000000000000a00
0x00007fff5cf400c0:   00007fff7adc5cf0 00007f933cd7bf40
0x00007fff5cf400d0:   0000000000001001 0000000000000900
0x00007fff5cf400e0:   00007f933cd7bf40 00007f933a4cdf10
0x00007fff5cf400f0:   0000000000000000 00007fff5cf401d0
0x00007fff5cf40100:   0000000000000000 00007f933a4cded0
0x00007fff5cf40110:   00007fff5cf40250 0000000000000060
0x00007fff5cf40120:   00000000000f4330 00007f933c93ed20
0x00007fff5cf40130:   00007f933a47cfb0 00007f933a521380
0x00007fff5cf40140:   0000000000000001 00000000000f4268
0x00007fff5cf40150:   00007f933a521370 00007fff93ec4acb
0x00007fff5cf40160:   0000000000000001 0000000000000001
0x00007fff5cf40170:   0000000000000030 0000000000000001
0x00007fff5cf40180:   00007fff5cf401a0 00007fff93eca231
0x00007fff5cf40190:   00007fff7adc3dd0 0000000000000000
0x00007fff5cf401a0:   00007fff5cf401c0 000000000000000a
0x00007fff5cf401b0:   00045c0300000090 00007f933a5213a4
0x00007fff5cf401c0:   0000000000000000 00007fff8d947d1f
0x00007fff5cf401d0:   00007f933a4cdf10 00007fff7adc3dd0
0x00007fff5cf401e0:   00007fff5cf40260 00007fff8d95084f
0x00007fff5cf401f0:   00007fff5cf40250 00007fff7a955110
0x00007fff5cf40200:   0000000102cdba00 0000000000000002
0x00007fff5cf40210:   0000000102cd8000 00007f933a583a22
0x00007fff5cf40220:   0000000000000003 0000000102cdc400
0x00007fff5cf40230:   00007fff5cf40320 00007fff93ec32a2
0x00007fff5cf40240:   00007f933a47cb40 00007fff5cf40408
0x00007fff5cf40250:   0000000000000017 0000000000000000
0x00007fff5cf40260:   00000000000f4268 00007fff8d948013
0x00007fff5cf40270:   00007fff00000000 00007f933a483630 

Instructions: (pc=0x0000000119e305dd)
0x0000000119e305bd:   89 df 4c 89 f1 41 ff 90 68 04 00 00 48 8d 05 f8
0x0000000119e305cd:   24 03 00 48 8b 30 48 8d 05 e6 25 03 00 48 8b 10
0x0000000119e305dd:   48 8b 0b 30 c0 48 89 df ff 91 68 04 00 00 48 8b
0x0000000119e305ed:   03 48 89 df ff 50 78 48 85 c0 74 36 49 89 c6 48 

Register to memory mapping:

RAX=0x0000000119e62bc0: jScreenNotifySettingsChanged+0 in /Library/Java/JavaVirtualMachines/jdk1.8.0_40.jdk/Contents/Home/jre/lib/libglass.dylib at 0x0000000119e1b000
RBX=0x0000000000000000 is an unknown value
RCX=0x23000d63c3241977 is an unknown value
RDX=0x00007f933a4ce000 is an unknown value
RSP=0x00007fff5cf40080 is an unknown value
RBP=0x00007fff5cf40090 is an unknown value
RSI=0x00007f933a515b30 is a global jni handle
RDI=0x0000000000000000 is an unknown value
R8 =0x00007fff5cf3ff30 is an unknown value
R9 =0x00007fff7a99d300: _thread+0 in /usr/lib/system/libsystem_pthread.dylib at 0x00007fff8b4b4000
R10=0x0000000000000000 is an unknown value
R11=0x0000000000000246 is an unknown value
R12=0x00007f933a521380 is an unknown value
R13=0x00000000000f4268 is an unknown value
R14=0x00007f933a4cdf10 is an unknown value
R15=0x00007fff5cf401d0 is an unknown value


Stack: [0x00007fff5c743000,0x00007fff5cf43000],  sp=0x00007fff5cf40080,  free space=8180k
Native frames: (J=compiled Java code, j=interpreted, Vv=VM code, C=native code)
C  [libglass.dylib+0x155dd]  GlassScreenDidChangeScreenParameters+0x9d
C  [CoreFoundation+0x11ecdc]  __CFNOTIFICATIONCENTER_IS_CALLING_OUT_TO_AN_OBSERVER__+0xc
C  [CoreFoundation+0x10244]  _CFXNotificationPost+0xc44
C  [Foundation+0x2c31]  -[NSNotificationCenter postNotificationName:object:userInfo:]+0x42
C  [AppKit+0x36305e]  -[NSApplication _reactToScreenInvalidationImmediately:]+0x17b
C  [AppKit+0x362e9d]  __44-[NSApplication _reactToScreenInvalidation:]_block_invoke+0x4b
C  [CoreFoundation+0x8056c]  __CFRUNLOOP_IS_CALLING_OUT_TO_A_BLOCK__+0xc
C  [CoreFoundation+0x72675]  __CFRunLoopDoBlocks+0x155
C  [CoreFoundation+0x721b6]  __CFRunLoopRun+0x716
C  [CoreFoundation+0x71858]  CFRunLoopRunSpecific+0x128
C  [java+0x6490]  CreateExecutionEnvironment+0x367
C  [java+0x221c]  JLI_Launch+0x7a0
C  [java+0x84ed]  main+0x65
C  [java+0x1a74]  start+0x34


---------------  P R O C E S S  ---------------

VM state:at safepoint (normal execution)

VM Mutex/Monitor currently owned by a thread:  ([mutex/lock_event])
[0x00007f933a503450] Threads_lock - owner thread: 0x00007f933b064800
[0x00007f933a503950] Heap_lock - owner thread: 0x00007f933ab3f800

Heap:
 PSYoungGen      total 23040K, used 7203K [0x00000007aab00000, 0x00000007aca00000, 0x00000007c0000000)
  eden space 15872K, 9% used [0x00000007aab00000,0x00000007aac70e88,0x00000007aba80000)
  from space 7168K, 79% used [0x00000007ac200000,0x00000007ac798020,0x00000007ac900000)
  to   space 7680K, 0% used [0x00000007aba80000,0x00000007aba80000,0x00000007ac200000)
 ParOldGen       total 28672K, used 8011K [0x0000000780000000, 0x0000000781c00000, 0x00000007aab00000)
  object space 28672K, 27% used [0x0000000780000000,0x00000007807d2ea8,0x0000000781c00000)
 Metaspace       used 27269K, capacity 28502K, committed 28672K, reserved 1073152K
  class space    used 4024K, capacity 4268K, committed 4352K, reserved 1048576K

Card table byte_map: [0x00000001137c0000,0x00000001139c1000] byte_map_base: 0x000000010fbc0000

Marking Bits: (ParMarkBitMap*) 0x000000010367e7a0
 Begin Bits: [0x0000000113bc7000, 0x0000000114bc7000)
 End Bits:   [0x0000000114bc7000, 0x0000000115bc7000)

Polling page: 0x0000000103e6b000

CodeCache: size=245760Kb used=7251Kb max_used=7252Kb free=238508Kb
 bounds [0x0000000104400000, 0x0000000104b30000, 0x0000000113400000]
 total_blobs=3105 nmethods=2415 adapters=605
 compilation: enabled

Compilation events (10 events):
Event: 1514.149 Thread 0x00007f933b072000 2594       3       java.util.logging.LogManager$LoggerContext::requiresDefaultLoggers (29 bytes)
Event: 1514.150 Thread 0x00007f933b072000 nmethod 2594 0x00000001045a7d90 code [0x00000001045a7f20, 0x00000001045a8348]
Event: 1514.614 Thread 0x00007f933b072000 2596       3       java.io.File::canWrite (34 bytes)
Event: 1514.614 Thread 0x00007f933b072000 nmethod 2596 0x000000010460db50 code [0x000000010460dd00, 0x000000010460e128]
Event: 1514.640 Thread 0x00007f933b072000 2597       3       java.util.LinkedHashMap::clear (15 bytes)
Event: 1514.640 Thread 0x00007f933b072000 nmethod 2597 0x00000001047d2550 code [0x00000001047d26c0, 0x00000001047d2888]
Event: 1514.641 Thread 0x00007f933b072000 2598  s    3       java.io.ExpiringCache::clear (10 bytes)
Event: 1514.641 Thread 0x00007f933b072000 nmethod 2598 0x0000000104b09e90 code [0x0000000104b0a000, 0x0000000104b0a388]
Event: 1514.650 Thread 0x00007f933b072000 2599       3       java.io.File::isDirectory (43 bytes)
Event: 1514.651 Thread 0x00007f933b072000 nmethod 2599 0x000000010464b0d0 code [0x000000010464b280, 0x000000010464b708]

GC Heap History (10 events):
Event: 13.414 GC heap before
{Heap before GC invocations=3 (full 0):
 PSYoungGen      total 18944K, used 18928K [0x00000007aab00000, 0x00000007ac000000, 0x00000007c0000000)
  eden space 16384K, 100% used [0x00000007aab00000,0x00000007abb00000,0x00000007abb00000)
  from space 2560K, 99% used [0x00000007abd80000,0x00000007abffc060,0x00000007ac000000)
  to   space 2560K, 0% used [0x00000007abb00000,0x00000007abb00000,0x00000007abd80000)
 ParOldGen       total 44032K, used 2465K [0x0000000780000000, 0x0000000782b00000, 0x00000007aab00000)
  object space 44032K, 5% used [0x0000000780000000,0x0000000780268620,0x0000000782b00000)
 Metaspace       used 16374K, capacity 16720K, committed 16896K, reserved 1064960K
  class space    used 2120K, capacity 2260K, committed 2304K, reserved 1048576K
Event: 13.428 GC heap after
Heap after GC invocations=3 (full 0):
 PSYoungGen      total 18944K, used 2528K [0x00000007aab00000, 0x00000007ac000000, 0x00000007c0000000)
  eden space 16384K, 0% used [0x00000007aab00000,0x00000007aab00000,0x00000007abb00000)
  from space 2560K, 98% used [0x00000007abb00000,0x00000007abd78040,0x00000007abd80000)
  to   space 2560K, 0% used [0x00000007abd80000,0x00000007abd80000,0x00000007ac000000)
 ParOldGen       total 44032K, used 5346K [0x0000000780000000, 0x0000000782b00000, 0x00000007aab00000)
  object space 44032K, 12% used [0x0000000780000000,0x00000007805389e8,0x0000000782b00000)
 Metaspace       used 16374K, capacity 16720K, committed 16896K, reserved 1064960K
  class space    used 2120K, capacity 2260K, committed 2304K, reserved 1048576K
}
Event: 16.697 GC heap before
{Heap before GC invocations=4 (full 0):
 PSYoungGen      total 18944K, used 17243K [0x00000007aab00000, 0x00000007ac000000, 0x00000007c0000000)
  eden space 16384K, 89% used [0x00000007aab00000,0x00000007ab95ee08,0x00000007abb00000)
  from space 2560K, 98% used [0x00000007abb00000,0x00000007abd78040,0x00000007abd80000)
  to   space 2560K, 0% used [0x00000007abd80000,0x00000007abd80000,0x00000007ac000000)
 ParOldGen       total 44032K, used 5346K [0x0000000780000000, 0x0000000782b00000, 0x00000007aab00000)
  object space 44032K, 12% used [0x0000000780000000,0x00000007805389e8,0x0000000782b00000)
 Metaspace       used 20656K, capacity 21132K, committed 21248K, reserved 1067008K
  class space    used 2833K, capacity 2989K, committed 3072K, reserved 1048576K
Event: 16.714 GC heap after
Heap after GC invocations=4 (full 0):
 PSYoungGen      total 18944K, used 2544K [0x00000007aab00000, 0x00000007ac000000, 0x00000007c0000000)
  eden space 16384K, 0% used [0x00000007aab00000,0x00000007aab00000,0x00000007abb00000)
  from space 2560K, 99% used [0x00000007abd80000,0x00000007abffc030,0x00000007ac000000)
  to   space 2560K, 0% used [0x00000007abb00000,0x00000007abb00000,0x00000007abd80000)
 ParOldGen       total 44032K, used 8061K [0x0000000780000000, 0x0000000782b00000, 0x00000007aab00000)
  object space 44032K, 18% used [0x0000000780000000,0x00000007807df470,0x0000000782b00000)
 Metaspace       used 20656K, capacity 21132K, committed 21248K, reserved 1067008K
  class space    used 2833K, capacity 2989K, committed 3072K, reserved 1048576K
}
Event: 16.714 GC heap before
{Heap before GC invocations=5 (full 1):
 PSYoungGen      total 18944K, used 2544K [0x00000007aab00000, 0x00000007ac000000, 0x00000007c0000000)
  eden space 16384K, 0% used [0x00000007aab00000,0x00000007aab00000,0x00000007abb00000)
  from space 2560K, 99% used [0x00000007abd80000,0x00000007abffc030,0x00000007ac000000)
  to   space 2560K, 0% used [0x00000007abb00000,0x00000007abb00000,0x00000007abd80000)
 ParOldGen       total 44032K, used 8061K [0x0000000780000000, 0x0000000782b00000, 0x00000007aab00000)
  object space 44032K, 18% used [0x0000000780000000,0x00000007807df470,0x0000000782b00000)
 Metaspace       used 20656K, capacity 21132K, committed 21248K, reserved 1067008K
  class space    used 2833K, capacity 2989K, committed 3072K, reserved 1048576K
Event: 16.796 GC heap after
Heap after GC invocations=5 (full 1):
 PSYoungGen      total 18944K, used 0K [0x00000007aab00000, 0x00000007ac000000, 0x00000007c0000000)
  eden space 16384K, 0% used [0x00000007aab00000,0x00000007aab00000,0x00000007abb00000)
  from space 2560K, 0% used [0x00000007abd80000,0x00000007abd80000,0x00000007ac000000)
  to   space 2560K, 0% used [0x00000007abb00000,0x00000007abb00000,0x00000007abd80000)
 ParOldGen       total 28672K, used 7995K [0x0000000780000000, 0x0000000781c00000, 0x00000007aab00000)
  object space 28672K, 27% used [0x0000000780000000,0x00000007807ceea8,0x0000000781c00000)
 Metaspace       used 20656K, capacity 21132K, committed 21248K, reserved 1067008K
  class space    used 2833K, capacity 2989K, committed 3072K, reserved 1048576K
}
Event: 18.679 GC heap before
{Heap before GC invocations=6 (full 1):
 PSYoungGen      total 18944K, used 16384K [0x00000007aab00000, 0x00000007ac000000, 0x00000007c0000000)
  eden space 16384K, 100% used [0x00000007aab00000,0x00000007abb00000,0x00000007abb00000)
  from space 2560K, 0% used [0x00000007abd80000,0x00000007abd80000,0x00000007ac000000)
  to   space 2560K, 0% used [0x00000007abb00000,0x00000007abb00000,0x00000007abd80000)
 ParOldGen       total 28672K, used 7995K [0x0000000780000000, 0x0000000781c00000, 0x00000007aab00000)
  object space 28672K, 27% used [0x0000000780000000,0x00000007807ceea8,0x0000000781c00000)
 Metaspace       used 25303K, capacity 26386K, committed 26496K, reserved 1071104K
  class space    used 3762K, capacity 3964K, committed 3968K, reserved 1048576K
Event: 18.691 GC heap after
Heap after GC invocations=6 (full 1):
 PSYoungGen      total 18944K, used 2432K [0x00000007aab00000, 0x00000007ac900000, 0x00000007c0000000)
  eden space 16384K, 0% used [0x00000007aab00000,0x00000007aab00000,0x00000007abb00000)
  from space 2560K, 95% used [0x00000007abb00000,0x00000007abd60010,0x00000007abd80000)
  to   space 7168K, 0% used [0x00000007ac200000,0x00000007ac200000,0x00000007ac900000)
 ParOldGen       total 28672K, used 8003K [0x0000000780000000, 0x0000000781c00000, 0x00000007aab00000)
  object space 28672K, 27% used [0x0000000780000000,0x00000007807d0ea8,0x0000000781c00000)
 Metaspace       used 25303K, capacity 26386K, committed 26496K, reserved 1071104K
  class space    used 3762K, capacity 3964K, committed 3968K, reserved 1048576K
}
Event: 1509.713 GC heap before
{Heap before GC invocations=7 (full 1):
 PSYoungGen      total 18944K, used 18816K [0x00000007aab00000, 0x00000007ac900000, 0x00000007c0000000)
  eden space 16384K, 100% used [0x00000007aab00000,0x00000007abb00000,0x00000007abb00000)
  from space 2560K, 95% used [0x00000007abb00000,0x00000007abd60010,0x00000007abd80000)
  to   space 7168K, 0% used [0x00000007ac200000,0x00000007ac200000,0x00000007ac900000)
 ParOldGen       total 28672K, used 8003K [0x0000000780000000, 0x0000000781c00000, 0x00000007aab00000)
  object space 28672K, 27% used [0x0000000780000000,0x00000007807d0ea8,0x0000000781c00000)
 Metaspace       used 27209K, capacity 28440K, committed 28672K, reserved 1073152K
  class space    used 4013K, capacity 4255K, committed 4352K, reserved 1048576K
Event: 1509.795 GC heap after
Heap after GC invocations=7 (full 1):
 PSYoungGen      total 23040K, used 5728K [0x00000007aab00000, 0x00000007aca00000, 0x00000007c0000000)
  eden space 15872K, 0% used [0x00000007aab00000,0x00000007aab00000,0x00000007aba80000)
  from space 7168K, 79% used [0x00000007ac200000,0x00000007ac798020,0x00000007ac900000)
  to   space 7680K, 0% used [0x00000007aba80000,0x00000007aba80000,0x00000007ac200000)
 ParOldGen       total 28672K, used 8011K [0x0000000780000000, 0x0000000781c00000, 0x00000007aab00000)
  object space 28672K, 27% used [0x0000000780000000,0x00000007807d2ea8,0x0000000781c00000)
 Metaspace       used 27209K, capacity 28440K, committed 28672K, reserved 1073152K
  class space    used 4013K, capacity 4255K, committed 4352K, reserved 1048576K
}

Deoptimization events (10 events):
Event: 18.100 Thread 0x00007f933aa5e800 Uncommon trap: reason=unstable_if action=reinterpret pc=0x00000001047a286c method=java.lang.ClassLoader.checkName(Ljava/lang/String;)Z @ 20
Event: 18.576 Thread 0x00007f933aa5e800 Uncommon trap: reason=unstable_if action=reinterpret pc=0x000000010490b030 method=com.sun.javafx.css.BitSet.add(Ljava/lang/Object;)Z @ 91
Event: 18.883 Thread 0x00007f933aa5e800 Uncommon trap: reason=bimorphic action=maybe_recompile pc=0x000000010497b0b8 method=com.sun.javafx.css.CompoundSelector.stateMatches(Ljavafx/css/Styleable;Ljava/util/Set;I)Z @ 181
Event: 18.883 Thread 0x00007f933aa5e800 Uncommon trap: reason=bimorphic action=maybe_recompile pc=0x000000010497b0b8 method=com.sun.javafx.css.CompoundSelector.stateMatches(Ljavafx/css/Styleable;Ljava/util/Set;I)Z @ 181
Event: 18.883 Thread 0x00007f933aa5e800 Uncommon trap: reason=bimorphic action=maybe_recompile pc=0x000000010497b0b8 method=com.sun.javafx.css.CompoundSelector.stateMatches(Ljavafx/css/Styleable;Ljava/util/Set;I)Z @ 181
Event: 18.883 Thread 0x00007f933aa5e800 Uncommon trap: reason=bimorphic action=maybe_recompile pc=0x000000010497b0b8 method=com.sun.javafx.css.CompoundSelector.stateMatches(Ljavafx/css/Styleable;Ljava/util/Set;I)Z @ 181
Event: 19.223 Thread 0x00007f933aa5e800 Uncommon trap: reason=unstable_if action=reinterpret pc=0x000000010486c7f4 method=jdk.internal.org.objectweb.asm.Type.getArgumentsAndReturnSizes(Ljava/lang/String;)I @ 47
Event: 19.472 Thread 0x00007f933aa5e800 Uncommon trap: reason=unstable_if action=reinterpret pc=0x0000000104a080e0 method=javafx.scene.Node.impl_isDirty(Lcom/sun/javafx/scene/DirtyBits;)Z @ 12
Event: 19.576 Thread 0x00007f933aa5e800 Uncommon trap: reason=unstable_if action=reinterpret pc=0x00000001049cb094 method=javafx.scene.CssStyleHelper.getStyle(Ljavafx/css/Styleable;Ljava/lang/String;Lcom/sun/javafx/css/StyleMap;Ljava/util/Set;)Lcom/sun/javafx/css/CascadingStyle; @ 8
Event: 1510.735 Thread 0x00007f933aa5e800 Uncommon trap: reason=unstable_if action=reinterpret pc=0x00000001045273d0 method=com.sun.javafx.tk.quantum.QuantumToolkit.runWithoutRenderLock(Ljava/util/function/Supplier;)Ljava/lang/Object; @ 8

Internal exceptions (10 events):
Event: 15.341 Thread 0x00007f933aa5e800 Exception <a 'java/lang/NullPointerException'> (0x00000007ab01e7a0) thrown at [/Users/java_re/workspace/8-2-build-macosx-x86_64/jdk8u40/3153/hotspot/src/share/vm/interpreter/linkResolver.cpp, line 1178]
Event: 15.341 Thread 0x00007f933aa5e800 Exception <a 'java/lang/NullPointerException'> (0x00000007ab01e7a0) thrown at [/Users/java_re/workspace/8-2-build-macosx-x86_64/jdk8u40/3153/hotspot/src/share/vm/prims/jvm.cpp, line 1386]
Event: 16.056 Thread 0x00007f933aa5e800 Exception <a 'java/lang/ArrayIndexOutOfBoundsException'> (0x00000007ab68cd88) thrown at [/Users/java_re/workspace/8-2-build-macosx-x86_64/jdk8u40/3153/hotspot/src/share/vm/runtime/sharedRuntime.cpp, line 605]
Event: 16.056 Thread 0x00007f933aa5e800 Exception <a 'java/lang/ArrayIndexOutOfBoundsException'> (0x00000007ab68dbc0) thrown at [/Users/java_re/workspace/8-2-build-macosx-x86_64/jdk8u40/3153/hotspot/src/share/vm/runtime/sharedRuntime.cpp, line 605]
Event: 16.056 Thread 0x00007f933aa5e800 Exception <a 'java/lang/ArrayIndexOutOfBoundsException'> (0x00000007ab68f308) thrown at [/Users/java_re/workspace/8-2-build-macosx-x86_64/jdk8u40/3153/hotspot/src/share/vm/runtime/sharedRuntime.cpp, line 605]
Event: 16.056 Thread 0x00007f933aa5e800 Exception <a 'java/lang/ArrayIndexOutOfBoundsException'> (0x00000007ab690670) thrown at [/Users/java_re/workspace/8-2-build-macosx-x86_64/jdk8u40/3153/hotspot/src/share/vm/runtime/sharedRuntime.cpp, line 605]
Event: 16.085 Thread 0x00007f933aa5e800 Exception <a 'java/lang/ArrayIndexOutOfBoundsException'> (0x00000007ab6aa198) thrown at [/Users/java_re/workspace/8-2-build-macosx-x86_64/jdk8u40/3153/hotspot/src/share/vm/runtime/sharedRuntime.cpp, line 605]
Event: 16.186 Thread 0x00007f933aa5e800 Exception <a 'java/lang/ArrayIndexOutOfBoundsException'> (0x00000007ab781c90) thrown at [/Users/java_re/workspace/8-2-build-macosx-x86_64/jdk8u40/3153/hotspot/src/share/vm/runtime/sharedRuntime.cpp, line 605]
Event: 17.063 Thread 0x00007f933aa5e800 Implicit null exception at 0x00000001048138f5 to 0x0000000104813b2d
Event: 17.063 Thread 0x00007f933aa5e800 Implicit null exception at 0x000000010480b77b to 0x000000010480bbe1

Events (10 events):
Event: 1514.148 loading class java/util/IdentityHashMap$KeyIterator
Event: 1514.148 loading class java/util/IdentityHashMap$IdentityHashMapIterator
Event: 1514.148 loading class java/util/IdentityHashMap$IdentityHashMapIterator done
Event: 1514.148 loading class java/util/IdentityHashMap$KeyIterator done
Event: 1514.148 Thread 0x00007f933ac68800 Thread added: 0x00007f933ac68800
Event: 1514.148 Thread 0x00007f933d8c6000 Thread added: 0x00007f933d8c6000
Event: 1514.149 Thread 0x00007f933ac68800 Thread exited: 0x00007f933ac68800
Event: 1514.688 Thread 0x00007f933d8c6000 Thread exited: 0x00007f933d8c6000
Event: 1514.689 Thread 0x00007f933ab3f800 Thread exited: 0x00007f933ab3f800
Event: 1514.689 Thread 0x00007f933b06a800 Thread exited: 0x00007f933b06a800


Dynamic libraries:
0x000000000a6ca000 	/System/Library/Frameworks/Cocoa.framework/Versions/A/Cocoa
0x000000000a6ca000 	/System/Library/Frameworks/Security.framework/Versions/A/Security
0x000000000a6ca000 	/System/Library/Frameworks/ApplicationServices.framework/Versions/A/ApplicationServices
0x000000000a6ca000 	/usr/lib/libz.1.dylib
0x000000000a6ca000 	/usr/lib/libSystem.B.dylib
0x000000000a6ca000 	/usr/lib/libobjc.A.dylib
0x000000000a6ca000 	/System/Library/Frameworks/CoreFoundation.framework/Versions/A/CoreFoundation
0x000000000a6ca000 	/System/Library/Frameworks/Foundation.framework/Versions/C/Foundation
0x000000000a6ca000 	/System/Library/Frameworks/AppKit.framework/Versions/C/AppKit
0x000000000a6ca000 	/System/Library/Frameworks/CoreData.framework/Versions/A/CoreData
0x000000000a6ca000 	/System/Library/PrivateFrameworks/RemoteViewServices.framework/Versions/A/RemoteViewServices
0x000000000a6ca000 	/System/Library/PrivateFrameworks/UIFoundation.framework/Versions/A/UIFoundation
0x000000000a6ca000 	/System/Library/Frameworks/IOSurface.framework/Versions/A/IOSurface
0x000000000a6ca000 	/System/Library/Frameworks/AudioToolbox.framework/Versions/A/AudioToolbox
0x000000000a6ca000 	/System/Library/Frameworks/AudioUnit.framework/Versions/A/AudioUnit
0x000000000a6ca000 	/System/Library/PrivateFrameworks/DataDetectorsCore.framework/Versions/A/DataDetectorsCore
0x000000000a6ca000 	/System/Library/PrivateFrameworks/DesktopServicesPriv.framework/Versions/A/DesktopServicesPriv
0x000000000a6ca000 	/System/Library/Frameworks/Carbon.framework/Versions/A/Frameworks/HIToolbox.framework/Versions/A/HIToolbox
0x000000000a6ca000 	/System/Library/Frameworks/QuartzCore.framework/Versions/A/QuartzCore
0x000000000a6ca000 	/System/Library/Frameworks/Carbon.framework/Versions/A/Frameworks/SpeechRecognition.framework/Versions/A/SpeechRecognition
0x000000000a6ca000 	/usr/lib/libauto.dylib
0x000000000a6ca000 	/usr/lib/libicucore.A.dylib
0x000000000a6ca000 	/usr/lib/libxml2.2.dylib
0x000000000a6ca000 	/System/Library/PrivateFrameworks/CoreUI.framework/Versions/A/CoreUI
0x000000000a6ca000 	/System/Library/Frameworks/CoreAudio.framework/Versions/A/CoreAudio
0x000000000a6ca000 	/System/Library/Frameworks/DiskArbitration.framework/Versions/A/DiskArbitration
0x000000000a6ca000 	/usr/lib/liblangid.dylib
0x000000000a6ca000 	/System/Library/PrivateFrameworks/MultitouchSupport.framework/Versions/A/MultitouchSupport
0x000000000a6ca000 	/System/Library/Frameworks/IOKit.framework/Versions/A/IOKit
0x000000000a6ca000 	/usr/lib/libDiagnosticMessagesClient.dylib
0x000000000a6ca000 	/System/Library/Frameworks/CoreServices.framework/Versions/A/CoreServices
0x000000000a6ca000 	/System/Library/PrivateFrameworks/PerformanceAnalysis.framework/Versions/A/PerformanceAnalysis
0x000000000a6ca000 	/System/Library/PrivateFrameworks/GenerationalStorage.framework/Versions/A/GenerationalStorage
0x000000000a6ca000 	/System/Library/Frameworks/OpenGL.framework/Versions/A/OpenGL
0x000000000a6ca000 	/System/Library/PrivateFrameworks/Sharing.framework/Versions/A/Sharing
0x000000000a6ca000 	/System/Library/Frameworks/CoreGraphics.framework/Versions/A/CoreGraphics
0x000000000a6ca000 	/System/Library/Frameworks/CoreText.framework/Versions/A/CoreText
0x000000000a6ca000 	/System/Library/Frameworks/ImageIO.framework/Versions/A/ImageIO
0x000000000a6ca000 	/usr/lib/libextension.dylib
0x000000000a6ca000 	/System/Library/PrivateFrameworks/Backup.framework/Versions/A/Backup
0x000000000a6ca000 	/usr/lib/libarchive.2.dylib
0x000000000a6ca000 	/System/Library/Frameworks/CFNetwork.framework/Versions/A/CFNetwork
0x000000000a6ca000 	/System/Library/Frameworks/SystemConfiguration.framework/Versions/A/SystemConfiguration
0x000000000a6ca000 	/usr/lib/libCRFSuite.dylib
0x000000000a6ca000 	/usr/lib/libc++.1.dylib
0x000000000a6ca000 	/usr/lib/libc++abi.dylib
0x000000000a6ca000 	/usr/lib/system/libcache.dylib
0x000000000a6ca000 	/usr/lib/system/libcommonCrypto.dylib
0x000000000a6ca000 	/usr/lib/system/libcompiler_rt.dylib
0x000000000a6ca000 	/usr/lib/system/libcopyfile.dylib
0x000000000a6ca000 	/usr/lib/system/libcorecrypto.dylib
0x000000000a6ca000 	/usr/lib/system/libdispatch.dylib
0x000000000a6ca000 	/usr/lib/system/libdyld.dylib
0x000000000a6ca000 	/usr/lib/system/libkeymgr.dylib
0x000000000a6ca000 	/usr/lib/system/liblaunch.dylib
0x000000000a6ca000 	/usr/lib/system/libmacho.dylib
0x000000000a6ca000 	/usr/lib/system/libquarantine.dylib
0x000000000a6ca000 	/usr/lib/system/libremovefile.dylib
0x000000000a6ca000 	/usr/lib/system/libsystem_asl.dylib
0x000000000a6ca000 	/usr/lib/system/libsystem_blocks.dylib
0x000000000a6ca000 	/usr/lib/system/libsystem_c.dylib
0x000000000a6ca000 	/usr/lib/system/libsystem_configuration.dylib
0x000000000a6ca000 	/usr/lib/system/libsystem_coreservices.dylib
0x000000000a6ca000 	/usr/lib/system/libsystem_coretls.dylib
0x000000000a6ca000 	/usr/lib/system/libsystem_dnssd.dylib
0x000000000a6ca000 	/usr/lib/system/libsystem_info.dylib
0x000000000a6ca000 	/usr/lib/system/libsystem_kernel.dylib
0x000000000a6ca000 	/usr/lib/system/libsystem_m.dylib
0x000000000a6ca000 	/usr/lib/system/libsystem_malloc.dylib
0x000000000a6ca000 	/usr/lib/system/libsystem_network.dylib
0x000000000a6ca000 	/usr/lib/system/libsystem_networkextension.dylib
0x000000000a6ca000 	/usr/lib/system/libsystem_notify.dylib
0x000000000a6ca000 	/usr/lib/system/libsystem_platform.dylib
0x000000000a6ca000 	/usr/lib/system/libsystem_pthread.dylib
0x000000000a6ca000 	/usr/lib/system/libsystem_sandbox.dylib
0x000000000a6ca000 	/usr/lib/system/libsystem_secinit.dylib
0x000000000a6ca000 	/usr/lib/system/libsystem_stats.dylib
0x000000000a6ca000 	/usr/lib/system/libsystem_trace.dylib
0x000000000a6ca000 	/usr/lib/system/libunc.dylib
0x000000000a6ca000 	/usr/lib/system/libunwind.dylib
0x000000000a6ca000 	/usr/lib/system/libxpc.dylib
0x000000000a6ca000 	/usr/lib/libbz2.1.0.dylib
0x000000000a6ca000 	/usr/lib/liblzma.5.dylib
0x000000000a6ca000 	/usr/lib/libbsm.0.dylib
0x000000000a6ca000 	/usr/lib/libsqlite3.dylib
0x000000000a6ca000 	/usr/lib/system/libkxld.dylib
0x000000000a6ca000 	/usr/lib/libxar.1.dylib
0x000000000a6ca000 	/usr/lib/libpam.2.dylib
0x000000000a6ca000 	/usr/lib/libOpenScriptingUtil.dylib
0x000000000a6ca000 	/System/Library/Frameworks/CoreServices.framework/Versions/A/Frameworks/FSEvents.framework/Versions/A/FSEvents
0x000000000a6ca000 	/System/Library/Frameworks/CoreServices.framework/Versions/A/Frameworks/CarbonCore.framework/Versions/A/CarbonCore
0x000000000a6ca000 	/System/Library/Frameworks/CoreServices.framework/Versions/A/Frameworks/Metadata.framework/Versions/A/Metadata
0x000000000a6ca000 	/System/Library/Frameworks/CoreServices.framework/Versions/A/Frameworks/OSServices.framework/Versions/A/OSServices
0x000000000a6ca000 	/System/Library/Frameworks/CoreServices.framework/Versions/A/Frameworks/SearchKit.framework/Versions/A/SearchKit
0x000000000a6ca000 	/System/Library/Frameworks/CoreServices.framework/Versions/A/Frameworks/AE.framework/Versions/A/AE
0x000000000a6ca000 	/System/Library/Frameworks/CoreServices.framework/Versions/A/Frameworks/LaunchServices.framework/Versions/A/LaunchServices
0x000000000a6ca000 	/System/Library/Frameworks/CoreServices.framework/Versions/A/Frameworks/DictionaryServices.framework/Versions/A/DictionaryServices
0x000000000a6ca000 	/System/Library/Frameworks/NetFS.framework/Versions/A/NetFS
0x000000000a6ca000 	/System/Library/PrivateFrameworks/NetAuth.framework/Versions/A/NetAuth
0x000000000a6ca000 	/System/Library/PrivateFrameworks/login.framework/Versions/A/Frameworks/loginsupport.framework/Versions/A/loginsupport
0x000000000a6ca000 	/System/Library/PrivateFrameworks/TCC.framework/Versions/A/TCC
0x000000000a6ca000 	/usr/lib/libmecabra.dylib
0x000000000a6ca000 	/System/Library/Frameworks/ApplicationServices.framework/Versions/A/Frameworks/ATS.framework/Versions/A/ATS
0x000000000a6ca000 	/System/Library/Frameworks/ApplicationServices.framework/Versions/A/Frameworks/ColorSync.framework/Versions/A/ColorSync
0x000000000a6ca000 	/System/Library/Frameworks/ApplicationServices.framework/Versions/A/Frameworks/HIServices.framework/Versions/A/HIServices
0x000000000a6ca000 	/System/Library/Frameworks/ApplicationServices.framework/Versions/A/Frameworks/LangAnalysis.framework/Versions/A/LangAnalysis
0x000000000a6ca000 	/System/Library/Frameworks/ApplicationServices.framework/Versions/A/Frameworks/PrintCore.framework/Versions/A/PrintCore
0x000000000a6ca000 	/System/Library/Frameworks/ApplicationServices.framework/Versions/A/Frameworks/QD.framework/Versions/A/QD
0x000000000a6ca000 	/System/Library/Frameworks/ApplicationServices.framework/Versions/A/Frameworks/SpeechSynthesis.framework/Versions/A/SpeechSynthesis
0x000000000a6ca000 	/System/Library/Frameworks/Accelerate.framework/Versions/A/Accelerate
0x000000000a6ca000 	/System/Library/Frameworks/Accelerate.framework/Versions/A/Frameworks/vImage.framework/Versions/A/vImage
0x000000000a6ca000 	/System/Library/Frameworks/Accelerate.framework/Versions/A/Frameworks/vecLib.framework/Versions/A/vecLib
0x000000000a6ca000 	/System/Library/Frameworks/Accelerate.framework/Versions/A/Frameworks/vecLib.framework/Versions/A/libvDSP.dylib
0x000000000a6ca000 	/System/Library/Frameworks/Accelerate.framework/Versions/A/Frameworks/vecLib.framework/Versions/A/libvMisc.dylib
0x000000000a6ca000 	/System/Library/Frameworks/Accelerate.framework/Versions/A/Frameworks/vecLib.framework/Versions/A/libLAPACK.dylib
0x000000000a6ca000 	/System/Library/Frameworks/Accelerate.framework/Versions/A/Frameworks/vecLib.framework/Versions/A/libBLAS.dylib
0x000000000a6ca000 	/System/Library/Frameworks/Accelerate.framework/Versions/A/Frameworks/vecLib.framework/Versions/A/libLinearAlgebra.dylib
0x000000000a6ca000 	/System/Library/Frameworks/ApplicationServices.framework/Versions/A/Frameworks/ATS.framework/Versions/A/Resources/libFontParser.dylib
0x000000000a6ca000 	/System/Library/Frameworks/ApplicationServices.framework/Versions/A/Frameworks/ATS.framework/Versions/A/Resources/libFontRegistry.dylib
0x000000000a6ca000 	/System/Library/PrivateFrameworks/AppleVPA.framework/Versions/A/AppleVPA
0x000000000a6ca000 	/System/Library/PrivateFrameworks/AppleJPEG.framework/Versions/A/AppleJPEG
0x000000000a6ca000 	/System/Library/Frameworks/ImageIO.framework/Versions/A/Resources/libJPEG.dylib
0x000000000a6ca000 	/System/Library/Frameworks/ImageIO.framework/Versions/A/Resources/libTIFF.dylib
0x000000000a6ca000 	/System/Library/Frameworks/ImageIO.framework/Versions/A/Resources/libPng.dylib
0x000000000a6ca000 	/System/Library/Frameworks/ImageIO.framework/Versions/A/Resources/libGIF.dylib
0x000000000a6ca000 	/System/Library/Frameworks/ImageIO.framework/Versions/A/Resources/libJP2.dylib
0x000000000a6ca000 	/System/Library/Frameworks/ImageIO.framework/Versions/A/Resources/libRadiance.dylib
0x000000000a6ca000 	/System/Library/Frameworks/CoreVideo.framework/Versions/A/CoreVideo
0x000000000a6ca000 	/System/Library/Frameworks/OpenGL.framework/Versions/A/Libraries/libGLU.dylib
0x000000000a6ca000 	/System/Library/Frameworks/OpenGL.framework/Versions/A/Libraries/libGFXShared.dylib
0x000000000a6ca000 	/System/Library/Frameworks/OpenGL.framework/Versions/A/Libraries/libGL.dylib
0x000000000a6ca000 	/System/Library/Frameworks/OpenGL.framework/Versions/A/Libraries/libGLImage.dylib
0x000000000a6ca000 	/System/Library/Frameworks/OpenGL.framework/Versions/A/Libraries/libCVMSPluginSupport.dylib
0x000000000a6ca000 	/System/Library/Frameworks/OpenGL.framework/Versions/A/Libraries/libCoreVMClient.dylib
0x000000000a6ca000 	/usr/lib/libcups.2.dylib
0x000000000a6ca000 	/System/Library/Frameworks/Kerberos.framework/Versions/A/Kerberos
0x000000000a6ca000 	/System/Library/Frameworks/GSS.framework/Versions/A/GSS
0x000000000a6ca000 	/usr/lib/libresolv.9.dylib
0x000000000a6ca000 	/usr/lib/libiconv.2.dylib
0x000000000a6ca000 	/System/Library/PrivateFrameworks/Heimdal.framework/Versions/A/Heimdal
0x000000000a6ca000 	/usr/lib/libheimdal-asn1.dylib
0x000000000a6ca000 	/System/Library/Frameworks/OpenDirectory.framework/Versions/A/OpenDirectory
0x000000000a6ca000 	/System/Library/PrivateFrameworks/CommonAuth.framework/Versions/A/CommonAuth
0x000000000a6ca000 	/System/Library/Frameworks/OpenDirectory.framework/Versions/A/Frameworks/CFOpenDirectory.framework/Versions/A/CFOpenDirectory
0x000000000a6ca000 	/System/Library/Frameworks/SecurityFoundation.framework/Versions/A/SecurityFoundation
0x000000000a6ca000 	/System/Library/PrivateFrameworks/LanguageModeling.framework/Versions/A/LanguageModeling
0x000000000a6ca000 	/usr/lib/libcmph.dylib
0x000000000a6ca000 	/System/Library/Frameworks/ServiceManagement.framework/Versions/A/ServiceManagement
0x000000000a6ca000 	/usr/lib/libxslt.1.dylib
0x000000000a6ca000 	/System/Library/Frameworks/Carbon.framework/Versions/A/Frameworks/Ink.framework/Versions/A/Ink
0x000000000a6ca000 	/System/Library/Frameworks/QuartzCore.framework/Versions/A/Frameworks/CoreImage.framework/Versions/A/CoreImage
0x000000000a6ca000 	/System/Library/PrivateFrameworks/CrashReporterSupport.framework/Versions/A/CrashReporterSupport
0x000000000a6ca000 	/System/Library/Frameworks/OpenCL.framework/Versions/A/OpenCL
0x000000000a6ca000 	/System/Library/PrivateFrameworks/FaceCore.framework/Versions/A/FaceCore
0x000000000a6ca000 	/System/Library/PrivateFrameworks/Ubiquity.framework/Versions/A/Ubiquity
0x000000000a6ca000 	/System/Library/PrivateFrameworks/IconServices.framework/Versions/A/IconServices
0x000000000a6ca000 	/System/Library/PrivateFrameworks/ChunkingLibrary.framework/Versions/A/ChunkingLibrary
0x000000000a6ca000 	/System/Library/PrivateFrameworks/Apple80211.framework/Versions/A/Apple80211
0x000000000a6ca000 	/System/Library/Frameworks/CoreWLAN.framework/Versions/A/CoreWLAN
0x000000000a6ca000 	/System/Library/Frameworks/IOBluetooth.framework/Versions/A/IOBluetooth
0x000000000a6ca000 	/System/Library/PrivateFrameworks/CoreWiFi.framework/Versions/A/CoreWiFi
0x000000000a6ca000 	/System/Library/Frameworks/CoreBluetooth.framework/Versions/A/CoreBluetooth
0x000000000a6ca000 	/System/Library/PrivateFrameworks/DebugSymbols.framework/Versions/A/DebugSymbols
0x000000000a6ca000 	/System/Library/PrivateFrameworks/CoreSymbolication.framework/Versions/A/CoreSymbolication
0x000000000a6ca000 	/System/Library/PrivateFrameworks/Symbolication.framework/Versions/A/Symbolication
0x000000000a6ca000 	/System/Library/PrivateFrameworks/SpeechRecognitionCore.framework/Versions/A/SpeechRecognitionCore
0x0000000102dbc000 	/Library/Java/JavaVirtualMachines/jdk1.8.0_40.jdk/Contents/Home/jre/lib/server/libjvm.dylib
0x000000000a6ca000 	/usr/lib/libstdc++.6.dylib
0x0000000103e28000 	/Library/Java/JavaVirtualMachines/jdk1.8.0_40.jdk/Contents/Home/jre/lib/libverify.dylib
0x0000000103e36000 	/Library/Java/JavaVirtualMachines/jdk1.8.0_40.jdk/Contents/Home/jre/lib/libjava.dylib
0x0000000103e8c000 	/Library/Java/JavaVirtualMachines/jdk1.8.0_40.jdk/Contents/Home/jre/lib/libzip.dylib
0x000000011755e000 	/System/Library/Frameworks/JavaVM.framework/Frameworks/JavaRuntimeSupport.framework/JavaRuntimeSupport
0x0000000117576000 	/System/Library/Frameworks/JavaVM.framework/Versions/A/Frameworks/JavaNativeFoundation.framework/Versions/A/JavaNativeFoundation
0x000000011758b000 	/System/Library/Frameworks/JavaVM.framework/Versions/A/JavaVM
0x000000000a6ca000 	/System/Library/Frameworks/Carbon.framework/Versions/A/Carbon
0x0000000117598000 	/System/Library/PrivateFrameworks/JavaLaunching.framework/Versions/A/JavaLaunching
0x000000000a6ca000 	/System/Library/Frameworks/Carbon.framework/Versions/A/Frameworks/CommonPanels.framework/Versions/A/CommonPanels
0x000000000a6ca000 	/System/Library/Frameworks/Carbon.framework/Versions/A/Frameworks/Help.framework/Versions/A/Help
0x000000000a6ca000 	/System/Library/Frameworks/Carbon.framework/Versions/A/Frameworks/ImageCapture.framework/Versions/A/ImageCapture
0x000000000a6ca000 	/System/Library/Frameworks/Carbon.framework/Versions/A/Frameworks/OpenScripting.framework/Versions/A/OpenScripting
0x000000000a6ca000 	/System/Library/Frameworks/Carbon.framework/Versions/A/Frameworks/Print.framework/Versions/A/Print
0x000000000a6ca000 	/System/Library/Frameworks/Carbon.framework/Versions/A/Frameworks/SecurityHI.framework/Versions/A/SecurityHI
0x0000000119406000 	/Library/Java/JavaVirtualMachines/jdk1.8.0_40.jdk/Contents/Home/jre/lib/libprism_es2.dylib
0x000000000a6ca000 	/System/Library/Frameworks/OpenGL.framework/Versions/A/Resources/GLEngine.bundle/GLEngine
0x000000000a6ca000 	/System/Library/Frameworks/OpenGL.framework/Versions/A/Libraries/libGLProgrammability.dylib
0x0000000000000000 	/System/Library/Extensions/GeForceTeslaGLDriver.bundle/Contents/MacOS/GeForceTeslaGLDriver
0x0000000119484000 	/System/Library/Extensions/GeForceTeslaGLDriver.bundle/Contents/MacOS/libclh.dylib
0x0000000119ccb000 	/System/Library/PrivateFrameworks/GPUSupport.framework/Versions/A/Libraries/libGPUSupport.dylib
0x000000000a6ca000 	/System/Library/Frameworks/OpenGL.framework/Versions/A/Resources/GLRendererFloat.bundle/GLRendererFloat
0x000000000a6ca000 	/System/Library/Frameworks/OpenCL.framework/Versions/A/Libraries/libcldcpuengine.dylib
0x000000000a6ca000 	/System/Library/PrivateFrameworks/DiskImages.framework/Versions/A/DiskImages
0x000000000a6ca000 	/System/Library/Frameworks/DiscRecording.framework/Versions/A/DiscRecording
0x000000000a6ca000 	/usr/lib/libcsfde.dylib
0x000000000a6ca000 	/usr/lib/libcurl.4.dylib
0x000000000a6ca000 	/System/Library/PrivateFrameworks/MediaKit.framework/Versions/A/MediaKit
0x000000000a6ca000 	/System/Library/PrivateFrameworks/ProtectedCloudStorage.framework/Versions/A/ProtectedCloudStorage
0x000000000a6ca000 	/usr/lib/libCoreStorage.dylib
0x000000000a6ca000 	/System/Library/PrivateFrameworks/EFILogin.framework/Versions/A/EFILogin
0x000000000a6ca000 	/usr/lib/libutil.dylib
0x000000000a6ca000 	/System/Library/PrivateFrameworks/FindMyDevice.framework/Versions/A/FindMyDevice
0x000000000a6ca000 	/System/Library/Frameworks/LDAP.framework/Versions/A/LDAP
0x000000000a6ca000 	/usr/lib/libsasl2.2.dylib
0x000000000a6ca000 	/System/Library/PrivateFrameworks/CoreDaemon.framework/Versions/B/CoreDaemon
0x000000000a6ca000 	/usr/lib/libcrypto.0.9.8.dylib
0x000000000a6ca000 	/System/Library/PrivateFrameworks/AppleSRP.framework/Versions/A/AppleSRP
0x000000000a6ca000 	/System/Library/PrivateFrameworks/TrustEvaluationAgent.framework/Versions/A/TrustEvaluationAgent
0x0000000119e1b000 	/Library/Java/JavaVirtualMachines/jdk1.8.0_40.jdk/Contents/Home/jre/lib/libglass.dylib
0x000000000a6ca000 	/System/Library/PrivateFrameworks/CoreServicesInternal.framework/Versions/A/CoreServicesInternal
0x000000000a6ca000 	/System/Library/PrivateFrameworks/CloudDocs.framework/Versions/A/CloudDocs
0x000000000a6ca000 	/System/Library/PrivateFrameworks/CoreDuet.framework/Versions/A/CoreDuet
0x000000000a6ca000 	/System/Library/Frameworks/CloudKit.framework/Versions/A/CloudKit
0x000000000a6ca000 	/System/Library/PrivateFrameworks/ProtocolBuffer.framework/Versions/A/ProtocolBuffer
0x000000000a6ca000 	/System/Library/PrivateFrameworks/CoreDuetDaemonProtocol.framework/Versions/A/CoreDuetDaemonProtocol
0x000000000a6ca000 	/System/Library/PrivateFrameworks/CoreDuetDebugLogging.framework/Versions/A/CoreDuetDebugLogging
0x000000000a6ca000 	/System/Library/Frameworks/CoreLocation.framework/Versions/A/CoreLocation
0x000000000a6ca000 	/System/Library/Frameworks/Accounts.framework/Versions/A/Accounts
0x000000000a6ca000 	/System/Library/PrivateFrameworks/ApplePushService.framework/Versions/A/ApplePushService
0x000000000a6ca000 	/System/Library/PrivateFrameworks/GeoServices.framework/Versions/A/GeoServices
0x000000000a6ca000 	/System/Library/PrivateFrameworks/OAuth.framework/Versions/A/OAuth
0x000000000a6ca000 	/System/Library/Frameworks/CoreGraphics.framework/Versions/A/Resources/libCGCMS.A.dylib
0x000000000a6ca000 	/System/Library/CoreServices/RawCamera.bundle/Contents/MacOS/RawCamera
0x000000000a6ca000 	/System/Library/Frameworks/CoreGraphics.framework/Versions/A/Resources/libRIP.A.dylib
0x000000000a6ca000 	/System/Library/PrivateFrameworks/FamilyControls.framework/Versions/A/FamilyControls
0x000000000a6ca000 	/System/Library/PrivateFrameworks/CommerceKit.framework/Versions/A/Frameworks/CommerceCore.framework/Versions/A/CommerceCore
0x000000000a6ca000 	/System/Library/PrivateFrameworks/SystemAdministration.framework/Versions/A/SystemAdministration
0x000000000a6ca000 	/System/Library/PrivateFrameworks/AppContainer.framework/Versions/A/AppContainer
0x000000000a6ca000 	/System/Library/PrivateFrameworks/SecCodeWrapper.framework/Versions/A/SecCodeWrapper
0x000000000a6ca000 	/System/Library/Frameworks/DirectoryService.framework/Versions/A/DirectoryService
0x000000000a6ca000 	/System/Library/PrivateFrameworks/LoginUIKit.framework/Versions/A/Frameworks/LoginUICore.framework/Versions/A/LoginUICore
0x000000000a6ca000 	/usr/lib/libodfde.dylib
0x000000011d85e000 	/Library/Java/JavaVirtualMachines/jdk1.8.0_40.jdk/Contents/Home/jre/lib/libnet.dylib
0x000000011b820000 	/Library/Java/JavaVirtualMachines/jdk1.8.0_40.jdk/Contents/Home/jre/lib/libnio.dylib
0x000000011762b000 	/Library/Java/JavaVirtualMachines/jdk1.8.0_40.jdk/Contents/Home/jre/lib/libsunec.dylib
0x00000001175a4000 	/Library/Java/JavaVirtualMachines/jdk1.8.0_40.jdk/Contents/Home/jre/lib/libjavafx_font.dylib
0x000000000a6ca000 	/System/Library/Frameworks/CoreGraphics.framework/Versions/A/Resources/libCGXType.A.dylib
0x000000011dbd1000 	cl_kernels
0x00000001210dc000 	/System/Library/Frameworks/OpenCL.framework/Versions/A/Libraries/ImageFormats/unorm8_bgra.dylib
0x000000011dbd5000 	cl_kernels
0x000000011bad0000 	/Library/Java/JavaVirtualMachines/jdk1.8.0_40.jdk/Contents/Home/jre/lib/libprism_common.dylib

VM Arguments:
jvm_args: -Dfile.encoding=UTF-8 
java_command: VIEW.View
java_class_path (initial): /Users/idinter/Desktop/workspace/SBOBETCLI/bin:/Users/idinter/Desktop/workspace/SBOBETCLI/selenium-java-2.45.0.jar:/Users/idinter/Desktop/workspace/SBOBETCLI/selenium-server-standalone-2.45.0.jar
Launcher Type: SUN_STANDARD

Environment Variables:
PATH=/usr/bin:/bin:/usr/sbin:/sbin
SHELL=/bin/bash
DISPLAY=/private/tmp/com.apple.launchd.rKGH6mEN3u/org.macosforge.xquartz:0

Signal Handlers:
SIGSEGV: [libjvm.dylib+0x58ef95], sa_mask[0]=11111111011111110111111111111111, sa_flags=SA_ONSTACK|SA_RESTART|SA_SIGINFO
SIGBUS: [libjvm.dylib+0x58ef95], sa_mask[0]=11111111011111110111111111111111, sa_flags=SA_RESTART|SA_SIGINFO
SIGFPE: [libjvm.dylib+0x46c118], sa_mask[0]=11111111011111110111111111111111, sa_flags=SA_RESTART|SA_SIGINFO
SIGPIPE: [libjvm.dylib+0x46c118], sa_mask[0]=11111111011111110111111111111111, sa_flags=SA_RESTART|SA_SIGINFO
SIGXFSZ: [libjvm.dylib+0x46c118], sa_mask[0]=11111111011111110111111111111111, sa_flags=SA_RESTART|SA_SIGINFO
SIGILL: [libjvm.dylib+0x46c118], sa_mask[0]=11111111011111110111111111111111, sa_flags=SA_RESTART|SA_SIGINFO
SIGUSR1: SIG_DFL, sa_mask[0]=00000000000000000000000000000000, sa_flags=none
SIGUSR2: [libjvm.dylib+0x46bc36], sa_mask[0]=00100000000000000000000000000000, sa_flags=SA_RESTART|SA_SIGINFO
SIGHUP: [libjvm.dylib+0x46a209], sa_mask[0]=11111111011111110111111111111111, sa_flags=SA_RESTART|SA_SIGINFO
SIGINT: [libjvm.dylib+0x46a209], sa_mask[0]=11111111011111110111111111111111, sa_flags=SA_RESTART|SA_SIGINFO
SIGTERM: [libjvm.dylib+0x46a209], sa_mask[0]=11111111011111110111111111111111, sa_flags=SA_RESTART|SA_SIGINFO
SIGQUIT: [libjvm.dylib+0x46a209], sa_mask[0]=11111111011111110111111111111111, sa_flags=SA_RESTART|SA_SIGINFO


---------------  S Y S T E M  ---------------

OS:Bsduname:Darwin 14.1.0 Darwin Kernel Version 14.1.0: Thu Feb 26 19:26:47 PST 2015; root:xnu-2782.10.73~1/RELEASE_X86_64 x86_64
rlimit: STACK 8192k, CORE 0k, NPROC 709, NOFILE 10240, AS infinity
load average:2.64 2.13 2.09

CPU:total 2 (2 cores per cpu, 1 threads per core) family 6 model 23 stepping 10, cmov, cx8, fxsr, mmx, sse, sse2, sse3, ssse3, sse4.1, tsc

Memory: 4k page, physical 4194304k(140564k free)

/proc/meminfo:


vm_info: Java HotSpot(TM) 64-Bit Server VM (25.40-b25) for bsd-amd64 JRE (1.8.0_40-b27), built on Mar 13 2015 04:46:52 by "java_re" with gcc 4.2.1 (Based on Apple Inc. build 5658) (LLVM build 2336.11.00)

time: Sat Jul 25 15:22:46 2015
elapsed time: 1515 seconds (0d 0h 25m 15s)

