#
# A fatal error has been detected by the Java Runtime Environment:
#
#  SIGSEGV (0xb) at pc=0x000000010fa62ae6, pid=812, tid=1811
#
# JRE version: Java(TM) SE Runtime Environment (8.0_40-b27) (build 1.8.0_40-b27)
# Java VM: Java HotSpot(TM) 64-Bit Server VM (25.40-b25 mixed mode bsd-amd64 compressed oops)
# Problematic frame:
# V  [libjvm.dylib+0x164ae6]
#
# Failed to write core dump. Core dumps have been disabled. To enable core dumping, try "ulimit -c unlimited" before starting Java again
#
# If you would like to submit a bug report, please visit:
#   http://bugreport.java.com/bugreport/crash.jsp
#

---------------  T H R E A D  ---------------

Current thread is native thread

siginfo: si_signo: 11 (SIGSEGV), si_code: 1 (SEGV_MAPERR), si_addr: 0x0000000000000270

Registers:
RAX=0x0000000000000000, RBX=0x0000000000000000, RCX=0x000000010fc04475, RDX=0x00007f952a20c9f8
RSP=0x00007fff503fd0e0, RBP=0x00007fff503fd0f0, RSI=0x0000000000000006, RDI=0x00007fff503fd130
R8 =0x0000000000000106, R9 =0x0000000000000000, R10=0x00007f952bd16670, R11=0x00000001240d8b58
R12=0x00007f952a20c9f8, R13=0x00007f952be1f1a0, R14=0x00007f952a20c9f8, R15=0x0000000000000000
RIP=0x000000010fa62ae6, EFLAGS=0x0000000000010246, ERR=0x0000000000000006
  TRAPNO=0x000000000000000e

Top of Stack: (sp=0x00007fff503fd0e0)
0x00007fff503fd0e0:   00007f95294788b0 00007f952a20c9f8
0x00007fff503fd0f0:   00007fff503fd150 000000010fc044a5
0x00007fff503fd100:   00007fff7a7ee070 0000000000000000
0x00007fff503fd110:   00007f952a3b8200 00007f952be29210
0x00007fff503fd120:   00007fff503fd150 0000000128468769
0x00007fff503fd130:   0000000000000000 00007f952bc60ee0
0x00007fff503fd140:   00007f952a3b8200 00007f952be29210
0x00007fff503fd150:   00007fff503fd1b0 00000001322e7a4f
0x00007fff503fd160:   00007fff7a7ee070 0000000000000000
0x00007fff503fd170:   40c918b172570eca 0000000000000004
0x00007fff503fd180:   00007fff503fd1b0 00007fff8b0fc0c0
0x00007fff503fd190:   0000000000000000 00007f952be1f1a0
0x00007fff503fd1a0:   00007f952be29210 0000000000000004
0x00007fff503fd1b0:   00007fff503fd220 00007fff8ad40367
0x00007fff503fd1c0:   00007fff503fd200 00000001284be640
0x00007fff503fd1d0:   0000000000000000 00007f952a3b8200
0x00007fff503fd1e0:   00007f952be29210 0000000000000000
0x00007fff503fd1f0:   40c918b172570eca 00007f952be29210
0x00007fff503fd200:   00007fff8b0fc0c0 0000000000000018
0x00007fff503fd210:   0000000000000004 0000000000000000
0x00007fff503fd220:   00007fff503fd2a0 00007fff8ad3ff31
0x00007fff503fd230:   000186a50000032c 3ff0000000000000
0x00007fff503fd240:   4070600000000000 4062200000000000
0x00007fff503fd250:   0000000000000000 0000000000000000
0x00007fff503fd260:   4070600000000000 4062200000000000
0x00007fff503fd270:   00000007c0014838 00007fff503fd380
0x00007fff503fd280:   00000001284c4f28 00007fff952e4f05
0x00007fff503fd290:   0000000000000001 00000001284c4e80
0x00007fff503fd2a0:   00007fff503fe380 00007fff8acf3381
0x00007fff503fd2b0:   00007fff503fe380 00007fff8acf3243
0x00007fff503fd2c0:   00007fff503fe380 00007fff8acf2cda
0x00007fff503fd2d0:   00000001284c4f28 00000001284c4f28 

Instructions: (pc=0x000000010fa62ae6)
0x000000010fa62ac6:   0e 48 8b 0b 49 8b 56 18 48 63 c0 48 89 0c c2 5b
0x000000010fa62ad6:   41 5e 5d c3 90 90 55 48 89 e5 41 56 53 48 8b 1f
0x000000010fa62ae6:   c7 83 70 02 00 00 05 00 00 00 48 8d 05 41 d2 75
0x000000010fa62af6:   00 8b 00 83 f8 01 41 89 f6 75 0c 48 8d 0d 8e 39 

Register to memory mapping:

RAX=0x0000000000000000 is an unknown value
RBX=0x0000000000000000 is an unknown value
RCX=0x000000010fc04475: jni_NewLocalRef+0 in /Library/Java/JavaVirtualMachines/jdk1.8.0_40.jdk/Contents/Home/jre/lib/server/libjvm.dylib at 0x000000010f8fe000
RDX=0x00007f952a20c9f8 is an unknown value
RSP=0x00007fff503fd0e0 is an unknown value
RBP=0x00007fff503fd0f0 is an unknown value
RSI=0x0000000000000006 is an unknown value
RDI=0x00007fff503fd130 is an unknown value
R8 =0x0000000000000106 is an unknown value
R9 =0x0000000000000000 is an unknown value
R10=0x00007f952bd16670 is an unknown value
R11=0x00000001240d8b58: OBJC_CLASS_$_JNFJObjectWrapper+0 in /System/Library/Frameworks/JavaVM.framework/Versions/A/Frameworks/JavaNativeFoundation.framework/Versions/A/JavaNativeFoundation at 0x00000001240cc000
R12=0x00007f952a20c9f8 is an unknown value
R13=0x00007f952be1f1a0 is an unknown value
R14=0x00007f952a20c9f8 is an unknown value
R15=0x0000000000000000 is an unknown value


Stack: [0x00007fff4fc01000,0x00007fff50401000],  sp=0x00007fff503fd0e0,  free space=8176k
Native frames: (J=compiled Java code, j=interpreted, Vv=VM code, C=native code)
V  [libjvm.dylib+0x164ae6]
V  [libjvm.dylib+0x3064a5]
C  [libawt_lwawt.dylib+0x19a4f]  -[CGLLayer drawInCGLContext:pixelFormat:forLayerTime:displayTime:]+0xee
C  [QuartzCore+0x61367]  _ZL17CAOpenGLLayerDrawP13CAOpenGLLayerdPK11CVTimeStampj+0x2b6
C  [QuartzCore+0x60f31]  -[CAOpenGLLayer _display]+0x183
C  [QuartzCore+0x14381]  _ZN2CA5Layer17display_if_neededEPNS_11TransactionE+0x25b
C  [QuartzCore+0x13abd]  _ZN2CA5Layer28layout_and_display_if_neededEPNS_11TransactionE+0x23
C  [QuartzCore+0x1324e]  _ZN2CA7Context18commit_transactionEPNS_11TransactionE+0xf2
C  [QuartzCore+0x12ea4]  _ZN2CA11Transaction6commitEv+0x186
C  [QuartzCore+0x23cad]  _ZN2CA11Transaction17observer_callbackEP19__CFRunLoopObservermPv+0x47
C  [CoreFoundation+0x7fda7]  __CFRUNLOOP_IS_CALLING_OUT_TO_AN_OBSERVER_CALLBACK_FUNCTION__+0x17
C  [CoreFoundation+0x7fd00]  __CFRunLoopDoObservers+0x170
C  [CoreFoundation+0x71f3a]  __CFRunLoopRun+0x49a
C  [CoreFoundation+0x71858]  CFRunLoopRunSpecific+0x128
C  [java+0x6490]  CreateExecutionEnvironment+0x367
C  [java+0x221c]  JLI_Launch+0x7a0
C  [java+0x84ed]  main+0x65
C  [java+0x1a74]  start+0x34


---------------  P R O C E S S  ---------------

VM state:not at safepoint (normal execution)

VM Mutex/Monitor currently owned by a thread: None

Heap:
 PSYoungGen      total 40448K, used 6895K [0x00000007aab00000, 0x00000007ae300000, 0x00000007c0000000)
  eden space 30720K, 22% used [0x00000007aab00000,0x00000007ab1bbd60,0x00000007ac900000)
  from space 9728K, 0% used [0x00000007ad400000,0x00000007ad400000,0x00000007add80000)
  to   space 11264K, 0% used [0x00000007ac900000,0x00000007ac900000,0x00000007ad400000)
 ParOldGen       total 61440K, used 18704K [0x0000000780000000, 0x0000000783c00000, 0x00000007aab00000)
  object space 61440K, 30% used [0x0000000780000000,0x00000007812441e0,0x0000000783c00000)
 Metaspace       used 34440K, capacity 35932K, committed 36224K, reserved 1081344K
  class space    used 4870K, capacity 5161K, committed 5248K, reserved 1048576K

Card table byte_map: [0x00000001201c0000,0x00000001203c1000] byte_map_base: 0x000000011c5c0000

Marking Bits: (ParMarkBitMap*) 0x00000001101c07a0
 Begin Bits: [0x000000012071d000, 0x000000012171d000)
 End Bits:   [0x000000012171d000, 0x000000012271d000)

Polling page: 0x00000001109ad000

CodeCache: size=245760Kb used=11869Kb max_used=12273Kb free=233890Kb
 bounds [0x0000000110e00000, 0x0000000111a10000, 0x000000011fe00000]
 total_blobs=4927 nmethods=4081 adapters=759
 compilation: enabled

Compilation events (10 events):
Event: 61.776 Thread 0x00007f952a02a800 nmethod 4709 0x0000000111731950 code [0x0000000111731b00, 0x0000000111731fa8]
Event: 61.776 Thread 0x00007f952a02a800 4710       3       jdk.internal.org.objectweb.asm.MethodVisitor::visitInsn (16 bytes)
Event: 61.776 Thread 0x00007f952a02a800 nmethod 4710 0x0000000111515010 code [0x0000000111515180, 0x00000001115153e8]
Event: 61.776 Thread 0x00007f952a02a800 4708       3       java.util.ArrayList::remove (69 bytes)
Event: 61.777 Thread 0x00007f952a02a800 nmethod 4708 0x0000000111317310 code [0x00000001113174e0, 0x0000000111317b08]
Event: 61.779 Thread 0x00007f952a02a800 4711   !   3       java.awt.Container::dispatchEventImpl (129 bytes)
Event: 61.780 Thread 0x00007f9529860800 4713       4       java.lang.invoke.MethodType::hashCode (53 bytes)
Event: 61.780 Thread 0x00007f952a02a800 nmethod 4711 0x0000000111428a50 code [0x0000000111428c60, 0x0000000111429778]
Event: 61.780 Thread 0x00007f952a02a800 4712  s    3       javax.swing.RepaintManager::getPaintManager (107 bytes)
Event: 61.781 Thread 0x00007f952a02a800 nmethod 4712 0x00000001115530d0 code [0x00000001115532e0, 0x0000000111553e78]

GC Heap History (10 events):
Event: 10.584 GC heap before
{Heap before GC invocations=6 (full 1):
 PSYoungGen      total 18944K, used 16384K [0x00000007aab00000, 0x00000007ac000000, 0x00000007c0000000)
  eden space 16384K, 100% used [0x00000007aab00000,0x00000007abb00000,0x00000007abb00000)
  from space 2560K, 0% used [0x00000007abd80000,0x00000007abd80000,0x00000007ac000000)
  to   space 2560K, 0% used [0x00000007abb00000,0x00000007abb00000,0x00000007abd80000)
 ParOldGen       total 36352K, used 6375K [0x0000000780000000, 0x0000000782380000, 0x00000007aab00000)
  object space 36352K, 17% used [0x0000000780000000,0x0000000780639eb8,0x0000000782380000)
 Metaspace       used 25350K, capacity 26386K, committed 26496K, reserved 1071104K
  class space    used 3758K, capacity 3964K, committed 3968K, reserved 1048576K
Event: 10.591 GC heap after
Heap after GC invocations=6 (full 1):
 PSYoungGen      total 18944K, used 2369K [0x00000007aab00000, 0x00000007ad080000, 0x00000007c0000000)
  eden space 16384K, 0% used [0x00000007aab00000,0x00000007aab00000,0x00000007abb00000)
  from space 2560K, 92% used [0x00000007abb00000,0x00000007abd507b8,0x00000007abd80000)
  to   space 7168K, 0% used [0x00000007ac980000,0x00000007ac980000,0x00000007ad080000)
 ParOldGen       total 36352K, used 6383K [0x0000000780000000, 0x0000000782380000, 0x00000007aab00000)
  object space 36352K, 17% used [0x0000000780000000,0x000000078063beb8,0x0000000782380000)
 Metaspace       used 25350K, capacity 26386K, committed 26496K, reserved 1071104K
  class space    used 3758K, capacity 3964K, committed 3968K, reserved 1048576K
}
Event: 17.635 GC heap before
{Heap before GC invocations=7 (full 1):
 PSYoungGen      total 18944K, used 18753K [0x00000007aab00000, 0x00000007ad080000, 0x00000007c0000000)
  eden space 16384K, 100% used [0x00000007aab00000,0x00000007abb00000,0x00000007abb00000)
  from space 2560K, 92% used [0x00000007abb00000,0x00000007abd507b8,0x00000007abd80000)
  to   space 7168K, 0% used [0x00000007ac980000,0x00000007ac980000,0x00000007ad080000)
 ParOldGen       total 36352K, used 6383K [0x0000000780000000, 0x0000000782380000, 0x00000007aab00000)
  object space 36352K, 17% used [0x0000000780000000,0x000000078063beb8,0x0000000782380000)
 Metaspace       used 27835K, capacity 29134K, committed 29184K, reserved 1075200K
  class space    used 4049K, capacity 4312K, committed 4352K, reserved 1048576K
Event: 17.662 GC heap after
Heap after GC invocations=7 (full 1):
 PSYoungGen      total 30720K, used 6514K [0x00000007aab00000, 0x00000007ad100000, 0x00000007c0000000)
  eden space 23552K, 0% used [0x00000007aab00000,0x00000007aab00000,0x00000007ac200000)
  from space 7168K, 90% used [0x00000007ac980000,0x00000007acfdcaa0,0x00000007ad080000)
  to   space 7680K, 0% used [0x00000007ac200000,0x00000007ac200000,0x00000007ac980000)
 ParOldGen       total 36352K, used 8439K [0x0000000780000000, 0x0000000782380000, 0x00000007aab00000)
  object space 36352K, 23% used [0x0000000780000000,0x000000078083dec8,0x0000000782380000)
 Metaspace       used 27835K, capacity 29134K, committed 29184K, reserved 1075200K
  class space    used 4049K, capacity 4312K, committed 4352K, reserved 1048576K
}
Event: 39.187 GC heap before
{Heap before GC invocations=8 (full 1):
 PSYoungGen      total 30720K, used 30066K [0x00000007aab00000, 0x00000007ad100000, 0x00000007c0000000)
  eden space 23552K, 100% used [0x00000007aab00000,0x00000007ac200000,0x00000007ac200000)
  from space 7168K, 90% used [0x00000007ac980000,0x00000007acfdcaa0,0x00000007ad080000)
  to   space 7680K, 0% used [0x00000007ac200000,0x00000007ac200000,0x00000007ac980000)
 ParOldGen       total 36352K, used 8439K [0x0000000780000000, 0x0000000782380000, 0x00000007aab00000)
  object space 36352K, 23% used [0x0000000780000000,0x000000078083dec8,0x0000000782380000)
 Metaspace       used 28836K, capacity 30294K, committed 30592K, reserved 1075200K
  class space    used 4127K, capacity 4398K, committed 4480K, reserved 1048576K
Event: 39.225 GC heap after
Heap after GC invocations=8 (full 1):
 PSYoungGen      total 31232K, used 7680K [0x00000007aab00000, 0x00000007add80000, 0x00000007c0000000)
  eden space 23552K, 0% used [0x00000007aab00000,0x00000007aab00000,0x00000007ac200000)
  from space 7680K, 100% used [0x00000007ac200000,0x00000007ac980000,0x00000007ac980000)
  to   space 9728K, 0% used [0x00000007ad400000,0x00000007ad400000,0x00000007add80000)
 ParOldGen       total 36352K, used 9998K [0x0000000780000000, 0x0000000782380000, 0x00000007aab00000)
  object space 36352K, 27% used [0x0000000780000000,0x00000007809c3a28,0x0000000782380000)
 Metaspace       used 28836K, capacity 30294K, committed 30592K, reserved 1075200K
  class space    used 4127K, capacity 4398K, committed 4480K, reserved 1048576K
}
Event: 41.779 GC heap before
{Heap before GC invocations=9 (full 1):
 PSYoungGen      total 31232K, used 12604K [0x00000007aab00000, 0x00000007add80000, 0x00000007c0000000)
  eden space 23552K, 20% used [0x00000007aab00000,0x00000007aafcf038,0x00000007ac200000)
  from space 7680K, 100% used [0x00000007ac200000,0x00000007ac980000,0x00000007ac980000)
  to   space 9728K, 0% used [0x00000007ad400000,0x00000007ad400000,0x00000007add80000)
 ParOldGen       total 36352K, used 9998K [0x0000000780000000, 0x0000000782380000, 0x00000007aab00000)
  object space 36352K, 27% used [0x0000000780000000,0x00000007809c3a28,0x0000000782380000)
 Metaspace       used 33883K, capacity 35318K, committed 35416K, reserved 1079296K
  class space    used 4808K, capacity 5088K, committed 5120K, reserved 1048576K
Event: 41.819 GC heap after
Heap after GC invocations=9 (full 1):
 PSYoungGen      total 40448K, used 9696K [0x00000007aab00000, 0x00000007ae300000, 0x00000007c0000000)
  eden space 30720K, 0% used [0x00000007aab00000,0x00000007aab00000,0x00000007ac900000)
  from space 9728K, 99% used [0x00000007ad400000,0x00000007add78010,0x00000007add80000)
  to   space 11264K, 0% used [0x00000007ac900000,0x00000007ac900000,0x00000007ad400000)
 ParOldGen       total 36352K, used 10442K [0x0000000780000000, 0x0000000782380000, 0x00000007aab00000)
  object space 36352K, 28% used [0x0000000780000000,0x0000000780a32a38,0x0000000782380000)
 Metaspace       used 33883K, capacity 35318K, committed 35416K, reserved 1079296K
  class space    used 4808K, capacity 5088K, committed 5120K, reserved 1048576K
}
Event: 41.819 GC heap before
{Heap before GC invocations=10 (full 2):
 PSYoungGen      total 40448K, used 9696K [0x00000007aab00000, 0x00000007ae300000, 0x00000007c0000000)
  eden space 30720K, 0% used [0x00000007aab00000,0x00000007aab00000,0x00000007ac900000)
  from space 9728K, 99% used [0x00000007ad400000,0x00000007add78010,0x00000007add80000)
  to   space 11264K, 0% used [0x00000007ac900000,0x00000007ac900000,0x00000007ad400000)
 ParOldGen       total 36352K, used 10442K [0x0000000780000000, 0x0000000782380000, 0x00000007aab00000)
  object space 36352K, 28% used [0x0000000780000000,0x0000000780a32a38,0x0000000782380000)
 Metaspace       used 33883K, capacity 35318K, committed 35416K, reserved 1079296K
  class space    used 4808K, capacity 5088K, committed 5120K, reserved 1048576K
Event: 42.030 GC heap after
Heap after GC invocations=10 (full 2):
 PSYoungGen      total 40448K, used 0K [0x00000007aab00000, 0x00000007ae300000, 0x00000007c0000000)
  eden space 30720K, 0% used [0x00000007aab00000,0x00000007aab00000,0x00000007ac900000)
  from space 9728K, 0% used [0x00000007ad400000,0x00000007ad400000,0x00000007add80000)
  to   space 11264K, 0% used [0x00000007ac900000,0x00000007ac900000,0x00000007ad400000)
 ParOldGen       total 61440K, used 18704K [0x0000000780000000, 0x0000000783c00000, 0x00000007aab00000)
  object space 61440K, 30% used [0x0000000780000000,0x00000007812441e0,0x0000000783c00000)
 Metaspace       used 33883K, capacity 35318K, committed 35416K, reserved 1079296K
  class space    used 4808K, capacity 5088K, committed 5120K, reserved 1048576K
}

Deoptimization events (10 events):
Event: 19.772 Thread 0x00007f952a20c800 Uncommon trap: reason=array_check action=maybe_recompile pc=0x000000011168f418 method=com.sun.javafx.css.CompoundSelector.applies(Ljavafx/css/Styleable;[Ljava/util/Set;I)Z @ 128
Event: 25.596 Thread 0x00007f952a20c800 Uncommon trap: reason=unstable_if action=reinterpret pc=0x00000001116fcc88 method=javafx.scene.Node.impl_intersectsBounds(Lcom/sun/javafx/geom/PickRay;)D @ 902
Event: 26.371 Thread 0x00007f952a20c800 Uncommon trap: reason=unstable_if action=reinterpret pc=0x00000001115fbcac method=javafx.scene.Parent.setChildDirty(Ljavafx/scene/Node;Z)V @ 22
Event: 29.846 Thread 0x00007f9529a42800 Uncommon trap: reason=unstable_if action=reinterpret pc=0x0000000111017750 method=com.sun.javafx.geom.transform.AffineBase.updateState2D()V @ 95
Event: 31.468 Thread 0x00007f952a20c800 Uncommon trap: reason=unstable_if action=reinterpret pc=0x0000000111430050 method=com.sun.javafx.css.SimpleSelector.applies(Ljavafx/css/Styleable;)Z @ 7
Event: 31.471 Thread 0x00007f952a20c800 Uncommon trap: reason=unstable_if action=reinterpret pc=0x0000000111325220 method=java.net.URL.<init>(Ljava/net/URL;Ljava/lang/String;Ljava/net/URLStreamHandler;)V @ 347
Event: 31.504 Thread 0x00007f952a20c800 Uncommon trap: reason=unstable_if action=reinterpret pc=0x00000001116fc370 method=javafx.beans.property.ObjectPropertyBase.isBound()Z @ 4
Event: 33.716 Thread 0x00007f952a20c800 Uncommon trap: reason=unstable_if action=reinterpret pc=0x00000001115d6000 method=com.sun.javafx.text.TextRun.getPosX(I)F @ 75
Event: 39.896 Thread 0x00007f9529c4f800 Uncommon trap: reason=unstable_if action=reinterpret pc=0x00000001119da2d4 method=java.util.HashMap.removeNode(ILjava/lang/Object;Ljava/lang/Object;ZZ)Ljava/util/HashMap$Node; @ 58
Event: 41.481 Thread 0x00007f9529c4f800 Uncommon trap: reason=unstable_if action=reinterpret pc=0x00000001117a85d4 method=java.lang.ref.SoftReference.get()Ljava/lang/Object; @ 6

Internal exceptions (10 events):
Event: 9.366 Thread 0x00007f952a20c800 Exception <a 'java/lang/ArrayIndexOutOfBoundsException'> (0x00000007ab683448) thrown at [/Users/java_re/workspace/8-2-build-macosx-x86_64/jdk8u40/3153/hotspot/src/share/vm/runtime/sharedRuntime.cpp, line 605]
Event: 9.366 Thread 0x00007f952a20c800 Exception <a 'java/lang/ArrayIndexOutOfBoundsException'> (0x00000007ab6847b0) thrown at [/Users/java_re/workspace/8-2-build-macosx-x86_64/jdk8u40/3153/hotspot/src/share/vm/runtime/sharedRuntime.cpp, line 605]
Event: 9.373 Thread 0x00007f952a20c800 Exception <a 'java/lang/ArrayIndexOutOfBoundsException'> (0x00000007ab69e2d8) thrown at [/Users/java_re/workspace/8-2-build-macosx-x86_64/jdk8u40/3153/hotspot/src/share/vm/runtime/sharedRuntime.cpp, line 605]
Event: 9.414 Thread 0x00007f952a20c800 Exception <a 'java/lang/ArrayIndexOutOfBoundsException'> (0x00000007ab774868) thrown at [/Users/java_re/workspace/8-2-build-macosx-x86_64/jdk8u40/3153/hotspot/src/share/vm/runtime/sharedRuntime.cpp, line 605]
Event: 9.685 Thread 0x00007f952a20c800 Implicit null exception at 0x0000000111254cf5 to 0x0000000111254f2d
Event: 9.685 Thread 0x00007f952a20c800 Implicit null exception at 0x00000001112963bb to 0x0000000111296851
Event: 39.923 Thread 0x00007f9529c4f800 Exception <a 'java/io/FileNotFoundException'> (0x00000007aabe5868) thrown at [/Users/java_re/workspace/8-2-build-macosx-x86_64/jdk8u40/3153/hotspot/src/share/vm/prims/jni.cpp, line 709]
Event: 39.923 Thread 0x00007f9529c4f800 Exception <a 'java/io/FileNotFoundException'> (0x00000007aabe6360) thrown at [/Users/java_re/workspace/8-2-build-macosx-x86_64/jdk8u40/3153/hotspot/src/share/vm/prims/jni.cpp, line 709]
Event: 42.032 Thread 0x00007f952985b000 Exception <a 'java/lang/NullPointerException'> (0x00000007aab4cd68) thrown at [/Users/java_re/workspace/8-2-build-macosx-x86_64/jdk8u40/3153/hotspot/src/share/vm/interpreter/linkResolver.cpp, line 1178]
Event: 42.032 Thread 0x00007f952985b000 Exception <a 'java/lang/NullPointerException'> (0x00000007aab4cf18) thrown at [/Users/java_re/workspace/8-2-build-macosx-x86_64/jdk8u40/3153/hotspot/src/share/vm/interpreter/linkResolver.cpp, line 1178]

Events (10 events):
Event: 61.773 loading class javafx/application/Application done
Event: 61.773 loading class javafx/application/Application
Event: 61.773 loading class javafx/application/Application done
Event: 61.780 loading class com/sun/javafx/tk/quantum/QuantumRenderer
Event: 61.780 loading class com/sun/javafx/tk/quantum/QuantumRenderer done
Event: 61.781 loading class com/sun/javafx/tk/quantum/QuantumToolkit
Event: 61.781 loading class com/sun/javafx/tk/quantum/QuantumToolkit done
Event: 61.782 Thread 0x00007f952a20c800 Thread exited: 0x00007f952a20c800
Event: 61.782 Thread 0x00007f9529a42800 Thread exited: 0x00007f9529a42800
Event: 61.783 Thread 0x00007f9529aef000 Thread exited: 0x00007f9529aef000


Dynamic libraries:
0x000000000a6ca000 	/System/Library/Frameworks/Cocoa.framework/Versions/A/Cocoa
0x000000000a6ca000 	/System/Library/Frameworks/Security.framework/Versions/A/Security
0x000000000a6ca000 	/System/Library/Frameworks/ApplicationServices.framework/Versions/A/ApplicationServices
0x000000000a6ca000 	/usr/lib/libz.1.dylib
0x000000000a6ca000 	/usr/lib/libSystem.B.dylib
0x000000000a6ca000 	/usr/lib/libobjc.A.dylib
0x000000000a6ca000 	/System/Library/Frameworks/CoreFoundation.framework/Versions/A/CoreFoundation
0x000000000a6ca000 	/System/Library/Frameworks/Foundation.framework/Versions/C/Foundation
0x000000000a6ca000 	/System/Library/Frameworks/AppKit.framework/Versions/C/AppKit
0x000000000a6ca000 	/System/Library/Frameworks/CoreData.framework/Versions/A/CoreData
0x000000000a6ca000 	/System/Library/PrivateFrameworks/RemoteViewServices.framework/Versions/A/RemoteViewServices
0x000000000a6ca000 	/System/Library/PrivateFrameworks/UIFoundation.framework/Versions/A/UIFoundation
0x000000000a6ca000 	/System/Library/Frameworks/IOSurface.framework/Versions/A/IOSurface
0x000000000a6ca000 	/System/Library/Frameworks/AudioToolbox.framework/Versions/A/AudioToolbox
0x000000000a6ca000 	/System/Library/Frameworks/AudioUnit.framework/Versions/A/AudioUnit
0x000000000a6ca000 	/System/Library/PrivateFrameworks/DataDetectorsCore.framework/Versions/A/DataDetectorsCore
0x000000000a6ca000 	/System/Library/PrivateFrameworks/DesktopServicesPriv.framework/Versions/A/DesktopServicesPriv
0x000000000a6ca000 	/System/Library/Frameworks/Carbon.framework/Versions/A/Frameworks/HIToolbox.framework/Versions/A/HIToolbox
0x000000000a6ca000 	/System/Library/Frameworks/QuartzCore.framework/Versions/A/QuartzCore
0x000000000a6ca000 	/System/Library/Frameworks/Carbon.framework/Versions/A/Frameworks/SpeechRecognition.framework/Versions/A/SpeechRecognition
0x000000000a6ca000 	/usr/lib/libauto.dylib
0x000000000a6ca000 	/usr/lib/libicucore.A.dylib
0x000000000a6ca000 	/usr/lib/libxml2.2.dylib
0x000000000a6ca000 	/System/Library/PrivateFrameworks/CoreUI.framework/Versions/A/CoreUI
0x000000000a6ca000 	/System/Library/Frameworks/CoreAudio.framework/Versions/A/CoreAudio
0x000000000a6ca000 	/System/Library/Frameworks/DiskArbitration.framework/Versions/A/DiskArbitration
0x000000000a6ca000 	/usr/lib/liblangid.dylib
0x000000000a6ca000 	/System/Library/PrivateFrameworks/MultitouchSupport.framework/Versions/A/MultitouchSupport
0x000000000a6ca000 	/System/Library/Frameworks/IOKit.framework/Versions/A/IOKit
0x000000000a6ca000 	/usr/lib/libDiagnosticMessagesClient.dylib
0x000000000a6ca000 	/System/Library/Frameworks/CoreServices.framework/Versions/A/CoreServices
0x000000000a6ca000 	/System/Library/PrivateFrameworks/PerformanceAnalysis.framework/Versions/A/PerformanceAnalysis
0x000000000a6ca000 	/System/Library/PrivateFrameworks/GenerationalStorage.framework/Versions/A/GenerationalStorage
0x000000000a6ca000 	/System/Library/Frameworks/OpenGL.framework/Versions/A/OpenGL
0x000000000a6ca000 	/System/Library/PrivateFrameworks/Sharing.framework/Versions/A/Sharing
0x000000000a6ca000 	/System/Library/Frameworks/CoreGraphics.framework/Versions/A/CoreGraphics
0x000000000a6ca000 	/System/Library/Frameworks/CoreText.framework/Versions/A/CoreText
0x000000000a6ca000 	/System/Library/Frameworks/ImageIO.framework/Versions/A/ImageIO
0x000000000a6ca000 	/usr/lib/libextension.dylib
0x000000000a6ca000 	/System/Library/PrivateFrameworks/Backup.framework/Versions/A/Backup
0x000000000a6ca000 	/usr/lib/libarchive.2.dylib
0x000000000a6ca000 	/System/Library/Frameworks/CFNetwork.framework/Versions/A/CFNetwork
0x000000000a6ca000 	/System/Library/Frameworks/SystemConfiguration.framework/Versions/A/SystemConfiguration
0x000000000a6ca000 	/usr/lib/libCRFSuite.dylib
0x000000000a6ca000 	/usr/lib/libc++.1.dylib
0x000000000a6ca000 	/usr/lib/libc++abi.dylib
0x000000000a6ca000 	/usr/lib/system/libcache.dylib
0x000000000a6ca000 	/usr/lib/system/libcommonCrypto.dylib
0x000000000a6ca000 	/usr/lib/system/libcompiler_rt.dylib
0x000000000a6ca000 	/usr/lib/system/libcopyfile.dylib
0x000000000a6ca000 	/usr/lib/system/libcorecrypto.dylib
0x000000000a6ca000 	/usr/lib/system/libdispatch.dylib
0x000000000a6ca000 	/usr/lib/system/libdyld.dylib
0x000000000a6ca000 	/usr/lib/system/libkeymgr.dylib
0x000000000a6ca000 	/usr/lib/system/liblaunch.dylib
0x000000000a6ca000 	/usr/lib/system/libmacho.dylib
0x000000000a6ca000 	/usr/lib/system/libquarantine.dylib
0x000000000a6ca000 	/usr/lib/system/libremovefile.dylib
0x000000000a6ca000 	/usr/lib/system/libsystem_asl.dylib
0x000000000a6ca000 	/usr/lib/system/libsystem_blocks.dylib
0x000000000a6ca000 	/usr/lib/system/libsystem_c.dylib
0x000000000a6ca000 	/usr/lib/system/libsystem_configuration.dylib
0x000000000a6ca000 	/usr/lib/system/libsystem_coreservices.dylib
0x000000000a6ca000 	/usr/lib/system/libsystem_coretls.dylib
0x000000000a6ca000 	/usr/lib/system/libsystem_dnssd.dylib
0x000000000a6ca000 	/usr/lib/system/libsystem_info.dylib
0x000000000a6ca000 	/usr/lib/system/libsystem_kernel.dylib
0x000000000a6ca000 	/usr/lib/system/libsystem_m.dylib
0x000000000a6ca000 	/usr/lib/system/libsystem_malloc.dylib
0x000000000a6ca000 	/usr/lib/system/libsystem_network.dylib
0x000000000a6ca000 	/usr/lib/system/libsystem_networkextension.dylib
0x000000000a6ca000 	/usr/lib/system/libsystem_notify.dylib
0x000000000a6ca000 	/usr/lib/system/libsystem_platform.dylib
0x000000000a6ca000 	/usr/lib/system/libsystem_pthread.dylib
0x000000000a6ca000 	/usr/lib/system/libsystem_sandbox.dylib
0x000000000a6ca000 	/usr/lib/system/libsystem_secinit.dylib
0x000000000a6ca000 	/usr/lib/system/libsystem_stats.dylib
0x000000000a6ca000 	/usr/lib/system/libsystem_trace.dylib
0x000000000a6ca000 	/usr/lib/system/libunc.dylib
0x000000000a6ca000 	/usr/lib/system/libunwind.dylib
0x000000000a6ca000 	/usr/lib/system/libxpc.dylib
0x000000000a6ca000 	/usr/lib/libbz2.1.0.dylib
0x000000000a6ca000 	/usr/lib/liblzma.5.dylib
0x000000000a6ca000 	/usr/lib/libbsm.0.dylib
0x000000000a6ca000 	/usr/lib/libsqlite3.dylib
0x000000000a6ca000 	/usr/lib/system/libkxld.dylib
0x000000000a6ca000 	/usr/lib/libxar.1.dylib
0x000000000a6ca000 	/usr/lib/libpam.2.dylib
0x000000000a6ca000 	/usr/lib/libOpenScriptingUtil.dylib
0x000000000a6ca000 	/System/Library/Frameworks/CoreServices.framework/Versions/A/Frameworks/FSEvents.framework/Versions/A/FSEvents
0x000000000a6ca000 	/System/Library/Frameworks/CoreServices.framework/Versions/A/Frameworks/CarbonCore.framework/Versions/A/CarbonCore
0x000000000a6ca000 	/System/Library/Frameworks/CoreServices.framework/Versions/A/Frameworks/Metadata.framework/Versions/A/Metadata
0x000000000a6ca000 	/System/Library/Frameworks/CoreServices.framework/Versions/A/Frameworks/OSServices.framework/Versions/A/OSServices
0x000000000a6ca000 	/System/Library/Frameworks/CoreServices.framework/Versions/A/Frameworks/SearchKit.framework/Versions/A/SearchKit
0x000000000a6ca000 	/System/Library/Frameworks/CoreServices.framework/Versions/A/Frameworks/AE.framework/Versions/A/AE
0x000000000a6ca000 	/System/Library/Frameworks/CoreServices.framework/Versions/A/Frameworks/LaunchServices.framework/Versions/A/LaunchServices
0x000000000a6ca000 	/System/Library/Frameworks/CoreServices.framework/Versions/A/Frameworks/DictionaryServices.framework/Versions/A/DictionaryServices
0x000000000a6ca000 	/System/Library/Frameworks/NetFS.framework/Versions/A/NetFS
0x000000000a6ca000 	/System/Library/PrivateFrameworks/NetAuth.framework/Versions/A/NetAuth
0x000000000a6ca000 	/System/Library/PrivateFrameworks/login.framework/Versions/A/Frameworks/loginsupport.framework/Versions/A/loginsupport
0x000000000a6ca000 	/System/Library/PrivateFrameworks/TCC.framework/Versions/A/TCC
0x000000000a6ca000 	/usr/lib/libmecabra.dylib
0x000000000a6ca000 	/System/Library/Frameworks/ApplicationServices.framework/Versions/A/Frameworks/ATS.framework/Versions/A/ATS
0x000000000a6ca000 	/System/Library/Frameworks/ApplicationServices.framework/Versions/A/Frameworks/ColorSync.framework/Versions/A/ColorSync
0x000000000a6ca000 	/System/Library/Frameworks/ApplicationServices.framework/Versions/A/Frameworks/HIServices.framework/Versions/A/HIServices
0x000000000a6ca000 	/System/Library/Frameworks/ApplicationServices.framework/Versions/A/Frameworks/LangAnalysis.framework/Versions/A/LangAnalysis
0x000000000a6ca000 	/System/Library/Frameworks/ApplicationServices.framework/Versions/A/Frameworks/PrintCore.framework/Versions/A/PrintCore
0x000000000a6ca000 	/System/Library/Frameworks/ApplicationServices.framework/Versions/A/Frameworks/QD.framework/Versions/A/QD
0x000000000a6ca000 	/System/Library/Frameworks/ApplicationServices.framework/Versions/A/Frameworks/SpeechSynthesis.framework/Versions/A/SpeechSynthesis
0x000000000a6ca000 	/System/Library/Frameworks/Accelerate.framework/Versions/A/Accelerate
0x000000000a6ca000 	/System/Library/Frameworks/Accelerate.framework/Versions/A/Frameworks/vImage.framework/Versions/A/vImage
0x000000000a6ca000 	/System/Library/Frameworks/Accelerate.framework/Versions/A/Frameworks/vecLib.framework/Versions/A/vecLib
0x000000000a6ca000 	/System/Library/Frameworks/Accelerate.framework/Versions/A/Frameworks/vecLib.framework/Versions/A/libvDSP.dylib
0x000000000a6ca000 	/System/Library/Frameworks/Accelerate.framework/Versions/A/Frameworks/vecLib.framework/Versions/A/libvMisc.dylib
0x000000000a6ca000 	/System/Library/Frameworks/Accelerate.framework/Versions/A/Frameworks/vecLib.framework/Versions/A/libLAPACK.dylib
0x000000000a6ca000 	/System/Library/Frameworks/Accelerate.framework/Versions/A/Frameworks/vecLib.framework/Versions/A/libBLAS.dylib
0x000000000a6ca000 	/System/Library/Frameworks/Accelerate.framework/Versions/A/Frameworks/vecLib.framework/Versions/A/libLinearAlgebra.dylib
0x000000000a6ca000 	/System/Library/Frameworks/ApplicationServices.framework/Versions/A/Frameworks/ATS.framework/Versions/A/Resources/libFontParser.dylib
0x000000000a6ca000 	/System/Library/Frameworks/ApplicationServices.framework/Versions/A/Frameworks/ATS.framework/Versions/A/Resources/libFontRegistry.dylib
0x000000000a6ca000 	/System/Library/PrivateFrameworks/AppleVPA.framework/Versions/A/AppleVPA
0x000000000a6ca000 	/System/Library/PrivateFrameworks/AppleJPEG.framework/Versions/A/AppleJPEG
0x000000000a6ca000 	/System/Library/Frameworks/ImageIO.framework/Versions/A/Resources/libJPEG.dylib
0x000000000a6ca000 	/System/Library/Frameworks/ImageIO.framework/Versions/A/Resources/libTIFF.dylib
0x000000000a6ca000 	/System/Library/Frameworks/ImageIO.framework/Versions/A/Resources/libPng.dylib
0x000000000a6ca000 	/System/Library/Frameworks/ImageIO.framework/Versions/A/Resources/libGIF.dylib
0x000000000a6ca000 	/System/Library/Frameworks/ImageIO.framework/Versions/A/Resources/libJP2.dylib
0x000000000a6ca000 	/System/Library/Frameworks/ImageIO.framework/Versions/A/Resources/libRadiance.dylib
0x000000000a6ca000 	/System/Library/Frameworks/CoreVideo.framework/Versions/A/CoreVideo
0x000000000a6ca000 	/System/Library/Frameworks/OpenGL.framework/Versions/A/Libraries/libGLU.dylib
0x000000000a6ca000 	/System/Library/Frameworks/OpenGL.framework/Versions/A/Libraries/libGFXShared.dylib
0x000000000a6ca000 	/System/Library/Frameworks/OpenGL.framework/Versions/A/Libraries/libGL.dylib
0x000000000a6ca000 	/System/Library/Frameworks/OpenGL.framework/Versions/A/Libraries/libGLImage.dylib
0x000000000a6ca000 	/System/Library/Frameworks/OpenGL.framework/Versions/A/Libraries/libCVMSPluginSupport.dylib
0x000000000a6ca000 	/System/Library/Frameworks/OpenGL.framework/Versions/A/Libraries/libCoreVMClient.dylib
0x000000000a6ca000 	/usr/lib/libcups.2.dylib
0x000000000a6ca000 	/System/Library/Frameworks/Kerberos.framework/Versions/A/Kerberos
0x000000000a6ca000 	/System/Library/Frameworks/GSS.framework/Versions/A/GSS
0x000000000a6ca000 	/usr/lib/libresolv.9.dylib
0x000000000a6ca000 	/usr/lib/libiconv.2.dylib
0x000000000a6ca000 	/System/Library/PrivateFrameworks/Heimdal.framework/Versions/A/Heimdal
0x000000000a6ca000 	/usr/lib/libheimdal-asn1.dylib
0x000000000a6ca000 	/System/Library/Frameworks/OpenDirectory.framework/Versions/A/OpenDirectory
0x000000000a6ca000 	/System/Library/PrivateFrameworks/CommonAuth.framework/Versions/A/CommonAuth
0x000000000a6ca000 	/System/Library/Frameworks/OpenDirectory.framework/Versions/A/Frameworks/CFOpenDirectory.framework/Versions/A/CFOpenDirectory
0x000000000a6ca000 	/System/Library/Frameworks/SecurityFoundation.framework/Versions/A/SecurityFoundation
0x000000000a6ca000 	/System/Library/PrivateFrameworks/LanguageModeling.framework/Versions/A/LanguageModeling
0x000000000a6ca000 	/usr/lib/libcmph.dylib
0x000000000a6ca000 	/System/Library/Frameworks/ServiceManagement.framework/Versions/A/ServiceManagement
0x000000000a6ca000 	/usr/lib/libxslt.1.dylib
0x000000000a6ca000 	/System/Library/Frameworks/Carbon.framework/Versions/A/Frameworks/Ink.framework/Versions/A/Ink
0x000000000a6ca000 	/System/Library/Frameworks/QuartzCore.framework/Versions/A/Frameworks/CoreImage.framework/Versions/A/CoreImage
0x000000000a6ca000 	/System/Library/PrivateFrameworks/CrashReporterSupport.framework/Versions/A/CrashReporterSupport
0x000000000a6ca000 	/System/Library/Frameworks/OpenCL.framework/Versions/A/OpenCL
0x000000000a6ca000 	/System/Library/PrivateFrameworks/FaceCore.framework/Versions/A/FaceCore
0x000000000a6ca000 	/System/Library/PrivateFrameworks/Ubiquity.framework/Versions/A/Ubiquity
0x000000000a6ca000 	/System/Library/PrivateFrameworks/IconServices.framework/Versions/A/IconServices
0x000000000a6ca000 	/System/Library/PrivateFrameworks/ChunkingLibrary.framework/Versions/A/ChunkingLibrary
0x000000000a6ca000 	/System/Library/PrivateFrameworks/Apple80211.framework/Versions/A/Apple80211
0x000000000a6ca000 	/System/Library/Frameworks/CoreWLAN.framework/Versions/A/CoreWLAN
0x000000000a6ca000 	/System/Library/Frameworks/IOBluetooth.framework/Versions/A/IOBluetooth
0x000000000a6ca000 	/System/Library/PrivateFrameworks/CoreWiFi.framework/Versions/A/CoreWiFi
0x000000000a6ca000 	/System/Library/Frameworks/CoreBluetooth.framework/Versions/A/CoreBluetooth
0x000000000a6ca000 	/System/Library/PrivateFrameworks/DebugSymbols.framework/Versions/A/DebugSymbols
0x000000000a6ca000 	/System/Library/PrivateFrameworks/CoreSymbolication.framework/Versions/A/CoreSymbolication
0x000000000a6ca000 	/System/Library/PrivateFrameworks/Symbolication.framework/Versions/A/Symbolication
0x000000000a6ca000 	/System/Library/PrivateFrameworks/SpeechRecognitionCore.framework/Versions/A/SpeechRecognitionCore
0x000000010f8fe000 	/Library/Java/JavaVirtualMachines/jdk1.8.0_40.jdk/Contents/Home/jre/lib/server/libjvm.dylib
0x000000000a6ca000 	/usr/lib/libstdc++.6.dylib
0x000000011096a000 	/Library/Java/JavaVirtualMachines/jdk1.8.0_40.jdk/Contents/Home/jre/lib/libverify.dylib
0x0000000110978000 	/Library/Java/JavaVirtualMachines/jdk1.8.0_40.jdk/Contents/Home/jre/lib/libjava.dylib
0x00000001109ce000 	/Library/Java/JavaVirtualMachines/jdk1.8.0_40.jdk/Contents/Home/jre/lib/libzip.dylib
0x00000001240b4000 	/System/Library/Frameworks/JavaVM.framework/Frameworks/JavaRuntimeSupport.framework/JavaRuntimeSupport
0x00000001240cc000 	/System/Library/Frameworks/JavaVM.framework/Versions/A/Frameworks/JavaNativeFoundation.framework/Versions/A/JavaNativeFoundation
0x00000001109ec000 	/System/Library/Frameworks/JavaVM.framework/Versions/A/JavaVM
0x000000000a6ca000 	/System/Library/Frameworks/Carbon.framework/Versions/A/Carbon
0x00000001240e1000 	/System/Library/PrivateFrameworks/JavaLaunching.framework/Versions/A/JavaLaunching
0x000000000a6ca000 	/System/Library/Frameworks/Carbon.framework/Versions/A/Frameworks/CommonPanels.framework/Versions/A/CommonPanels
0x000000000a6ca000 	/System/Library/Frameworks/Carbon.framework/Versions/A/Frameworks/Help.framework/Versions/A/Help
0x000000000a6ca000 	/System/Library/Frameworks/Carbon.framework/Versions/A/Frameworks/ImageCapture.framework/Versions/A/ImageCapture
0x000000000a6ca000 	/System/Library/Frameworks/Carbon.framework/Versions/A/Frameworks/OpenScripting.framework/Versions/A/OpenScripting
0x000000000a6ca000 	/System/Library/Frameworks/Carbon.framework/Versions/A/Frameworks/Print.framework/Versions/A/Print
0x000000000a6ca000 	/System/Library/Frameworks/Carbon.framework/Versions/A/Frameworks/SecurityHI.framework/Versions/A/SecurityHI
0x0000000125f48000 	/Library/Java/JavaVirtualMachines/jdk1.8.0_40.jdk/Contents/Home/jre/lib/libprism_es2.dylib
0x000000000a6ca000 	/System/Library/Frameworks/OpenGL.framework/Versions/A/Resources/GLEngine.bundle/GLEngine
0x000000000a6ca000 	/System/Library/Frameworks/OpenGL.framework/Versions/A/Libraries/libGLProgrammability.dylib
0x0000000000000000 	/System/Library/Extensions/GeForceTeslaGLDriver.bundle/Contents/MacOS/GeForceTeslaGLDriver
0x0000000125fc6000 	/System/Library/Extensions/GeForceTeslaGLDriver.bundle/Contents/MacOS/libclh.dylib
0x000000012680d000 	/System/Library/PrivateFrameworks/GPUSupport.framework/Versions/A/Libraries/libGPUSupport.dylib
0x000000000a6ca000 	/System/Library/Frameworks/OpenGL.framework/Versions/A/Resources/GLRendererFloat.bundle/GLRendererFloat
0x000000000a6ca000 	/System/Library/Frameworks/OpenCL.framework/Versions/A/Libraries/libcldcpuengine.dylib
0x000000000a6ca000 	/System/Library/PrivateFrameworks/DiskImages.framework/Versions/A/DiskImages
0x000000000a6ca000 	/System/Library/Frameworks/DiscRecording.framework/Versions/A/DiscRecording
0x000000000a6ca000 	/usr/lib/libcsfde.dylib
0x000000000a6ca000 	/usr/lib/libcurl.4.dylib
0x000000000a6ca000 	/System/Library/PrivateFrameworks/MediaKit.framework/Versions/A/MediaKit
0x000000000a6ca000 	/System/Library/PrivateFrameworks/ProtectedCloudStorage.framework/Versions/A/ProtectedCloudStorage
0x000000000a6ca000 	/usr/lib/libCoreStorage.dylib
0x000000000a6ca000 	/System/Library/PrivateFrameworks/EFILogin.framework/Versions/A/EFILogin
0x000000000a6ca000 	/usr/lib/libutil.dylib
0x000000000a6ca000 	/System/Library/PrivateFrameworks/FindMyDevice.framework/Versions/A/FindMyDevice
0x000000000a6ca000 	/System/Library/Frameworks/LDAP.framework/Versions/A/LDAP
0x000000000a6ca000 	/usr/lib/libsasl2.2.dylib
0x000000000a6ca000 	/System/Library/PrivateFrameworks/CoreDaemon.framework/Versions/B/CoreDaemon
0x000000000a6ca000 	/usr/lib/libcrypto.0.9.8.dylib
0x000000000a6ca000 	/System/Library/PrivateFrameworks/AppleSRP.framework/Versions/A/AppleSRP
0x000000000a6ca000 	/System/Library/PrivateFrameworks/TrustEvaluationAgent.framework/Versions/A/TrustEvaluationAgent
0x000000012695d000 	/Library/Java/JavaVirtualMachines/jdk1.8.0_40.jdk/Contents/Home/jre/lib/libglass.dylib
0x000000000a6ca000 	/System/Library/PrivateFrameworks/CoreServicesInternal.framework/Versions/A/CoreServicesInternal
0x000000000a6ca000 	/System/Library/PrivateFrameworks/CloudDocs.framework/Versions/A/CloudDocs
0x000000000a6ca000 	/System/Library/PrivateFrameworks/CoreDuet.framework/Versions/A/CoreDuet
0x000000000a6ca000 	/System/Library/Frameworks/CloudKit.framework/Versions/A/CloudKit
0x000000000a6ca000 	/System/Library/PrivateFrameworks/ProtocolBuffer.framework/Versions/A/ProtocolBuffer
0x000000000a6ca000 	/System/Library/PrivateFrameworks/CoreDuetDaemonProtocol.framework/Versions/A/CoreDuetDaemonProtocol
0x000000000a6ca000 	/System/Library/PrivateFrameworks/CoreDuetDebugLogging.framework/Versions/A/CoreDuetDebugLogging
0x000000000a6ca000 	/System/Library/Frameworks/CoreLocation.framework/Versions/A/CoreLocation
0x000000000a6ca000 	/System/Library/Frameworks/Accounts.framework/Versions/A/Accounts
0x000000000a6ca000 	/System/Library/PrivateFrameworks/ApplePushService.framework/Versions/A/ApplePushService
0x000000000a6ca000 	/System/Library/PrivateFrameworks/GeoServices.framework/Versions/A/GeoServices
0x000000000a6ca000 	/System/Library/PrivateFrameworks/OAuth.framework/Versions/A/OAuth
0x000000000a6ca000 	/System/Library/Frameworks/CoreGraphics.framework/Versions/A/Resources/libCGCMS.A.dylib
0x000000000a6ca000 	/System/Library/CoreServices/RawCamera.bundle/Contents/MacOS/RawCamera
0x000000000a6ca000 	/System/Library/Frameworks/CoreGraphics.framework/Versions/A/Resources/libRIP.A.dylib
0x000000000a6ca000 	/System/Library/PrivateFrameworks/FamilyControls.framework/Versions/A/FamilyControls
0x000000000a6ca000 	/System/Library/PrivateFrameworks/CommerceKit.framework/Versions/A/Frameworks/CommerceCore.framework/Versions/A/CommerceCore
0x000000000a6ca000 	/System/Library/PrivateFrameworks/SystemAdministration.framework/Versions/A/SystemAdministration
0x000000000a6ca000 	/System/Library/PrivateFrameworks/AppContainer.framework/Versions/A/AppContainer
0x000000000a6ca000 	/System/Library/PrivateFrameworks/SecCodeWrapper.framework/Versions/A/SecCodeWrapper
0x000000000a6ca000 	/System/Library/Frameworks/DirectoryService.framework/Versions/A/DirectoryService
0x000000000a6ca000 	/System/Library/PrivateFrameworks/LoginUIKit.framework/Versions/A/Frameworks/LoginUICore.framework/Versions/A/LoginUICore
0x000000000a6ca000 	/usr/lib/libodfde.dylib
0x000000000a6ca000 	/System/Library/Frameworks/CoreGraphics.framework/Versions/A/Resources/libCGXType.A.dylib
0x00000001282d5000 	cl_kernels
0x000000012b0e3000 	/System/Library/Frameworks/OpenCL.framework/Versions/A/Libraries/ImageFormats/unorm8_bgra.dylib
0x00000001282da000 	cl_kernels
0x000000012b8ef000 	/Library/Java/JavaVirtualMachines/jdk1.8.0_40.jdk/Contents/Home/jre/lib/libnet.dylib
0x00000001283e5000 	/Library/Java/JavaVirtualMachines/jdk1.8.0_40.jdk/Contents/Home/jre/lib/libnio.dylib
0x0000000128420000 	/Library/Java/JavaVirtualMachines/jdk1.8.0_40.jdk/Contents/Home/jre/lib/libsunec.dylib
0x00000001284ab000 	/Library/Java/JavaVirtualMachines/jdk1.8.0_40.jdk/Contents/Home/jre/lib/libjavafx_font.dylib
0x0000000128496000 	/Library/Java/JavaVirtualMachines/jdk1.8.0_40.jdk/Contents/Home/jre/lib/libprism_common.dylib
0x0000000131b05000 	/Library/Java/JavaVirtualMachines/jdk1.8.0_40.jdk/Contents/Home/jre/lib/libawt.dylib
0x0000000132202000 	/Library/Java/JavaVirtualMachines/jdk1.8.0_40.jdk/Contents/Home/jre/lib/./libmlib_image.dylib
0x00000001322ce000 	/Library/Java/JavaVirtualMachines/jdk1.8.0_40.jdk/Contents/Home/jre/lib/libawt_lwawt.dylib
0x0000000128464000 	/Library/Java/JavaVirtualMachines/jdk1.8.0_40.jdk/Contents/Home/jre/lib/./libosxapp.dylib
0x000000000a6ca000 	/System/Library/Frameworks/ExceptionHandling.framework/Versions/A/ExceptionHandling
0x000000012d63b000 	/Library/Java/JavaVirtualMachines/jdk1.8.0_40.jdk/Contents/Home/jre/lib/libfontmanager.dylib
0x0000000126b27000 	/Library/Java/JavaVirtualMachines/jdk1.8.0_40.jdk/Contents/Home/jre/lib/libosxui.dylib
0x000000000a6ca000 	/System/Library/Frameworks/Accelerate.framework/Versions/A/Frameworks/vImage.framework/Versions/A/Libraries/libCGInterfaces.dylib

VM Arguments:
jvm_args: -Dfile.encoding=UTF-8 
java_command: VIEW.View
java_class_path (initial): /Users/idinter/Desktop/workspace/SBOBETCLI/bin:/Users/idinter/Desktop/workspace/SBOBETCLI/selenium-java-2.45.0.jar:/Users/idinter/Desktop/workspace/SBOBETCLI/selenium-server-standalone-2.45.0.jar
Launcher Type: SUN_STANDARD

Environment Variables:
PATH=/usr/bin:/bin:/usr/sbin:/sbin
SHELL=/bin/bash
DISPLAY=/private/tmp/com.apple.launchd.rKGH6mEN3u/org.macosforge.xquartz:0

Signal Handlers:
SIGSEGV: [libjvm.dylib+0x58ef95], sa_mask[0]=11111111011111110111111111111111, sa_flags=SA_ONSTACK|SA_RESTART|SA_SIGINFO
SIGBUS: [libjvm.dylib+0x58ef95], sa_mask[0]=11111111011111110111111111111111, sa_flags=SA_RESTART|SA_SIGINFO
SIGFPE: [libjvm.dylib+0x46c118], sa_mask[0]=11111111011111110111111111111111, sa_flags=SA_RESTART|SA_SIGINFO
SIGPIPE: [libjvm.dylib+0x46c118], sa_mask[0]=11111111011111110111111111111111, sa_flags=SA_RESTART|SA_SIGINFO
SIGXFSZ: [libjvm.dylib+0x46c118], sa_mask[0]=11111111011111110111111111111111, sa_flags=SA_RESTART|SA_SIGINFO
SIGILL: [libjvm.dylib+0x46c118], sa_mask[0]=11111111011111110111111111111111, sa_flags=SA_RESTART|SA_SIGINFO
SIGUSR1: SIG_DFL, sa_mask[0]=00000000000000000000000000000000, sa_flags=none
SIGUSR2: [libjvm.dylib+0x46bc36], sa_mask[0]=00100000000000000000000000000000, sa_flags=SA_RESTART|SA_SIGINFO
SIGHUP: [libjvm.dylib+0x46a209], sa_mask[0]=11111111011111110111111111111111, sa_flags=SA_RESTART|SA_SIGINFO
SIGINT: [libjvm.dylib+0x46a209], sa_mask[0]=11111111011111110111111111111111, sa_flags=SA_RESTART|SA_SIGINFO
SIGTERM: [libjvm.dylib+0x46a209], sa_mask[0]=11111111011111110111111111111111, sa_flags=SA_RESTART|SA_SIGINFO
SIGQUIT: [libjvm.dylib+0x46a209], sa_mask[0]=11111111011111110111111111111111, sa_flags=SA_RESTART|SA_SIGINFO


---------------  S Y S T E M  ---------------

OS:Bsduname:Darwin 14.1.0 Darwin Kernel Version 14.1.0: Thu Feb 26 19:26:47 PST 2015; root:xnu-2782.10.73~1/RELEASE_X86_64 x86_64
rlimit: STACK 8192k, CORE 0k, NPROC 709, NOFILE 10240, AS infinity
load average:1.83 1.85 1.88

CPU:total 2 (2 cores per cpu, 1 threads per core) family 6 model 23 stepping 10, cmov, cx8, fxsr, mmx, sse, sse2, sse3, ssse3, sse4.1, tsc

Memory: 4k page, physical 4194304k(30304k free)

/proc/meminfo:


vm_info: Java HotSpot(TM) 64-Bit Server VM (25.40-b25) for bsd-amd64 JRE (1.8.0_40-b27), built on Mar 13 2015 04:46:52 by "java_re" with gcc 4.2.1 (Based on Apple Inc. build 5658) (LLVM build 2336.11.00)

time: Sat Jul 25 15:46:46 2015
elapsed time: 61 seconds (0d 0h 1m 1s)

