#
# A fatal error has been detected by the Java Runtime Environment:
#
#  SIGSEGV (0xb) at pc=0x0000000100921ae6, pid=932, tid=1811
#
# JRE version: Java(TM) SE Runtime Environment (8.0_40-b27) (build 1.8.0_40-b27)
# Java VM: Java HotSpot(TM) 64-Bit Server VM (25.40-b25 mixed mode bsd-amd64 compressed oops)
# Problematic frame:
# V  [libjvm.dylib+0x164ae6]
#
# Failed to write core dump. Core dumps have been disabled. To enable core dumping, try "ulimit -c unlimited" before starting Java again
#
# If you would like to submit a bug report, please visit:
#   http://bugreport.java.com/bugreport/crash.jsp
#

---------------  T H R E A D  ---------------

Current thread is native thread

siginfo: si_signo: 11 (SIGSEGV), si_code: 1 (SEGV_MAPERR), si_addr: 0x0000000000000270

Registers:
RAX=0x0000000000000000, RBX=0x0000000000000000, RCX=0x0000000100ac3475, RDX=0x00007ff1c8a869f8
RSP=0x00007fff5f53e0e0, RBP=0x00007fff5f53e0f0, RSI=0x0000000000000006, RDI=0x00007fff5f53e130
R8 =0x0000000000000117, R9 =0x0000000000000000, R10=0x00007ff1c85282d0, R11=0x0000000114f93b58
R12=0x00007ff1c8a869f8, R13=0x00007ff1cd21f280, R14=0x00007ff1c8a869f8, R15=0x0000000000000000
RIP=0x0000000100921ae6, EFLAGS=0x0000000000010246, ERR=0x0000000000000006
  TRAPNO=0x000000000000000e

Top of Stack: (sp=0x00007fff5f53e0e0)
0x00007fff5f53e0e0:   00007ff1cac04118 00007ff1c8a869f8
0x00007fff5f53e0f0:   00007fff5f53e150 0000000100ac34a5
0x00007fff5f53e100:   00007fff734bf070 0000000000000000
0x00007fff5f53e110:   00007ff1ccc3a800 00007ff1cd21f240
0x00007fff5f53e120:   00007fff5f53e150 0000000114fad769
0x00007fff5f53e130:   0000000000000000 00007ff1caaf4f00
0x00007fff5f53e140:   00007ff1ccc3a800 00007ff1cd21f240
0x00007fff5f53e150:   00007fff5f53e1b0 0000000123322a4f
0x00007fff5f53e160:   00007fff734bf070 0000000000000000
0x00007fff5f53e170:   40d0a34079c80c38 0000000000000004
0x00007fff5f53e180:   00007fff5f53e1b0 00007fff83dcd0c0
0x00007fff5f53e190:   0000000000000000 00007ff1cd21f280
0x00007fff5f53e1a0:   00007ff1cd21f240 0000000000000004
0x00007fff5f53e1b0:   00007fff5f53e220 00007fff83a11367
0x00007fff5f53e1c0:   00007fff5f53e200 00000001181ac2e0
0x00007fff5f53e1d0:   0000000000000000 00007ff1ccc3a800
0x00007fff5f53e1e0:   00007ff1cd21f240 0000000000000000
0x00007fff5f53e1f0:   40d0a34079c80c38 00007ff1cd21f240
0x00007fff5f53e200:   00007fff83dcd0c0 0000000000000018
0x00007fff5f53e210:   0000000000000004 0000000000000000
0x00007fff5f53e220:   00007fff5f53e2a0 00007fff83a10f31
0x00007fff5f53e230:   000186a5000003a4 3ff0000000000000
0x00007fff5f53e240:   4071700000000000 4062200000000000
0x00007fff5f53e250:   0000000000000000 0000000000000000
0x00007fff5f53e260:   4071700000000000 4062200000000000
0x00007fff5f53e270:   00000007c0014838 00007fff5f53e380
0x00007fff5f53e280:   0000000119400928 00007fff8dfb5f05
0x00007fff5f53e290:   0000000000000001 0000000119400880
0x00007fff5f53e2a0:   00007fff5f53f380 00007fff839c4381
0x00007fff5f53e2b0:   00007fff5f53f380 00007fff839c4243
0x00007fff5f53e2c0:   00007fff5f53f380 00007fff839c3cda
0x00007fff5f53e2d0:   0000000119400928 0000000119400928 

Instructions: (pc=0x0000000100921ae6)
0x0000000100921ac6:   0e 48 8b 0b 49 8b 56 18 48 63 c0 48 89 0c c2 5b
0x0000000100921ad6:   41 5e 5d c3 90 90 55 48 89 e5 41 56 53 48 8b 1f
0x0000000100921ae6:   c7 83 70 02 00 00 05 00 00 00 48 8d 05 41 d2 75
0x0000000100921af6:   00 8b 00 83 f8 01 41 89 f6 75 0c 48 8d 0d 8e 39 

Register to memory mapping:

RAX=0x0000000000000000 is an unknown value
RBX=0x0000000000000000 is an unknown value
RCX=0x0000000100ac3475: jni_NewLocalRef+0 in /Library/Java/JavaVirtualMachines/jdk1.8.0_40.jdk/Contents/Home/jre/lib/server/libjvm.dylib at 0x00000001007bd000
RDX=0x00007ff1c8a869f8 is an unknown value
RSP=0x00007fff5f53e0e0 is an unknown value
RBP=0x00007fff5f53e0f0 is an unknown value
RSI=0x0000000000000006 is an unknown value
RDI=0x00007fff5f53e130 is an unknown value
R8 =0x0000000000000117 is an unknown value
R9 =0x0000000000000000 is an unknown value
R10=0x00007ff1c85282d0 is an unknown value
R11=0x0000000114f93b58: OBJC_CLASS_$_JNFJObjectWrapper+0 in /System/Library/Frameworks/JavaVM.framework/Versions/A/Frameworks/JavaNativeFoundation.framework/Versions/A/JavaNativeFoundation at 0x0000000114f87000
R12=0x00007ff1c8a869f8 is an unknown value
R13=0x00007ff1cd21f280 is an unknown value
R14=0x00007ff1c8a869f8 is an unknown value
R15=0x0000000000000000 is an unknown value


Stack: [0x00007fff5ed42000,0x00007fff5f542000],  sp=0x00007fff5f53e0e0,  free space=8176k
Native frames: (J=compiled Java code, j=interpreted, Vv=VM code, C=native code)
V  [libjvm.dylib+0x164ae6]
V  [libjvm.dylib+0x3064a5]
C  [libawt_lwawt.dylib+0x19a4f]  -[CGLLayer drawInCGLContext:pixelFormat:forLayerTime:displayTime:]+0xee
C  [QuartzCore+0x61367]  _ZL17CAOpenGLLayerDrawP13CAOpenGLLayerdPK11CVTimeStampj+0x2b6
C  [QuartzCore+0x60f31]  -[CAOpenGLLayer _display]+0x183
C  [QuartzCore+0x14381]  _ZN2CA5Layer17display_if_neededEPNS_11TransactionE+0x25b
C  [QuartzCore+0x13abd]  _ZN2CA5Layer28layout_and_display_if_neededEPNS_11TransactionE+0x23
C  [QuartzCore+0x1324e]  _ZN2CA7Context18commit_transactionEPNS_11TransactionE+0xf2
C  [QuartzCore+0x12ea4]  _ZN2CA11Transaction6commitEv+0x186
C  [QuartzCore+0x23cad]  _ZN2CA11Transaction17observer_callbackEP19__CFRunLoopObservermPv+0x47
C  [CoreFoundation+0x7fda7]  __CFRUNLOOP_IS_CALLING_OUT_TO_AN_OBSERVER_CALLBACK_FUNCTION__+0x17
C  [CoreFoundation+0x7fd00]  __CFRunLoopDoObservers+0x170
C  [CoreFoundation+0x71f3a]  __CFRunLoopRun+0x49a
C  [CoreFoundation+0x71858]  CFRunLoopRunSpecific+0x128
C  [java+0x6490]  CreateExecutionEnvironment+0x367
C  [java+0x221c]  JLI_Launch+0x7a0
C  [java+0x84ed]  main+0x65
C  [java+0x1a74]  start+0x34


---------------  P R O C E S S  ---------------

VM state:not at safepoint (normal execution)

VM Mutex/Monitor currently owned by a thread: None

Heap:
 PSYoungGen      total 40448K, used 22953K [0x00000007aab00000, 0x00000007aec80000, 0x00000007c0000000)
  eden space 16896K, 40% used [0x00000007aab00000,0x00000007ab1c05f0,0x00000007abb80000)
  from space 23552K, 68% used [0x00000007ad380000,0x00000007ae32a030,0x00000007aea80000)
  to   space 24576K, 0% used [0x00000007abb80000,0x00000007abb80000,0x00000007ad380000)
 ParOldGen       total 35328K, used 23943K [0x0000000780000000, 0x0000000782280000, 0x00000007aab00000)
  object space 35328K, 67% used [0x0000000780000000,0x0000000781761db8,0x0000000782280000)
 Metaspace       used 29870K, capacity 31412K, committed 31616K, reserved 1077248K
  class space    used 4031K, capacity 4354K, committed 4480K, reserved 1048576K

Card table byte_map: [0x00000001110c3000,0x00000001112c4000] byte_map_base: 0x000000010d4c3000

Marking Bits: (ParMarkBitMap*) 0x000000010107f7a0
 Begin Bits: [0x0000000111620000, 0x0000000112620000)
 End Bits:   [0x0000000112620000, 0x0000000113620000)

Polling page: 0x0000000101780000

CodeCache: size=245760Kb used=16906Kb max_used=16906Kb free=228853Kb
 bounds [0x0000000101d03000, 0x0000000102da3000, 0x0000000110d03000]
 total_blobs=6068 nmethods=5220 adapters=761
 compilation: enabled

Compilation events (10 events):
Event: 603.623 Thread 0x00007ff1c883a800 nmethod 6215 0x0000000102d8e450 code [0x0000000102d8e620, 0x0000000102d8eaf8]
Event: 603.665 Thread 0x00007ff1c883a800 6216       3       java.util.concurrent.CountDownLatch::countDown (10 bytes)
Event: 603.665 Thread 0x00007ff1c883a800 nmethod 6216 0x0000000102d8de90 code [0x0000000102d8e020, 0x0000000102d8e318]
Event: 603.665 Thread 0x00007ff1c883a800 6217       3       java.util.concurrent.CountDownLatch$Sync::tryReleaseShared (37 bytes)
Event: 603.665 Thread 0x00007ff1c883a800 nmethod 6217 0x0000000102d8d7d0 code [0x0000000102d8d960, 0x0000000102d8dd90]
Event: 603.665 Thread 0x00007ff1c883a800 6218       3       java.util.concurrent.locks.AbstractQueuedSynchronizer::<init> (5 bytes)
Event: 603.665 Thread 0x00007ff1c883a800 nmethod 6218 0x0000000102d93210 code [0x0000000102d93380, 0x0000000102d93590]
Event: 603.665 Thread 0x00007ff1c883a800 6219       3       java.util.concurrent.locks.AbstractOwnableSynchronizer::<init> (5 bytes)
Event: 603.666 Thread 0x00007ff1c883a800 nmethod 6219 0x0000000102d92e50 code [0x0000000102d92fc0, 0x0000000102d93170]
Event: 603.672 Thread 0x00007ff1c883a800 6221       3       java.util.concurrent.ThreadPoolExecutor::runStateAtLeast (11 bytes)

GC Heap History (10 events):
Event: 259.494 GC heap before
{Heap before GC invocations=11 (full 1):
 PSYoungGen      total 34816K, used 34816K [0x00000007aab00000, 0x00000007ae080000, 0x00000007c0000000)
  eden space 22016K, 100% used [0x00000007aab00000,0x00000007ac080000,0x00000007ac080000)
  from space 12800K, 100% used [0x00000007ac100000,0x00000007acd80000,0x00000007acd80000)
  to   space 16384K, 0% used [0x00000007ad080000,0x00000007ad080000,0x00000007ae080000)
 ParOldGen       total 35328K, used 23927K [0x0000000780000000, 0x0000000782280000, 0x00000007aab00000)
  object space 35328K, 67% used [0x0000000780000000,0x000000078175ddb8,0x0000000782280000)
 Metaspace       used 29383K, capacity 30900K, committed 31232K, reserved 1077248K
  class space    used 4007K, capacity 4302K, committed 4352K, reserved 1048576K
Event: 259.519 GC heap after
Heap after GC invocations=11 (full 1):
 PSYoungGen      total 35840K, used 15960K [0x00000007aab00000, 0x00000007ae500000, 0x00000007c0000000)
  eden space 19456K, 0% used [0x00000007aab00000,0x00000007aab00000,0x00000007abe00000)
  from space 16384K, 97% used [0x00000007ad080000,0x00000007ae016010,0x00000007ae080000)
  to   space 18944K, 0% used [0x00000007abe00000,0x00000007abe00000,0x00000007ad080000)
 ParOldGen       total 35328K, used 23927K [0x0000000780000000, 0x0000000782280000, 0x00000007aab00000)
  object space 35328K, 67% used [0x0000000780000000,0x000000078175ddb8,0x0000000782280000)
 Metaspace       used 29383K, capacity 30900K, committed 31232K, reserved 1077248K
  class space    used 4007K, capacity 4302K, committed 4352K, reserved 1048576K
}
Event: 312.741 GC heap before
{Heap before GC invocations=12 (full 1):
 PSYoungGen      total 35840K, used 35416K [0x00000007aab00000, 0x00000007ae500000, 0x00000007c0000000)
  eden space 19456K, 100% used [0x00000007aab00000,0x00000007abe00000,0x00000007abe00000)
  from space 16384K, 97% used [0x00000007ad080000,0x00000007ae016010,0x00000007ae080000)
  to   space 18944K, 0% used [0x00000007abe00000,0x00000007abe00000,0x00000007ad080000)
 ParOldGen       total 35328K, used 23927K [0x0000000780000000, 0x0000000782280000, 0x00000007aab00000)
  object space 35328K, 67% used [0x0000000780000000,0x000000078175ddb8,0x0000000782280000)
 Metaspace       used 29406K, capacity 30900K, committed 31232K, reserved 1077248K
  class space    used 4007K, capacity 4302K, committed 4352K, reserved 1048576K
Event: 312.765 GC heap after
Heap after GC invocations=12 (full 1):
 PSYoungGen      total 38400K, used 16184K [0x00000007aab00000, 0x00000007ae700000, 0x00000007c0000000)
  eden space 19456K, 0% used [0x00000007aab00000,0x00000007aab00000,0x00000007abe00000)
  from space 18944K, 85% used [0x00000007abe00000,0x00000007acdce010,0x00000007ad080000)
  to   space 20992K, 0% used [0x00000007ad280000,0x00000007ad280000,0x00000007ae700000)
 ParOldGen       total 35328K, used 23927K [0x0000000780000000, 0x0000000782280000, 0x00000007aab00000)
  object space 35328K, 67% used [0x0000000780000000,0x000000078175ddb8,0x0000000782280000)
 Metaspace       used 29406K, capacity 30900K, committed 31232K, reserved 1077248K
  class space    used 4007K, capacity 4302K, committed 4352K, reserved 1048576K
}
Event: 405.062 GC heap before
{Heap before GC invocations=13 (full 1):
 PSYoungGen      total 38400K, used 35640K [0x00000007aab00000, 0x00000007ae700000, 0x00000007c0000000)
  eden space 19456K, 100% used [0x00000007aab00000,0x00000007abe00000,0x00000007abe00000)
  from space 18944K, 85% used [0x00000007abe00000,0x00000007acdce010,0x00000007ad080000)
  to   space 20992K, 0% used [0x00000007ad280000,0x00000007ad280000,0x00000007ae700000)
 ParOldGen       total 35328K, used 23927K [0x0000000780000000, 0x0000000782280000, 0x00000007aab00000)
  object space 35328K, 67% used [0x0000000780000000,0x000000078175ddb8,0x0000000782280000)
 Metaspace       used 29602K, capacity 31104K, committed 31232K, reserved 1077248K
  class space    used 4015K, capacity 4304K, committed 4352K, reserved 1048576K
Event: 405.105 GC heap after
Heap after GC invocations=13 (full 1):
 PSYoungGen      total 38912K, used 16696K [0x00000007aab00000, 0x00000007aea00000, 0x00000007c0000000)
  eden space 17920K, 0% used [0x00000007aab00000,0x00000007aab00000,0x00000007abc80000)
  from space 20992K, 79% used [0x00000007ad280000,0x00000007ae2ce050,0x00000007ae700000)
  to   space 22528K, 0% used [0x00000007abc80000,0x00000007abc80000,0x00000007ad280000)
 ParOldGen       total 35328K, used 23935K [0x0000000780000000, 0x0000000782280000, 0x00000007aab00000)
  object space 35328K, 67% used [0x0000000780000000,0x000000078175fdb8,0x0000000782280000)
 Metaspace       used 29602K, capacity 31104K, committed 31232K, reserved 1077248K
  class space    used 4015K, capacity 4304K, committed 4352K, reserved 1048576K
}
Event: 509.756 GC heap before
{Heap before GC invocations=14 (full 1):
 PSYoungGen      total 38912K, used 34606K [0x00000007aab00000, 0x00000007aea00000, 0x00000007c0000000)
  eden space 17920K, 99% used [0x00000007aab00000,0x00000007abc7da20,0x00000007abc80000)
  from space 20992K, 79% used [0x00000007ad280000,0x00000007ae2ce050,0x00000007ae700000)
  to   space 22528K, 0% used [0x00000007abc80000,0x00000007abc80000,0x00000007ad280000)
 ParOldGen       total 35328K, used 23935K [0x0000000780000000, 0x0000000782280000, 0x00000007aab00000)
  object space 35328K, 67% used [0x0000000780000000,0x000000078175fdb8,0x0000000782280000)
 Metaspace       used 29702K, capacity 31224K, committed 31488K, reserved 1077248K
  class space    used 4023K, capacity 4342K, committed 4352K, reserved 1048576K
Event: 509.781 GC heap after
Heap after GC invocations=14 (full 1):
 PSYoungGen      total 40448K, used 15856K [0x00000007aab00000, 0x00000007aea80000, 0x00000007c0000000)
  eden space 17920K, 0% used [0x00000007aab00000,0x00000007aab00000,0x00000007abc80000)
  from space 22528K, 70% used [0x00000007abc80000,0x00000007acbfc020,0x00000007ad280000)
  to   space 23552K, 0% used [0x00000007ad380000,0x00000007ad380000,0x00000007aea80000)
 ParOldGen       total 35328K, used 23935K [0x0000000780000000, 0x0000000782280000, 0x00000007aab00000)
  object space 35328K, 67% used [0x0000000780000000,0x000000078175fdb8,0x0000000782280000)
 Metaspace       used 29702K, capacity 31224K, committed 31488K, reserved 1077248K
  class space    used 4023K, capacity 4342K, committed 4352K, reserved 1048576K
}
Event: 597.811 GC heap before
{Heap before GC invocations=15 (full 1):
 PSYoungGen      total 40448K, used 33776K [0x00000007aab00000, 0x00000007aea80000, 0x00000007c0000000)
  eden space 17920K, 100% used [0x00000007aab00000,0x00000007abc80000,0x00000007abc80000)
  from space 22528K, 70% used [0x00000007abc80000,0x00000007acbfc020,0x00000007ad280000)
  to   space 23552K, 0% used [0x00000007ad380000,0x00000007ad380000,0x00000007aea80000)
 ParOldGen       total 35328K, used 23935K [0x0000000780000000, 0x0000000782280000, 0x00000007aab00000)
  object space 35328K, 67% used [0x0000000780000000,0x000000078175fdb8,0x0000000782280000)
 Metaspace       used 29814K, capacity 31312K, committed 31488K, reserved 1077248K
  class space    used 4026K, capacity 4346K, committed 4352K, reserved 1048576K
Event: 597.838 GC heap after
Heap after GC invocations=15 (full 1):
 PSYoungGen      total 40448K, used 16040K [0x00000007aab00000, 0x00000007aec80000, 0x00000007c0000000)
  eden space 16896K, 0% used [0x00000007aab00000,0x00000007aab00000,0x00000007abb80000)
  from space 23552K, 68% used [0x00000007ad380000,0x00000007ae32a030,0x00000007aea80000)
  to   space 24576K, 0% used [0x00000007abb80000,0x00000007abb80000,0x00000007ad380000)
 ParOldGen       total 35328K, used 23943K [0x0000000780000000, 0x0000000782280000, 0x00000007aab00000)
  object space 35328K, 67% used [0x0000000780000000,0x0000000781761db8,0x0000000782280000)
 Metaspace       used 29814K, capacity 31312K, committed 31488K, reserved 1077248K
  class space    used 4026K, capacity 4346K, committed 4352K, reserved 1048576K
}

Deoptimization events (10 events):
Event: 70.499 Thread 0x00007ff1c8d4a000 Uncommon trap: reason=bimorphic action=maybe_recompile pc=0x000000010220ceb0 method=java.util.HashMap.putVal(ILjava/lang/Object;Ljava/lang/Object;ZZ)Ljava/lang/Object; @ 203
Event: 71.277 Thread 0x00007ff1c8d4a000 Uncommon trap: reason=unstable_if action=reinterpret pc=0x000000010225efd4 method=java.lang.ref.SoftReference.get()Ljava/lang/Object; @ 6
Event: 71.430 Thread 0x00007ff1c8d4a000 Uncommon trap: reason=unstable_if action=reinterpret pc=0x0000000101faaad8 method=java.lang.AbstractStringBuilder.append(Ljava/lang/String;)Ljava/lang/AbstractStringBuilder; @ 1
Event: 71.431 Thread 0x00007ff1c8d4a000 Uncommon trap: reason=unstable_if action=reinterpret pc=0x0000000101f5fb0c method=java.lang.AbstractStringBuilder.append(Ljava/lang/String;)Ljava/lang/AbstractStringBuilder; @ 1
Event: 74.301 Thread 0x00007ff1cc4e2000 Uncommon trap: reason=unstable_if action=reinterpret pc=0x0000000102a5efc0 method=java.util.WeakHashMap.put(Ljava/lang/Object;Ljava/lang/Object;)Ljava/lang/Object; @ 47
Event: 334.561 Thread 0x00007ff1cc4e2000 Uncommon trap: reason=class_check action=maybe_recompile pc=0x0000000102c15594 method=sun.awt.image.MultiResolutionCachedImage.getResolutionVariant(II)Ljava/awt/Image; @ 41
Event: 334.565 Thread 0x00007ff1cc4e2000 Uncommon trap: reason=class_check action=maybe_recompile pc=0x0000000102bedfa4 method=sun.awt.image.MultiResolutionCachedImage.getResolutionVariant(II)Ljava/awt/Image; @ 41
Event: 334.568 Thread 0x00007ff1cc4e2000 Uncommon trap: reason=unstable_if action=reinterpret pc=0x0000000102c1a1c0 method=sun.java2d.loops.RenderCache$Entry.matches(Lsun/java2d/loops/SurfaceType;Lsun/java2d/loops/CompositeType;Lsun/java2d/loops/SurfaceType;)Z @ 13
Event: 405.107 Thread 0x00007ff1c8826800 Uncommon trap: reason=unstable_if action=reinterpret pc=0x0000000102bed300 method=java.util.concurrent.locks.AbstractQueuedSynchronizer.acquireQueued(Ljava/util/concurrent/locks/AbstractQueuedSynchronizer$Node;I)Z @ 17
Event: 492.448 Thread 0x00007ff1cc4e2000 Uncommon trap: reason=unstable_if action=reinterpret pc=0x0000000102ae38f4 method=com.apple.laf.AquaRootPaneUI$DefaultButtonPainter.actionPerformed(Ljava/awt/event/ActionEvent;)V @ 16

Internal exceptions (10 events):
Event: 10.867 Thread 0x00007ff1c8a86800 Implicit null exception at 0x000000010220479d to 0x0000000102204be9
Event: 11.935 Thread 0x00007ff1c8a86800 Implicit null exception at 0x00000001022dbb90 to 0x00000001022dc115
Event: 42.361 Thread 0x00007ff1c8a86800 Implicit null exception at 0x000000010287f727 to 0x0000000102882a49
Event: 67.430 Thread 0x00007ff1c8d4a000 Implicit null exception at 0x00000001025423c8 to 0x0000000102542491
Event: 68.123 Thread 0x00007ff1c8d4a000 Exception <a 'java/io/FileNotFoundException'> (0x00000007abecaae0) thrown at [/Users/java_re/workspace/8-2-build-macosx-x86_64/jdk8u40/3153/hotspot/src/share/vm/prims/jni.cpp, line 709]
Event: 68.123 Thread 0x00007ff1c8d4a000 Exception <a 'java/io/FileNotFoundException'> (0x00000007abecb5a8) thrown at [/Users/java_re/workspace/8-2-build-macosx-x86_64/jdk8u40/3153/hotspot/src/share/vm/prims/jni.cpp, line 709]
Event: 71.430 Thread 0x00007ff1c8d4a000 Implicit null exception at 0x0000000101faa775 to 0x0000000101faaac5
Event: 71.431 Thread 0x00007ff1c8d4a000 Implicit null exception at 0x0000000101f5f7b5 to 0x0000000101f5faf9
Event: 72.500 Thread 0x00007ff1c8826800 Exception <a 'java/lang/NullPointerException'> (0x00000007aac0efe0) thrown at [/Users/java_re/workspace/8-2-build-macosx-x86_64/jdk8u40/3153/hotspot/src/share/vm/interpreter/linkResolver.cpp, line 1178]
Event: 72.500 Thread 0x00007ff1c8826800 Exception <a 'java/lang/NullPointerException'> (0x00000007aac0f190) thrown at [/Users/java_re/workspace/8-2-build-macosx-x86_64/jdk8u40/3153/hotspot/src/share/vm/interpreter/linkResolver.cpp, line 1178]

Events (10 events):
Event: 603.665 loading class javafx/application/Application done
Event: 603.669 loading class com/sun/javafx/tk/quantum/QuantumRenderer
Event: 603.669 loading class com/sun/javafx/tk/quantum/QuantumRenderer done
Event: 603.670 loading class com/sun/javafx/tk/quantum/QuantumToolkit
Event: 603.670 loading class com/sun/javafx/tk/quantum/QuantumToolkit done
Event: 603.671 Thread 0x00007ff1c8a86800 Thread exited: 0x00007ff1c8a86800
Event: 603.671 Thread 0x00007ff1c9196000 Thread exited: 0x00007ff1c9196000
Event: 603.671 Thread 0x00007ff1c8b16000 Thread exited: 0x00007ff1c8b16000
Event: 603.672 Thread 0x00007ff1c880d000 Thread exited: 0x00007ff1c880d000
Event: 603.672 Thread 0x00007ff1c9196000 Thread added: 0x00007ff1c9196000


Dynamic libraries:
0x000000000339b000 	/System/Library/Frameworks/Cocoa.framework/Versions/A/Cocoa
0x000000000339b000 	/System/Library/Frameworks/Security.framework/Versions/A/Security
0x000000000339b000 	/System/Library/Frameworks/ApplicationServices.framework/Versions/A/ApplicationServices
0x000000000339b000 	/usr/lib/libz.1.dylib
0x000000000339b000 	/usr/lib/libSystem.B.dylib
0x000000000339b000 	/usr/lib/libobjc.A.dylib
0x000000000339b000 	/System/Library/Frameworks/CoreFoundation.framework/Versions/A/CoreFoundation
0x000000000339b000 	/System/Library/Frameworks/Foundation.framework/Versions/C/Foundation
0x000000000339b000 	/System/Library/Frameworks/AppKit.framework/Versions/C/AppKit
0x000000000339b000 	/System/Library/Frameworks/CoreData.framework/Versions/A/CoreData
0x000000000339b000 	/System/Library/PrivateFrameworks/RemoteViewServices.framework/Versions/A/RemoteViewServices
0x000000000339b000 	/System/Library/PrivateFrameworks/UIFoundation.framework/Versions/A/UIFoundation
0x000000000339b000 	/System/Library/Frameworks/IOSurface.framework/Versions/A/IOSurface
0x000000000339b000 	/System/Library/Frameworks/AudioToolbox.framework/Versions/A/AudioToolbox
0x000000000339b000 	/System/Library/Frameworks/AudioUnit.framework/Versions/A/AudioUnit
0x000000000339b000 	/System/Library/PrivateFrameworks/DataDetectorsCore.framework/Versions/A/DataDetectorsCore
0x000000000339b000 	/System/Library/PrivateFrameworks/DesktopServicesPriv.framework/Versions/A/DesktopServicesPriv
0x000000000339b000 	/System/Library/Frameworks/Carbon.framework/Versions/A/Frameworks/HIToolbox.framework/Versions/A/HIToolbox
0x000000000339b000 	/System/Library/Frameworks/QuartzCore.framework/Versions/A/QuartzCore
0x000000000339b000 	/System/Library/Frameworks/Carbon.framework/Versions/A/Frameworks/SpeechRecognition.framework/Versions/A/SpeechRecognition
0x000000000339b000 	/usr/lib/libauto.dylib
0x000000000339b000 	/usr/lib/libicucore.A.dylib
0x000000000339b000 	/usr/lib/libxml2.2.dylib
0x000000000339b000 	/System/Library/PrivateFrameworks/CoreUI.framework/Versions/A/CoreUI
0x000000000339b000 	/System/Library/Frameworks/CoreAudio.framework/Versions/A/CoreAudio
0x000000000339b000 	/System/Library/Frameworks/DiskArbitration.framework/Versions/A/DiskArbitration
0x000000000339b000 	/usr/lib/liblangid.dylib
0x000000000339b000 	/System/Library/PrivateFrameworks/MultitouchSupport.framework/Versions/A/MultitouchSupport
0x000000000339b000 	/System/Library/Frameworks/IOKit.framework/Versions/A/IOKit
0x000000000339b000 	/usr/lib/libDiagnosticMessagesClient.dylib
0x000000000339b000 	/System/Library/Frameworks/CoreServices.framework/Versions/A/CoreServices
0x000000000339b000 	/System/Library/PrivateFrameworks/PerformanceAnalysis.framework/Versions/A/PerformanceAnalysis
0x000000000339b000 	/System/Library/PrivateFrameworks/GenerationalStorage.framework/Versions/A/GenerationalStorage
0x000000000339b000 	/System/Library/Frameworks/OpenGL.framework/Versions/A/OpenGL
0x000000000339b000 	/System/Library/PrivateFrameworks/Sharing.framework/Versions/A/Sharing
0x000000000339b000 	/System/Library/Frameworks/CoreGraphics.framework/Versions/A/CoreGraphics
0x000000000339b000 	/System/Library/Frameworks/CoreText.framework/Versions/A/CoreText
0x000000000339b000 	/System/Library/Frameworks/ImageIO.framework/Versions/A/ImageIO
0x000000000339b000 	/usr/lib/libextension.dylib
0x000000000339b000 	/System/Library/PrivateFrameworks/Backup.framework/Versions/A/Backup
0x000000000339b000 	/usr/lib/libarchive.2.dylib
0x000000000339b000 	/System/Library/Frameworks/CFNetwork.framework/Versions/A/CFNetwork
0x000000000339b000 	/System/Library/Frameworks/SystemConfiguration.framework/Versions/A/SystemConfiguration
0x000000000339b000 	/usr/lib/libCRFSuite.dylib
0x000000000339b000 	/usr/lib/libc++.1.dylib
0x000000000339b000 	/usr/lib/libc++abi.dylib
0x000000000339b000 	/usr/lib/system/libcache.dylib
0x000000000339b000 	/usr/lib/system/libcommonCrypto.dylib
0x000000000339b000 	/usr/lib/system/libcompiler_rt.dylib
0x000000000339b000 	/usr/lib/system/libcopyfile.dylib
0x000000000339b000 	/usr/lib/system/libcorecrypto.dylib
0x000000000339b000 	/usr/lib/system/libdispatch.dylib
0x000000000339b000 	/usr/lib/system/libdyld.dylib
0x000000000339b000 	/usr/lib/system/libkeymgr.dylib
0x000000000339b000 	/usr/lib/system/liblaunch.dylib
0x000000000339b000 	/usr/lib/system/libmacho.dylib
0x000000000339b000 	/usr/lib/system/libquarantine.dylib
0x000000000339b000 	/usr/lib/system/libremovefile.dylib
0x000000000339b000 	/usr/lib/system/libsystem_asl.dylib
0x000000000339b000 	/usr/lib/system/libsystem_blocks.dylib
0x000000000339b000 	/usr/lib/system/libsystem_c.dylib
0x000000000339b000 	/usr/lib/system/libsystem_configuration.dylib
0x000000000339b000 	/usr/lib/system/libsystem_coreservices.dylib
0x000000000339b000 	/usr/lib/system/libsystem_coretls.dylib
0x000000000339b000 	/usr/lib/system/libsystem_dnssd.dylib
0x000000000339b000 	/usr/lib/system/libsystem_info.dylib
0x000000000339b000 	/usr/lib/system/libsystem_kernel.dylib
0x000000000339b000 	/usr/lib/system/libsystem_m.dylib
0x000000000339b000 	/usr/lib/system/libsystem_malloc.dylib
0x000000000339b000 	/usr/lib/system/libsystem_network.dylib
0x000000000339b000 	/usr/lib/system/libsystem_networkextension.dylib
0x000000000339b000 	/usr/lib/system/libsystem_notify.dylib
0x000000000339b000 	/usr/lib/system/libsystem_platform.dylib
0x000000000339b000 	/usr/lib/system/libsystem_pthread.dylib
0x000000000339b000 	/usr/lib/system/libsystem_sandbox.dylib
0x000000000339b000 	/usr/lib/system/libsystem_secinit.dylib
0x000000000339b000 	/usr/lib/system/libsystem_stats.dylib
0x000000000339b000 	/usr/lib/system/libsystem_trace.dylib
0x000000000339b000 	/usr/lib/system/libunc.dylib
0x000000000339b000 	/usr/lib/system/libunwind.dylib
0x000000000339b000 	/usr/lib/system/libxpc.dylib
0x000000000339b000 	/usr/lib/libbz2.1.0.dylib
0x000000000339b000 	/usr/lib/liblzma.5.dylib
0x000000000339b000 	/usr/lib/libbsm.0.dylib
0x000000000339b000 	/usr/lib/libsqlite3.dylib
0x000000000339b000 	/usr/lib/system/libkxld.dylib
0x000000000339b000 	/usr/lib/libxar.1.dylib
0x000000000339b000 	/usr/lib/libpam.2.dylib
0x000000000339b000 	/usr/lib/libOpenScriptingUtil.dylib
0x000000000339b000 	/System/Library/Frameworks/CoreServices.framework/Versions/A/Frameworks/FSEvents.framework/Versions/A/FSEvents
0x000000000339b000 	/System/Library/Frameworks/CoreServices.framework/Versions/A/Frameworks/CarbonCore.framework/Versions/A/CarbonCore
0x000000000339b000 	/System/Library/Frameworks/CoreServices.framework/Versions/A/Frameworks/Metadata.framework/Versions/A/Metadata
0x000000000339b000 	/System/Library/Frameworks/CoreServices.framework/Versions/A/Frameworks/OSServices.framework/Versions/A/OSServices
0x000000000339b000 	/System/Library/Frameworks/CoreServices.framework/Versions/A/Frameworks/SearchKit.framework/Versions/A/SearchKit
0x000000000339b000 	/System/Library/Frameworks/CoreServices.framework/Versions/A/Frameworks/AE.framework/Versions/A/AE
0x000000000339b000 	/System/Library/Frameworks/CoreServices.framework/Versions/A/Frameworks/LaunchServices.framework/Versions/A/LaunchServices
0x000000000339b000 	/System/Library/Frameworks/CoreServices.framework/Versions/A/Frameworks/DictionaryServices.framework/Versions/A/DictionaryServices
0x000000000339b000 	/System/Library/Frameworks/NetFS.framework/Versions/A/NetFS
0x000000000339b000 	/System/Library/PrivateFrameworks/NetAuth.framework/Versions/A/NetAuth
0x000000000339b000 	/System/Library/PrivateFrameworks/login.framework/Versions/A/Frameworks/loginsupport.framework/Versions/A/loginsupport
0x000000000339b000 	/System/Library/PrivateFrameworks/TCC.framework/Versions/A/TCC
0x000000000339b000 	/usr/lib/libmecabra.dylib
0x000000000339b000 	/System/Library/Frameworks/ApplicationServices.framework/Versions/A/Frameworks/ATS.framework/Versions/A/ATS
0x000000000339b000 	/System/Library/Frameworks/ApplicationServices.framework/Versions/A/Frameworks/ColorSync.framework/Versions/A/ColorSync
0x000000000339b000 	/System/Library/Frameworks/ApplicationServices.framework/Versions/A/Frameworks/HIServices.framework/Versions/A/HIServices
0x000000000339b000 	/System/Library/Frameworks/ApplicationServices.framework/Versions/A/Frameworks/LangAnalysis.framework/Versions/A/LangAnalysis
0x000000000339b000 	/System/Library/Frameworks/ApplicationServices.framework/Versions/A/Frameworks/PrintCore.framework/Versions/A/PrintCore
0x000000000339b000 	/System/Library/Frameworks/ApplicationServices.framework/Versions/A/Frameworks/QD.framework/Versions/A/QD
0x000000000339b000 	/System/Library/Frameworks/ApplicationServices.framework/Versions/A/Frameworks/SpeechSynthesis.framework/Versions/A/SpeechSynthesis
0x000000000339b000 	/System/Library/Frameworks/Accelerate.framework/Versions/A/Accelerate
0x000000000339b000 	/System/Library/Frameworks/Accelerate.framework/Versions/A/Frameworks/vImage.framework/Versions/A/vImage
0x000000000339b000 	/System/Library/Frameworks/Accelerate.framework/Versions/A/Frameworks/vecLib.framework/Versions/A/vecLib
0x000000000339b000 	/System/Library/Frameworks/Accelerate.framework/Versions/A/Frameworks/vecLib.framework/Versions/A/libvDSP.dylib
0x000000000339b000 	/System/Library/Frameworks/Accelerate.framework/Versions/A/Frameworks/vecLib.framework/Versions/A/libvMisc.dylib
0x000000000339b000 	/System/Library/Frameworks/Accelerate.framework/Versions/A/Frameworks/vecLib.framework/Versions/A/libLAPACK.dylib
0x000000000339b000 	/System/Library/Frameworks/Accelerate.framework/Versions/A/Frameworks/vecLib.framework/Versions/A/libBLAS.dylib
0x000000000339b000 	/System/Library/Frameworks/Accelerate.framework/Versions/A/Frameworks/vecLib.framework/Versions/A/libLinearAlgebra.dylib
0x000000000339b000 	/System/Library/Frameworks/ApplicationServices.framework/Versions/A/Frameworks/ATS.framework/Versions/A/Resources/libFontParser.dylib
0x000000000339b000 	/System/Library/Frameworks/ApplicationServices.framework/Versions/A/Frameworks/ATS.framework/Versions/A/Resources/libFontRegistry.dylib
0x000000000339b000 	/System/Library/PrivateFrameworks/AppleVPA.framework/Versions/A/AppleVPA
0x000000000339b000 	/System/Library/PrivateFrameworks/AppleJPEG.framework/Versions/A/AppleJPEG
0x000000000339b000 	/System/Library/Frameworks/ImageIO.framework/Versions/A/Resources/libJPEG.dylib
0x000000000339b000 	/System/Library/Frameworks/ImageIO.framework/Versions/A/Resources/libTIFF.dylib
0x000000000339b000 	/System/Library/Frameworks/ImageIO.framework/Versions/A/Resources/libPng.dylib
0x000000000339b000 	/System/Library/Frameworks/ImageIO.framework/Versions/A/Resources/libGIF.dylib
0x000000000339b000 	/System/Library/Frameworks/ImageIO.framework/Versions/A/Resources/libJP2.dylib
0x000000000339b000 	/System/Library/Frameworks/ImageIO.framework/Versions/A/Resources/libRadiance.dylib
0x000000000339b000 	/System/Library/Frameworks/CoreVideo.framework/Versions/A/CoreVideo
0x000000000339b000 	/System/Library/Frameworks/OpenGL.framework/Versions/A/Libraries/libGLU.dylib
0x000000000339b000 	/System/Library/Frameworks/OpenGL.framework/Versions/A/Libraries/libGFXShared.dylib
0x000000000339b000 	/System/Library/Frameworks/OpenGL.framework/Versions/A/Libraries/libGL.dylib
0x000000000339b000 	/System/Library/Frameworks/OpenGL.framework/Versions/A/Libraries/libGLImage.dylib
0x000000000339b000 	/System/Library/Frameworks/OpenGL.framework/Versions/A/Libraries/libCVMSPluginSupport.dylib
0x000000000339b000 	/System/Library/Frameworks/OpenGL.framework/Versions/A/Libraries/libCoreVMClient.dylib
0x000000000339b000 	/usr/lib/libcups.2.dylib
0x000000000339b000 	/System/Library/Frameworks/Kerberos.framework/Versions/A/Kerberos
0x000000000339b000 	/System/Library/Frameworks/GSS.framework/Versions/A/GSS
0x000000000339b000 	/usr/lib/libresolv.9.dylib
0x000000000339b000 	/usr/lib/libiconv.2.dylib
0x000000000339b000 	/System/Library/PrivateFrameworks/Heimdal.framework/Versions/A/Heimdal
0x000000000339b000 	/usr/lib/libheimdal-asn1.dylib
0x000000000339b000 	/System/Library/Frameworks/OpenDirectory.framework/Versions/A/OpenDirectory
0x000000000339b000 	/System/Library/PrivateFrameworks/CommonAuth.framework/Versions/A/CommonAuth
0x000000000339b000 	/System/Library/Frameworks/OpenDirectory.framework/Versions/A/Frameworks/CFOpenDirectory.framework/Versions/A/CFOpenDirectory
0x000000000339b000 	/System/Library/Frameworks/SecurityFoundation.framework/Versions/A/SecurityFoundation
0x000000000339b000 	/System/Library/PrivateFrameworks/LanguageModeling.framework/Versions/A/LanguageModeling
0x000000000339b000 	/usr/lib/libcmph.dylib
0x000000000339b000 	/System/Library/Frameworks/ServiceManagement.framework/Versions/A/ServiceManagement
0x000000000339b000 	/usr/lib/libxslt.1.dylib
0x000000000339b000 	/System/Library/Frameworks/Carbon.framework/Versions/A/Frameworks/Ink.framework/Versions/A/Ink
0x000000000339b000 	/System/Library/Frameworks/QuartzCore.framework/Versions/A/Frameworks/CoreImage.framework/Versions/A/CoreImage
0x000000000339b000 	/System/Library/PrivateFrameworks/CrashReporterSupport.framework/Versions/A/CrashReporterSupport
0x000000000339b000 	/System/Library/Frameworks/OpenCL.framework/Versions/A/OpenCL
0x000000000339b000 	/System/Library/PrivateFrameworks/FaceCore.framework/Versions/A/FaceCore
0x000000000339b000 	/System/Library/PrivateFrameworks/Ubiquity.framework/Versions/A/Ubiquity
0x000000000339b000 	/System/Library/PrivateFrameworks/IconServices.framework/Versions/A/IconServices
0x000000000339b000 	/System/Library/PrivateFrameworks/ChunkingLibrary.framework/Versions/A/ChunkingLibrary
0x000000000339b000 	/System/Library/PrivateFrameworks/Apple80211.framework/Versions/A/Apple80211
0x000000000339b000 	/System/Library/Frameworks/CoreWLAN.framework/Versions/A/CoreWLAN
0x000000000339b000 	/System/Library/Frameworks/IOBluetooth.framework/Versions/A/IOBluetooth
0x000000000339b000 	/System/Library/PrivateFrameworks/CoreWiFi.framework/Versions/A/CoreWiFi
0x000000000339b000 	/System/Library/Frameworks/CoreBluetooth.framework/Versions/A/CoreBluetooth
0x000000000339b000 	/System/Library/PrivateFrameworks/DebugSymbols.framework/Versions/A/DebugSymbols
0x000000000339b000 	/System/Library/PrivateFrameworks/CoreSymbolication.framework/Versions/A/CoreSymbolication
0x000000000339b000 	/System/Library/PrivateFrameworks/Symbolication.framework/Versions/A/Symbolication
0x000000000339b000 	/System/Library/PrivateFrameworks/SpeechRecognitionCore.framework/Versions/A/SpeechRecognitionCore
0x00000001007bd000 	/Library/Java/JavaVirtualMachines/jdk1.8.0_40.jdk/Contents/Home/jre/lib/server/libjvm.dylib
0x000000000339b000 	/usr/lib/libstdc++.6.dylib
0x000000010173d000 	/Library/Java/JavaVirtualMachines/jdk1.8.0_40.jdk/Contents/Home/jre/lib/libverify.dylib
0x000000010174b000 	/Library/Java/JavaVirtualMachines/jdk1.8.0_40.jdk/Contents/Home/jre/lib/libjava.dylib
0x000000010178a000 	/Library/Java/JavaVirtualMachines/jdk1.8.0_40.jdk/Contents/Home/jre/lib/libzip.dylib
0x0000000114f6f000 	/System/Library/Frameworks/JavaVM.framework/Frameworks/JavaRuntimeSupport.framework/JavaRuntimeSupport
0x0000000114f87000 	/System/Library/Frameworks/JavaVM.framework/Versions/A/Frameworks/JavaNativeFoundation.framework/Versions/A/JavaNativeFoundation
0x00000001017f0000 	/System/Library/Frameworks/JavaVM.framework/Versions/A/JavaVM
0x000000000339b000 	/System/Library/Frameworks/Carbon.framework/Versions/A/Carbon
0x0000000114f9c000 	/System/Library/PrivateFrameworks/JavaLaunching.framework/Versions/A/JavaLaunching
0x000000000339b000 	/System/Library/Frameworks/Carbon.framework/Versions/A/Frameworks/CommonPanels.framework/Versions/A/CommonPanels
0x000000000339b000 	/System/Library/Frameworks/Carbon.framework/Versions/A/Frameworks/Help.framework/Versions/A/Help
0x000000000339b000 	/System/Library/Frameworks/Carbon.framework/Versions/A/Frameworks/ImageCapture.framework/Versions/A/ImageCapture
0x000000000339b000 	/System/Library/Frameworks/Carbon.framework/Versions/A/Frameworks/OpenScripting.framework/Versions/A/OpenScripting
0x000000000339b000 	/System/Library/Frameworks/Carbon.framework/Versions/A/Frameworks/Print.framework/Versions/A/Print
0x000000000339b000 	/System/Library/Frameworks/Carbon.framework/Versions/A/Frameworks/SecurityHI.framework/Versions/A/SecurityHI
0x0000000116e07000 	/Library/Java/JavaVirtualMachines/jdk1.8.0_40.jdk/Contents/Home/jre/lib/libprism_es2.dylib
0x000000000339b000 	/System/Library/Frameworks/OpenGL.framework/Versions/A/Resources/GLEngine.bundle/GLEngine
0x000000000339b000 	/System/Library/Frameworks/OpenGL.framework/Versions/A/Libraries/libGLProgrammability.dylib
0x0000000000000000 	/System/Library/Extensions/GeForceTeslaGLDriver.bundle/Contents/MacOS/GeForceTeslaGLDriver
0x0000000116e85000 	/System/Library/Extensions/GeForceTeslaGLDriver.bundle/Contents/MacOS/libclh.dylib
0x00000001176cc000 	/System/Library/PrivateFrameworks/GPUSupport.framework/Versions/A/Libraries/libGPUSupport.dylib
0x000000000339b000 	/System/Library/Frameworks/OpenGL.framework/Versions/A/Resources/GLRendererFloat.bundle/GLRendererFloat
0x000000000339b000 	/System/Library/Frameworks/OpenCL.framework/Versions/A/Libraries/libcldcpuengine.dylib
0x000000000339b000 	/System/Library/PrivateFrameworks/DiskImages.framework/Versions/A/DiskImages
0x000000000339b000 	/System/Library/Frameworks/DiscRecording.framework/Versions/A/DiscRecording
0x000000000339b000 	/usr/lib/libcsfde.dylib
0x000000000339b000 	/usr/lib/libcurl.4.dylib
0x000000000339b000 	/System/Library/PrivateFrameworks/MediaKit.framework/Versions/A/MediaKit
0x000000000339b000 	/System/Library/PrivateFrameworks/ProtectedCloudStorage.framework/Versions/A/ProtectedCloudStorage
0x000000000339b000 	/usr/lib/libCoreStorage.dylib
0x000000000339b000 	/System/Library/PrivateFrameworks/EFILogin.framework/Versions/A/EFILogin
0x000000000339b000 	/usr/lib/libutil.dylib
0x000000000339b000 	/System/Library/PrivateFrameworks/FindMyDevice.framework/Versions/A/FindMyDevice
0x000000000339b000 	/System/Library/Frameworks/LDAP.framework/Versions/A/LDAP
0x000000000339b000 	/usr/lib/libsasl2.2.dylib
0x000000000339b000 	/System/Library/PrivateFrameworks/CoreDaemon.framework/Versions/B/CoreDaemon
0x000000000339b000 	/usr/lib/libcrypto.0.9.8.dylib
0x000000000339b000 	/System/Library/PrivateFrameworks/AppleSRP.framework/Versions/A/AppleSRP
0x000000000339b000 	/System/Library/PrivateFrameworks/TrustEvaluationAgent.framework/Versions/A/TrustEvaluationAgent
0x000000011781c000 	/Library/Java/JavaVirtualMachines/jdk1.8.0_40.jdk/Contents/Home/jre/lib/libglass.dylib
0x000000000339b000 	/System/Library/PrivateFrameworks/CoreServicesInternal.framework/Versions/A/CoreServicesInternal
0x000000000339b000 	/System/Library/PrivateFrameworks/CloudDocs.framework/Versions/A/CloudDocs
0x000000000339b000 	/System/Library/PrivateFrameworks/CoreDuet.framework/Versions/A/CoreDuet
0x000000000339b000 	/System/Library/Frameworks/CloudKit.framework/Versions/A/CloudKit
0x000000000339b000 	/System/Library/PrivateFrameworks/ProtocolBuffer.framework/Versions/A/ProtocolBuffer
0x000000000339b000 	/System/Library/PrivateFrameworks/CoreDuetDaemonProtocol.framework/Versions/A/CoreDuetDaemonProtocol
0x000000000339b000 	/System/Library/PrivateFrameworks/CoreDuetDebugLogging.framework/Versions/A/CoreDuetDebugLogging
0x000000000339b000 	/System/Library/Frameworks/CoreLocation.framework/Versions/A/CoreLocation
0x000000000339b000 	/System/Library/Frameworks/Accounts.framework/Versions/A/Accounts
0x000000000339b000 	/System/Library/PrivateFrameworks/ApplePushService.framework/Versions/A/ApplePushService
0x000000000339b000 	/System/Library/PrivateFrameworks/GeoServices.framework/Versions/A/GeoServices
0x000000000339b000 	/System/Library/PrivateFrameworks/OAuth.framework/Versions/A/OAuth
0x000000000339b000 	/System/Library/Frameworks/CoreGraphics.framework/Versions/A/Resources/libCGCMS.A.dylib
0x0000000119110000 	/System/Library/CoreServices/RawCamera.bundle/Contents/MacOS/RawCamera
0x000000000339b000 	/System/Library/Frameworks/CoreGraphics.framework/Versions/A/Resources/libRIP.A.dylib
0x000000000339b000 	/System/Library/PrivateFrameworks/FamilyControls.framework/Versions/A/FamilyControls
0x000000000339b000 	/System/Library/PrivateFrameworks/CommerceKit.framework/Versions/A/Frameworks/CommerceCore.framework/Versions/A/CommerceCore
0x000000000339b000 	/System/Library/PrivateFrameworks/SystemAdministration.framework/Versions/A/SystemAdministration
0x000000000339b000 	/System/Library/PrivateFrameworks/AppContainer.framework/Versions/A/AppContainer
0x000000000339b000 	/System/Library/PrivateFrameworks/SecCodeWrapper.framework/Versions/A/SecCodeWrapper
0x000000000339b000 	/System/Library/Frameworks/DirectoryService.framework/Versions/A/DirectoryService
0x000000000339b000 	/System/Library/PrivateFrameworks/LoginUIKit.framework/Versions/A/Frameworks/LoginUICore.framework/Versions/A/LoginUICore
0x000000000339b000 	/usr/lib/libodfde.dylib
0x000000011b2cf000 	/Library/Java/JavaVirtualMachines/jdk1.8.0_40.jdk/Contents/Home/jre/lib/libjavafx_font.dylib
0x0000000119512000 	/Library/Java/JavaVirtualMachines/jdk1.8.0_40.jdk/Contents/Home/jre/lib/libnet.dylib
0x000000000339b000 	/System/Library/Frameworks/CoreGraphics.framework/Versions/A/Resources/libCGXType.A.dylib
0x000000011ae68000 	/Library/Java/JavaVirtualMachines/jdk1.8.0_40.jdk/Contents/Home/jre/lib/libnio.dylib
0x000000011b5f1000 	cl_kernels
0x000000011dc61000 	/System/Library/Frameworks/OpenCL.framework/Versions/A/Libraries/ImageFormats/unorm8_bgra.dylib
0x000000011b5f5000 	cl_kernels
0x000000011b8b2000 	/Library/Java/JavaVirtualMachines/jdk1.8.0_40.jdk/Contents/Home/jre/lib/libprism_common.dylib
0x0000000123195000 	/Library/Java/JavaVirtualMachines/jdk1.8.0_40.jdk/Contents/Home/jre/lib/libawt.dylib
0x000000012323d000 	/Library/Java/JavaVirtualMachines/jdk1.8.0_40.jdk/Contents/Home/jre/lib/./libmlib_image.dylib
0x0000000123309000 	/Library/Java/JavaVirtualMachines/jdk1.8.0_40.jdk/Contents/Home/jre/lib/libawt_lwawt.dylib
0x0000000114fa9000 	/Library/Java/JavaVirtualMachines/jdk1.8.0_40.jdk/Contents/Home/jre/lib/./libosxapp.dylib
0x000000000339b000 	/System/Library/Frameworks/ExceptionHandling.framework/Versions/A/ExceptionHandling
0x0000000121e92000 	/Library/Java/JavaVirtualMachines/jdk1.8.0_40.jdk/Contents/Home/jre/lib/libfontmanager.dylib
0x0000000114fc5000 	/Library/Java/JavaVirtualMachines/jdk1.8.0_40.jdk/Contents/Home/jre/lib/libosxui.dylib
0x000000000339b000 	/System/Library/Frameworks/Accelerate.framework/Versions/A/Frameworks/vImage.framework/Versions/A/Libraries/libCGInterfaces.dylib

VM Arguments:
jvm_args: -Dfile.encoding=UTF-8 
java_command: VIEW.View
java_class_path (initial): /Users/idinter/Desktop/workspace/SBOBETCLI/bin:/Users/idinter/Desktop/workspace/SBOBETCLI/selenium-java-2.45.0.jar:/Users/idinter/Desktop/workspace/SBOBETCLI/selenium-server-standalone-2.45.0.jar
Launcher Type: SUN_STANDARD

Environment Variables:
PATH=/usr/bin:/bin:/usr/sbin:/sbin
SHELL=/bin/bash
DISPLAY=/private/tmp/com.apple.launchd.1nwI39HZ7E/org.macosforge.xquartz:0

Signal Handlers:
SIGSEGV: [libjvm.dylib+0x58ef95], sa_mask[0]=11111111011111110111111111111111, sa_flags=SA_ONSTACK|SA_RESTART|SA_SIGINFO
SIGBUS: [libjvm.dylib+0x58ef95], sa_mask[0]=11111111011111110111111111111111, sa_flags=SA_RESTART|SA_SIGINFO
SIGFPE: [libjvm.dylib+0x46c118], sa_mask[0]=11111111011111110111111111111111, sa_flags=SA_RESTART|SA_SIGINFO
SIGPIPE: [libjvm.dylib+0x46c118], sa_mask[0]=11111111011111110111111111111111, sa_flags=SA_RESTART|SA_SIGINFO
SIGXFSZ: [libjvm.dylib+0x46c118], sa_mask[0]=11111111011111110111111111111111, sa_flags=SA_RESTART|SA_SIGINFO
SIGILL: [libjvm.dylib+0x46c118], sa_mask[0]=11111111011111110111111111111111, sa_flags=SA_RESTART|SA_SIGINFO
SIGUSR1: SIG_DFL, sa_mask[0]=00000000000000000000000000000000, sa_flags=none
SIGUSR2: [libjvm.dylib+0x46bc36], sa_mask[0]=00100000000000000000000000000000, sa_flags=SA_RESTART|SA_SIGINFO
SIGHUP: [libjvm.dylib+0x46a209], sa_mask[0]=11111111011111110111111111111111, sa_flags=SA_RESTART|SA_SIGINFO
SIGINT: [libjvm.dylib+0x46a209], sa_mask[0]=11111111011111110111111111111111, sa_flags=SA_RESTART|SA_SIGINFO
SIGTERM: [libjvm.dylib+0x46a209], sa_mask[0]=11111111011111110111111111111111, sa_flags=SA_RESTART|SA_SIGINFO
SIGQUIT: [libjvm.dylib+0x46a209], sa_mask[0]=11111111011111110111111111111111, sa_flags=SA_RESTART|SA_SIGINFO


---------------  S Y S T E M  ---------------

OS:Bsduname:Darwin 14.1.0 Darwin Kernel Version 14.1.0: Thu Feb 26 19:26:47 PST 2015; root:xnu-2782.10.73~1/RELEASE_X86_64 x86_64
rlimit: STACK 8192k, CORE 0k, NPROC 709, NOFILE 10240, AS infinity
load average:4.31 2.59 2.28

CPU:total 2 (2 cores per cpu, 1 threads per core) family 6 model 23 stepping 10, cmov, cx8, fxsr, mmx, sse, sse2, sse3, ssse3, sse4.1, tsc

Memory: 4k page, physical 4194304k(60920k free)

/proc/meminfo:


vm_info: Java HotSpot(TM) 64-Bit Server VM (25.40-b25) for bsd-amd64 JRE (1.8.0_40-b27), built on Mar 13 2015 04:46:52 by "java_re" with gcc 4.2.1 (Based on Apple Inc. build 5658) (LLVM build 2336.11.00)

time: Tue Aug 18 14:52:25 2015
elapsed time: 603 seconds (0d 0h 10m 3s)

