#
# A fatal error has been detected by the Java Runtime Environment:
#
#  SIGSEGV (0xb) at pc=0x000000011d0bc5dd, pid=3087, tid=1811
#
# JRE version: Java(TM) SE Runtime Environment (8.0_40-b27) (build 1.8.0_40-b27)
# Java VM: Java HotSpot(TM) 64-Bit Server VM (25.40-b25 mixed mode bsd-amd64 compressed oops)
# Problematic frame:
# C  [libglass.dylib+0x155dd]  GlassScreenDidChangeScreenParameters+0x9d
#
# Failed to write core dump. Core dumps have been disabled. To enable core dumping, try "ulimit -c unlimited" before starting Java again
#
# If you would like to submit a bug report, please visit:
#   http://bugreport.java.com/bugreport/crash.jsp
#

---------------  T H R E A D  ---------------

Current thread is native thread

siginfo: si_signo: 11 (SIGSEGV), si_code: 1 (SEGV_MAPERR), si_addr: 0x0000000000000000

Registers:
RAX=0x000000011d0eebc0, RBX=0x0000000000000000, RCX=0xf000cd10676cc485, RDX=0x00007f8a3bcc68b0
RSP=0x00007fff59cb4080, RBP=0x00007fff59cb4090, RSI=0x00007f8a3bc2cbf0, RDI=0x0000000000000000
R8 =0x00007fff59cb3f30, R9 =0x00007fff76a15300, R10=0x0000000000000000, R11=0x0000000000000246
R12=0x00007f8a3bd119a0, R13=0x00000000000f4268, R14=0x00007f8a3bcc67c0, R15=0x00007fff59cb41d0
RIP=0x000000011d0bc5dd, EFLAGS=0x0000000000010202, ERR=0x0000000000000004
  TRAPNO=0x000000000000000e

Top of Stack: (sp=0x00007fff59cb4080)
0x00007fff59cb4080:   00007fff59cb4260 00007f8a3bcc67c0
0x00007fff59cb4090:   00007fff59cb40a0 00007fff89ad8cdc
0x00007fff59cb40a0:   00007fff59cb4400 00007fff899ca244
0x00007fff59cb40b0:   00007fff59cb4100 0000000000000000
0x00007fff59cb40c0:   00007fff76e3dcf0 00007f8a3e325710
0x00007fff59cb40d0:   0000000000001000 0000000000000900
0x00007fff59cb40e0:   00007f8a3e325710 00007f8a3bcc67c0
0x00007fff59cb40f0:   0000000000000000 00007fff59cb41d0
0x00007fff59cb4100:   0000000000000000 00007f8a3bcc6780
0x00007fff59cb4110:   00007fff59cb4250 0000000000000060
0x00007fff59cb4120:   00000000000f4358 00007f8a3bd665a0
0x00007fff59cb4130:   00007f8a3bd73f50 00007f8a3bd119a0
0x00007fff59cb4140:   0000000000000001 00000000000f4268
0x00007fff59cb4150:   00007f8a3bd11990 00007fff8ff3cacb
0x00007fff59cb4160:   0000000000000001 0000000000000001
0x00007fff59cb4170:   0000000000000030 0000000000000001
0x00007fff59cb4180:   00007fff59cb41a0 00007fff8ff42231
0x00007fff59cb4190:   00007fff76e3bdd0 0000000000000000
0x00007fff59cb41a0:   00007fff59cb41c0 0000000000000013
0x00007fff59cb41b0:   0002710300004000 00007f8a3bd119c4
0x00007fff59cb41c0:   0000000000000000 00007fff899bfd1f
0x00007fff59cb41d0:   00007f8a3bcc67c0 00007fff76e3bdd0
0x00007fff59cb41e0:   00007fff59cb4260 00007fff899c884f
0x00007fff59cb41f0:   00007fff59cb4264 000000000046ba01
0x00007fff59cb4200:   0000000105f67a00 0000000000000002
0x00007fff59cb4210:   0000000105f64000 00007f8a3e155c52
0x00007fff59cb4220:   0000000000000003 0000000105f67a00
0x00007fff59cb4230:   00007fff59cb4320 00007fff8ff3b2a2
0x00007fff59cb4240:   00007f8a3bc86ee0 00007fff59cb4408
0x00007fff59cb4250:   0000000000000017 0000000000000000
0x00007fff59cb4260:   00000000000f4268 00007fff899c0013
0x00007fff59cb4270:   00007fff00000000 00007f8a3bd78b90 

Instructions: (pc=0x000000011d0bc5dd)
0x000000011d0bc5bd:   89 df 4c 89 f1 41 ff 90 68 04 00 00 48 8d 05 f8
0x000000011d0bc5cd:   24 03 00 48 8b 30 48 8d 05 e6 25 03 00 48 8b 10
0x000000011d0bc5dd:   48 8b 0b 30 c0 48 89 df ff 91 68 04 00 00 48 8b
0x000000011d0bc5ed:   03 48 89 df ff 50 78 48 85 c0 74 36 49 89 c6 48 

Register to memory mapping:

RAX=0x000000011d0eebc0: jScreenNotifySettingsChanged+0 in /Library/Java/JavaVirtualMachines/jdk1.8.0_40.jdk/Contents/Home/jre/lib/libglass.dylib at 0x000000011d0a7000
RBX=0x0000000000000000 is an unknown value
RCX=0xf000cd10676cc485 is an unknown value
RDX=0x00007f8a3bcc68b0 is an unknown value
RSP=0x00007fff59cb4080 is an unknown value
RBP=0x00007fff59cb4090 is an unknown value
RSI=0x00007f8a3bc2cbf0 is a global jni handle
RDI=0x0000000000000000 is an unknown value
R8 =0x00007fff59cb3f30 is an unknown value
R9 =0x00007fff76a15300: _thread+0 in /usr/lib/system/libsystem_pthread.dylib at 0x00007fff8752c000
R10=0x0000000000000000 is an unknown value
R11=0x0000000000000246 is an unknown value
R12=0x00007f8a3bd119a0 is an unknown value
R13=0x00000000000f4268 is an unknown value
R14=0x00007f8a3bcc67c0 is an unknown value
R15=0x00007fff59cb41d0 is an unknown value


Stack: [0x00007fff594b7000,0x00007fff59cb7000],  sp=0x00007fff59cb4080,  free space=8180k
Native frames: (J=compiled Java code, j=interpreted, Vv=VM code, C=native code)
C  [libglass.dylib+0x155dd]  GlassScreenDidChangeScreenParameters+0x9d
C  [CoreFoundation+0x11ecdc]  __CFNOTIFICATIONCENTER_IS_CALLING_OUT_TO_AN_OBSERVER__+0xc
C  [CoreFoundation+0x10244]  _CFXNotificationPost+0xc44
C  [Foundation+0x2c31]  -[NSNotificationCenter postNotificationName:object:userInfo:]+0x42
C  [AppKit+0x36305e]  -[NSApplication _reactToScreenInvalidationImmediately:]+0x17b
C  [AppKit+0x362e9d]  __44-[NSApplication _reactToScreenInvalidation:]_block_invoke+0x4b
C  [CoreFoundation+0x8056c]  __CFRUNLOOP_IS_CALLING_OUT_TO_A_BLOCK__+0xc
C  [CoreFoundation+0x72675]  __CFRunLoopDoBlocks+0x155
C  [CoreFoundation+0x721b6]  __CFRunLoopRun+0x716
C  [CoreFoundation+0x71858]  CFRunLoopRunSpecific+0x128
C  [java+0x6490]  CreateExecutionEnvironment+0x367
C  [java+0x221c]  JLI_Launch+0x7a0
C  [java+0x84ed]  main+0x65
C  [java+0x1a74]  start+0x34


---------------  P R O C E S S  ---------------

VM state:not at safepoint (normal execution)

VM Mutex/Monitor currently owned by a thread: None

Heap:
 PSYoungGen      total 18944K, used 18014K [0x00000007aab00000, 0x00000007ad180000, 0x00000007c0000000)
  eden space 16384K, 94% used [0x00000007aab00000,0x00000007aba1f878,0x00000007abb00000)
  from space 2560K, 98% used [0x00000007abb00000,0x00000007abd78010,0x00000007abd80000)
  to   space 6656K, 0% used [0x00000007acb00000,0x00000007acb00000,0x00000007ad180000)
 ParOldGen       total 35328K, used 7792K [0x0000000780000000, 0x0000000782280000, 0x00000007aab00000)
  object space 35328K, 22% used [0x0000000780000000,0x000000078079c1a0,0x0000000782280000)
 Metaspace       used 26739K, capacity 28004K, committed 28288K, reserved 1073152K
  class space    used 3858K, capacity 4107K, committed 4224K, reserved 1048576K

Card table byte_map: [0x00000001168f8000,0x0000000116af9000] byte_map_base: 0x0000000112cf8000

Marking Bits: (ParMarkBitMap*) 0x000000010690a7a0
 Begin Bits: [0x0000000116e55000, 0x0000000117e55000)
 End Bits:   [0x0000000117e55000, 0x0000000118e55000)

Polling page: 0x0000000106fd6000

CodeCache: size=245760Kb used=8904Kb max_used=9079Kb free=236855Kb
 bounds [0x0000000107538000, 0x0000000107e28000, 0x0000000116538000]
 total_blobs=3746 nmethods=3065 adapters=595
 compilation: enabled

Compilation events (10 events):
Event: 28.569 Thread 0x00007f8a3c87f800 3125       4       javafx.scene.Node::updateLocalToParentTransform (442 bytes)
Event: 28.589 Thread 0x00007f8a3c87f800 nmethod 3125 0x0000000107e14ad0 code [0x0000000107e14da0, 0x0000000107e15728]
Event: 28.591 Thread 0x00007f8a3c86a800 3127       3       java.util.concurrent.atomic.AtomicBoolean::set (14 bytes)
Event: 28.591 Thread 0x00007f8a3c86a800 nmethod 3127 0x0000000107e116d0 code [0x0000000107e11840, 0x0000000107e119f0]
Event: 28.591 Thread 0x00007f8a3c86a800 3128       3       java.util.WeakHashMap::entrySet (28 bytes)
Event: 28.591 Thread 0x00007f8a3c86a800 nmethod 3128 0x0000000107e17210 code [0x0000000107e173a0, 0x0000000107e177b0]
Event: 28.591 Thread 0x00007f8a3c87f800 3126       4       java.util.concurrent.atomic.AtomicBoolean::get (13 bytes)
Event: 28.592 Thread 0x00007f8a3c87f800 nmethod 3126 0x0000000107dcb050 code [0x0000000107dcb1a0, 0x0000000107dcb218]
Event: 28.594 Thread 0x00007f8a3c86a800 3129       3       java.util.concurrent.locks.ReentrantLock::lock (8 bytes)
Event: 28.595 Thread 0x00007f8a3c86a800 nmethod 3129 0x0000000107e07c10 code [0x0000000107e07d80, 0x0000000107e07fa8]

GC Heap History (10 events):
Event: 3.152 GC heap before
{Heap before GC invocations=2 (full 0):
 PSYoungGen      total 18944K, used 18912K [0x00000007aab00000, 0x00000007ac000000, 0x00000007c0000000)
  eden space 16384K, 100% used [0x00000007aab00000,0x00000007abb00000,0x00000007abb00000)
  from space 2560K, 98% used [0x00000007abb00000,0x00000007abd781a0,0x00000007abd80000)
  to   space 2560K, 0% used [0x00000007abd80000,0x00000007abd80000,0x00000007ac000000)
 ParOldGen       total 44032K, used 239K [0x0000000780000000, 0x0000000782b00000, 0x00000007aab00000)
  object space 44032K, 0% used [0x0000000780000000,0x000000078003bec0,0x0000000782b00000)
 Metaspace       used 12946K, capacity 13266K, committed 13568K, reserved 1060864K
  class space    used 1647K, capacity 1765K, committed 1792K, reserved 1048576K
Event: 3.162 GC heap after
Heap after GC invocations=2 (full 0):
 PSYoungGen      total 18944K, used 2544K [0x00000007aab00000, 0x00000007ac000000, 0x00000007c0000000)
  eden space 16384K, 0% used [0x00000007aab00000,0x00000007aab00000,0x00000007abb00000)
  from space 2560K, 99% used [0x00000007abd80000,0x00000007abffc050,0x00000007ac000000)
  to   space 2560K, 0% used [0x00000007abb00000,0x00000007abb00000,0x00000007abd80000)
 ParOldGen       total 44032K, used 2414K [0x0000000780000000, 0x0000000782b00000, 0x00000007aab00000)
  object space 44032K, 5% used [0x0000000780000000,0x000000078025b880,0x0000000782b00000)
 Metaspace       used 12946K, capacity 13266K, committed 13568K, reserved 1060864K
  class space    used 1647K, capacity 1765K, committed 1792K, reserved 1048576K
}
Event: 9.952 GC heap before
{Heap before GC invocations=3 (full 0):
 PSYoungGen      total 18944K, used 18928K [0x00000007aab00000, 0x00000007ac000000, 0x00000007c0000000)
  eden space 16384K, 100% used [0x00000007aab00000,0x00000007abb00000,0x00000007abb00000)
  from space 2560K, 99% used [0x00000007abd80000,0x00000007abffc050,0x00000007ac000000)
  to   space 2560K, 0% used [0x00000007abb00000,0x00000007abb00000,0x00000007abd80000)
 ParOldGen       total 44032K, used 2414K [0x0000000780000000, 0x0000000782b00000, 0x00000007aab00000)
  object space 44032K, 5% used [0x0000000780000000,0x000000078025b880,0x0000000782b00000)
 Metaspace       used 16411K, capacity 16832K, committed 17152K, reserved 1064960K
  class space    used 2120K, capacity 2260K, committed 2304K, reserved 1048576K
Event: 9.972 GC heap after
Heap after GC invocations=3 (full 0):
 PSYoungGen      total 18944K, used 2544K [0x00000007aab00000, 0x00000007ac000000, 0x00000007c0000000)
  eden space 16384K, 0% used [0x00000007aab00000,0x00000007aab00000,0x00000007abb00000)
  from space 2560K, 99% used [0x00000007abb00000,0x00000007abd7c030,0x00000007abd80000)
  to   space 2560K, 0% used [0x00000007abd80000,0x00000007abd80000,0x00000007ac000000)
 ParOldGen       total 44032K, used 5305K [0x0000000780000000, 0x0000000782b00000, 0x00000007aab00000)
  object space 44032K, 12% used [0x0000000780000000,0x000000078052e580,0x0000000782b00000)
 Metaspace       used 16411K, capacity 16832K, committed 17152K, reserved 1064960K
  class space    used 2120K, capacity 2260K, committed 2304K, reserved 1048576K
}
Event: 10.745 GC heap before
{Heap before GC invocations=4 (full 0):
 PSYoungGen      total 18944K, used 17000K [0x00000007aab00000, 0x00000007ac000000, 0x00000007c0000000)
  eden space 16384K, 88% used [0x00000007aab00000,0x00000007ab91e2d0,0x00000007abb00000)
  from space 2560K, 99% used [0x00000007abb00000,0x00000007abd7c030,0x00000007abd80000)
  to   space 2560K, 0% used [0x00000007abd80000,0x00000007abd80000,0x00000007ac000000)
 ParOldGen       total 44032K, used 5305K [0x0000000780000000, 0x0000000782b00000, 0x00000007aab00000)
  object space 44032K, 12% used [0x0000000780000000,0x000000078052e580,0x0000000782b00000)
 Metaspace       used 20627K, capacity 21148K, committed 21248K, reserved 1067008K
  class space    used 2866K, capacity 3031K, committed 3072K, reserved 1048576K
Event: 10.758 GC heap after
Heap after GC invocations=4 (full 0):
 PSYoungGen      total 18944K, used 2528K [0x00000007aab00000, 0x00000007ac000000, 0x00000007c0000000)
  eden space 16384K, 0% used [0x00000007aab00000,0x00000007aab00000,0x00000007abb00000)
  from space 2560K, 98% used [0x00000007abd80000,0x00000007abff8010,0x00000007ac000000)
  to   space 2560K, 0% used [0x00000007abb00000,0x00000007abb00000,0x00000007abd80000)
 ParOldGen       total 44032K, used 7763K [0x0000000780000000, 0x0000000782b00000, 0x00000007aab00000)
  object space 44032K, 17% used [0x0000000780000000,0x0000000780794e30,0x0000000782b00000)
 Metaspace       used 20627K, capacity 21148K, committed 21248K, reserved 1067008K
  class space    used 2866K, capacity 3031K, committed 3072K, reserved 1048576K
}
Event: 10.758 GC heap before
{Heap before GC invocations=5 (full 1):
 PSYoungGen      total 18944K, used 2528K [0x00000007aab00000, 0x00000007ac000000, 0x00000007c0000000)
  eden space 16384K, 0% used [0x00000007aab00000,0x00000007aab00000,0x00000007abb00000)
  from space 2560K, 98% used [0x00000007abd80000,0x00000007abff8010,0x00000007ac000000)
  to   space 2560K, 0% used [0x00000007abb00000,0x00000007abb00000,0x00000007abd80000)
 ParOldGen       total 44032K, used 7763K [0x0000000780000000, 0x0000000782b00000, 0x00000007aab00000)
  object space 44032K, 17% used [0x0000000780000000,0x0000000780794e30,0x0000000782b00000)
 Metaspace       used 20627K, capacity 21148K, committed 21248K, reserved 1067008K
  class space    used 2866K, capacity 3031K, committed 3072K, reserved 1048576K
Event: 10.826 GC heap after
Heap after GC invocations=5 (full 1):
 PSYoungGen      total 18944K, used 0K [0x00000007aab00000, 0x00000007ac000000, 0x00000007c0000000)
  eden space 16384K, 0% used [0x00000007aab00000,0x00000007aab00000,0x00000007abb00000)
  from space 2560K, 0% used [0x00000007abd80000,0x00000007abd80000,0x00000007ac000000)
  to   space 2560K, 0% used [0x00000007abb00000,0x00000007abb00000,0x00000007abd80000)
 ParOldGen       total 35328K, used 7704K [0x0000000780000000, 0x0000000782280000, 0x00000007aab00000)
  object space 35328K, 21% used [0x0000000780000000,0x00000007807861a0,0x0000000782280000)
 Metaspace       used 20627K, capacity 21148K, committed 21248K, reserved 1067008K
  class space    used 2866K, capacity 3031K, committed 3072K, reserved 1048576K
}
Event: 11.930 GC heap before
{Heap before GC invocations=6 (full 1):
 PSYoungGen      total 18944K, used 16384K [0x00000007aab00000, 0x00000007ac000000, 0x00000007c0000000)
  eden space 16384K, 100% used [0x00000007aab00000,0x00000007abb00000,0x00000007abb00000)
  from space 2560K, 0% used [0x00000007abd80000,0x00000007abd80000,0x00000007ac000000)
  to   space 2560K, 0% used [0x00000007abb00000,0x00000007abb00000,0x00000007abd80000)
 ParOldGen       total 35328K, used 7704K [0x0000000780000000, 0x0000000782280000, 0x00000007aab00000)
  object space 35328K, 21% used [0x0000000780000000,0x00000007807861a0,0x0000000782280000)
 Metaspace       used 24754K, capacity 25896K, committed 26240K, reserved 1071104K
  class space    used 3654K, capacity 3879K, committed 3968K, reserved 1048576K
Event: 11.939 GC heap after
Heap after GC invocations=6 (full 1):
 PSYoungGen      total 18944K, used 2528K [0x00000007aab00000, 0x00000007ad180000, 0x00000007c0000000)
  eden space 16384K, 0% used [0x00000007aab00000,0x00000007aab00000,0x00000007abb00000)
  from space 2560K, 98% used [0x00000007abb00000,0x00000007abd78010,0x00000007abd80000)
  to   space 6656K, 0% used [0x00000007acb00000,0x00000007acb00000,0x00000007ad180000)
 ParOldGen       total 35328K, used 7792K [0x0000000780000000, 0x0000000782280000, 0x00000007aab00000)
  object space 35328K, 22% used [0x0000000780000000,0x000000078079c1a0,0x0000000782280000)
 Metaspace       used 24754K, capacity 25896K, committed 26240K, reserved 1071104K
  class space    used 3654K, capacity 3879K, committed 3968K, reserved 1048576K
}

Deoptimization events (10 events):
Event: 11.016 Thread 0x00007f8a3ca8f000 Uncommon trap: reason=class_check action=maybe_recompile pc=0x0000000107958084 method=java.io.DataInputStream.readShort()S @ 4
Event: 11.017 Thread 0x00007f8a3ca8f000 Uncommon trap: reason=class_check action=maybe_recompile pc=0x0000000107958084 method=java.io.DataInputStream.readShort()S @ 4
Event: 11.017 Thread 0x00007f8a3ca8f000 Uncommon trap: reason=class_check action=maybe_recompile pc=0x0000000107958084 method=java.io.DataInputStream.readShort()S @ 4
Event: 11.035 Thread 0x00007f8a3ca8f000 Uncommon trap: reason=class_check action=maybe_recompile pc=0x0000000107664b9c method=java.lang.String.equals(Ljava/lang/Object;)Z @ 8
Event: 11.035 Thread 0x00007f8a3ca8f000 Uncommon trap: reason=class_check action=maybe_recompile pc=0x0000000107664b9c method=java.lang.String.equals(Ljava/lang/Object;)Z @ 8
Event: 11.035 Thread 0x00007f8a3ca8f000 Uncommon trap: reason=class_check action=maybe_recompile pc=0x0000000107664b9c method=java.lang.String.equals(Ljava/lang/Object;)Z @ 8
Event: 11.035 Thread 0x00007f8a3ca8f000 Uncommon trap: reason=class_check action=maybe_recompile pc=0x0000000107664b9c method=java.lang.String.equals(Ljava/lang/Object;)Z @ 8
Event: 11.102 Thread 0x00007f8a3ca8f000 Uncommon trap: reason=unstable_if action=reinterpret pc=0x00000001078da2ec method=java.lang.ClassLoader.checkName(Ljava/lang/String;)Z @ 20
Event: 11.405 Thread 0x00007f8a3ca8f000 Uncommon trap: reason=unstable_if action=reinterpret pc=0x00000001078eeda8 method=java.lang.CharacterData.of(I)Ljava/lang/CharacterData; @ 4
Event: 11.460 Thread 0x00007f8a3ca8f000 Uncommon trap: reason=unstable_if action=reinterpret pc=0x00000001078305c0 method=java.io.UnixFileSystem.normalize(Ljava/lang/String;)Ljava/lang/String; @ 34

Internal exceptions (10 events):
Event: 10.365 Thread 0x00007f8a3ca8f000 Exception <a 'java/lang/NullPointerException'> (0x00000007ab017d68) thrown at [/Users/java_re/workspace/8-2-build-macosx-x86_64/jdk8u40/3153/hotspot/src/share/vm/interpreter/linkResolver.cpp, line 1178]
Event: 10.365 Thread 0x00007f8a3ca8f000 Exception <a 'java/lang/NullPointerException'> (0x00000007ab017d68) thrown at [/Users/java_re/workspace/8-2-build-macosx-x86_64/jdk8u40/3153/hotspot/src/share/vm/prims/jvm.cpp, line 1386]
Event: 10.624 Thread 0x00007f8a3ca8f000 Exception <a 'java/lang/ArrayIndexOutOfBoundsException'> (0x00000007ab6bd680) thrown at [/Users/java_re/workspace/8-2-build-macosx-x86_64/jdk8u40/3153/hotspot/src/share/vm/runtime/sharedRuntime.cpp, line 605]
Event: 10.624 Thread 0x00007f8a3ca8f000 Exception <a 'java/lang/ArrayIndexOutOfBoundsException'> (0x00000007ab6be4b8) thrown at [/Users/java_re/workspace/8-2-build-macosx-x86_64/jdk8u40/3153/hotspot/src/share/vm/runtime/sharedRuntime.cpp, line 605]
Event: 10.624 Thread 0x00007f8a3ca8f000 Exception <a 'java/lang/ArrayIndexOutOfBoundsException'> (0x00000007ab6bfc00) thrown at [/Users/java_re/workspace/8-2-build-macosx-x86_64/jdk8u40/3153/hotspot/src/share/vm/runtime/sharedRuntime.cpp, line 605]
Event: 10.625 Thread 0x00007f8a3ca8f000 Exception <a 'java/lang/ArrayIndexOutOfBoundsException'> (0x00000007ab6c0f68) thrown at [/Users/java_re/workspace/8-2-build-macosx-x86_64/jdk8u40/3153/hotspot/src/share/vm/runtime/sharedRuntime.cpp, line 605]
Event: 10.631 Thread 0x00007f8a3ca8f000 Exception <a 'java/lang/ArrayIndexOutOfBoundsException'> (0x00000007ab6daa98) thrown at [/Users/java_re/workspace/8-2-build-macosx-x86_64/jdk8u40/3153/hotspot/src/share/vm/runtime/sharedRuntime.cpp, line 605]
Event: 10.672 Thread 0x00007f8a3ca8f000 Exception <a 'java/lang/ArrayIndexOutOfBoundsException'> (0x00000007ab7a2870) thrown at [/Users/java_re/workspace/8-2-build-macosx-x86_64/jdk8u40/3153/hotspot/src/share/vm/runtime/sharedRuntime.cpp, line 605]
Event: 10.691 Thread 0x00007f8a3ca8f000 Exception <a 'java/lang/ArrayIndexOutOfBoundsException'> (0x00000007ab804600) thrown at [/Users/java_re/workspace/8-2-build-macosx-x86_64/jdk8u40/3153/hotspot/src/share/vm/runtime/sharedRuntime.cpp, line 605]
Event: 10.864 Thread 0x00007f8a3ca8f000 Implicit null exception at 0x000000010798fc75 to 0x000000010798fead

Events (10 events):
Event: 28.590 loading class javafx/application/Application done
Event: 28.593 loading class com/sun/javafx/tk/quantum/QuantumRenderer
Event: 28.593 loading class com/sun/javafx/tk/quantum/QuantumRenderer done
Event: 28.594 loading class com/sun/javafx/tk/quantum/QuantumToolkit
Event: 28.594 loading class com/sun/javafx/tk/quantum/QuantumToolkit done
Event: 28.594 Thread 0x00007f8a3c14c000 Thread exited: 0x00007f8a3c14c000
Event: 28.594 Thread 0x00007f8a3ca8f000 Thread exited: 0x00007f8a3ca8f000
Event: 28.595 Thread 0x00007f8a3c1d1000 Thread exited: 0x00007f8a3c1d1000
Event: 28.595 Thread 0x00007f8a3c006800 Thread exited: 0x00007f8a3c006800
Event: 28.595 Thread 0x00007f8a3ca8f000 Thread added: 0x00007f8a3ca8f000


Dynamic libraries:
0x0000000006742000 	/System/Library/Frameworks/Cocoa.framework/Versions/A/Cocoa
0x0000000006742000 	/System/Library/Frameworks/Security.framework/Versions/A/Security
0x0000000006742000 	/System/Library/Frameworks/ApplicationServices.framework/Versions/A/ApplicationServices
0x0000000006742000 	/usr/lib/libz.1.dylib
0x0000000006742000 	/usr/lib/libSystem.B.dylib
0x0000000006742000 	/usr/lib/libobjc.A.dylib
0x0000000006742000 	/System/Library/Frameworks/CoreFoundation.framework/Versions/A/CoreFoundation
0x0000000006742000 	/System/Library/Frameworks/Foundation.framework/Versions/C/Foundation
0x0000000006742000 	/System/Library/Frameworks/AppKit.framework/Versions/C/AppKit
0x0000000006742000 	/System/Library/Frameworks/CoreData.framework/Versions/A/CoreData
0x0000000006742000 	/System/Library/PrivateFrameworks/RemoteViewServices.framework/Versions/A/RemoteViewServices
0x0000000006742000 	/System/Library/PrivateFrameworks/UIFoundation.framework/Versions/A/UIFoundation
0x0000000006742000 	/System/Library/Frameworks/IOSurface.framework/Versions/A/IOSurface
0x0000000006742000 	/System/Library/Frameworks/AudioToolbox.framework/Versions/A/AudioToolbox
0x0000000006742000 	/System/Library/Frameworks/AudioUnit.framework/Versions/A/AudioUnit
0x0000000006742000 	/System/Library/PrivateFrameworks/DataDetectorsCore.framework/Versions/A/DataDetectorsCore
0x0000000006742000 	/System/Library/PrivateFrameworks/DesktopServicesPriv.framework/Versions/A/DesktopServicesPriv
0x0000000006742000 	/System/Library/Frameworks/Carbon.framework/Versions/A/Frameworks/HIToolbox.framework/Versions/A/HIToolbox
0x0000000006742000 	/System/Library/Frameworks/QuartzCore.framework/Versions/A/QuartzCore
0x0000000006742000 	/System/Library/Frameworks/Carbon.framework/Versions/A/Frameworks/SpeechRecognition.framework/Versions/A/SpeechRecognition
0x0000000006742000 	/usr/lib/libauto.dylib
0x0000000006742000 	/usr/lib/libicucore.A.dylib
0x0000000006742000 	/usr/lib/libxml2.2.dylib
0x0000000006742000 	/System/Library/PrivateFrameworks/CoreUI.framework/Versions/A/CoreUI
0x0000000006742000 	/System/Library/Frameworks/CoreAudio.framework/Versions/A/CoreAudio
0x0000000006742000 	/System/Library/Frameworks/DiskArbitration.framework/Versions/A/DiskArbitration
0x0000000006742000 	/usr/lib/liblangid.dylib
0x0000000006742000 	/System/Library/PrivateFrameworks/MultitouchSupport.framework/Versions/A/MultitouchSupport
0x0000000006742000 	/System/Library/Frameworks/IOKit.framework/Versions/A/IOKit
0x0000000006742000 	/usr/lib/libDiagnosticMessagesClient.dylib
0x0000000006742000 	/System/Library/Frameworks/CoreServices.framework/Versions/A/CoreServices
0x0000000006742000 	/System/Library/PrivateFrameworks/PerformanceAnalysis.framework/Versions/A/PerformanceAnalysis
0x0000000006742000 	/System/Library/PrivateFrameworks/GenerationalStorage.framework/Versions/A/GenerationalStorage
0x0000000006742000 	/System/Library/Frameworks/OpenGL.framework/Versions/A/OpenGL
0x0000000006742000 	/System/Library/PrivateFrameworks/Sharing.framework/Versions/A/Sharing
0x0000000006742000 	/System/Library/Frameworks/CoreGraphics.framework/Versions/A/CoreGraphics
0x0000000006742000 	/System/Library/Frameworks/CoreText.framework/Versions/A/CoreText
0x0000000006742000 	/System/Library/Frameworks/ImageIO.framework/Versions/A/ImageIO
0x0000000006742000 	/usr/lib/libextension.dylib
0x0000000006742000 	/System/Library/PrivateFrameworks/Backup.framework/Versions/A/Backup
0x0000000006742000 	/usr/lib/libarchive.2.dylib
0x0000000006742000 	/System/Library/Frameworks/CFNetwork.framework/Versions/A/CFNetwork
0x0000000006742000 	/System/Library/Frameworks/SystemConfiguration.framework/Versions/A/SystemConfiguration
0x0000000006742000 	/usr/lib/libCRFSuite.dylib
0x0000000006742000 	/usr/lib/libc++.1.dylib
0x0000000006742000 	/usr/lib/libc++abi.dylib
0x0000000006742000 	/usr/lib/system/libcache.dylib
0x0000000006742000 	/usr/lib/system/libcommonCrypto.dylib
0x0000000006742000 	/usr/lib/system/libcompiler_rt.dylib
0x0000000006742000 	/usr/lib/system/libcopyfile.dylib
0x0000000006742000 	/usr/lib/system/libcorecrypto.dylib
0x0000000006742000 	/usr/lib/system/libdispatch.dylib
0x0000000006742000 	/usr/lib/system/libdyld.dylib
0x0000000006742000 	/usr/lib/system/libkeymgr.dylib
0x0000000006742000 	/usr/lib/system/liblaunch.dylib
0x0000000006742000 	/usr/lib/system/libmacho.dylib
0x0000000006742000 	/usr/lib/system/libquarantine.dylib
0x0000000006742000 	/usr/lib/system/libremovefile.dylib
0x0000000006742000 	/usr/lib/system/libsystem_asl.dylib
0x0000000006742000 	/usr/lib/system/libsystem_blocks.dylib
0x0000000006742000 	/usr/lib/system/libsystem_c.dylib
0x0000000006742000 	/usr/lib/system/libsystem_configuration.dylib
0x0000000006742000 	/usr/lib/system/libsystem_coreservices.dylib
0x0000000006742000 	/usr/lib/system/libsystem_coretls.dylib
0x0000000006742000 	/usr/lib/system/libsystem_dnssd.dylib
0x0000000006742000 	/usr/lib/system/libsystem_info.dylib
0x0000000006742000 	/usr/lib/system/libsystem_kernel.dylib
0x0000000006742000 	/usr/lib/system/libsystem_m.dylib
0x0000000006742000 	/usr/lib/system/libsystem_malloc.dylib
0x0000000006742000 	/usr/lib/system/libsystem_network.dylib
0x0000000006742000 	/usr/lib/system/libsystem_networkextension.dylib
0x0000000006742000 	/usr/lib/system/libsystem_notify.dylib
0x0000000006742000 	/usr/lib/system/libsystem_platform.dylib
0x0000000006742000 	/usr/lib/system/libsystem_pthread.dylib
0x0000000006742000 	/usr/lib/system/libsystem_sandbox.dylib
0x0000000006742000 	/usr/lib/system/libsystem_secinit.dylib
0x0000000006742000 	/usr/lib/system/libsystem_stats.dylib
0x0000000006742000 	/usr/lib/system/libsystem_trace.dylib
0x0000000006742000 	/usr/lib/system/libunc.dylib
0x0000000006742000 	/usr/lib/system/libunwind.dylib
0x0000000006742000 	/usr/lib/system/libxpc.dylib
0x0000000006742000 	/usr/lib/libbz2.1.0.dylib
0x0000000006742000 	/usr/lib/liblzma.5.dylib
0x0000000006742000 	/usr/lib/libbsm.0.dylib
0x0000000006742000 	/usr/lib/libsqlite3.dylib
0x0000000006742000 	/usr/lib/system/libkxld.dylib
0x0000000006742000 	/usr/lib/libxar.1.dylib
0x0000000006742000 	/usr/lib/libpam.2.dylib
0x0000000006742000 	/usr/lib/libOpenScriptingUtil.dylib
0x0000000006742000 	/System/Library/Frameworks/CoreServices.framework/Versions/A/Frameworks/FSEvents.framework/Versions/A/FSEvents
0x0000000006742000 	/System/Library/Frameworks/CoreServices.framework/Versions/A/Frameworks/CarbonCore.framework/Versions/A/CarbonCore
0x0000000006742000 	/System/Library/Frameworks/CoreServices.framework/Versions/A/Frameworks/Metadata.framework/Versions/A/Metadata
0x0000000006742000 	/System/Library/Frameworks/CoreServices.framework/Versions/A/Frameworks/OSServices.framework/Versions/A/OSServices
0x0000000006742000 	/System/Library/Frameworks/CoreServices.framework/Versions/A/Frameworks/SearchKit.framework/Versions/A/SearchKit
0x0000000006742000 	/System/Library/Frameworks/CoreServices.framework/Versions/A/Frameworks/AE.framework/Versions/A/AE
0x0000000006742000 	/System/Library/Frameworks/CoreServices.framework/Versions/A/Frameworks/LaunchServices.framework/Versions/A/LaunchServices
0x0000000006742000 	/System/Library/Frameworks/CoreServices.framework/Versions/A/Frameworks/DictionaryServices.framework/Versions/A/DictionaryServices
0x0000000006742000 	/System/Library/Frameworks/NetFS.framework/Versions/A/NetFS
0x0000000006742000 	/System/Library/PrivateFrameworks/NetAuth.framework/Versions/A/NetAuth
0x0000000006742000 	/System/Library/PrivateFrameworks/login.framework/Versions/A/Frameworks/loginsupport.framework/Versions/A/loginsupport
0x0000000006742000 	/System/Library/PrivateFrameworks/TCC.framework/Versions/A/TCC
0x0000000006742000 	/usr/lib/libmecabra.dylib
0x0000000006742000 	/System/Library/Frameworks/ApplicationServices.framework/Versions/A/Frameworks/ATS.framework/Versions/A/ATS
0x0000000006742000 	/System/Library/Frameworks/ApplicationServices.framework/Versions/A/Frameworks/ColorSync.framework/Versions/A/ColorSync
0x0000000006742000 	/System/Library/Frameworks/ApplicationServices.framework/Versions/A/Frameworks/HIServices.framework/Versions/A/HIServices
0x0000000006742000 	/System/Library/Frameworks/ApplicationServices.framework/Versions/A/Frameworks/LangAnalysis.framework/Versions/A/LangAnalysis
0x0000000006742000 	/System/Library/Frameworks/ApplicationServices.framework/Versions/A/Frameworks/PrintCore.framework/Versions/A/PrintCore
0x0000000006742000 	/System/Library/Frameworks/ApplicationServices.framework/Versions/A/Frameworks/QD.framework/Versions/A/QD
0x0000000006742000 	/System/Library/Frameworks/ApplicationServices.framework/Versions/A/Frameworks/SpeechSynthesis.framework/Versions/A/SpeechSynthesis
0x0000000006742000 	/System/Library/Frameworks/Accelerate.framework/Versions/A/Accelerate
0x0000000006742000 	/System/Library/Frameworks/Accelerate.framework/Versions/A/Frameworks/vImage.framework/Versions/A/vImage
0x0000000006742000 	/System/Library/Frameworks/Accelerate.framework/Versions/A/Frameworks/vecLib.framework/Versions/A/vecLib
0x0000000006742000 	/System/Library/Frameworks/Accelerate.framework/Versions/A/Frameworks/vecLib.framework/Versions/A/libvDSP.dylib
0x0000000006742000 	/System/Library/Frameworks/Accelerate.framework/Versions/A/Frameworks/vecLib.framework/Versions/A/libvMisc.dylib
0x0000000006742000 	/System/Library/Frameworks/Accelerate.framework/Versions/A/Frameworks/vecLib.framework/Versions/A/libLAPACK.dylib
0x0000000006742000 	/System/Library/Frameworks/Accelerate.framework/Versions/A/Frameworks/vecLib.framework/Versions/A/libBLAS.dylib
0x0000000006742000 	/System/Library/Frameworks/Accelerate.framework/Versions/A/Frameworks/vecLib.framework/Versions/A/libLinearAlgebra.dylib
0x0000000006742000 	/System/Library/Frameworks/ApplicationServices.framework/Versions/A/Frameworks/ATS.framework/Versions/A/Resources/libFontParser.dylib
0x0000000006742000 	/System/Library/Frameworks/ApplicationServices.framework/Versions/A/Frameworks/ATS.framework/Versions/A/Resources/libFontRegistry.dylib
0x0000000006742000 	/System/Library/PrivateFrameworks/AppleVPA.framework/Versions/A/AppleVPA
0x0000000006742000 	/System/Library/PrivateFrameworks/AppleJPEG.framework/Versions/A/AppleJPEG
0x0000000006742000 	/System/Library/Frameworks/ImageIO.framework/Versions/A/Resources/libJPEG.dylib
0x0000000006742000 	/System/Library/Frameworks/ImageIO.framework/Versions/A/Resources/libTIFF.dylib
0x0000000006742000 	/System/Library/Frameworks/ImageIO.framework/Versions/A/Resources/libPng.dylib
0x0000000006742000 	/System/Library/Frameworks/ImageIO.framework/Versions/A/Resources/libGIF.dylib
0x0000000006742000 	/System/Library/Frameworks/ImageIO.framework/Versions/A/Resources/libJP2.dylib
0x0000000006742000 	/System/Library/Frameworks/ImageIO.framework/Versions/A/Resources/libRadiance.dylib
0x0000000006742000 	/System/Library/Frameworks/CoreVideo.framework/Versions/A/CoreVideo
0x0000000006742000 	/System/Library/Frameworks/OpenGL.framework/Versions/A/Libraries/libGLU.dylib
0x0000000006742000 	/System/Library/Frameworks/OpenGL.framework/Versions/A/Libraries/libGFXShared.dylib
0x0000000006742000 	/System/Library/Frameworks/OpenGL.framework/Versions/A/Libraries/libGL.dylib
0x0000000006742000 	/System/Library/Frameworks/OpenGL.framework/Versions/A/Libraries/libGLImage.dylib
0x0000000006742000 	/System/Library/Frameworks/OpenGL.framework/Versions/A/Libraries/libCVMSPluginSupport.dylib
0x0000000006742000 	/System/Library/Frameworks/OpenGL.framework/Versions/A/Libraries/libCoreVMClient.dylib
0x0000000006742000 	/usr/lib/libcups.2.dylib
0x0000000006742000 	/System/Library/Frameworks/Kerberos.framework/Versions/A/Kerberos
0x0000000006742000 	/System/Library/Frameworks/GSS.framework/Versions/A/GSS
0x0000000006742000 	/usr/lib/libresolv.9.dylib
0x0000000006742000 	/usr/lib/libiconv.2.dylib
0x0000000006742000 	/System/Library/PrivateFrameworks/Heimdal.framework/Versions/A/Heimdal
0x0000000006742000 	/usr/lib/libheimdal-asn1.dylib
0x0000000006742000 	/System/Library/Frameworks/OpenDirectory.framework/Versions/A/OpenDirectory
0x0000000006742000 	/System/Library/PrivateFrameworks/CommonAuth.framework/Versions/A/CommonAuth
0x0000000006742000 	/System/Library/Frameworks/OpenDirectory.framework/Versions/A/Frameworks/CFOpenDirectory.framework/Versions/A/CFOpenDirectory
0x0000000006742000 	/System/Library/Frameworks/SecurityFoundation.framework/Versions/A/SecurityFoundation
0x0000000006742000 	/System/Library/PrivateFrameworks/LanguageModeling.framework/Versions/A/LanguageModeling
0x0000000006742000 	/usr/lib/libcmph.dylib
0x0000000006742000 	/System/Library/Frameworks/ServiceManagement.framework/Versions/A/ServiceManagement
0x0000000006742000 	/usr/lib/libxslt.1.dylib
0x0000000006742000 	/System/Library/Frameworks/Carbon.framework/Versions/A/Frameworks/Ink.framework/Versions/A/Ink
0x0000000006742000 	/System/Library/Frameworks/QuartzCore.framework/Versions/A/Frameworks/CoreImage.framework/Versions/A/CoreImage
0x0000000006742000 	/System/Library/PrivateFrameworks/CrashReporterSupport.framework/Versions/A/CrashReporterSupport
0x0000000006742000 	/System/Library/Frameworks/OpenCL.framework/Versions/A/OpenCL
0x0000000006742000 	/System/Library/PrivateFrameworks/FaceCore.framework/Versions/A/FaceCore
0x0000000006742000 	/System/Library/PrivateFrameworks/Ubiquity.framework/Versions/A/Ubiquity
0x0000000006742000 	/System/Library/PrivateFrameworks/IconServices.framework/Versions/A/IconServices
0x0000000006742000 	/System/Library/PrivateFrameworks/ChunkingLibrary.framework/Versions/A/ChunkingLibrary
0x0000000006742000 	/System/Library/PrivateFrameworks/Apple80211.framework/Versions/A/Apple80211
0x0000000006742000 	/System/Library/Frameworks/CoreWLAN.framework/Versions/A/CoreWLAN
0x0000000006742000 	/System/Library/Frameworks/IOBluetooth.framework/Versions/A/IOBluetooth
0x0000000006742000 	/System/Library/PrivateFrameworks/CoreWiFi.framework/Versions/A/CoreWiFi
0x0000000006742000 	/System/Library/Frameworks/CoreBluetooth.framework/Versions/A/CoreBluetooth
0x0000000006742000 	/System/Library/PrivateFrameworks/DebugSymbols.framework/Versions/A/DebugSymbols
0x0000000006742000 	/System/Library/PrivateFrameworks/CoreSymbolication.framework/Versions/A/CoreSymbolication
0x0000000006742000 	/System/Library/PrivateFrameworks/Symbolication.framework/Versions/A/Symbolication
0x0000000006742000 	/System/Library/PrivateFrameworks/SpeechRecognitionCore.framework/Versions/A/SpeechRecognitionCore
0x0000000106048000 	/Library/Java/JavaVirtualMachines/jdk1.8.0_40.jdk/Contents/Home/jre/lib/server/libjvm.dylib
0x0000000006742000 	/usr/lib/libstdc++.6.dylib
0x0000000106fc8000 	/Library/Java/JavaVirtualMachines/jdk1.8.0_40.jdk/Contents/Home/jre/lib/libverify.dylib
0x0000000107503000 	/Library/Java/JavaVirtualMachines/jdk1.8.0_40.jdk/Contents/Home/jre/lib/libjava.dylib
0x0000000106fe0000 	/Library/Java/JavaVirtualMachines/jdk1.8.0_40.jdk/Contents/Home/jre/lib/libzip.dylib
0x000000011a7ec000 	/System/Library/Frameworks/JavaVM.framework/Frameworks/JavaRuntimeSupport.framework/JavaRuntimeSupport
0x000000011a804000 	/System/Library/Frameworks/JavaVM.framework/Versions/A/Frameworks/JavaNativeFoundation.framework/Versions/A/JavaNativeFoundation
0x000000011a819000 	/System/Library/Frameworks/JavaVM.framework/Versions/A/JavaVM
0x0000000006742000 	/System/Library/Frameworks/Carbon.framework/Versions/A/Carbon
0x000000011a826000 	/System/Library/PrivateFrameworks/JavaLaunching.framework/Versions/A/JavaLaunching
0x0000000006742000 	/System/Library/Frameworks/Carbon.framework/Versions/A/Frameworks/CommonPanels.framework/Versions/A/CommonPanels
0x0000000006742000 	/System/Library/Frameworks/Carbon.framework/Versions/A/Frameworks/Help.framework/Versions/A/Help
0x0000000006742000 	/System/Library/Frameworks/Carbon.framework/Versions/A/Frameworks/ImageCapture.framework/Versions/A/ImageCapture
0x0000000006742000 	/System/Library/Frameworks/Carbon.framework/Versions/A/Frameworks/OpenScripting.framework/Versions/A/OpenScripting
0x0000000006742000 	/System/Library/Frameworks/Carbon.framework/Versions/A/Frameworks/Print.framework/Versions/A/Print
0x0000000006742000 	/System/Library/Frameworks/Carbon.framework/Versions/A/Frameworks/SecurityHI.framework/Versions/A/SecurityHI
0x000000011c692000 	/Library/Java/JavaVirtualMachines/jdk1.8.0_40.jdk/Contents/Home/jre/lib/libprism_es2.dylib
0x0000000006742000 	/System/Library/Frameworks/OpenGL.framework/Versions/A/Resources/GLEngine.bundle/GLEngine
0x0000000006742000 	/System/Library/Frameworks/OpenGL.framework/Versions/A/Libraries/libGLProgrammability.dylib
0x0000000000000000 	/System/Library/Extensions/GeForceTeslaGLDriver.bundle/Contents/MacOS/GeForceTeslaGLDriver
0x000000011c710000 	/System/Library/Extensions/GeForceTeslaGLDriver.bundle/Contents/MacOS/libclh.dylib
0x000000011cf57000 	/System/Library/PrivateFrameworks/GPUSupport.framework/Versions/A/Libraries/libGPUSupport.dylib
0x0000000006742000 	/System/Library/Frameworks/OpenGL.framework/Versions/A/Resources/GLRendererFloat.bundle/GLRendererFloat
0x0000000006742000 	/System/Library/Frameworks/OpenCL.framework/Versions/A/Libraries/libcldcpuengine.dylib
0x0000000006742000 	/System/Library/PrivateFrameworks/DiskImages.framework/Versions/A/DiskImages
0x0000000006742000 	/System/Library/Frameworks/DiscRecording.framework/Versions/A/DiscRecording
0x0000000006742000 	/usr/lib/libcsfde.dylib
0x0000000006742000 	/usr/lib/libcurl.4.dylib
0x0000000006742000 	/System/Library/PrivateFrameworks/MediaKit.framework/Versions/A/MediaKit
0x0000000006742000 	/System/Library/PrivateFrameworks/ProtectedCloudStorage.framework/Versions/A/ProtectedCloudStorage
0x0000000006742000 	/usr/lib/libCoreStorage.dylib
0x0000000006742000 	/System/Library/PrivateFrameworks/EFILogin.framework/Versions/A/EFILogin
0x0000000006742000 	/usr/lib/libutil.dylib
0x0000000006742000 	/System/Library/PrivateFrameworks/FindMyDevice.framework/Versions/A/FindMyDevice
0x0000000006742000 	/System/Library/Frameworks/LDAP.framework/Versions/A/LDAP
0x0000000006742000 	/usr/lib/libsasl2.2.dylib
0x0000000006742000 	/System/Library/PrivateFrameworks/CoreDaemon.framework/Versions/B/CoreDaemon
0x0000000006742000 	/usr/lib/libcrypto.0.9.8.dylib
0x0000000006742000 	/System/Library/PrivateFrameworks/AppleSRP.framework/Versions/A/AppleSRP
0x0000000006742000 	/System/Library/PrivateFrameworks/TrustEvaluationAgent.framework/Versions/A/TrustEvaluationAgent
0x000000011d0a7000 	/Library/Java/JavaVirtualMachines/jdk1.8.0_40.jdk/Contents/Home/jre/lib/libglass.dylib
0x0000000006742000 	/System/Library/PrivateFrameworks/CoreServicesInternal.framework/Versions/A/CoreServicesInternal
0x0000000006742000 	/System/Library/PrivateFrameworks/CloudDocs.framework/Versions/A/CloudDocs
0x0000000006742000 	/System/Library/PrivateFrameworks/CoreDuet.framework/Versions/A/CoreDuet
0x0000000006742000 	/System/Library/Frameworks/CloudKit.framework/Versions/A/CloudKit
0x0000000006742000 	/System/Library/PrivateFrameworks/ProtocolBuffer.framework/Versions/A/ProtocolBuffer
0x0000000006742000 	/System/Library/PrivateFrameworks/CoreDuetDaemonProtocol.framework/Versions/A/CoreDuetDaemonProtocol
0x0000000006742000 	/System/Library/PrivateFrameworks/CoreDuetDebugLogging.framework/Versions/A/CoreDuetDebugLogging
0x0000000006742000 	/System/Library/Frameworks/CoreLocation.framework/Versions/A/CoreLocation
0x0000000006742000 	/System/Library/Frameworks/Accounts.framework/Versions/A/Accounts
0x0000000006742000 	/System/Library/PrivateFrameworks/ApplePushService.framework/Versions/A/ApplePushService
0x0000000006742000 	/System/Library/PrivateFrameworks/GeoServices.framework/Versions/A/GeoServices
0x0000000006742000 	/System/Library/PrivateFrameworks/OAuth.framework/Versions/A/OAuth
0x0000000006742000 	/System/Library/Frameworks/CoreGraphics.framework/Versions/A/Resources/libCGCMS.A.dylib
0x0000000006742000 	/System/Library/CoreServices/RawCamera.bundle/Contents/MacOS/RawCamera
0x0000000006742000 	/System/Library/Frameworks/CoreGraphics.framework/Versions/A/Resources/libRIP.A.dylib
0x0000000006742000 	/System/Library/PrivateFrameworks/FamilyControls.framework/Versions/A/FamilyControls
0x0000000006742000 	/System/Library/PrivateFrameworks/CommerceKit.framework/Versions/A/Frameworks/CommerceCore.framework/Versions/A/CommerceCore
0x0000000006742000 	/System/Library/PrivateFrameworks/SystemAdministration.framework/Versions/A/SystemAdministration
0x0000000006742000 	/System/Library/PrivateFrameworks/AppContainer.framework/Versions/A/AppContainer
0x0000000006742000 	/System/Library/PrivateFrameworks/SecCodeWrapper.framework/Versions/A/SecCodeWrapper
0x0000000006742000 	/System/Library/Frameworks/DirectoryService.framework/Versions/A/DirectoryService
0x0000000006742000 	/System/Library/PrivateFrameworks/LoginUIKit.framework/Versions/A/Frameworks/LoginUICore.framework/Versions/A/LoginUICore
0x0000000006742000 	/usr/lib/libodfde.dylib
0x0000000120b71000 	/Library/Java/JavaVirtualMachines/jdk1.8.0_40.jdk/Contents/Home/jre/lib/libnet.dylib
0x000000011eabf000 	/Library/Java/JavaVirtualMachines/jdk1.8.0_40.jdk/Contents/Home/jre/lib/libnio.dylib
0x000000011a8b9000 	/Library/Java/JavaVirtualMachines/jdk1.8.0_40.jdk/Contents/Home/jre/lib/libsunec.dylib
0x000000011a8e1000 	/Library/Java/JavaVirtualMachines/jdk1.8.0_40.jdk/Contents/Home/jre/lib/libjavafx_font.dylib
0x0000000006742000 	/System/Library/Frameworks/CoreGraphics.framework/Versions/A/Resources/libCGXType.A.dylib
0x0000000120769000 	cl_kernels
0x000000012471f000 	/System/Library/Frameworks/OpenCL.framework/Versions/A/Libraries/ImageFormats/unorm8_bgra.dylib
0x000000012076d000 	cl_kernels
0x000000012078e000 	/Library/Java/JavaVirtualMachines/jdk1.8.0_40.jdk/Contents/Home/jre/lib/libprism_common.dylib

VM Arguments:
jvm_args: -Dfile.encoding=UTF-8 
java_command: VIEW.View
java_class_path (initial): /Users/idinter/Desktop/workspace/SBOBETCLI/bin:/Users/idinter/Desktop/workspace/SBOBETCLI/selenium-java-2.45.0.jar:/Users/idinter/Desktop/workspace/SBOBETCLI/selenium-server-standalone-2.45.0.jar
Launcher Type: SUN_STANDARD

Environment Variables:
PATH=/usr/bin:/bin:/usr/sbin:/sbin
SHELL=/bin/bash
DISPLAY=/private/tmp/com.apple.launchd.Mo0vDy7GK6/org.macosforge.xquartz:0

Signal Handlers:
SIGSEGV: [libjvm.dylib+0x58ef95], sa_mask[0]=11111111011111110111111111111111, sa_flags=SA_ONSTACK|SA_RESTART|SA_SIGINFO
SIGBUS: [libjvm.dylib+0x58ef95], sa_mask[0]=11111111011111110111111111111111, sa_flags=SA_RESTART|SA_SIGINFO
SIGFPE: [libjvm.dylib+0x46c118], sa_mask[0]=11111111011111110111111111111111, sa_flags=SA_RESTART|SA_SIGINFO
SIGPIPE: [libjvm.dylib+0x46c118], sa_mask[0]=11111111011111110111111111111111, sa_flags=SA_RESTART|SA_SIGINFO
SIGXFSZ: [libjvm.dylib+0x46c118], sa_mask[0]=11111111011111110111111111111111, sa_flags=SA_RESTART|SA_SIGINFO
SIGILL: [libjvm.dylib+0x46c118], sa_mask[0]=11111111011111110111111111111111, sa_flags=SA_RESTART|SA_SIGINFO
SIGUSR1: SIG_DFL, sa_mask[0]=00000000000000000000000000000000, sa_flags=none
SIGUSR2: [libjvm.dylib+0x46bc36], sa_mask[0]=00100000000000000000000000000000, sa_flags=SA_RESTART|SA_SIGINFO
SIGHUP: [libjvm.dylib+0x46a209], sa_mask[0]=11111111011111110111111111111111, sa_flags=SA_RESTART|SA_SIGINFO
SIGINT: [libjvm.dylib+0x46a209], sa_mask[0]=11111111011111110111111111111111, sa_flags=SA_RESTART|SA_SIGINFO
SIGTERM: [libjvm.dylib+0x46a209], sa_mask[0]=11111111011111110111111111111111, sa_flags=SA_RESTART|SA_SIGINFO
SIGQUIT: [libjvm.dylib+0x46a209], sa_mask[0]=11111111011111110111111111111111, sa_flags=SA_RESTART|SA_SIGINFO


---------------  S Y S T E M  ---------------

OS:Bsduname:Darwin 14.1.0 Darwin Kernel Version 14.1.0: Thu Feb 26 19:26:47 PST 2015; root:xnu-2782.10.73~1/RELEASE_X86_64 x86_64
rlimit: STACK 8192k, CORE 0k, NPROC 709, NOFILE 10240, AS infinity
load average:2.21 2.01 1.80

CPU:total 2 (2 cores per cpu, 1 threads per core) family 6 model 23 stepping 10, cmov, cx8, fxsr, mmx, sse, sse2, sse3, ssse3, sse4.1, tsc

Memory: 4k page, physical 4194304k(1619968k free)

/proc/meminfo:


vm_info: Java HotSpot(TM) 64-Bit Server VM (25.40-b25) for bsd-amd64 JRE (1.8.0_40-b27), built on Mar 13 2015 04:46:52 by "java_re" with gcc 4.2.1 (Based on Apple Inc. build 5658) (LLVM build 2336.11.00)

time: Fri Jul 17 15:06:22 2015
elapsed time: 89 seconds (0d 0h 1m 29s)

