#
# A fatal error has been detected by the Java Runtime Environment:
#
#  SIGSEGV (0xb) at pc=0x000000010a964ae6, pid=2285, tid=1811
#
# JRE version: Java(TM) SE Runtime Environment (8.0_40-b27) (build 1.8.0_40-b27)
# Java VM: Java HotSpot(TM) 64-Bit Server VM (25.40-b25 mixed mode bsd-amd64 compressed oops)
# Problematic frame:
# V  [libjvm.dylib+0x164ae6]
#
# Failed to write core dump. Core dumps have been disabled. To enable core dumping, try "ulimit -c unlimited" before starting Java again
#
# If you would like to submit a bug report, please visit:
#   http://bugreport.java.com/bugreport/crash.jsp
#

---------------  T H R E A D  ---------------

Current thread is native thread

siginfo: si_signo: 11 (SIGSEGV), si_code: 1 (SEGV_MAPERR), si_addr: 0x0000000000000270

Registers:
RAX=0x0000000000000000, RBX=0x0000000000000000, RCX=0x000000010ab06475, RDX=0x00007ff179acd9f8
RSP=0x00007fff55a1f0e0, RBP=0x00007fff55a1f0f0, RSI=0x0000000000000006, RDI=0x00007fff55a1f130
R8 =0x0000000000000106, R9 =0x0000000000000000, R10=0x00007ff17d9d9790, R11=0x000000019ecb0b58
R12=0x00007ff179acd9f8, R13=0x00007ff17b658c50, R14=0x00007ff179acd9f8, R15=0x0000000000000000
RIP=0x000000010a964ae6, EFLAGS=0x0000000000010246, ERR=0x0000000000000006
  TRAPNO=0x000000000000000e

Top of Stack: (sp=0x00007fff55a1f0e0)
0x00007fff55a1f0e0:   00007ff17d87fa80 00007ff179acd9f8
0x00007fff55a1f0f0:   00007fff55a1f150 000000010ab064a5
0x00007fff55a1f100:   00007fff72c0e070 0000000000000000
0x00007fff55a1f110:   00007ff17ce32000 00007ff17b5a2340
0x00007fff55a1f120:   00007fff55a1f150 000000019ecc9769
0x00007fff55a1f130:   0000000000000000 00007ff17d82b7f0
0x00007fff55a1f140:   00007ff17ce32000 00007ff17b5a2340
0x00007fff55a1f150:   00007fff55a1f1b0 00000001a9e2da4f
0x00007fff55a1f160:   00007fff72c0e070 0000000000000000
0x00007fff55a1f170:   40f32c176ea15366 0000000000000004
0x00007fff55a1f180:   00007fff55a1f1b0 00007fff8351c0c0
0x00007fff55a1f190:   0000000000000000 00007ff17b658c50
0x00007fff55a1f1a0:   00007ff17b5a2340 0000000000000004
0x00007fff55a1f1b0:   00007fff55a1f220 00007fff83160367
0x00007fff55a1f1c0:   00007fff55a1f200 00000001a1ecb940
0x00007fff55a1f1d0:   0000000000000000 00007ff17ce32000
0x00007fff55a1f1e0:   00007ff17b5a2340 0000000000000000
0x00007fff55a1f1f0:   40f32c176ea15366 00007ff17b5a2340
0x00007fff55a1f200:   00007fff8351c0c0 0000000000000018
0x00007fff55a1f210:   0000000000000004 0000000000000000
0x00007fff55a1f220:   00007fff55a1f2a0 00007fff8315ff31
0x00007fff55a1f230:   000186a6000008ed 3ff0000000000000
0x00007fff55a1f240:   4070600000000000 4062200000000000
0x00007fff55a1f250:   0000000000000000 0000000000000000
0x00007fff55a1f260:   4070600000000000 4062200000000000
0x00007fff55a1f270:   000000015d571838 00007fff55a1f380
0x00007fff55a1f280:   00000001a5470928 00007fff8d704f05
0x00007fff55a1f290:   0000000000000001 00000001a5470880
0x00007fff55a1f2a0:   00007fff55a20380 00007fff83113381
0x00007fff55a1f2b0:   00007fff55a20380 00007fff83113243
0x00007fff55a1f2c0:   00007fff55a20380 00007fff83112cda
0x00007fff55a1f2d0:   00000001a5470928 00000001a5470928 

Instructions: (pc=0x000000010a964ae6)
0x000000010a964ac6:   0e 48 8b 0b 49 8b 56 18 48 63 c0 48 89 0c c2 5b
0x000000010a964ad6:   41 5e 5d c3 90 90 55 48 89 e5 41 56 53 48 8b 1f
0x000000010a964ae6:   c7 83 70 02 00 00 05 00 00 00 48 8d 05 41 d2 75
0x000000010a964af6:   00 8b 00 83 f8 01 41 89 f6 75 0c 48 8d 0d 8e 39 

Register to memory mapping:

RAX=0x0000000000000000 is an unknown value
RBX=0x0000000000000000 is an unknown value
RCX=0x000000010ab06475: jni_NewLocalRef+0 in /Library/Java/JavaVirtualMachines/jdk1.8.0_40.jdk/Contents/Home/jre/lib/server/libjvm.dylib at 0x000000010a800000
RDX=0x00007ff179acd9f8 is an unknown value
RSP=0x00007fff55a1f0e0 is an unknown value
RBP=0x00007fff55a1f0f0 is an unknown value
RSI=0x0000000000000006 is an unknown value
RDI=0x00007fff55a1f130 is an unknown value
R8 =0x0000000000000106 is an unknown value
R9 =0x0000000000000000 is an unknown value
R10=0x00007ff17d9d9790 is an unknown value
R11=0x000000019ecb0b58: OBJC_CLASS_$_JNFJObjectWrapper+0 in /System/Library/Frameworks/JavaVM.framework/Versions/A/Frameworks/JavaNativeFoundation.framework/Versions/A/JavaNativeFoundation at 0x000000019eca4000
R12=0x00007ff179acd9f8 is an unknown value
R13=0x00007ff17b658c50 is an unknown value
R14=0x00007ff179acd9f8 is an unknown value
R15=0x0000000000000000 is an unknown value


Stack: [0x00007fff55223000,0x00007fff55a23000],  sp=0x00007fff55a1f0e0,  free space=8176k
Native frames: (J=compiled Java code, j=interpreted, Vv=VM code, C=native code)
V  [libjvm.dylib+0x164ae6]
V  [libjvm.dylib+0x3064a5]
C  [libawt_lwawt.dylib+0x19a4f]  -[CGLLayer drawInCGLContext:pixelFormat:forLayerTime:displayTime:]+0xee
C  [QuartzCore+0x61367]  _ZL17CAOpenGLLayerDrawP13CAOpenGLLayerdPK11CVTimeStampj+0x2b6
C  [QuartzCore+0x60f31]  -[CAOpenGLLayer _display]+0x183
C  [QuartzCore+0x14381]  _ZN2CA5Layer17display_if_neededEPNS_11TransactionE+0x25b
C  [QuartzCore+0x13abd]  _ZN2CA5Layer28layout_and_display_if_neededEPNS_11TransactionE+0x23
C  [QuartzCore+0x1324e]  _ZN2CA7Context18commit_transactionEPNS_11TransactionE+0xf2
C  [QuartzCore+0x12ea4]  _ZN2CA11Transaction6commitEv+0x186
C  [QuartzCore+0x23cad]  _ZN2CA11Transaction17observer_callbackEP19__CFRunLoopObservermPv+0x47
C  [CoreFoundation+0x7fda7]  __CFRUNLOOP_IS_CALLING_OUT_TO_AN_OBSERVER_CALLBACK_FUNCTION__+0x17
C  [CoreFoundation+0x7fd00]  __CFRunLoopDoObservers+0x170
C  [CoreFoundation+0x71f3a]  __CFRunLoopRun+0x49a
C  [CoreFoundation+0x71858]  CFRunLoopRunSpecific+0x128
C  [java+0x6490]  CreateExecutionEnvironment+0x367
C  [java+0x221c]  JLI_Launch+0x7a0
C  [java+0x84ed]  main+0x65
C  [java+0x1a74]  start+0x34


---------------  P R O C E S S  ---------------

VM state:not at safepoint (normal execution)

VM Mutex/Monitor currently owned by a thread: None

Heap:
 PSYoungGen      total 44032K, used 39196K [0x0000000145900000, 0x0000000149500000, 0x000000015ae00000)
  eden space 32768K, 85% used [0x0000000145900000,0x00000001474470d8,0x0000000147900000)
  from space 11264K, 100% used [0x0000000147980000,0x0000000148480000,0x0000000148480000)
  to   space 14336K, 0% used [0x0000000148700000,0x0000000148700000,0x0000000149500000)
 ParOldGen       total 33280K, used 16409K [0x000000011ae00000, 0x000000011ce80000, 0x0000000145900000)
  object space 33280K, 49% used [0x000000011ae00000,0x000000011be06780,0x000000011ce80000)
 Metaspace       used 29967K, capacity 31470K, committed 31872K, reserved 1077248K
  class space    used 4044K, capacity 4363K, committed 4480K, reserved 1048576K

Card table byte_map: [0x000000015ae00000,0x000000015b001000] byte_map_base: 0x000000015a529000

Marking Bits: (ParMarkBitMap*) 0x000000010b0c27a0
 Begin Bits: [0x000000015b35d000, 0x000000015c35d000)
 End Bits:   [0x000000015c35d000, 0x000000015d35d000)

Polling page: 0x000000010a3f6000

CodeCache: size=245760Kb used=17389Kb max_used=17398Kb free=228370Kb
 bounds [0x000000010b7b5000, 0x000000010c8d5000, 0x000000011a7b5000]
 total_blobs=6246 nmethods=5397 adapters=763
 compilation: enabled

Compilation events (10 events):
Event: 361.278 Thread 0x00007ff17906f800 6360       4       com.sun.javafx.event.EventRedirector::dispatchCapturingEvent (52 bytes)
Event: 361.282 Thread 0x00007ff17906f800 nmethod 6360 0x000000010c8b6e50 code [0x000000010c8b7000, 0x000000010c8b7270]
Event: 363.858 Thread 0x00007ff17905c800 6361       3       javafx.scene.Scene::getFocusOwner (11 bytes)
Event: 363.859 Thread 0x00007ff17905c800 nmethod 6361 0x000000010bf8e1d0 code [0x000000010bf8e360, 0x000000010bf8e7a8]
Event: 364.190 Thread 0x00007ff17906f800 6362       4       jdk.internal.org.objectweb.asm.ByteVector::put12 (64 bytes)
Event: 364.196 Thread 0x00007ff17906f800 nmethod 6362 0x000000010c892350 code [0x000000010c8924a0, 0x000000010c892778]
Event: 364.199 Thread 0x00007ff17905c800 6363   !   3       javax.swing.JComponent::putClientProperty (107 bytes)
Event: 364.201 Thread 0x00007ff17905c800 nmethod 6363 0x000000010bfa0f50 code [0x000000010bfa1140, 0x000000010bfa1b98]
Event: 364.204 Thread 0x00007ff17905c800 6364       1       java.lang.ref.Reference::clear (6 bytes)
Event: 364.204 Thread 0x00007ff17905c800 nmethod 6364 0x000000010c148c50 code [0x000000010c148da0, 0x000000010c148ed0]

GC Heap History (10 events):
Event: 38.231 GC heap before
{Heap before GC invocations=6 (full 1):
 PSYoungGen      total 18944K, used 16384K [0x0000000145900000, 0x0000000147e00000, 0x000000015ae00000)
  eden space 16384K, 100% used [0x0000000145900000,0x0000000146900000,0x0000000146900000)
  from space 2560K, 0% used [0x0000000146b80000,0x0000000146b80000,0x0000000146e00000)
  to   space 2560K, 0% used [0x0000000146900000,0x0000000146900000,0x0000000146b80000)
 ParOldGen       total 33280K, used 7235K [0x000000011ae00000, 0x000000011ce80000, 0x0000000145900000)
  object space 33280K, 21% used [0x000000011ae00000,0x000000011b510c60,0x000000011ce80000)
 Metaspace       used 22055K, capacity 23370K, committed 23552K, reserved 1069056K
  class space    used 3173K, capacity 3457K, committed 3584K, reserved 1048576K
Event: 38.241 GC heap after
Heap after GC invocations=6 (full 1):
 PSYoungGen      total 18944K, used 1552K [0x0000000145900000, 0x0000000147e00000, 0x000000015ae00000)
  eden space 16384K, 0% used [0x0000000145900000,0x0000000145900000,0x0000000146900000)
  from space 2560K, 60% used [0x0000000146900000,0x0000000146a84010,0x0000000146b80000)
  to   space 6144K, 0% used [0x0000000147800000,0x0000000147800000,0x0000000147e00000)
 ParOldGen       total 33280K, used 9291K [0x000000011ae00000, 0x000000011ce80000, 0x0000000145900000)
  object space 33280K, 27% used [0x000000011ae00000,0x000000011b712c70,0x000000011ce80000)
 Metaspace       used 22055K, capacity 23370K, committed 23552K, reserved 1069056K
  class space    used 3173K, capacity 3457K, committed 3584K, reserved 1048576K
}
Event: 53.177 GC heap before
{Heap before GC invocations=7 (full 1):
 PSYoungGen      total 18944K, used 17936K [0x0000000145900000, 0x0000000147e00000, 0x000000015ae00000)
  eden space 16384K, 100% used [0x0000000145900000,0x0000000146900000,0x0000000146900000)
  from space 2560K, 60% used [0x0000000146900000,0x0000000146a84010,0x0000000146b80000)
  to   space 6144K, 0% used [0x0000000147800000,0x0000000147800000,0x0000000147e00000)
 ParOldGen       total 33280K, used 9291K [0x000000011ae00000, 0x000000011ce80000, 0x0000000145900000)
  object space 33280K, 27% used [0x000000011ae00000,0x000000011b712c70,0x000000011ce80000)
 Metaspace       used 22416K, capacity 23786K, committed 24064K, reserved 1069056K
  class space    used 3184K, capacity 3489K, committed 3584K, reserved 1048576K
Event: 53.201 GC heap after
Heap after GC invocations=7 (full 1):
 PSYoungGen      total 30720K, used 5216K [0x0000000145900000, 0x0000000147e00000, 0x000000015ae00000)
  eden space 24576K, 0% used [0x0000000145900000,0x0000000145900000,0x0000000147100000)
  from space 6144K, 84% used [0x0000000147800000,0x0000000147d18000,0x0000000147e00000)
  to   space 6656K, 0% used [0x0000000147100000,0x0000000147100000,0x0000000147780000)
 ParOldGen       total 33280K, used 9291K [0x000000011ae00000, 0x000000011ce80000, 0x0000000145900000)
  object space 33280K, 27% used [0x000000011ae00000,0x000000011b712c70,0x000000011ce80000)
 Metaspace       used 22416K, capacity 23786K, committed 24064K, reserved 1069056K
  class space    used 3184K, capacity 3489K, committed 3584K, reserved 1048576K
}
Event: 182.566 GC heap before
{Heap before GC invocations=8 (full 1):
 PSYoungGen      total 30720K, used 29792K [0x0000000145900000, 0x0000000147e00000, 0x000000015ae00000)
  eden space 24576K, 100% used [0x0000000145900000,0x0000000147100000,0x0000000147100000)
  from space 6144K, 84% used [0x0000000147800000,0x0000000147d18000,0x0000000147e00000)
  to   space 6656K, 0% used [0x0000000147100000,0x0000000147100000,0x0000000147780000)
 ParOldGen       total 33280K, used 9291K [0x000000011ae00000, 0x000000011ce80000, 0x0000000145900000)
  object space 33280K, 27% used [0x000000011ae00000,0x000000011b712c70,0x000000011ce80000)
 Metaspace       used 28704K, capacity 30160K, committed 30464K, reserved 1075200K
  class space    used 4002K, capacity 4302K, committed 4352K, reserved 1048576K
Event: 182.616 GC heap after
Heap after GC invocations=8 (full 1):
 PSYoungGen      total 31232K, used 6624K [0x0000000145900000, 0x0000000148d80000, 0x000000015ae00000)
  eden space 24576K, 0% used [0x0000000145900000,0x0000000145900000,0x0000000147100000)
  from space 6656K, 99% used [0x0000000147100000,0x0000000147778010,0x0000000147780000)
  to   space 9216K, 0% used [0x0000000148480000,0x0000000148480000,0x0000000148d80000)
 ParOldGen       total 33280K, used 12245K [0x000000011ae00000, 0x000000011ce80000, 0x0000000145900000)
  object space 33280K, 36% used [0x000000011ae00000,0x000000011b9f5740,0x000000011ce80000)
 Metaspace       used 28704K, capacity 30160K, committed 30464K, reserved 1075200K
  class space    used 4002K, capacity 4302K, committed 4352K, reserved 1048576K
}
Event: 227.890 GC heap before
{Heap before GC invocations=9 (full 1):
 PSYoungGen      total 31232K, used 31200K [0x0000000145900000, 0x0000000148d80000, 0x000000015ae00000)
  eden space 24576K, 100% used [0x0000000145900000,0x0000000147100000,0x0000000147100000)
  from space 6656K, 99% used [0x0000000147100000,0x0000000147778010,0x0000000147780000)
  to   space 9216K, 0% used [0x0000000148480000,0x0000000148480000,0x0000000148d80000)
 ParOldGen       total 33280K, used 12245K [0x000000011ae00000, 0x000000011ce80000, 0x0000000145900000)
  object space 33280K, 36% used [0x000000011ae00000,0x000000011b9f5740,0x000000011ce80000)
 Metaspace       used 29387K, capacity 30882K, committed 30976K, reserved 1075200K
  class space    used 4023K, capacity 4345K, committed 4352K, reserved 1048576K
Event: 227.945 GC heap after
Heap after GC invocations=9 (full 1):
 PSYoungGen      total 42496K, used 9184K [0x0000000145900000, 0x0000000149000000, 0x000000015ae00000)
  eden space 33280K, 0% used [0x0000000145900000,0x0000000145900000,0x0000000147980000)
  from space 9216K, 99% used [0x0000000148480000,0x0000000148d78010,0x0000000148d80000)
  to   space 11264K, 0% used [0x0000000147980000,0x0000000147980000,0x0000000148480000)
 ParOldGen       total 33280K, used 13885K [0x000000011ae00000, 0x000000011ce80000, 0x0000000145900000)
  object space 33280K, 41% used [0x000000011ae00000,0x000000011bb8f760,0x000000011ce80000)
 Metaspace       used 29387K, capacity 30882K, committed 30976K, reserved 1075200K
  class space    used 4023K, capacity 4345K, committed 4352K, reserved 1048576K
}
Event: 286.218 GC heap before
{Heap before GC invocations=10 (full 1):
 PSYoungGen      total 42496K, used 42464K [0x0000000145900000, 0x0000000149000000, 0x000000015ae00000)
  eden space 33280K, 100% used [0x0000000145900000,0x0000000147980000,0x0000000147980000)
  from space 9216K, 99% used [0x0000000148480000,0x0000000148d78010,0x0000000148d80000)
  to   space 11264K, 0% used [0x0000000147980000,0x0000000147980000,0x0000000148480000)
 ParOldGen       total 33280K, used 13885K [0x000000011ae00000, 0x000000011ce80000, 0x0000000145900000)
  object space 33280K, 41% used [0x000000011ae00000,0x000000011bb8f760,0x000000011ce80000)
 Metaspace       used 29895K, capacity 31374K, committed 31616K, reserved 1077248K
  class space    used 4038K, capacity 4355K, committed 4480K, reserved 1048576K
Event: 286.253 GC heap after
Heap after GC invocations=10 (full 1):
 PSYoungGen      total 44032K, used 11264K [0x0000000145900000, 0x0000000149500000, 0x000000015ae00000)
  eden space 32768K, 0% used [0x0000000145900000,0x0000000145900000,0x0000000147900000)
  from space 11264K, 100% used [0x0000000147980000,0x0000000148480000,0x0000000148480000)
  to   space 14336K, 0% used [0x0000000148700000,0x0000000148700000,0x0000000149500000)
 ParOldGen       total 33280K, used 16409K [0x000000011ae00000, 0x000000011ce80000, 0x0000000145900000)
  object space 33280K, 49% used [0x000000011ae00000,0x000000011be06780,0x000000011ce80000)
 Metaspace       used 29895K, capacity 31374K, committed 31616K, reserved 1077248K
  class space    used 4038K, capacity 4355K, committed 4480K, reserved 1048576K
}

Deoptimization events (10 events):
Event: 260.727 Thread 0x00007ff179acd800 Uncommon trap: reason=bimorphic action=maybe_recompile pc=0x000000010c58da0c method=java.util.AbstractCollection.addAll(Ljava/util/Collection;)Z @ 3
Event: 260.727 Thread 0x00007ff179acd800 Uncommon trap: reason=bimorphic action=maybe_recompile pc=0x000000010c58da0c method=java.util.AbstractCollection.addAll(Ljava/util/Collection;)Z @ 3
Event: 260.727 Thread 0x00007ff179acd800 Uncommon trap: reason=bimorphic action=maybe_recompile pc=0x000000010c58da0c method=java.util.AbstractCollection.addAll(Ljava/util/Collection;)Z @ 3
Event: 271.429 Thread 0x00007ff179acd800 Uncommon trap: reason=unstable_if action=reinterpret pc=0x000000010baafd7c method=javafx.scene.Node.impl_processCSS(Ljavafx/beans/value/WritableValue;)V @ 18
Event: 286.186 Thread 0x00007ff179acd800 Uncommon trap: reason=unstable_if action=reinterpret pc=0x000000010c5c2adc method=java.security.AccessControlContext.combine([Ljava/security/ProtectionDomain;[Ljava/security/ProtectionDomain;)[Ljava/security/ProtectionDomain; @ 162
Event: 286.190 Thread 0x00007ff179acd800 Uncommon trap: reason=unstable_if action=reinterpret pc=0x000000010b99c780 method=java.lang.StrictMath.floorOrCeil(DDDD)D @ 38
Event: 286.190 Thread 0x00007ff179acd800 Uncommon trap: reason=unstable_if action=reinterpret pc=0x000000010bef7680 method=java.lang.StrictMath.floorOrCeil(DDDD)D @ 38
Event: 360.320 Thread 0x00007ff179acd800 Uncommon trap: reason=predicate action=maybe_recompile pc=0x000000010ba816a0 method=java.util.AbstractCollection.toArray([Ljava/lang/Object;)[Ljava/lang/Object; @ 49
Event: 360.350 Thread 0x00007ff179acd800 Uncommon trap: reason=array_check action=maybe_recompile pc=0x000000010bc687ac method=java.util.AbstractCollection.toArray([Ljava/lang/Object;)[Ljava/lang/Object; @ 119
Event: 360.350 Thread 0x00007ff179acd800 Uncommon trap: reason=array_check action=maybe_recompile pc=0x000000010bc687ac method=java.util.AbstractCollection.toArray([Ljava/lang/Object;)[Ljava/lang/Object; @ 119

Internal exceptions (10 events):
Event: 69.156 Thread 0x00007ff179acd800 Implicit null exception at 0x000000010c2eae37 to 0x000000010c2ec5f5
Event: 77.734 Thread 0x00007ff179a24000 Implicit null exception at 0x000000010be3ec08 to 0x000000010be3ecd1
Event: 175.640 Thread 0x00007ff179a24000 Exception <a 'java/io/FileNotFoundException'> (0x0000000146ab8ea0) thrown at [/Users/java_re/workspace/8-2-build-macosx-x86_64/jdk8u40/3153/hotspot/src/share/vm/prims/jni.cpp, line 709]
Event: 175.640 Thread 0x00007ff179a24000 Exception <a 'java/io/FileNotFoundException'> (0x0000000146ab9968) thrown at [/Users/java_re/workspace/8-2-build-macosx-x86_64/jdk8u40/3153/hotspot/src/share/vm/prims/jni.cpp, line 709]
Event: 177.490 Thread 0x00007ff179a24000 Implicit null exception at 0x000000010bab9875 to 0x000000010bab9bdd
Event: 177.492 Thread 0x00007ff179a24000 Implicit null exception at 0x000000010ba098b3 to 0x000000010ba09c21
Event: 182.625 Thread 0x00007ff179839800 Exception <a 'java/lang/NullPointerException'> (0x0000000145986130) thrown at [/Users/java_re/workspace/8-2-build-macosx-x86_64/jdk8u40/3153/hotspot/src/share/vm/interpreter/linkResolver.cpp, line 1178]
Event: 182.625 Thread 0x00007ff179839800 Exception <a 'java/lang/NullPointerException'> (0x00000001459862e0) thrown at [/Users/java_re/workspace/8-2-build-macosx-x86_64/jdk8u40/3153/hotspot/src/share/vm/interpreter/linkResolver.cpp, line 1178]
Event: 208.148 Thread 0x00007ff17911a800 Implicit null exception at 0x000000010c439f89 to 0x000000010c43adc5
Event: 208.148 Thread 0x00007ff17911a800 Implicit null exception at 0x000000010bc74a41 to 0x000000010bc74c9d

Events (10 events):
Event: 364.238 loading class com/sun/javafx/tk/quantum/QuantumRenderer done
Event: 364.238 loading class com/sun/javafx/tk/quantum/QuantumToolkit
Event: 364.238 loading class com/sun/javafx/tk/quantum/QuantumToolkit done
Event: 364.238 Thread 0x00007ff17911a800 Thread exited: 0x00007ff17911a800
Event: 364.239 Executing VM operation: RevokeBias
Event: 364.239 Executing VM operation: RevokeBias done
Event: 364.239 Thread 0x00007ff17980a000 Thread exited: 0x00007ff17980a000
Event: 364.239 Thread 0x00007ff179acd800 Thread exited: 0x00007ff179acd800
Event: 364.239 Thread 0x00007ff17ce07000 Thread added: 0x00007ff17ce07000
Event: 364.239 Thread 0x00007ff1790d6000 Thread exited: 0x00007ff1790d6000


Dynamic libraries:
0x0000000002aea000 	/System/Library/Frameworks/Cocoa.framework/Versions/A/Cocoa
0x0000000002aea000 	/System/Library/Frameworks/Security.framework/Versions/A/Security
0x0000000002aea000 	/System/Library/Frameworks/ApplicationServices.framework/Versions/A/ApplicationServices
0x0000000002aea000 	/usr/lib/libz.1.dylib
0x0000000002aea000 	/usr/lib/libSystem.B.dylib
0x0000000002aea000 	/usr/lib/libobjc.A.dylib
0x0000000002aea000 	/System/Library/Frameworks/CoreFoundation.framework/Versions/A/CoreFoundation
0x0000000002aea000 	/System/Library/Frameworks/Foundation.framework/Versions/C/Foundation
0x0000000002aea000 	/System/Library/Frameworks/AppKit.framework/Versions/C/AppKit
0x0000000002aea000 	/System/Library/Frameworks/CoreData.framework/Versions/A/CoreData
0x0000000002aea000 	/System/Library/PrivateFrameworks/RemoteViewServices.framework/Versions/A/RemoteViewServices
0x0000000002aea000 	/System/Library/PrivateFrameworks/UIFoundation.framework/Versions/A/UIFoundation
0x0000000002aea000 	/System/Library/Frameworks/IOSurface.framework/Versions/A/IOSurface
0x0000000002aea000 	/System/Library/Frameworks/AudioToolbox.framework/Versions/A/AudioToolbox
0x0000000002aea000 	/System/Library/Frameworks/AudioUnit.framework/Versions/A/AudioUnit
0x0000000002aea000 	/System/Library/PrivateFrameworks/DataDetectorsCore.framework/Versions/A/DataDetectorsCore
0x0000000002aea000 	/System/Library/PrivateFrameworks/DesktopServicesPriv.framework/Versions/A/DesktopServicesPriv
0x0000000002aea000 	/System/Library/Frameworks/Carbon.framework/Versions/A/Frameworks/HIToolbox.framework/Versions/A/HIToolbox
0x0000000002aea000 	/System/Library/Frameworks/QuartzCore.framework/Versions/A/QuartzCore
0x0000000002aea000 	/System/Library/Frameworks/Carbon.framework/Versions/A/Frameworks/SpeechRecognition.framework/Versions/A/SpeechRecognition
0x0000000002aea000 	/usr/lib/libauto.dylib
0x0000000002aea000 	/usr/lib/libicucore.A.dylib
0x0000000002aea000 	/usr/lib/libxml2.2.dylib
0x0000000002aea000 	/System/Library/PrivateFrameworks/CoreUI.framework/Versions/A/CoreUI
0x0000000002aea000 	/System/Library/Frameworks/CoreAudio.framework/Versions/A/CoreAudio
0x0000000002aea000 	/System/Library/Frameworks/DiskArbitration.framework/Versions/A/DiskArbitration
0x0000000002aea000 	/usr/lib/liblangid.dylib
0x0000000002aea000 	/System/Library/PrivateFrameworks/MultitouchSupport.framework/Versions/A/MultitouchSupport
0x0000000002aea000 	/System/Library/Frameworks/IOKit.framework/Versions/A/IOKit
0x0000000002aea000 	/usr/lib/libDiagnosticMessagesClient.dylib
0x0000000002aea000 	/System/Library/Frameworks/CoreServices.framework/Versions/A/CoreServices
0x0000000002aea000 	/System/Library/PrivateFrameworks/PerformanceAnalysis.framework/Versions/A/PerformanceAnalysis
0x0000000002aea000 	/System/Library/PrivateFrameworks/GenerationalStorage.framework/Versions/A/GenerationalStorage
0x0000000002aea000 	/System/Library/Frameworks/OpenGL.framework/Versions/A/OpenGL
0x0000000002aea000 	/System/Library/PrivateFrameworks/Sharing.framework/Versions/A/Sharing
0x0000000002aea000 	/System/Library/Frameworks/CoreGraphics.framework/Versions/A/CoreGraphics
0x0000000002aea000 	/System/Library/Frameworks/CoreText.framework/Versions/A/CoreText
0x0000000002aea000 	/System/Library/Frameworks/ImageIO.framework/Versions/A/ImageIO
0x0000000002aea000 	/usr/lib/libextension.dylib
0x0000000002aea000 	/System/Library/PrivateFrameworks/Backup.framework/Versions/A/Backup
0x0000000002aea000 	/usr/lib/libarchive.2.dylib
0x0000000002aea000 	/System/Library/Frameworks/CFNetwork.framework/Versions/A/CFNetwork
0x0000000002aea000 	/System/Library/Frameworks/SystemConfiguration.framework/Versions/A/SystemConfiguration
0x0000000002aea000 	/usr/lib/libCRFSuite.dylib
0x0000000002aea000 	/usr/lib/libc++.1.dylib
0x0000000002aea000 	/usr/lib/libc++abi.dylib
0x0000000002aea000 	/usr/lib/system/libcache.dylib
0x0000000002aea000 	/usr/lib/system/libcommonCrypto.dylib
0x0000000002aea000 	/usr/lib/system/libcompiler_rt.dylib
0x0000000002aea000 	/usr/lib/system/libcopyfile.dylib
0x0000000002aea000 	/usr/lib/system/libcorecrypto.dylib
0x0000000002aea000 	/usr/lib/system/libdispatch.dylib
0x0000000002aea000 	/usr/lib/system/libdyld.dylib
0x0000000002aea000 	/usr/lib/system/libkeymgr.dylib
0x0000000002aea000 	/usr/lib/system/liblaunch.dylib
0x0000000002aea000 	/usr/lib/system/libmacho.dylib
0x0000000002aea000 	/usr/lib/system/libquarantine.dylib
0x0000000002aea000 	/usr/lib/system/libremovefile.dylib
0x0000000002aea000 	/usr/lib/system/libsystem_asl.dylib
0x0000000002aea000 	/usr/lib/system/libsystem_blocks.dylib
0x0000000002aea000 	/usr/lib/system/libsystem_c.dylib
0x0000000002aea000 	/usr/lib/system/libsystem_configuration.dylib
0x0000000002aea000 	/usr/lib/system/libsystem_coreservices.dylib
0x0000000002aea000 	/usr/lib/system/libsystem_coretls.dylib
0x0000000002aea000 	/usr/lib/system/libsystem_dnssd.dylib
0x0000000002aea000 	/usr/lib/system/libsystem_info.dylib
0x0000000002aea000 	/usr/lib/system/libsystem_kernel.dylib
0x0000000002aea000 	/usr/lib/system/libsystem_m.dylib
0x0000000002aea000 	/usr/lib/system/libsystem_malloc.dylib
0x0000000002aea000 	/usr/lib/system/libsystem_network.dylib
0x0000000002aea000 	/usr/lib/system/libsystem_networkextension.dylib
0x0000000002aea000 	/usr/lib/system/libsystem_notify.dylib
0x0000000002aea000 	/usr/lib/system/libsystem_platform.dylib
0x0000000002aea000 	/usr/lib/system/libsystem_pthread.dylib
0x0000000002aea000 	/usr/lib/system/libsystem_sandbox.dylib
0x0000000002aea000 	/usr/lib/system/libsystem_secinit.dylib
0x0000000002aea000 	/usr/lib/system/libsystem_stats.dylib
0x0000000002aea000 	/usr/lib/system/libsystem_trace.dylib
0x0000000002aea000 	/usr/lib/system/libunc.dylib
0x0000000002aea000 	/usr/lib/system/libunwind.dylib
0x0000000002aea000 	/usr/lib/system/libxpc.dylib
0x0000000002aea000 	/usr/lib/libbz2.1.0.dylib
0x0000000002aea000 	/usr/lib/liblzma.5.dylib
0x0000000002aea000 	/usr/lib/libbsm.0.dylib
0x0000000002aea000 	/usr/lib/libsqlite3.dylib
0x0000000002aea000 	/usr/lib/system/libkxld.dylib
0x0000000002aea000 	/usr/lib/libxar.1.dylib
0x0000000002aea000 	/usr/lib/libpam.2.dylib
0x0000000002aea000 	/usr/lib/libOpenScriptingUtil.dylib
0x0000000002aea000 	/System/Library/Frameworks/CoreServices.framework/Versions/A/Frameworks/FSEvents.framework/Versions/A/FSEvents
0x0000000002aea000 	/System/Library/Frameworks/CoreServices.framework/Versions/A/Frameworks/CarbonCore.framework/Versions/A/CarbonCore
0x0000000002aea000 	/System/Library/Frameworks/CoreServices.framework/Versions/A/Frameworks/Metadata.framework/Versions/A/Metadata
0x0000000002aea000 	/System/Library/Frameworks/CoreServices.framework/Versions/A/Frameworks/OSServices.framework/Versions/A/OSServices
0x0000000002aea000 	/System/Library/Frameworks/CoreServices.framework/Versions/A/Frameworks/SearchKit.framework/Versions/A/SearchKit
0x0000000002aea000 	/System/Library/Frameworks/CoreServices.framework/Versions/A/Frameworks/AE.framework/Versions/A/AE
0x0000000002aea000 	/System/Library/Frameworks/CoreServices.framework/Versions/A/Frameworks/LaunchServices.framework/Versions/A/LaunchServices
0x0000000002aea000 	/System/Library/Frameworks/CoreServices.framework/Versions/A/Frameworks/DictionaryServices.framework/Versions/A/DictionaryServices
0x0000000002aea000 	/System/Library/Frameworks/NetFS.framework/Versions/A/NetFS
0x0000000002aea000 	/System/Library/PrivateFrameworks/NetAuth.framework/Versions/A/NetAuth
0x0000000002aea000 	/System/Library/PrivateFrameworks/login.framework/Versions/A/Frameworks/loginsupport.framework/Versions/A/loginsupport
0x0000000002aea000 	/System/Library/PrivateFrameworks/TCC.framework/Versions/A/TCC
0x0000000002aea000 	/usr/lib/libmecabra.dylib
0x0000000002aea000 	/System/Library/Frameworks/ApplicationServices.framework/Versions/A/Frameworks/ATS.framework/Versions/A/ATS
0x0000000002aea000 	/System/Library/Frameworks/ApplicationServices.framework/Versions/A/Frameworks/ColorSync.framework/Versions/A/ColorSync
0x0000000002aea000 	/System/Library/Frameworks/ApplicationServices.framework/Versions/A/Frameworks/HIServices.framework/Versions/A/HIServices
0x0000000002aea000 	/System/Library/Frameworks/ApplicationServices.framework/Versions/A/Frameworks/LangAnalysis.framework/Versions/A/LangAnalysis
0x0000000002aea000 	/System/Library/Frameworks/ApplicationServices.framework/Versions/A/Frameworks/PrintCore.framework/Versions/A/PrintCore
0x0000000002aea000 	/System/Library/Frameworks/ApplicationServices.framework/Versions/A/Frameworks/QD.framework/Versions/A/QD
0x0000000002aea000 	/System/Library/Frameworks/ApplicationServices.framework/Versions/A/Frameworks/SpeechSynthesis.framework/Versions/A/SpeechSynthesis
0x0000000002aea000 	/System/Library/Frameworks/Accelerate.framework/Versions/A/Accelerate
0x0000000002aea000 	/System/Library/Frameworks/Accelerate.framework/Versions/A/Frameworks/vImage.framework/Versions/A/vImage
0x0000000002aea000 	/System/Library/Frameworks/Accelerate.framework/Versions/A/Frameworks/vecLib.framework/Versions/A/vecLib
0x0000000002aea000 	/System/Library/Frameworks/Accelerate.framework/Versions/A/Frameworks/vecLib.framework/Versions/A/libvDSP.dylib
0x0000000002aea000 	/System/Library/Frameworks/Accelerate.framework/Versions/A/Frameworks/vecLib.framework/Versions/A/libvMisc.dylib
0x0000000002aea000 	/System/Library/Frameworks/Accelerate.framework/Versions/A/Frameworks/vecLib.framework/Versions/A/libLAPACK.dylib
0x0000000002aea000 	/System/Library/Frameworks/Accelerate.framework/Versions/A/Frameworks/vecLib.framework/Versions/A/libBLAS.dylib
0x0000000002aea000 	/System/Library/Frameworks/Accelerate.framework/Versions/A/Frameworks/vecLib.framework/Versions/A/libLinearAlgebra.dylib
0x0000000002aea000 	/System/Library/Frameworks/ApplicationServices.framework/Versions/A/Frameworks/ATS.framework/Versions/A/Resources/libFontParser.dylib
0x0000000002aea000 	/System/Library/Frameworks/ApplicationServices.framework/Versions/A/Frameworks/ATS.framework/Versions/A/Resources/libFontRegistry.dylib
0x0000000002aea000 	/System/Library/PrivateFrameworks/AppleVPA.framework/Versions/A/AppleVPA
0x0000000002aea000 	/System/Library/PrivateFrameworks/AppleJPEG.framework/Versions/A/AppleJPEG
0x0000000002aea000 	/System/Library/Frameworks/ImageIO.framework/Versions/A/Resources/libJPEG.dylib
0x0000000002aea000 	/System/Library/Frameworks/ImageIO.framework/Versions/A/Resources/libTIFF.dylib
0x0000000002aea000 	/System/Library/Frameworks/ImageIO.framework/Versions/A/Resources/libPng.dylib
0x0000000002aea000 	/System/Library/Frameworks/ImageIO.framework/Versions/A/Resources/libGIF.dylib
0x0000000002aea000 	/System/Library/Frameworks/ImageIO.framework/Versions/A/Resources/libJP2.dylib
0x0000000002aea000 	/System/Library/Frameworks/ImageIO.framework/Versions/A/Resources/libRadiance.dylib
0x0000000002aea000 	/System/Library/Frameworks/CoreVideo.framework/Versions/A/CoreVideo
0x0000000002aea000 	/System/Library/Frameworks/OpenGL.framework/Versions/A/Libraries/libGLU.dylib
0x0000000002aea000 	/System/Library/Frameworks/OpenGL.framework/Versions/A/Libraries/libGFXShared.dylib
0x0000000002aea000 	/System/Library/Frameworks/OpenGL.framework/Versions/A/Libraries/libGL.dylib
0x0000000002aea000 	/System/Library/Frameworks/OpenGL.framework/Versions/A/Libraries/libGLImage.dylib
0x0000000002aea000 	/System/Library/Frameworks/OpenGL.framework/Versions/A/Libraries/libCVMSPluginSupport.dylib
0x0000000002aea000 	/System/Library/Frameworks/OpenGL.framework/Versions/A/Libraries/libCoreVMClient.dylib
0x0000000002aea000 	/usr/lib/libcups.2.dylib
0x0000000002aea000 	/System/Library/Frameworks/Kerberos.framework/Versions/A/Kerberos
0x0000000002aea000 	/System/Library/Frameworks/GSS.framework/Versions/A/GSS
0x0000000002aea000 	/usr/lib/libresolv.9.dylib
0x0000000002aea000 	/usr/lib/libiconv.2.dylib
0x0000000002aea000 	/System/Library/PrivateFrameworks/Heimdal.framework/Versions/A/Heimdal
0x0000000002aea000 	/usr/lib/libheimdal-asn1.dylib
0x0000000002aea000 	/System/Library/Frameworks/OpenDirectory.framework/Versions/A/OpenDirectory
0x0000000002aea000 	/System/Library/PrivateFrameworks/CommonAuth.framework/Versions/A/CommonAuth
0x0000000002aea000 	/System/Library/Frameworks/OpenDirectory.framework/Versions/A/Frameworks/CFOpenDirectory.framework/Versions/A/CFOpenDirectory
0x0000000002aea000 	/System/Library/Frameworks/SecurityFoundation.framework/Versions/A/SecurityFoundation
0x0000000002aea000 	/System/Library/PrivateFrameworks/LanguageModeling.framework/Versions/A/LanguageModeling
0x0000000002aea000 	/usr/lib/libcmph.dylib
0x0000000002aea000 	/System/Library/Frameworks/ServiceManagement.framework/Versions/A/ServiceManagement
0x0000000002aea000 	/usr/lib/libxslt.1.dylib
0x0000000002aea000 	/System/Library/Frameworks/Carbon.framework/Versions/A/Frameworks/Ink.framework/Versions/A/Ink
0x0000000002aea000 	/System/Library/Frameworks/QuartzCore.framework/Versions/A/Frameworks/CoreImage.framework/Versions/A/CoreImage
0x0000000002aea000 	/System/Library/PrivateFrameworks/CrashReporterSupport.framework/Versions/A/CrashReporterSupport
0x0000000002aea000 	/System/Library/Frameworks/OpenCL.framework/Versions/A/OpenCL
0x0000000002aea000 	/System/Library/PrivateFrameworks/FaceCore.framework/Versions/A/FaceCore
0x0000000002aea000 	/System/Library/PrivateFrameworks/Ubiquity.framework/Versions/A/Ubiquity
0x0000000002aea000 	/System/Library/PrivateFrameworks/IconServices.framework/Versions/A/IconServices
0x0000000002aea000 	/System/Library/PrivateFrameworks/ChunkingLibrary.framework/Versions/A/ChunkingLibrary
0x0000000002aea000 	/System/Library/PrivateFrameworks/Apple80211.framework/Versions/A/Apple80211
0x0000000002aea000 	/System/Library/Frameworks/CoreWLAN.framework/Versions/A/CoreWLAN
0x0000000002aea000 	/System/Library/Frameworks/IOBluetooth.framework/Versions/A/IOBluetooth
0x0000000002aea000 	/System/Library/PrivateFrameworks/CoreWiFi.framework/Versions/A/CoreWiFi
0x0000000002aea000 	/System/Library/Frameworks/CoreBluetooth.framework/Versions/A/CoreBluetooth
0x0000000002aea000 	/System/Library/PrivateFrameworks/DebugSymbols.framework/Versions/A/DebugSymbols
0x0000000002aea000 	/System/Library/PrivateFrameworks/CoreSymbolication.framework/Versions/A/CoreSymbolication
0x0000000002aea000 	/System/Library/PrivateFrameworks/Symbolication.framework/Versions/A/Symbolication
0x0000000002aea000 	/System/Library/PrivateFrameworks/SpeechRecognitionCore.framework/Versions/A/SpeechRecognitionCore
0x000000010a800000 	/Library/Java/JavaVirtualMachines/jdk1.8.0_40.jdk/Contents/Home/jre/lib/server/libjvm.dylib
0x0000000002aea000 	/usr/lib/libstdc++.6.dylib
0x000000010b769000 	/Library/Java/JavaVirtualMachines/jdk1.8.0_40.jdk/Contents/Home/jre/lib/libverify.dylib
0x000000010b777000 	/Library/Java/JavaVirtualMachines/jdk1.8.0_40.jdk/Contents/Home/jre/lib/libjava.dylib
0x000000010b7ac000 	/Library/Java/JavaVirtualMachines/jdk1.8.0_40.jdk/Contents/Home/jre/lib/libzip.dylib
0x000000019ec8c000 	/System/Library/Frameworks/JavaVM.framework/Frameworks/JavaRuntimeSupport.framework/JavaRuntimeSupport
0x000000019eca4000 	/System/Library/Frameworks/JavaVM.framework/Versions/A/Frameworks/JavaNativeFoundation.framework/Versions/A/JavaNativeFoundation
0x000000011abf2000 	/System/Library/Frameworks/JavaVM.framework/Versions/A/JavaVM
0x0000000002aea000 	/System/Library/Frameworks/Carbon.framework/Versions/A/Carbon
0x000000019ecb9000 	/System/Library/PrivateFrameworks/JavaLaunching.framework/Versions/A/JavaLaunching
0x0000000002aea000 	/System/Library/Frameworks/Carbon.framework/Versions/A/Frameworks/CommonPanels.framework/Versions/A/CommonPanels
0x0000000002aea000 	/System/Library/Frameworks/Carbon.framework/Versions/A/Frameworks/Help.framework/Versions/A/Help
0x0000000002aea000 	/System/Library/Frameworks/Carbon.framework/Versions/A/Frameworks/ImageCapture.framework/Versions/A/ImageCapture
0x0000000002aea000 	/System/Library/Frameworks/Carbon.framework/Versions/A/Frameworks/OpenScripting.framework/Versions/A/OpenScripting
0x0000000002aea000 	/System/Library/Frameworks/Carbon.framework/Versions/A/Frameworks/Print.framework/Versions/A/Print
0x0000000002aea000 	/System/Library/Frameworks/Carbon.framework/Versions/A/Frameworks/SecurityHI.framework/Versions/A/SecurityHI
0x00000001a0ba9000 	/Library/Java/JavaVirtualMachines/jdk1.8.0_40.jdk/Contents/Home/jre/lib/libprism_es2.dylib
0x0000000002aea000 	/System/Library/Frameworks/OpenGL.framework/Versions/A/Resources/GLEngine.bundle/GLEngine
0x0000000002aea000 	/System/Library/Frameworks/OpenGL.framework/Versions/A/Libraries/libGLProgrammability.dylib
0x0000000000000000 	/System/Library/Extensions/GeForceTeslaGLDriver.bundle/Contents/MacOS/GeForceTeslaGLDriver
0x00000001a0c27000 	/System/Library/Extensions/GeForceTeslaGLDriver.bundle/Contents/MacOS/libclh.dylib
0x00000001a146e000 	/System/Library/PrivateFrameworks/GPUSupport.framework/Versions/A/Libraries/libGPUSupport.dylib
0x0000000002aea000 	/System/Library/Frameworks/OpenGL.framework/Versions/A/Resources/GLRendererFloat.bundle/GLRendererFloat
0x0000000002aea000 	/System/Library/Frameworks/OpenCL.framework/Versions/A/Libraries/libcldcpuengine.dylib
0x0000000002aea000 	/System/Library/PrivateFrameworks/DiskImages.framework/Versions/A/DiskImages
0x0000000002aea000 	/System/Library/Frameworks/DiscRecording.framework/Versions/A/DiscRecording
0x0000000002aea000 	/usr/lib/libcsfde.dylib
0x0000000002aea000 	/usr/lib/libcurl.4.dylib
0x0000000002aea000 	/System/Library/PrivateFrameworks/MediaKit.framework/Versions/A/MediaKit
0x0000000002aea000 	/System/Library/PrivateFrameworks/ProtectedCloudStorage.framework/Versions/A/ProtectedCloudStorage
0x0000000002aea000 	/usr/lib/libCoreStorage.dylib
0x0000000002aea000 	/System/Library/PrivateFrameworks/EFILogin.framework/Versions/A/EFILogin
0x0000000002aea000 	/usr/lib/libutil.dylib
0x0000000002aea000 	/System/Library/PrivateFrameworks/FindMyDevice.framework/Versions/A/FindMyDevice
0x0000000002aea000 	/System/Library/Frameworks/LDAP.framework/Versions/A/LDAP
0x0000000002aea000 	/usr/lib/libsasl2.2.dylib
0x0000000002aea000 	/System/Library/PrivateFrameworks/CoreDaemon.framework/Versions/B/CoreDaemon
0x0000000002aea000 	/usr/lib/libcrypto.0.9.8.dylib
0x0000000002aea000 	/System/Library/PrivateFrameworks/AppleSRP.framework/Versions/A/AppleSRP
0x0000000002aea000 	/System/Library/PrivateFrameworks/TrustEvaluationAgent.framework/Versions/A/TrustEvaluationAgent
0x00000001a153b000 	/Library/Java/JavaVirtualMachines/jdk1.8.0_40.jdk/Contents/Home/jre/lib/libglass.dylib
0x0000000002aea000 	/System/Library/PrivateFrameworks/CoreServicesInternal.framework/Versions/A/CoreServicesInternal
0x0000000002aea000 	/System/Library/PrivateFrameworks/CloudDocs.framework/Versions/A/CloudDocs
0x0000000002aea000 	/System/Library/PrivateFrameworks/CoreDuet.framework/Versions/A/CoreDuet
0x0000000002aea000 	/System/Library/Frameworks/CloudKit.framework/Versions/A/CloudKit
0x0000000002aea000 	/System/Library/PrivateFrameworks/ProtocolBuffer.framework/Versions/A/ProtocolBuffer
0x0000000002aea000 	/System/Library/PrivateFrameworks/CoreDuetDaemonProtocol.framework/Versions/A/CoreDuetDaemonProtocol
0x0000000002aea000 	/System/Library/PrivateFrameworks/CoreDuetDebugLogging.framework/Versions/A/CoreDuetDebugLogging
0x0000000002aea000 	/System/Library/Frameworks/CoreLocation.framework/Versions/A/CoreLocation
0x0000000002aea000 	/System/Library/Frameworks/Accounts.framework/Versions/A/Accounts
0x0000000002aea000 	/System/Library/PrivateFrameworks/ApplePushService.framework/Versions/A/ApplePushService
0x0000000002aea000 	/System/Library/PrivateFrameworks/GeoServices.framework/Versions/A/GeoServices
0x0000000002aea000 	/System/Library/PrivateFrameworks/OAuth.framework/Versions/A/OAuth
0x0000000002aea000 	/System/Library/Frameworks/CoreGraphics.framework/Versions/A/Resources/libCGCMS.A.dylib
0x0000000002aea000 	/System/Library/CoreServices/RawCamera.bundle/Contents/MacOS/RawCamera
0x0000000002aea000 	/System/Library/Frameworks/CoreGraphics.framework/Versions/A/Resources/libRIP.A.dylib
0x0000000002aea000 	/System/Library/PrivateFrameworks/FamilyControls.framework/Versions/A/FamilyControls
0x0000000002aea000 	/System/Library/PrivateFrameworks/CommerceKit.framework/Versions/A/Frameworks/CommerceCore.framework/Versions/A/CommerceCore
0x0000000002aea000 	/System/Library/PrivateFrameworks/SystemAdministration.framework/Versions/A/SystemAdministration
0x0000000002aea000 	/System/Library/PrivateFrameworks/AppContainer.framework/Versions/A/AppContainer
0x0000000002aea000 	/System/Library/PrivateFrameworks/SecCodeWrapper.framework/Versions/A/SecCodeWrapper
0x0000000002aea000 	/System/Library/Frameworks/DirectoryService.framework/Versions/A/DirectoryService
0x0000000002aea000 	/System/Library/PrivateFrameworks/LoginUIKit.framework/Versions/A/Frameworks/LoginUICore.framework/Versions/A/LoginUICore
0x0000000002aea000 	/usr/lib/libodfde.dylib
0x00000001a3146000 	/Library/Java/JavaVirtualMachines/jdk1.8.0_40.jdk/Contents/Home/jre/lib/libjavafx_font.dylib
0x00000001a4f37000 	/Library/Java/JavaVirtualMachines/jdk1.8.0_40.jdk/Contents/Home/jre/lib/libnet.dylib
0x0000000002aea000 	/System/Library/Frameworks/CoreGraphics.framework/Versions/A/Resources/libCGXType.A.dylib
0x00000001a60aa000 	/Library/Java/JavaVirtualMachines/jdk1.8.0_40.jdk/Contents/Home/jre/lib/libnio.dylib
0x00000001a84b0000 	/Library/Java/JavaVirtualMachines/jdk1.8.0_40.jdk/Contents/Home/jre/lib/libprism_common.dylib
0x00000001a8d07000 	cl_kernels
0x00000001a8d11000 	/System/Library/Frameworks/OpenCL.framework/Versions/A/Libraries/ImageFormats/unorm8_bgra.dylib
0x00000001a8cf3000 	cl_kernels
0x00000001a7b5c000 	/Library/Java/JavaVirtualMachines/jdk1.8.0_40.jdk/Contents/Home/jre/lib/libawt.dylib
0x00000001a9d07000 	/Library/Java/JavaVirtualMachines/jdk1.8.0_40.jdk/Contents/Home/jre/lib/./libmlib_image.dylib
0x00000001a9e14000 	/Library/Java/JavaVirtualMachines/jdk1.8.0_40.jdk/Contents/Home/jre/lib/libawt_lwawt.dylib
0x000000019ecc5000 	/Library/Java/JavaVirtualMachines/jdk1.8.0_40.jdk/Contents/Home/jre/lib/./libosxapp.dylib
0x0000000002aea000 	/System/Library/Frameworks/ExceptionHandling.framework/Versions/A/ExceptionHandling
0x000000019ece1000 	/Library/Java/JavaVirtualMachines/jdk1.8.0_40.jdk/Contents/Home/jre/lib/libfontmanager.dylib
0x00000001a045b000 	/Library/Java/JavaVirtualMachines/jdk1.8.0_40.jdk/Contents/Home/jre/lib/libosxui.dylib
0x0000000002aea000 	/System/Library/Frameworks/Accelerate.framework/Versions/A/Frameworks/vImage.framework/Versions/A/Libraries/libCGInterfaces.dylib

VM Arguments:
jvm_args: -Dfile.encoding=UTF-8 
java_command: VIEW.View
java_class_path (initial): /Users/idinter/Desktop/workspace/SBOBETCLI/bin:/Users/idinter/Desktop/workspace/SBOBETCLI/selenium-java-2.45.0.jar:/Users/idinter/Desktop/workspace/SBOBETCLI/selenium-server-standalone-2.45.0.jar
Launcher Type: SUN_STANDARD

Environment Variables:
PATH=/usr/bin:/bin:/usr/sbin:/sbin
SHELL=/bin/bash
DISPLAY=/private/tmp/com.apple.launchd.cLu8dM5Ycb/org.macosforge.xquartz:0

Signal Handlers:
SIGSEGV: [libjvm.dylib+0x58ef95], sa_mask[0]=11111111011111110111111111111111, sa_flags=SA_ONSTACK|SA_RESTART|SA_SIGINFO
SIGBUS: [libjvm.dylib+0x58ef95], sa_mask[0]=11111111011111110111111111111111, sa_flags=SA_RESTART|SA_SIGINFO
SIGFPE: [libjvm.dylib+0x46c118], sa_mask[0]=11111111011111110111111111111111, sa_flags=SA_RESTART|SA_SIGINFO
SIGPIPE: [libjvm.dylib+0x46c118], sa_mask[0]=11111111011111110111111111111111, sa_flags=SA_RESTART|SA_SIGINFO
SIGXFSZ: [libjvm.dylib+0x46c118], sa_mask[0]=11111111011111110111111111111111, sa_flags=SA_RESTART|SA_SIGINFO
SIGILL: [libjvm.dylib+0x46c118], sa_mask[0]=11111111011111110111111111111111, sa_flags=SA_RESTART|SA_SIGINFO
SIGUSR1: SIG_DFL, sa_mask[0]=00000000000000000000000000000000, sa_flags=none
SIGUSR2: [libjvm.dylib+0x46bc36], sa_mask[0]=00100000000000000000000000000000, sa_flags=SA_RESTART|SA_SIGINFO
SIGHUP: [libjvm.dylib+0x46a209], sa_mask[0]=11111111011111110111111111111111, sa_flags=SA_RESTART|SA_SIGINFO
SIGINT: [libjvm.dylib+0x46a209], sa_mask[0]=11111111011111110111111111111111, sa_flags=SA_RESTART|SA_SIGINFO
SIGTERM: [libjvm.dylib+0x46a209], sa_mask[0]=11111111011111110111111111111111, sa_flags=SA_RESTART|SA_SIGINFO
SIGQUIT: [libjvm.dylib+0x46a209], sa_mask[0]=11111111011111110111111111111111, sa_flags=SA_RESTART|SA_SIGINFO


---------------  S Y S T E M  ---------------

OS:Bsduname:Darwin 14.1.0 Darwin Kernel Version 14.1.0: Thu Feb 26 19:26:47 PST 2015; root:xnu-2782.10.73~1/RELEASE_X86_64 x86_64
rlimit: STACK 8192k, CORE 0k, NPROC 709, NOFILE 10240, AS infinity
load average:2.72 2.59 2.07

CPU:total 2 (2 cores per cpu, 1 threads per core) family 6 model 23 stepping 10, cmov, cx8, fxsr, mmx, sse, sse2, sse3, ssse3, sse4.1, tsc

Memory: 4k page, physical 4194304k(243908k free)

/proc/meminfo:


vm_info: Java HotSpot(TM) 64-Bit Server VM (25.40-b25) for bsd-amd64 JRE (1.8.0_40-b27), built on Mar 13 2015 04:46:52 by "java_re" with gcc 4.2.1 (Based on Apple Inc. build 5658) (LLVM build 2336.11.00)

time: Mon Aug 17 19:08:48 2015
elapsed time: 364 seconds (0d 0h 6m 4s)

