#
# A fatal error has been detected by the Java Runtime Environment:
#
#  SIGSEGV (0xb) at pc=0x000000010a246030, pid=1347, tid=1811
#
# JRE version: Java(TM) SE Runtime Environment (8.0_40-b27) (build 1.8.0_40-b27)
# Java VM: Java HotSpot(TM) 64-Bit Server VM (25.40-b25 mixed mode bsd-amd64 compressed oops)
# Problematic frame:
# V  [libjvm.dylib+0x465030]
#
# Failed to write core dump. Core dumps have been disabled. To enable core dumping, try "ulimit -c unlimited" before starting Java again
#
# If you would like to submit a bug report, please visit:
#   http://bugreport.java.com/bugreport/crash.jsp
#

---------------  T H R E A D  ---------------

Current thread is native thread

siginfo: si_signo: 11 (SIGSEGV), si_code: 1 (SEGV_MAPERR), si_addr: 0x0000000000000130

Registers:
RAX=0x0000000000000000, RBX=0x00007fff55f18e60, RCX=0x000000010b445dda, RDX=0x00007fff55f18e60
RSP=0x00007fff55f18cd0, RBP=0x00007fff55f18d40, RSI=0x00007fff55f18e60, RDI=0x0000000000000102
R8 =0x00007f90e3218800, R9 =0x0000000000000016, R10=0x00000000f5701e21, R11=0x00000007c03e3310
R12=0x00007fff55f18e60, R13=0x00007fff55f18e30, R14=0x00007fff55f18e30, R15=0x0000000000000054
RIP=0x000000010a246030, EFLAGS=0x0000000000010202, ERR=0x0000000000000004
  TRAPNO=0x000000000000000e

Top of Stack: (sp=0x00007fff55f18cd0)
0x00007fff55f18cd0:   ffffffffffffffff 0000206000000040
0x00007fff55f18ce0:   00007f90e2d18b88 00007f90e2d18b70
0x00007fff55f18cf0:   00007fff55f19400 0000000000000000
0x00007fff55f18d00:   00007f90e2c5df60 00007fff55f19400
0x00007fff55f18d10:   00007fff55f18d50 00007fff85418b4e
0x00007fff55f18d20:   00007fff55f18e00 00007fff55f18e60
0x00007fff55f18d30:   00007fff55f1a380 0000000000000054
0x00007fff55f18d40:   00007fff55f18d90 000000010a0250ca
0x00007fff55f18d50:   00007fff55f18d80 000000010c3f880c
0x00007fff55f18d60:   00007fff55f1a610 00007fff55f18e00
0x00007fff55f18d70:   00007fff55f18e00 00007fff55f18e30
0x00007fff55f18d80:   00007fff55f18e60 00007fff55f18e30
0x00007fff55f18d90:   00007fff55f18dc0 000000010a025390
0x00007fff55f18da0:   000000012d4d1d28 00007f90e3218800
0x00007fff55f18db0:   00007f90e3218800 00007fff55f18e60
0x00007fff55f18dc0:   00007fff55f194a0 000000010a2a81a2
0x00007fff55f18dd0:   00007fff55f18f80 00000014878c37af
0x00007fff55f18de0:   00007fff55f19b98 00007fff55f19b94
0x00007fff55f18df0:   00007fff75098460 0000000000000001
0x00007fff55f18e00:   00007fff55f18e40 00007fff8de2753e
0x00007fff55f18e10:   0000000109d00a00 0000000000000004
0x00007fff55f18e20:   0000000109cfd000 00007f90e7a30294
0x00007fff55f18e30:   00007fff55f1a380 000000010b445dda
0x00007fff55f18e40:   000000010b445d10 00007fff00000000
0x00007fff55f18e50:   0000000000000000 00007fff55f1a380
0x00007fff55f18e60:   00007fff748b8310 0000000100000000
0x00007fff55f18e70:   0000000109d00a00 0000000000000009
0x00007fff55f18e80:   0000000109cfd000 00007f90e9835d59
0x00007fff55f18e90:   0000000000000010 0000000109d00a00
0x00007fff55f18ea0:   00007fff55f18f90 00007fff8de26289
0x00007fff55f18eb0:   0000000000001000 0000000109d00a00
0x00007fff55f18ec0:   0000000000000000 0000000000000030 

Instructions: (pc=0x000000010a246030)
0x000000010a246010:   41 57 41 56 41 54 53 48 83 ec 50 48 89 f3 49 89
0x000000010a246020:   fe 48 8d 05 c8 8c 3a 00 48 63 38 e8 6e 30 14 00
0x000000010a246030:   48 8b 80 30 01 00 00 48 89 45 b8 48 8b 48 10 48
0x000000010a246040:   89 4d c0 48 8b 48 18 48 89 4d c8 48 8b 48 20 48 

Register to memory mapping:

RAX=0x0000000000000000 is an unknown value
RBX=0x00007fff55f18e60 is an unknown value
RCX=0x000000010b445dda is at code_begin+122 in 
[CodeBlob (0x000000010b445d10)]
Framesize: 84
Runtime Stub (0x000000010b445d10): resolve_opt_virtual_call
RDX=0x00007fff55f18e60 is an unknown value
RSP=0x00007fff55f18cd0 is an unknown value
RBP=0x00007fff55f18d40 is an unknown value
RSI=0x00007fff55f18e60 is an unknown value
RDI=0x0000000000000102 is an unknown value
R8 =0x00007f90e3218800 is a thread
R9 =0x0000000000000016 is an unknown value
R10=0x00000000f5701e21 is an unknown value
R11=0x00000007c03e3310 is pointing into metadata
R12=0x00007fff55f18e60 is an unknown value
R13=0x00007fff55f18e30 is an unknown value
R14=0x00007fff55f18e30 is an unknown value
R15=0x0000000000000054 is an unknown value


Stack: [0x00007fff5571e000,0x00007fff55f1e000],  sp=0x00007fff55f18cd0,  free space=8171k
Native frames: (J=compiled Java code, j=interpreted, Vv=VM code, C=native code)
V  [libjvm.dylib+0x465030]
V  [libjvm.dylib+0x2440ca]
V  [libjvm.dylib+0x244390]
V  [libjvm.dylib+0x4c71a2]
V  [libjvm.dylib+0x4c7c1e]
V  [libjvm.dylib+0x4c84a2]
V  [libjvm.dylib+0x4c8947]
V  [libjvm.dylib+0x4c8b47]
v  ~RuntimeStub::resolve_opt_virtual_call
J 6234 C1 sun.lwawt.LWWindowPeer.notifyReshape(IIII)V (173 bytes) @ 0x000000010c3f880c [0x000000010c3f82a0+0x56c]
V  [libjvm.dylib+0x2e036e]
V  [libjvm.dylib+0x316e2a]
V  [libjvm.dylib+0x30972f]
C  [JavaNativeFoundation+0x4512]  JNFCallVoidMethod+0xaa
C  [libawt_lwawt.dylib+0xa465]  -[AWTWindow _deliverMoveResizeEvent]+0x14e
C  [CoreFoundation+0x11ecdc]  __CFNOTIFICATIONCENTER_IS_CALLING_OUT_TO_AN_OBSERVER__+0xc
C  [CoreFoundation+0x10244]  _CFXNotificationPost+0xc44
C  [Foundation+0x2c31]  -[NSNotificationCenter postNotificationName:object:userInfo:]+0x42
C  [AppKit+0x1144bc]  -[NSWindow _setFrameCommon:display:stashSize:]+0xaf1
C  [libawt_lwawt.dylib+0xc9af]  __Java_sun_lwawt_macosx_CPlatformWindow_nativeSetNSWindowBounds_block_invoke_1+0x11c
C  [JavaNativeFoundation+0x65f5]  +[JNFRunLoop _performCopiedBlock:]+0x14
C  [Foundation+0x65cdc]  __NSThreadPerformPerform+0x125
C  [CoreFoundation+0x80681]  __CFRUNLOOP_IS_CALLING_OUT_TO_A_SOURCE0_PERFORM_FUNCTION__+0x11
C  [CoreFoundation+0x728dc]  __CFRunLoopDoSources0+0x1dc
C  [CoreFoundation+0x71e3f]  __CFRunLoopRun+0x39f
C  [CoreFoundation+0x71858]  CFRunLoopRunSpecific+0x128
C  [java+0x6490]  CreateExecutionEnvironment+0x367
C  [java+0x221c]  JLI_Launch+0x7a0
C  [java+0x84ed]  main+0x65
C  [java+0x1a74]  start+0x34


---------------  P R O C E S S  ---------------

VM state:synchronizing (normal execution)

VM Mutex/Monitor currently owned by a thread:  ([mutex/lock_event])
[0x00007f90e2d1fc70] Threads_lock - owner thread: 0x00007f90e3065000

Heap:
 PSYoungGen      total 27648K, used 24643K [0x00000007aab00000, 0x00000007ad200000, 0x00000007c0000000)
  eden space 16384K, 81% used [0x00000007aab00000,0x00000007ab814ea0,0x00000007abb00000)
  from space 11264K, 99% used [0x00000007abb00000,0x00000007ac5fc0d0,0x00000007ac600000)
  to   space 11776K, 0% used [0x00000007ac680000,0x00000007ac680000,0x00000007ad200000)
 ParOldGen       total 36864K, used 30384K [0x0000000780000000, 0x0000000782400000, 0x00000007aab00000)
  object space 36864K, 82% used [0x0000000780000000,0x0000000781dac368,0x0000000782400000)
 Metaspace       used 29976K, capacity 31436K, committed 31744K, reserved 1077248K
  class space    used 3970K, capacity 4290K, committed 4352K, reserved 1048576K

Card table byte_map: [0x000000011a7c0000,0x000000011a9c1000] byte_map_base: 0x0000000116bc0000

Marking Bits: (ParMarkBitMap*) 0x000000010a6a37a0
 Begin Bits: [0x000000011ac1a000, 0x000000011bc1a000)
 End Bits:   [0x000000011bc1a000, 0x000000011cc1a000)

Polling page: 0x000000010ae90000

CodeCache: size=245760Kb used=18493Kb max_used=18517Kb free=227266Kb
 bounds [0x000000010b400000, 0x000000010c640000, 0x000000011a400000]
 total_blobs=6698 nmethods=5863 adapters=746
 compilation: enabled

Compilation events (10 events):
Event: 21583.443 Thread 0x00007f90e387a000 7059       3       java.lang.Class::getConstructor0 (103 bytes)
Event: 21583.450 Thread 0x00007f90e387a000 nmethod 7059 0x000000010c6321d0 code [0x000000010c6324c0, 0x000000010c6339b8]
Event: 21583.944 Thread 0x00007f90e3818000 7060       4       sun.nio.cs.UTF_8::newEncoder (10 bytes)
Event: 21583.946 Thread 0x00007f90e3818000 nmethod 7060 0x000000010c044bd0 code [0x000000010c044d20, 0x000000010c044e28]
Event: 21586.805 Thread 0x00007f90e387a000 7061       1       java.lang.Throwable::getMessage (5 bytes)
Event: 21586.805 Thread 0x00007f90e387a000 nmethod 7061 0x000000010be9a610 code [0x000000010be9a760, 0x000000010be9a870]
Event: 21587.679 Thread 0x00007f90e3818000 7062       4       java.nio.charset.CharsetEncoder::replaceWith (89 bytes)
Event: 21587.682 Thread 0x00007f90e3818000 nmethod 7062 0x000000010bfacad0 code [0x000000010bfacc40, 0x000000010bface98]
Event: 21599.817 Thread 0x00007f90e387a000 7063       3       java.io.CharArrayWriter::<init> (43 bytes)
Event: 21599.817 Thread 0x00007f90e387a000 nmethod 7063 0x000000010be9b6d0 code [0x000000010be9b8c0, 0x000000010be9c278]

GC Heap History (10 events):
Event: 21271.118 GC heap before
{Heap before GC invocations=396 (full 1):
 PSYoungGen      total 27648K, used 26880K [0x00000007aab00000, 0x00000007ad100000, 0x00000007c0000000)
  eden space 16384K, 100% used [0x00000007aab00000,0x00000007abb00000,0x00000007abb00000)
  from space 11264K, 93% used [0x00000007ac600000,0x00000007ad040000,0x00000007ad100000)
  to   space 11264K, 0% used [0x00000007abb00000,0x00000007abb00000,0x00000007ac600000)
 ParOldGen       total 36864K, used 29816K [0x0000000780000000, 0x0000000782400000, 0x00000007aab00000)
  object space 36864K, 80% used [0x0000000780000000,0x0000000781d1e168,0x0000000782400000)
 Metaspace       used 29703K, capacity 31104K, committed 31488K, reserved 1077248K
  class space    used 3950K, capacity 4248K, committed 4352K, reserved 1048576K
Event: 21271.133 GC heap after
Heap after GC invocations=396 (full 1):
 PSYoungGen      total 27648K, used 10496K [0x00000007aab00000, 0x00000007ad100000, 0x00000007c0000000)
  eden space 16384K, 0% used [0x00000007aab00000,0x00000007aab00000,0x00000007abb00000)
  from space 11264K, 93% used [0x00000007abb00000,0x00000007ac540000,0x00000007ac600000)
  to   space 11264K, 0% used [0x00000007ac600000,0x00000007ac600000,0x00000007ad100000)
 ParOldGen       total 36864K, used 29824K [0x0000000780000000, 0x0000000782400000, 0x00000007aab00000)
  object space 36864K, 80% used [0x0000000780000000,0x0000000781d20168,0x0000000782400000)
 Metaspace       used 29703K, capacity 31104K, committed 31488K, reserved 1077248K
  class space    used 3950K, capacity 4248K, committed 4352K, reserved 1048576K
}
Event: 21326.698 GC heap before
{Heap before GC invocations=397 (full 1):
 PSYoungGen      total 27648K, used 26880K [0x00000007aab00000, 0x00000007ad100000, 0x00000007c0000000)
  eden space 16384K, 100% used [0x00000007aab00000,0x00000007abb00000,0x00000007abb00000)
  from space 11264K, 93% used [0x00000007abb00000,0x00000007ac540000,0x00000007ac600000)
  to   space 11264K, 0% used [0x00000007ac600000,0x00000007ac600000,0x00000007ad100000)
 ParOldGen       total 36864K, used 29824K [0x0000000780000000, 0x0000000782400000, 0x00000007aab00000)
  object space 36864K, 80% used [0x0000000780000000,0x0000000781d20168,0x0000000782400000)
 Metaspace       used 29704K, capacity 31104K, committed 31488K, reserved 1077248K
  class space    used 3950K, capacity 4248K, committed 4352K, reserved 1048576K
Event: 21326.709 GC heap after
Heap after GC invocations=397 (full 1):
 PSYoungGen      total 27648K, used 10240K [0x00000007aab00000, 0x00000007ad100000, 0x00000007c0000000)
  eden space 16384K, 0% used [0x00000007aab00000,0x00000007aab00000,0x00000007abb00000)
  from space 11264K, 90% used [0x00000007ac600000,0x00000007ad000010,0x00000007ad100000)
  to   space 11264K, 0% used [0x00000007abb00000,0x00000007abb00000,0x00000007ac600000)
 ParOldGen       total 36864K, used 29840K [0x0000000780000000, 0x0000000782400000, 0x00000007aab00000)
  object space 36864K, 80% used [0x0000000780000000,0x0000000781d24168,0x0000000782400000)
 Metaspace       used 29704K, capacity 31104K, committed 31488K, reserved 1077248K
  class space    used 3950K, capacity 4248K, committed 4352K, reserved 1048576K
}
Event: 21388.125 GC heap before
{Heap before GC invocations=398 (full 1):
 PSYoungGen      total 27648K, used 26624K [0x00000007aab00000, 0x00000007ad100000, 0x00000007c0000000)
  eden space 16384K, 100% used [0x00000007aab00000,0x00000007abb00000,0x00000007abb00000)
  from space 11264K, 90% used [0x00000007ac600000,0x00000007ad000010,0x00000007ad100000)
  to   space 11264K, 0% used [0x00000007abb00000,0x00000007abb00000,0x00000007ac600000)
 ParOldGen       total 36864K, used 29840K [0x0000000780000000, 0x0000000782400000, 0x00000007aab00000)
  object space 36864K, 80% used [0x0000000780000000,0x0000000781d24168,0x0000000782400000)
 Metaspace       used 29704K, capacity 31104K, committed 31488K, reserved 1077248K
  class space    used 3950K, capacity 4248K, committed 4352K, reserved 1048576K
Event: 21388.139 GC heap after
Heap after GC invocations=398 (full 1):
 PSYoungGen      total 27648K, used 10496K [0x00000007aab00000, 0x00000007ad100000, 0x00000007c0000000)
  eden space 16384K, 0% used [0x00000007aab00000,0x00000007aab00000,0x00000007abb00000)
  from space 11264K, 93% used [0x00000007abb00000,0x00000007ac540000,0x00000007ac600000)
  to   space 11264K, 0% used [0x00000007ac600000,0x00000007ac600000,0x00000007ad100000)
 ParOldGen       total 36864K, used 29864K [0x0000000780000000, 0x0000000782400000, 0x00000007aab00000)
  object space 36864K, 81% used [0x0000000780000000,0x0000000781d2a168,0x0000000782400000)
 Metaspace       used 29704K, capacity 31104K, committed 31488K, reserved 1077248K
  class space    used 3950K, capacity 4248K, committed 4352K, reserved 1048576K
}
Event: 21458.037 GC heap before
{Heap before GC invocations=399 (full 1):
 PSYoungGen      total 27648K, used 26880K [0x00000007aab00000, 0x00000007ad100000, 0x00000007c0000000)
  eden space 16384K, 100% used [0x00000007aab00000,0x00000007abb00000,0x00000007abb00000)
  from space 11264K, 93% used [0x00000007abb00000,0x00000007ac540000,0x00000007ac600000)
  to   space 11264K, 0% used [0x00000007ac600000,0x00000007ac600000,0x00000007ad100000)
 ParOldGen       total 36864K, used 29864K [0x0000000780000000, 0x0000000782400000, 0x00000007aab00000)
  object space 36864K, 81% used [0x0000000780000000,0x0000000781d2a168,0x0000000782400000)
 Metaspace       used 29705K, capacity 31104K, committed 31488K, reserved 1077248K
  class space    used 3950K, capacity 4248K, committed 4352K, reserved 1048576K
Event: 21458.069 GC heap after
Heap after GC invocations=399 (full 1):
 PSYoungGen      total 27648K, used 10224K [0x00000007aab00000, 0x00000007ad100000, 0x00000007c0000000)
  eden space 16384K, 0% used [0x00000007aab00000,0x00000007aab00000,0x00000007abb00000)
  from space 11264K, 90% used [0x00000007ac600000,0x00000007acffc020,0x00000007ad100000)
  to   space 11264K, 0% used [0x00000007abb00000,0x00000007abb00000,0x00000007ac600000)
 ParOldGen       total 36864K, used 29872K [0x0000000780000000, 0x0000000782400000, 0x00000007aab00000)
  object space 36864K, 81% used [0x0000000780000000,0x0000000781d2c168,0x0000000782400000)
 Metaspace       used 29705K, capacity 31104K, committed 31488K, reserved 1077248K
  class space    used 3950K, capacity 4248K, committed 4352K, reserved 1048576K
}
Event: 21528.948 GC heap before
{Heap before GC invocations=400 (full 1):
 PSYoungGen      total 27648K, used 26601K [0x00000007aab00000, 0x00000007ad100000, 0x00000007c0000000)
  eden space 16384K, 99% used [0x00000007aab00000,0x00000007abafe438,0x00000007abb00000)
  from space 11264K, 90% used [0x00000007ac600000,0x00000007acffc020,0x00000007ad100000)
  to   space 11264K, 0% used [0x00000007abb00000,0x00000007abb00000,0x00000007ac600000)
 ParOldGen       total 36864K, used 29872K [0x0000000780000000, 0x0000000782400000, 0x00000007aab00000)
  object space 36864K, 81% used [0x0000000780000000,0x0000000781d2c168,0x0000000782400000)
 Metaspace       used 29843K, capacity 31270K, committed 31488K, reserved 1077248K
  class space    used 3962K, capacity 4281K, committed 4352K, reserved 1048576K
Event: 21528.970 GC heap after
Heap after GC invocations=400 (full 1):
 PSYoungGen      total 27648K, used 11248K [0x00000007aab00000, 0x00000007ad200000, 0x00000007c0000000)
  eden space 16384K, 0% used [0x00000007aab00000,0x00000007aab00000,0x00000007abb00000)
  from space 11264K, 99% used [0x00000007abb00000,0x00000007ac5fc0d0,0x00000007ac600000)
  to   space 11776K, 0% used [0x00000007ac680000,0x00000007ac680000,0x00000007ad200000)
 ParOldGen       total 36864K, used 30384K [0x0000000780000000, 0x0000000782400000, 0x00000007aab00000)
  object space 36864K, 82% used [0x0000000780000000,0x0000000781dac368,0x0000000782400000)
 Metaspace       used 29843K, capacity 31270K, committed 31488K, reserved 1077248K
  class space    used 3962K, capacity 4281K, committed 4352K, reserved 1048576K
}

Deoptimization events (10 events):
Event: 21568.697 Thread 0x00007f90e33b2800 Uncommon trap: reason=unstable_if action=reinterpret pc=0x000000010c1f33b4 method=java.awt.WaitDispatchSupport$1.evaluate()Z @ 101
Event: 21569.253 Thread 0x00007f90e33b2800 Uncommon trap: reason=unstable_if action=reinterpret pc=0x000000010c1f33b4 method=java.awt.WaitDispatchSupport$1.evaluate()Z @ 101
Event: 21569.768 Thread 0x00007f90e33b2800 Uncommon trap: reason=unstable_if action=reinterpret pc=0x000000010c1f33b4 method=java.awt.WaitDispatchSupport$1.evaluate()Z @ 101
Event: 21570.188 Thread 0x00007f90e33b2800 Uncommon trap: reason=unstable_if action=reinterpret pc=0x000000010c1f33b4 method=java.awt.WaitDispatchSupport$1.evaluate()Z @ 101
Event: 21570.736 Thread 0x00007f90e33b2800 Uncommon trap: reason=unstable_if action=reinterpret pc=0x000000010c1f33b4 method=java.awt.WaitDispatchSupport$1.evaluate()Z @ 101
Event: 21571.327 Thread 0x00007f90e33b2800 Uncommon trap: reason=unstable_if action=reinterpret pc=0x000000010c1f33b4 method=java.awt.WaitDispatchSupport$1.evaluate()Z @ 101
Event: 21573.869 Thread 0x00007f90e33b2800 Uncommon trap: reason=unstable_if action=reinterpret pc=0x000000010c1f33b4 method=java.awt.WaitDispatchSupport$1.evaluate()Z @ 101
Event: 21575.672 Thread 0x00007f90e3218800 Uncommon trap: reason=unstable_if action=reinterpret pc=0x000000010b5ca958 method=java.util.ArrayList.remove(I)Ljava/lang/Object; @ 31
Event: 21575.845 Thread 0x00007f90e3218800 Uncommon trap: reason=unstable_if action=reinterpret pc=0x000000010ba1f774 method=java.util.concurrent.locks.AbstractQueuedSynchronizer.doReleaseShared()V @ 69
Event: 21575.992 Thread 0x00007f90e32e8000 Uncommon trap: reason=unstable_if action=reinterpret pc=0x000000010bfd3808 method=java.security.AccessControlContext.optimize()Ljava/security/AccessControlContext; @ 49

Internal exceptions (10 events):
Event: 20633.157 Thread 0x00007f90e380c800 Exception <a 'java/lang/NullPointerException'> (0x00000007aab4e968) thrown at [/Users/java_re/workspace/8-2-build-macosx-x86_64/jdk8u40/3153/hotspot/src/share/vm/interpreter/linkResolver.cpp, line 1178]
Event: 20749.476 Thread 0x00007f90e380c800 Exception <a 'java/lang/NullPointerException'> (0x00000007aab50718) thrown at [/Users/java_re/workspace/8-2-build-macosx-x86_64/jdk8u40/3153/hotspot/src/share/vm/interpreter/linkResolver.cpp, line 1178]
Event: 20865.520 Thread 0x00007f90e380c800 Exception <a 'java/lang/NullPointerException'> (0x00000007aab4f618) thrown at [/Users/java_re/workspace/8-2-build-macosx-x86_64/jdk8u40/3153/hotspot/src/share/vm/interpreter/linkResolver.cpp, line 1178]
Event: 20921.090 Thread 0x00007f90e380c800 Exception <a 'java/lang/NullPointerException'> (0x00000007aab4f120) thrown at [/Users/java_re/workspace/8-2-build-macosx-x86_64/jdk8u40/3153/hotspot/src/share/vm/interpreter/linkResolver.cpp, line 1178]
Event: 21037.639 Thread 0x00007f90e380c800 Exception <a 'java/lang/NullPointerException'> (0x00000007aab505b8) thrown at [/Users/java_re/workspace/8-2-build-macosx-x86_64/jdk8u40/3153/hotspot/src/share/vm/interpreter/linkResolver.cpp, line 1178]
Event: 21154.881 Thread 0x00007f90e380c800 Exception <a 'java/lang/NullPointerException'> (0x00000007aab4fc38) thrown at [/Users/java_re/workspace/8-2-build-macosx-x86_64/jdk8u40/3153/hotspot/src/share/vm/interpreter/linkResolver.cpp, line 1178]
Event: 21271.134 Thread 0x00007f90e380c800 Exception <a 'java/lang/NullPointerException'> (0x00000007aab4e560) thrown at [/Users/java_re/workspace/8-2-build-macosx-x86_64/jdk8u40/3153/hotspot/src/share/vm/interpreter/linkResolver.cpp, line 1178]
Event: 21326.712 Thread 0x00007f90e380c800 Exception <a 'java/lang/NullPointerException'> (0x00000007aab4fa00) thrown at [/Users/java_re/workspace/8-2-build-macosx-x86_64/jdk8u40/3153/hotspot/src/share/vm/interpreter/linkResolver.cpp, line 1178]
Event: 21458.070 Thread 0x00007f90e380c800 Exception <a 'java/lang/NullPointerException'> (0x00000007aab4eda8) thrown at [/Users/java_re/workspace/8-2-build-macosx-x86_64/jdk8u40/3153/hotspot/src/share/vm/interpreter/linkResolver.cpp, line 1178]
Event: 21575.992 Thread 0x00007f90e32e8000 Implicit null exception at 0x000000010bfd33cf to 0x000000010bfd37f1

Events (10 events):
Event: 21579.178 Thread 0x00007f90e3818000 flushing nmethod 0x000000010baa2a90
Event: 21582.560 Thread 0x00007f90e3818000 flushing nmethod 0x000000010be9a610
Event: 21582.560 Thread 0x00007f90e3818000 flushing nmethod 0x000000010be9b6d0
Event: 21583.450 Thread 0x00007f90e387a000 flushing nmethod 0x000000010bf72050
Event: 21583.450 Thread 0x00007f90e387a000 flushing nmethod 0x000000010bfac9d0
Event: 21599.810 Thread 0x00007f90e3804000 Thread added: 0x00007f90e3804000
Event: 21599.810 Executing VM operation: BulkRevokeBias
Event: 21599.816 Executing VM operation: BulkRevokeBias done
Event: 21599.818 Thread 0x00007f90e387a000 flushing nmethod 0x000000010c54f510
Event: 21602.520 Thread 0x00007f90e3218800 Thread added: 0x00007f90e3218800


Dynamic libraries:
0x000000000462d000 	/System/Library/Frameworks/Cocoa.framework/Versions/A/Cocoa
0x000000000462d000 	/System/Library/Frameworks/Security.framework/Versions/A/Security
0x000000000462d000 	/System/Library/Frameworks/ApplicationServices.framework/Versions/A/ApplicationServices
0x000000000462d000 	/usr/lib/libz.1.dylib
0x000000000462d000 	/usr/lib/libSystem.B.dylib
0x000000000462d000 	/usr/lib/libobjc.A.dylib
0x000000000462d000 	/System/Library/Frameworks/CoreFoundation.framework/Versions/A/CoreFoundation
0x000000000462d000 	/System/Library/Frameworks/Foundation.framework/Versions/C/Foundation
0x000000000462d000 	/System/Library/Frameworks/AppKit.framework/Versions/C/AppKit
0x000000000462d000 	/System/Library/Frameworks/CoreData.framework/Versions/A/CoreData
0x000000000462d000 	/System/Library/PrivateFrameworks/RemoteViewServices.framework/Versions/A/RemoteViewServices
0x000000000462d000 	/System/Library/PrivateFrameworks/UIFoundation.framework/Versions/A/UIFoundation
0x000000000462d000 	/System/Library/Frameworks/IOSurface.framework/Versions/A/IOSurface
0x000000000462d000 	/System/Library/Frameworks/AudioToolbox.framework/Versions/A/AudioToolbox
0x000000000462d000 	/System/Library/Frameworks/AudioUnit.framework/Versions/A/AudioUnit
0x000000000462d000 	/System/Library/PrivateFrameworks/DataDetectorsCore.framework/Versions/A/DataDetectorsCore
0x000000000462d000 	/System/Library/PrivateFrameworks/DesktopServicesPriv.framework/Versions/A/DesktopServicesPriv
0x000000000462d000 	/System/Library/Frameworks/Carbon.framework/Versions/A/Frameworks/HIToolbox.framework/Versions/A/HIToolbox
0x000000000462d000 	/System/Library/Frameworks/QuartzCore.framework/Versions/A/QuartzCore
0x000000000462d000 	/System/Library/Frameworks/Carbon.framework/Versions/A/Frameworks/SpeechRecognition.framework/Versions/A/SpeechRecognition
0x000000000462d000 	/usr/lib/libauto.dylib
0x000000000462d000 	/usr/lib/libicucore.A.dylib
0x000000000462d000 	/usr/lib/libxml2.2.dylib
0x000000000462d000 	/System/Library/PrivateFrameworks/CoreUI.framework/Versions/A/CoreUI
0x000000000462d000 	/System/Library/Frameworks/CoreAudio.framework/Versions/A/CoreAudio
0x000000000462d000 	/System/Library/Frameworks/DiskArbitration.framework/Versions/A/DiskArbitration
0x000000000462d000 	/usr/lib/liblangid.dylib
0x000000000462d000 	/System/Library/PrivateFrameworks/MultitouchSupport.framework/Versions/A/MultitouchSupport
0x000000000462d000 	/System/Library/Frameworks/IOKit.framework/Versions/A/IOKit
0x000000000462d000 	/usr/lib/libDiagnosticMessagesClient.dylib
0x000000000462d000 	/System/Library/Frameworks/CoreServices.framework/Versions/A/CoreServices
0x000000000462d000 	/System/Library/PrivateFrameworks/PerformanceAnalysis.framework/Versions/A/PerformanceAnalysis
0x000000000462d000 	/System/Library/PrivateFrameworks/GenerationalStorage.framework/Versions/A/GenerationalStorage
0x000000000462d000 	/System/Library/Frameworks/OpenGL.framework/Versions/A/OpenGL
0x000000000462d000 	/System/Library/PrivateFrameworks/Sharing.framework/Versions/A/Sharing
0x000000000462d000 	/System/Library/Frameworks/CoreGraphics.framework/Versions/A/CoreGraphics
0x000000000462d000 	/System/Library/Frameworks/CoreText.framework/Versions/A/CoreText
0x000000000462d000 	/System/Library/Frameworks/ImageIO.framework/Versions/A/ImageIO
0x000000000462d000 	/usr/lib/libextension.dylib
0x000000000462d000 	/System/Library/PrivateFrameworks/Backup.framework/Versions/A/Backup
0x000000000462d000 	/usr/lib/libarchive.2.dylib
0x000000000462d000 	/System/Library/Frameworks/CFNetwork.framework/Versions/A/CFNetwork
0x000000000462d000 	/System/Library/Frameworks/SystemConfiguration.framework/Versions/A/SystemConfiguration
0x000000000462d000 	/usr/lib/libCRFSuite.dylib
0x000000000462d000 	/usr/lib/libc++.1.dylib
0x000000000462d000 	/usr/lib/libc++abi.dylib
0x000000000462d000 	/usr/lib/system/libcache.dylib
0x000000000462d000 	/usr/lib/system/libcommonCrypto.dylib
0x000000000462d000 	/usr/lib/system/libcompiler_rt.dylib
0x000000000462d000 	/usr/lib/system/libcopyfile.dylib
0x000000000462d000 	/usr/lib/system/libcorecrypto.dylib
0x000000000462d000 	/usr/lib/system/libdispatch.dylib
0x000000000462d000 	/usr/lib/system/libdyld.dylib
0x000000000462d000 	/usr/lib/system/libkeymgr.dylib
0x000000000462d000 	/usr/lib/system/liblaunch.dylib
0x000000000462d000 	/usr/lib/system/libmacho.dylib
0x000000000462d000 	/usr/lib/system/libquarantine.dylib
0x000000000462d000 	/usr/lib/system/libremovefile.dylib
0x000000000462d000 	/usr/lib/system/libsystem_asl.dylib
0x000000000462d000 	/usr/lib/system/libsystem_blocks.dylib
0x000000000462d000 	/usr/lib/system/libsystem_c.dylib
0x000000000462d000 	/usr/lib/system/libsystem_configuration.dylib
0x000000000462d000 	/usr/lib/system/libsystem_coreservices.dylib
0x000000000462d000 	/usr/lib/system/libsystem_coretls.dylib
0x000000000462d000 	/usr/lib/system/libsystem_dnssd.dylib
0x000000000462d000 	/usr/lib/system/libsystem_info.dylib
0x000000000462d000 	/usr/lib/system/libsystem_kernel.dylib
0x000000000462d000 	/usr/lib/system/libsystem_m.dylib
0x000000000462d000 	/usr/lib/system/libsystem_malloc.dylib
0x000000000462d000 	/usr/lib/system/libsystem_network.dylib
0x000000000462d000 	/usr/lib/system/libsystem_networkextension.dylib
0x000000000462d000 	/usr/lib/system/libsystem_notify.dylib
0x000000000462d000 	/usr/lib/system/libsystem_platform.dylib
0x000000000462d000 	/usr/lib/system/libsystem_pthread.dylib
0x000000000462d000 	/usr/lib/system/libsystem_sandbox.dylib
0x000000000462d000 	/usr/lib/system/libsystem_secinit.dylib
0x000000000462d000 	/usr/lib/system/libsystem_stats.dylib
0x000000000462d000 	/usr/lib/system/libsystem_trace.dylib
0x000000000462d000 	/usr/lib/system/libunc.dylib
0x000000000462d000 	/usr/lib/system/libunwind.dylib
0x000000000462d000 	/usr/lib/system/libxpc.dylib
0x000000000462d000 	/usr/lib/libbz2.1.0.dylib
0x000000000462d000 	/usr/lib/liblzma.5.dylib
0x000000000462d000 	/usr/lib/libbsm.0.dylib
0x000000000462d000 	/usr/lib/libsqlite3.dylib
0x000000000462d000 	/usr/lib/system/libkxld.dylib
0x000000000462d000 	/usr/lib/libxar.1.dylib
0x000000000462d000 	/usr/lib/libpam.2.dylib
0x000000000462d000 	/usr/lib/libOpenScriptingUtil.dylib
0x000000000462d000 	/System/Library/Frameworks/CoreServices.framework/Versions/A/Frameworks/FSEvents.framework/Versions/A/FSEvents
0x000000000462d000 	/System/Library/Frameworks/CoreServices.framework/Versions/A/Frameworks/CarbonCore.framework/Versions/A/CarbonCore
0x000000000462d000 	/System/Library/Frameworks/CoreServices.framework/Versions/A/Frameworks/Metadata.framework/Versions/A/Metadata
0x000000000462d000 	/System/Library/Frameworks/CoreServices.framework/Versions/A/Frameworks/OSServices.framework/Versions/A/OSServices
0x000000000462d000 	/System/Library/Frameworks/CoreServices.framework/Versions/A/Frameworks/SearchKit.framework/Versions/A/SearchKit
0x000000000462d000 	/System/Library/Frameworks/CoreServices.framework/Versions/A/Frameworks/AE.framework/Versions/A/AE
0x000000000462d000 	/System/Library/Frameworks/CoreServices.framework/Versions/A/Frameworks/LaunchServices.framework/Versions/A/LaunchServices
0x000000000462d000 	/System/Library/Frameworks/CoreServices.framework/Versions/A/Frameworks/DictionaryServices.framework/Versions/A/DictionaryServices
0x000000000462d000 	/System/Library/Frameworks/NetFS.framework/Versions/A/NetFS
0x000000000462d000 	/System/Library/PrivateFrameworks/NetAuth.framework/Versions/A/NetAuth
0x000000000462d000 	/System/Library/PrivateFrameworks/login.framework/Versions/A/Frameworks/loginsupport.framework/Versions/A/loginsupport
0x000000000462d000 	/System/Library/PrivateFrameworks/TCC.framework/Versions/A/TCC
0x000000000462d000 	/usr/lib/libmecabra.dylib
0x000000000462d000 	/System/Library/Frameworks/ApplicationServices.framework/Versions/A/Frameworks/ATS.framework/Versions/A/ATS
0x000000000462d000 	/System/Library/Frameworks/ApplicationServices.framework/Versions/A/Frameworks/ColorSync.framework/Versions/A/ColorSync
0x000000000462d000 	/System/Library/Frameworks/ApplicationServices.framework/Versions/A/Frameworks/HIServices.framework/Versions/A/HIServices
0x000000000462d000 	/System/Library/Frameworks/ApplicationServices.framework/Versions/A/Frameworks/LangAnalysis.framework/Versions/A/LangAnalysis
0x000000000462d000 	/System/Library/Frameworks/ApplicationServices.framework/Versions/A/Frameworks/PrintCore.framework/Versions/A/PrintCore
0x000000000462d000 	/System/Library/Frameworks/ApplicationServices.framework/Versions/A/Frameworks/QD.framework/Versions/A/QD
0x000000000462d000 	/System/Library/Frameworks/ApplicationServices.framework/Versions/A/Frameworks/SpeechSynthesis.framework/Versions/A/SpeechSynthesis
0x000000000462d000 	/System/Library/Frameworks/Accelerate.framework/Versions/A/Accelerate
0x000000000462d000 	/System/Library/Frameworks/Accelerate.framework/Versions/A/Frameworks/vImage.framework/Versions/A/vImage
0x000000000462d000 	/System/Library/Frameworks/Accelerate.framework/Versions/A/Frameworks/vecLib.framework/Versions/A/vecLib
0x000000000462d000 	/System/Library/Frameworks/Accelerate.framework/Versions/A/Frameworks/vecLib.framework/Versions/A/libvDSP.dylib
0x000000000462d000 	/System/Library/Frameworks/Accelerate.framework/Versions/A/Frameworks/vecLib.framework/Versions/A/libvMisc.dylib
0x000000000462d000 	/System/Library/Frameworks/Accelerate.framework/Versions/A/Frameworks/vecLib.framework/Versions/A/libLAPACK.dylib
0x000000000462d000 	/System/Library/Frameworks/Accelerate.framework/Versions/A/Frameworks/vecLib.framework/Versions/A/libBLAS.dylib
0x000000000462d000 	/System/Library/Frameworks/Accelerate.framework/Versions/A/Frameworks/vecLib.framework/Versions/A/libLinearAlgebra.dylib
0x000000000462d000 	/System/Library/Frameworks/ApplicationServices.framework/Versions/A/Frameworks/ATS.framework/Versions/A/Resources/libFontParser.dylib
0x000000000462d000 	/System/Library/Frameworks/ApplicationServices.framework/Versions/A/Frameworks/ATS.framework/Versions/A/Resources/libFontRegistry.dylib
0x000000000462d000 	/System/Library/PrivateFrameworks/AppleVPA.framework/Versions/A/AppleVPA
0x000000000462d000 	/System/Library/PrivateFrameworks/AppleJPEG.framework/Versions/A/AppleJPEG
0x000000000462d000 	/System/Library/Frameworks/ImageIO.framework/Versions/A/Resources/libJPEG.dylib
0x000000000462d000 	/System/Library/Frameworks/ImageIO.framework/Versions/A/Resources/libTIFF.dylib
0x000000000462d000 	/System/Library/Frameworks/ImageIO.framework/Versions/A/Resources/libPng.dylib
0x000000000462d000 	/System/Library/Frameworks/ImageIO.framework/Versions/A/Resources/libGIF.dylib
0x000000000462d000 	/System/Library/Frameworks/ImageIO.framework/Versions/A/Resources/libJP2.dylib
0x000000000462d000 	/System/Library/Frameworks/ImageIO.framework/Versions/A/Resources/libRadiance.dylib
0x000000000462d000 	/System/Library/Frameworks/CoreVideo.framework/Versions/A/CoreVideo
0x000000000462d000 	/System/Library/Frameworks/OpenGL.framework/Versions/A/Libraries/libGLU.dylib
0x000000000462d000 	/System/Library/Frameworks/OpenGL.framework/Versions/A/Libraries/libGFXShared.dylib
0x000000000462d000 	/System/Library/Frameworks/OpenGL.framework/Versions/A/Libraries/libGL.dylib
0x000000000462d000 	/System/Library/Frameworks/OpenGL.framework/Versions/A/Libraries/libGLImage.dylib
0x000000000462d000 	/System/Library/Frameworks/OpenGL.framework/Versions/A/Libraries/libCVMSPluginSupport.dylib
0x000000000462d000 	/System/Library/Frameworks/OpenGL.framework/Versions/A/Libraries/libCoreVMClient.dylib
0x000000000462d000 	/usr/lib/libcups.2.dylib
0x000000000462d000 	/System/Library/Frameworks/Kerberos.framework/Versions/A/Kerberos
0x000000000462d000 	/System/Library/Frameworks/GSS.framework/Versions/A/GSS
0x000000000462d000 	/usr/lib/libresolv.9.dylib
0x000000000462d000 	/usr/lib/libiconv.2.dylib
0x000000000462d000 	/System/Library/PrivateFrameworks/Heimdal.framework/Versions/A/Heimdal
0x000000000462d000 	/usr/lib/libheimdal-asn1.dylib
0x000000000462d000 	/System/Library/Frameworks/OpenDirectory.framework/Versions/A/OpenDirectory
0x000000000462d000 	/System/Library/PrivateFrameworks/CommonAuth.framework/Versions/A/CommonAuth
0x000000000462d000 	/System/Library/Frameworks/OpenDirectory.framework/Versions/A/Frameworks/CFOpenDirectory.framework/Versions/A/CFOpenDirectory
0x000000000462d000 	/System/Library/Frameworks/SecurityFoundation.framework/Versions/A/SecurityFoundation
0x000000000462d000 	/System/Library/PrivateFrameworks/LanguageModeling.framework/Versions/A/LanguageModeling
0x000000000462d000 	/usr/lib/libcmph.dylib
0x000000000462d000 	/System/Library/Frameworks/ServiceManagement.framework/Versions/A/ServiceManagement
0x000000000462d000 	/usr/lib/libxslt.1.dylib
0x000000000462d000 	/System/Library/Frameworks/Carbon.framework/Versions/A/Frameworks/Ink.framework/Versions/A/Ink
0x000000000462d000 	/System/Library/Frameworks/QuartzCore.framework/Versions/A/Frameworks/CoreImage.framework/Versions/A/CoreImage
0x000000000462d000 	/System/Library/PrivateFrameworks/CrashReporterSupport.framework/Versions/A/CrashReporterSupport
0x000000000462d000 	/System/Library/Frameworks/OpenCL.framework/Versions/A/OpenCL
0x000000000462d000 	/System/Library/PrivateFrameworks/FaceCore.framework/Versions/A/FaceCore
0x000000000462d000 	/System/Library/PrivateFrameworks/Ubiquity.framework/Versions/A/Ubiquity
0x000000000462d000 	/System/Library/PrivateFrameworks/IconServices.framework/Versions/A/IconServices
0x000000000462d000 	/System/Library/PrivateFrameworks/ChunkingLibrary.framework/Versions/A/ChunkingLibrary
0x000000000462d000 	/System/Library/PrivateFrameworks/Apple80211.framework/Versions/A/Apple80211
0x000000000462d000 	/System/Library/Frameworks/CoreWLAN.framework/Versions/A/CoreWLAN
0x000000000462d000 	/System/Library/Frameworks/IOBluetooth.framework/Versions/A/IOBluetooth
0x000000000462d000 	/System/Library/PrivateFrameworks/CoreWiFi.framework/Versions/A/CoreWiFi
0x000000000462d000 	/System/Library/Frameworks/CoreBluetooth.framework/Versions/A/CoreBluetooth
0x000000000462d000 	/System/Library/PrivateFrameworks/DebugSymbols.framework/Versions/A/DebugSymbols
0x000000000462d000 	/System/Library/PrivateFrameworks/CoreSymbolication.framework/Versions/A/CoreSymbolication
0x000000000462d000 	/System/Library/PrivateFrameworks/Symbolication.framework/Versions/A/Symbolication
0x000000000462d000 	/System/Library/PrivateFrameworks/SpeechRecognitionCore.framework/Versions/A/SpeechRecognitionCore
0x0000000109de1000 	/Library/Java/JavaVirtualMachines/jdk1.8.0_40.jdk/Contents/Home/jre/lib/server/libjvm.dylib
0x000000000462d000 	/usr/lib/libstdc++.6.dylib
0x000000010ae4d000 	/Library/Java/JavaVirtualMachines/jdk1.8.0_40.jdk/Contents/Home/jre/lib/libverify.dylib
0x000000010ae5b000 	/Library/Java/JavaVirtualMachines/jdk1.8.0_40.jdk/Contents/Home/jre/lib/libjava.dylib
0x000000010aeb1000 	/Library/Java/JavaVirtualMachines/jdk1.8.0_40.jdk/Contents/Home/jre/lib/libzip.dylib
0x000000011e589000 	/System/Library/Frameworks/JavaVM.framework/Frameworks/JavaRuntimeSupport.framework/JavaRuntimeSupport
0x000000011e5a1000 	/System/Library/Frameworks/JavaVM.framework/Versions/A/Frameworks/JavaNativeFoundation.framework/Versions/A/JavaNativeFoundation
0x000000011e5b6000 	/System/Library/Frameworks/JavaVM.framework/Versions/A/JavaVM
0x000000000462d000 	/System/Library/Frameworks/Carbon.framework/Versions/A/Carbon
0x000000011e5c3000 	/System/Library/PrivateFrameworks/JavaLaunching.framework/Versions/A/JavaLaunching
0x000000000462d000 	/System/Library/Frameworks/Carbon.framework/Versions/A/Frameworks/CommonPanels.framework/Versions/A/CommonPanels
0x000000000462d000 	/System/Library/Frameworks/Carbon.framework/Versions/A/Frameworks/Help.framework/Versions/A/Help
0x000000000462d000 	/System/Library/Frameworks/Carbon.framework/Versions/A/Frameworks/ImageCapture.framework/Versions/A/ImageCapture
0x000000000462d000 	/System/Library/Frameworks/Carbon.framework/Versions/A/Frameworks/OpenScripting.framework/Versions/A/OpenScripting
0x000000000462d000 	/System/Library/Frameworks/Carbon.framework/Versions/A/Frameworks/Print.framework/Versions/A/Print
0x000000000462d000 	/System/Library/Frameworks/Carbon.framework/Versions/A/Frameworks/SecurityHI.framework/Versions/A/SecurityHI
0x00000001204af000 	/Library/Java/JavaVirtualMachines/jdk1.8.0_40.jdk/Contents/Home/jre/lib/libprism_es2.dylib
0x000000000462d000 	/System/Library/Frameworks/OpenGL.framework/Versions/A/Resources/GLEngine.bundle/GLEngine
0x000000000462d000 	/System/Library/Frameworks/OpenGL.framework/Versions/A/Libraries/libGLProgrammability.dylib
0x0000000000000000 	/System/Library/Extensions/GeForceTeslaGLDriver.bundle/Contents/MacOS/GeForceTeslaGLDriver
0x000000012052c000 	/System/Library/Extensions/GeForceTeslaGLDriver.bundle/Contents/MacOS/libclh.dylib
0x0000000120d73000 	/System/Library/PrivateFrameworks/GPUSupport.framework/Versions/A/Libraries/libGPUSupport.dylib
0x000000000462d000 	/System/Library/Frameworks/OpenGL.framework/Versions/A/Resources/GLRendererFloat.bundle/GLRendererFloat
0x000000000462d000 	/System/Library/Frameworks/OpenCL.framework/Versions/A/Libraries/libcldcpuengine.dylib
0x000000000462d000 	/System/Library/PrivateFrameworks/DiskImages.framework/Versions/A/DiskImages
0x000000000462d000 	/System/Library/Frameworks/DiscRecording.framework/Versions/A/DiscRecording
0x000000000462d000 	/usr/lib/libcsfde.dylib
0x000000000462d000 	/usr/lib/libcurl.4.dylib
0x000000000462d000 	/System/Library/PrivateFrameworks/MediaKit.framework/Versions/A/MediaKit
0x000000000462d000 	/System/Library/PrivateFrameworks/ProtectedCloudStorage.framework/Versions/A/ProtectedCloudStorage
0x000000000462d000 	/usr/lib/libCoreStorage.dylib
0x000000000462d000 	/System/Library/PrivateFrameworks/EFILogin.framework/Versions/A/EFILogin
0x000000000462d000 	/usr/lib/libutil.dylib
0x000000000462d000 	/System/Library/PrivateFrameworks/FindMyDevice.framework/Versions/A/FindMyDevice
0x000000000462d000 	/System/Library/Frameworks/LDAP.framework/Versions/A/LDAP
0x000000000462d000 	/usr/lib/libsasl2.2.dylib
0x000000000462d000 	/System/Library/PrivateFrameworks/CoreDaemon.framework/Versions/B/CoreDaemon
0x000000000462d000 	/usr/lib/libcrypto.0.9.8.dylib
0x000000000462d000 	/System/Library/PrivateFrameworks/AppleSRP.framework/Versions/A/AppleSRP
0x000000000462d000 	/System/Library/PrivateFrameworks/TrustEvaluationAgent.framework/Versions/A/TrustEvaluationAgent
0x0000000120e40000 	/Library/Java/JavaVirtualMachines/jdk1.8.0_40.jdk/Contents/Home/jre/lib/libglass.dylib
0x000000000462d000 	/System/Library/PrivateFrameworks/CoreServicesInternal.framework/Versions/A/CoreServicesInternal
0x000000000462d000 	/System/Library/PrivateFrameworks/CloudDocs.framework/Versions/A/CloudDocs
0x000000000462d000 	/System/Library/PrivateFrameworks/CoreDuet.framework/Versions/A/CoreDuet
0x000000000462d000 	/System/Library/Frameworks/CloudKit.framework/Versions/A/CloudKit
0x000000000462d000 	/System/Library/PrivateFrameworks/ProtocolBuffer.framework/Versions/A/ProtocolBuffer
0x000000000462d000 	/System/Library/PrivateFrameworks/CoreDuetDaemonProtocol.framework/Versions/A/CoreDuetDaemonProtocol
0x000000000462d000 	/System/Library/PrivateFrameworks/CoreDuetDebugLogging.framework/Versions/A/CoreDuetDebugLogging
0x000000000462d000 	/System/Library/Frameworks/CoreLocation.framework/Versions/A/CoreLocation
0x000000000462d000 	/System/Library/Frameworks/Accounts.framework/Versions/A/Accounts
0x000000000462d000 	/System/Library/PrivateFrameworks/ApplePushService.framework/Versions/A/ApplePushService
0x000000000462d000 	/System/Library/PrivateFrameworks/GeoServices.framework/Versions/A/GeoServices
0x000000000462d000 	/System/Library/PrivateFrameworks/OAuth.framework/Versions/A/OAuth
0x000000000462d000 	/System/Library/Frameworks/CoreGraphics.framework/Versions/A/Resources/libCGCMS.A.dylib
0x000000000462d000 	/System/Library/CoreServices/RawCamera.bundle/Contents/MacOS/RawCamera
0x000000000462d000 	/System/Library/Frameworks/CoreGraphics.framework/Versions/A/Resources/libRIP.A.dylib
0x000000000462d000 	/System/Library/PrivateFrameworks/FamilyControls.framework/Versions/A/FamilyControls
0x000000000462d000 	/System/Library/PrivateFrameworks/CommerceKit.framework/Versions/A/Frameworks/CommerceCore.framework/Versions/A/CommerceCore
0x000000000462d000 	/System/Library/PrivateFrameworks/SystemAdministration.framework/Versions/A/SystemAdministration
0x000000000462d000 	/System/Library/PrivateFrameworks/AppContainer.framework/Versions/A/AppContainer
0x000000000462d000 	/System/Library/PrivateFrameworks/SecCodeWrapper.framework/Versions/A/SecCodeWrapper
0x000000000462d000 	/System/Library/Frameworks/DirectoryService.framework/Versions/A/DirectoryService
0x000000000462d000 	/System/Library/PrivateFrameworks/LoginUIKit.framework/Versions/A/Frameworks/LoginUICore.framework/Versions/A/LoginUICore
0x000000000462d000 	/usr/lib/libodfde.dylib
0x0000000122abb000 	/Library/Java/JavaVirtualMachines/jdk1.8.0_40.jdk/Contents/Home/jre/lib/libjavafx_font.dylib
0x0000000124883000 	/Library/Java/JavaVirtualMachines/jdk1.8.0_40.jdk/Contents/Home/jre/lib/libnet.dylib
0x000000000462d000 	/System/Library/Frameworks/CoreGraphics.framework/Versions/A/Resources/libCGXType.A.dylib
0x0000000125a5f000 	/Library/Java/JavaVirtualMachines/jdk1.8.0_40.jdk/Contents/Home/jre/lib/libnio.dylib
0x000000011e6b1000 	cl_kernels
0x000000012728e000 	/System/Library/Frameworks/OpenCL.framework/Versions/A/Libraries/ImageFormats/unorm8_bgra.dylib
0x000000011e6a2000 	cl_kernels
0x00000001249c1000 	/Library/Java/JavaVirtualMachines/jdk1.8.0_40.jdk/Contents/Home/jre/lib/libprism_common.dylib
0x000000012b350000 	/Library/Java/JavaVirtualMachines/jdk1.8.0_40.jdk/Contents/Home/jre/lib/libawt.dylib
0x000000012c568000 	/Library/Java/JavaVirtualMachines/jdk1.8.0_40.jdk/Contents/Home/jre/lib/./libmlib_image.dylib
0x000000012c760000 	/Library/Java/JavaVirtualMachines/jdk1.8.0_40.jdk/Contents/Home/jre/lib/libawt_lwawt.dylib
0x000000011e5cf000 	/Library/Java/JavaVirtualMachines/jdk1.8.0_40.jdk/Contents/Home/jre/lib/./libosxapp.dylib
0x000000000462d000 	/System/Library/Frameworks/ExceptionHandling.framework/Versions/A/ExceptionHandling
0x000000011e5eb000 	/Library/Java/JavaVirtualMachines/jdk1.8.0_40.jdk/Contents/Home/jre/lib/libfontmanager.dylib
0x000000011e6fd000 	/Library/Java/JavaVirtualMachines/jdk1.8.0_40.jdk/Contents/Home/jre/lib/libosxui.dylib
0x000000000462d000 	/System/Library/Frameworks/Accelerate.framework/Versions/A/Frameworks/vImage.framework/Versions/A/Libraries/libCGInterfaces.dylib

VM Arguments:
jvm_args: -Dfile.encoding=UTF-8 
java_command: VIEW.View
java_class_path (initial): /Users/idinter/Desktop/workspace/SBOBETCLI/bin:/Users/idinter/Desktop/workspace/SBOBETCLI/selenium-java-2.45.0.jar:/Users/idinter/Desktop/workspace/SBOBETCLI/selenium-server-standalone-2.45.0.jar
Launcher Type: SUN_STANDARD

Environment Variables:
PATH=/usr/bin:/bin:/usr/sbin:/sbin
SHELL=/bin/bash
DISPLAY=/private/tmp/com.apple.launchd.mx9hOAuqUI/org.macosforge.xquartz:0

Signal Handlers:
SIGSEGV: [libjvm.dylib+0x58ef95], sa_mask[0]=11111111011111110111111111111111, sa_flags=SA_ONSTACK|SA_RESTART|SA_SIGINFO
SIGBUS: [libjvm.dylib+0x58ef95], sa_mask[0]=11111111011111110111111111111111, sa_flags=SA_RESTART|SA_SIGINFO
SIGFPE: [libjvm.dylib+0x46c118], sa_mask[0]=11111111011111110111111111111111, sa_flags=SA_RESTART|SA_SIGINFO
SIGPIPE: [libjvm.dylib+0x46c118], sa_mask[0]=11111111011111110111111111111111, sa_flags=SA_RESTART|SA_SIGINFO
SIGXFSZ: [libjvm.dylib+0x46c118], sa_mask[0]=11111111011111110111111111111111, sa_flags=SA_RESTART|SA_SIGINFO
SIGILL: [libjvm.dylib+0x46c118], sa_mask[0]=11111111011111110111111111111111, sa_flags=SA_RESTART|SA_SIGINFO
SIGUSR1: SIG_DFL, sa_mask[0]=00000000000000000000000000000000, sa_flags=none
SIGUSR2: [libjvm.dylib+0x46bc36], sa_mask[0]=00100000000000000000000000000000, sa_flags=SA_RESTART|SA_SIGINFO
SIGHUP: [libjvm.dylib+0x46a209], sa_mask[0]=11111111011111110111111111111111, sa_flags=SA_RESTART|SA_SIGINFO
SIGINT: [libjvm.dylib+0x46a209], sa_mask[0]=11111111011111110111111111111111, sa_flags=SA_RESTART|SA_SIGINFO
SIGTERM: [libjvm.dylib+0x46a209], sa_mask[0]=11111111011111110111111111111111, sa_flags=SA_RESTART|SA_SIGINFO
SIGQUIT: [libjvm.dylib+0x46a209], sa_mask[0]=11111111011111110111111111111111, sa_flags=SA_RESTART|SA_SIGINFO


---------------  S Y S T E M  ---------------

OS:Bsduname:Darwin 14.1.0 Darwin Kernel Version 14.1.0: Thu Feb 26 19:26:47 PST 2015; root:xnu-2782.10.73~1/RELEASE_X86_64 x86_64
rlimit: STACK 8192k, CORE 0k, NPROC 709, NOFILE 10240, AS infinity
load average:4.35 2.91 2.32

CPU:total 2 (2 cores per cpu, 1 threads per core) family 6 model 23 stepping 10, cmov, cx8, fxsr, mmx, sse, sse2, sse3, ssse3, sse4.1, tsc

Memory: 4k page, physical 4194304k(24324k free)

/proc/meminfo:


vm_info: Java HotSpot(TM) 64-Bit Server VM (25.40-b25) for bsd-amd64 JRE (1.8.0_40-b27), built on Mar 13 2015 04:46:52 by "java_re" with gcc 4.2.1 (Based on Apple Inc. build 5658) (LLVM build 2336.11.00)

time: Thu Aug 13 00:00:27 2015
elapsed time: 21605 seconds (0d 6h 0m 5s)

