#
# A fatal error has been detected by the Java Runtime Environment:
#
#  SIGSEGV (0xb) at pc=0x000000011d4535dd, pid=887, tid=1811
#
# JRE version: Java(TM) SE Runtime Environment (8.0_40-b27) (build 1.8.0_40-b27)
# Java VM: Java HotSpot(TM) 64-Bit Server VM (25.40-b25 mixed mode bsd-amd64 compressed oops)
# Problematic frame:
# C  [libglass.dylib+0x155dd]  GlassScreenDidChangeScreenParameters+0x9d
#
# Failed to write core dump. Core dumps have been disabled. To enable core dumping, try "ulimit -c unlimited" before starting Java again
#
# If you would like to submit a bug report, please visit:
#   http://bugreport.java.com/bugreport/crash.jsp
#

---------------  T H R E A D  ---------------

Current thread is native thread

siginfo: si_signo: 11 (SIGSEGV), si_code: 1 (SEGV_MAPERR), si_addr: 0x0000000000000000

Registers:
RAX=0x000000011d485bc0, RBX=0x0000000000000000, RCX=0x49000ad38e428dd3, RDX=0x00007fece9dc5970
RSP=0x00007fff5991d080, RBP=0x00007fff5991d090, RSI=0x00007fece9c03df0, RDI=0x0000000000000000
R8 =0x00007fff5991cf30, R9 =0x00007fff7a99d300, R10=0x0000000000000000, R11=0x0000000000000246
R12=0x00007fece9c12620, R13=0x00000000000f4268, R14=0x00007fece9dc5880, R15=0x00007fff5991d1d0
RIP=0x000000011d4535dd, EFLAGS=0x0000000000010202, ERR=0x0000000000000004
  TRAPNO=0x000000000000000e

Top of Stack: (sp=0x00007fff5991d080)
0x00007fff5991d080:   00007fff5991d260 00007fece9dc5880
0x00007fff5991d090:   00007fff5991d0a0 00007fff8da60cdc
0x00007fff5991d0a0:   00007fff5991d400 00007fff8d952244
0x00007fff5991d0b0:   00007fff5991d100 0000000000000a00
0x00007fff5991d0c0:   00007fff7adc5cf0 00007fecec066cf0
0x00007fff5991d0d0:   0000000000001001 0000000000000900
0x00007fff5991d0e0:   00007fecec066cf0 00007fece9dc5880
0x00007fff5991d0f0:   0000000000000000 00007fff5991d1d0
0x00007fff5991d100:   0000000000000000 00007fece9dc5840
0x00007fff5991d110:   00007fff5991d250 0000000000000060
0x00007fff5991d120:   00000000000f430d 00007fecec212110
0x00007fff5991d130:   00007fece9c6d690 00007fece9c12620
0x00007fff5991d140:   0000000000000001 00000000000f4268
0x00007fff5991d150:   00007fece9c12610 00007fff93ec4acb
0x00007fff5991d160:   0000000000000001 0000000000000001
0x00007fff5991d170:   0000000000000030 0000000000000001
0x00007fff5991d180:   00007fff5991d1a0 00007fff93eca231
0x00007fff5991d190:   00007fff7adc3dd0 0000000000000000
0x00007fff5991d1a0:   00007fff5991d1c0 0000000000000019
0x00007fff5991d1b0:   00020203eaeb2000 00007fece9c12644
0x00007fff5991d1c0:   0000000000000000 00007fff8d947d1f
0x00007fff5991d1d0:   00007fece9dc5880 00007fff7adc3dd0
0x00007fff5991d1e0:   00007fff5991d260 00007fff8d95084f
0x00007fff5991d1f0:   00007fff5991d264 0000000000442501
0x00007fff5991d200:   00000001062fea00 0000000000000002
0x00007fff5991d210:   00000001062fb000 00007fecec24fee2
0x00007fff5991d220:   0000000000000003 00000001062ff400
0x00007fff5991d230:   00007fff5991d320 00007fff93ec32a2
0x00007fff5991d240:   00007fece9d8c6d0 00007fff5991d408
0x00007fff5991d250:   0000000000000017 0000000000000000
0x00007fff5991d260:   00000000000f4268 00007fff8d948013
0x00007fff5991d270:   00007fff00000000 00007fece9c71e60 

Instructions: (pc=0x000000011d4535dd)
0x000000011d4535bd:   89 df 4c 89 f1 41 ff 90 68 04 00 00 48 8d 05 f8
0x000000011d4535cd:   24 03 00 48 8b 30 48 8d 05 e6 25 03 00 48 8b 10
0x000000011d4535dd:   48 8b 0b 30 c0 48 89 df ff 91 68 04 00 00 48 8b
0x000000011d4535ed:   03 48 89 df ff 50 78 48 85 c0 74 36 49 89 c6 48 

Register to memory mapping:

RAX=0x000000011d485bc0: jScreenNotifySettingsChanged+0 in /Library/Java/JavaVirtualMachines/jdk1.8.0_40.jdk/Contents/Home/jre/lib/libglass.dylib at 0x000000011d43e000
RBX=0x0000000000000000 is an unknown value
RCX=0x49000ad38e428dd3 is an unknown value
RDX=0x00007fece9dc5970 is an unknown value
RSP=0x00007fff5991d080 is an unknown value
RBP=0x00007fff5991d090 is an unknown value
RSI=0x00007fece9c03df0 is a global jni handle
RDI=0x0000000000000000 is an unknown value
R8 =0x00007fff5991cf30 is an unknown value
R9 =0x00007fff7a99d300: _thread+0 in /usr/lib/system/libsystem_pthread.dylib at 0x00007fff8b4b4000
R10=0x0000000000000000 is an unknown value
R11=0x0000000000000246 is an unknown value
R12=0x00007fece9c12620 is an unknown value
R13=0x00000000000f4268 is an unknown value
R14=0x00007fece9dc5880 is an unknown value
R15=0x00007fff5991d1d0 is an unknown value


Stack: [0x00007fff59120000,0x00007fff59920000],  sp=0x00007fff5991d080,  free space=8180k
Native frames: (J=compiled Java code, j=interpreted, Vv=VM code, C=native code)
C  [libglass.dylib+0x155dd]  GlassScreenDidChangeScreenParameters+0x9d
C  [CoreFoundation+0x11ecdc]  __CFNOTIFICATIONCENTER_IS_CALLING_OUT_TO_AN_OBSERVER__+0xc
C  [CoreFoundation+0x10244]  _CFXNotificationPost+0xc44
C  [Foundation+0x2c31]  -[NSNotificationCenter postNotificationName:object:userInfo:]+0x42
C  [AppKit+0x36305e]  -[NSApplication _reactToScreenInvalidationImmediately:]+0x17b
C  [AppKit+0x362e9d]  __44-[NSApplication _reactToScreenInvalidation:]_block_invoke+0x4b
C  [CoreFoundation+0x8056c]  __CFRUNLOOP_IS_CALLING_OUT_TO_A_BLOCK__+0xc
C  [CoreFoundation+0x72675]  __CFRunLoopDoBlocks+0x155
C  [CoreFoundation+0x721b6]  __CFRunLoopRun+0x716
C  [CoreFoundation+0x71858]  CFRunLoopRunSpecific+0x128
C  [java+0x6490]  CreateExecutionEnvironment+0x367
C  [java+0x221c]  JLI_Launch+0x7a0
C  [java+0x84ed]  main+0x65
C  [java+0x1a74]  start+0x34


---------------  P R O C E S S  ---------------

VM state:not at safepoint (normal execution)

VM Mutex/Monitor currently owned by a thread: None

Heap:
 PSYoungGen      total 18944K, used 14836K [0x00000007aab00000, 0x00000007ad100000, 0x00000007c0000000)
  eden space 16384K, 75% used [0x00000007aab00000,0x00000007ab71d140,0x00000007abb00000)
  from space 2560K, 95% used [0x00000007abb00000,0x00000007abd60010,0x00000007abd80000)
  to   space 7168K, 0% used [0x00000007aca00000,0x00000007aca00000,0x00000007ad100000)
 ParOldGen       total 35840K, used 6486K [0x0000000780000000, 0x0000000782300000, 0x00000007aab00000)
  object space 35840K, 18% used [0x0000000780000000,0x00000007806559d8,0x0000000782300000)
 Metaspace       used 27226K, capacity 28496K, committed 28672K, reserved 1073152K
  class space    used 4022K, capacity 4269K, committed 4352K, reserved 1048576K

Card table byte_map: [0x0000000116dc0000,0x0000000116fc1000] byte_map_base: 0x00000001131c0000

Marking Bits: (ParMarkBitMap*) 0x0000000106ca17a0
 Begin Bits: [0x000000011721a000, 0x000000011821a000)
 End Bits:   [0x000000011821a000, 0x000000011921a000)

Polling page: 0x000000010748e000

CodeCache: size=245760Kb used=6631Kb max_used=6644Kb free=239128Kb
 bounds [0x0000000107a00000, 0x0000000108090000, 0x0000000116a00000]
 total_blobs=3051 nmethods=2361 adapters=605
 compilation: enabled

Compilation events (10 events):
Event: 13.067 Thread 0x00007fecea043800 2496       4       jdk.internal.org.objectweb.asm.ClassWriter::newUTF8 (70 bytes)
Event: 13.069 Thread 0x00007fecea856000 2497       1       java.util.concurrent.atomic.AtomicInteger::get (5 bytes)
Event: 13.070 Thread 0x00007fecea856000 nmethod 2497 0x000000010807cc10 code [0x000000010807cd60, 0x000000010807ce70]
Event: 13.073 Thread 0x00007fecea856000 2498       3       java.util.concurrent.locks.AbstractQueuedSynchronizer::release (33 bytes)
Event: 13.073 Thread 0x00007fecea856000 nmethod 2498 0x000000010807c690 code [0x000000010807c820, 0x000000010807cb38]
Event: 13.083 Thread 0x00007fecea856000 2500       3       jdk.internal.org.objectweb.asm.MethodVisitor::visitFieldInsn (20 bytes)
Event: 13.083 Thread 0x00007fecea856000 nmethod 2500 0x000000010807c1d0 code [0x000000010807c340, 0x000000010807c5a8]
Event: 13.101 Thread 0x00007fecea043800 nmethod 2496 0x000000010807fb90 code [0x000000010807fd60, 0x0000000108080928]
Event: 13.101 Thread 0x00007fecea043800 2499       4       jdk.internal.org.objectweb.asm.ByteVector::put12 (64 bytes)
Event: 13.104 Thread 0x00007fecea043800 nmethod 2499 0x000000010807dc10 code [0x000000010807dd60, 0x000000010807e038]

GC Heap History (10 events):
Event: 2.082 GC heap before
{Heap before GC invocations=2 (full 0):
 PSYoungGen      total 18944K, used 18928K [0x00000007aab00000, 0x00000007ac000000, 0x00000007c0000000)
  eden space 16384K, 100% used [0x00000007aab00000,0x00000007abb00000,0x00000007abb00000)
  from space 2560K, 99% used [0x00000007abb00000,0x00000007abd7c190,0x00000007abd80000)
  to   space 2560K, 0% used [0x00000007abd80000,0x00000007abd80000,0x00000007ac000000)
 ParOldGen       total 44032K, used 239K [0x0000000780000000, 0x0000000782b00000, 0x00000007aab00000)
  object space 44032K, 0% used [0x0000000780000000,0x000000078003bec0,0x0000000782b00000)
 Metaspace       used 12937K, capacity 13282K, committed 13568K, reserved 1060864K
  class space    used 1649K, capacity 1765K, committed 1792K, reserved 1048576K
Event: 2.092 GC heap after
Heap after GC invocations=2 (full 0):
 PSYoungGen      total 18944K, used 2528K [0x00000007aab00000, 0x00000007ac000000, 0x00000007c0000000)
  eden space 16384K, 0% used [0x00000007aab00000,0x00000007aab00000,0x00000007abb00000)
  from space 2560K, 98% used [0x00000007abd80000,0x00000007abff8060,0x00000007ac000000)
  to   space 2560K, 0% used [0x00000007abb00000,0x00000007abb00000,0x00000007abd80000)
 ParOldGen       total 44032K, used 2428K [0x0000000780000000, 0x0000000782b00000, 0x00000007aab00000)
  object space 44032K, 5% used [0x0000000780000000,0x000000078025f328,0x0000000782b00000)
 Metaspace       used 12937K, capacity 13282K, committed 13568K, reserved 1060864K
  class space    used 1649K, capacity 1765K, committed 1792K, reserved 1048576K
}
Event: 6.665 GC heap before
{Heap before GC invocations=3 (full 0):
 PSYoungGen      total 18944K, used 18912K [0x00000007aab00000, 0x00000007ac000000, 0x00000007c0000000)
  eden space 16384K, 100% used [0x00000007aab00000,0x00000007abb00000,0x00000007abb00000)
  from space 2560K, 98% used [0x00000007abd80000,0x00000007abff8060,0x00000007ac000000)
  to   space 2560K, 0% used [0x00000007abb00000,0x00000007abb00000,0x00000007abd80000)
 ParOldGen       total 44032K, used 2428K [0x0000000780000000, 0x0000000782b00000, 0x00000007aab00000)
  object space 44032K, 5% used [0x0000000780000000,0x000000078025f328,0x0000000782b00000)
 Metaspace       used 16372K, capacity 16720K, committed 16896K, reserved 1064960K
  class space    used 2121K, capacity 2260K, committed 2304K, reserved 1048576K
Event: 6.691 GC heap after
Heap after GC invocations=3 (full 0):
 PSYoungGen      total 18944K, used 2544K [0x00000007aab00000, 0x00000007ac000000, 0x00000007c0000000)
  eden space 16384K, 0% used [0x00000007aab00000,0x00000007aab00000,0x00000007abb00000)
  from space 2560K, 99% used [0x00000007abb00000,0x00000007abd7c030,0x00000007abd80000)
  to   space 2560K, 0% used [0x00000007abd80000,0x00000007abd80000,0x00000007ac000000)
 ParOldGen       total 44032K, used 5313K [0x0000000780000000, 0x0000000782b00000, 0x00000007aab00000)
  object space 44032K, 12% used [0x0000000780000000,0x0000000780530780,0x0000000782b00000)
 Metaspace       used 16372K, capacity 16720K, committed 16896K, reserved 1064960K
  class space    used 2121K, capacity 2260K, committed 2304K, reserved 1048576K
}
Event: 8.368 GC heap before
{Heap before GC invocations=4 (full 0):
 PSYoungGen      total 18944K, used 17256K [0x00000007aab00000, 0x00000007ac000000, 0x00000007c0000000)
  eden space 16384K, 89% used [0x00000007aab00000,0x00000007ab95e3b0,0x00000007abb00000)
  from space 2560K, 99% used [0x00000007abb00000,0x00000007abd7c030,0x00000007abd80000)
  to   space 2560K, 0% used [0x00000007abd80000,0x00000007abd80000,0x00000007ac000000)
 ParOldGen       total 44032K, used 5313K [0x0000000780000000, 0x0000000782b00000, 0x00000007aab00000)
  object space 44032K, 12% used [0x0000000780000000,0x0000000780530780,0x0000000782b00000)
 Metaspace       used 20637K, capacity 21124K, committed 21248K, reserved 1067008K
  class space    used 2836K, capacity 2989K, committed 3072K, reserved 1048576K
Event: 8.391 GC heap after
Heap after GC invocations=4 (full 0):
 PSYoungGen      total 18944K, used 2528K [0x00000007aab00000, 0x00000007ac000000, 0x00000007c0000000)
  eden space 16384K, 0% used [0x00000007aab00000,0x00000007aab00000,0x00000007abb00000)
  from space 2560K, 98% used [0x00000007abd80000,0x00000007abff8040,0x00000007ac000000)
  to   space 2560K, 0% used [0x00000007abb00000,0x00000007abb00000,0x00000007abd80000)
 ParOldGen       total 44032K, used 8030K [0x0000000780000000, 0x0000000782b00000, 0x00000007aab00000)
  object space 44032K, 18% used [0x0000000780000000,0x00000007807d7a00,0x0000000782b00000)
 Metaspace       used 20637K, capacity 21124K, committed 21248K, reserved 1067008K
  class space    used 2836K, capacity 2989K, committed 3072K, reserved 1048576K
}
Event: 8.391 GC heap before
{Heap before GC invocations=5 (full 1):
 PSYoungGen      total 18944K, used 2528K [0x00000007aab00000, 0x00000007ac000000, 0x00000007c0000000)
  eden space 16384K, 0% used [0x00000007aab00000,0x00000007aab00000,0x00000007abb00000)
  from space 2560K, 98% used [0x00000007abd80000,0x00000007abff8040,0x00000007ac000000)
  to   space 2560K, 0% used [0x00000007abb00000,0x00000007abb00000,0x00000007abd80000)
 ParOldGen       total 44032K, used 8030K [0x0000000780000000, 0x0000000782b00000, 0x00000007aab00000)
  object space 44032K, 18% used [0x0000000780000000,0x00000007807d7a00,0x0000000782b00000)
 Metaspace       used 20637K, capacity 21124K, committed 21248K, reserved 1067008K
  class space    used 2836K, capacity 2989K, committed 3072K, reserved 1048576K
Event: 8.472 GC heap after
Heap after GC invocations=5 (full 1):
 PSYoungGen      total 18944K, used 0K [0x00000007aab00000, 0x00000007ac000000, 0x00000007c0000000)
  eden space 16384K, 0% used [0x00000007aab00000,0x00000007aab00000,0x00000007abb00000)
  from space 2560K, 0% used [0x00000007abd80000,0x00000007abd80000,0x00000007ac000000)
  to   space 2560K, 0% used [0x00000007abb00000,0x00000007abb00000,0x00000007abd80000)
 ParOldGen       total 35840K, used 6478K [0x0000000780000000, 0x0000000782300000, 0x00000007aab00000)
  object space 35840K, 18% used [0x0000000780000000,0x00000007806539d8,0x0000000782300000)
 Metaspace       used 20637K, capacity 21124K, committed 21248K, reserved 1067008K
  class space    used 2836K, capacity 2989K, committed 3072K, reserved 1048576K
}
Event: 9.487 GC heap before
{Heap before GC invocations=6 (full 1):
 PSYoungGen      total 18944K, used 16384K [0x00000007aab00000, 0x00000007ac000000, 0x00000007c0000000)
  eden space 16384K, 100% used [0x00000007aab00000,0x00000007abb00000,0x00000007abb00000)
  from space 2560K, 0% used [0x00000007abd80000,0x00000007abd80000,0x00000007ac000000)
  to   space 2560K, 0% used [0x00000007abb00000,0x00000007abb00000,0x00000007abd80000)
 ParOldGen       total 35840K, used 6478K [0x0000000780000000, 0x0000000782300000, 0x00000007aab00000)
  object space 35840K, 18% used [0x0000000780000000,0x00000007806539d8,0x0000000782300000)
 Metaspace       used 25286K, capacity 26386K, committed 26496K, reserved 1071104K
  class space    used 3762K, capacity 3964K, committed 3968K, reserved 1048576K
Event: 9.497 GC heap after
Heap after GC invocations=6 (full 1):
 PSYoungGen      total 18944K, used 2432K [0x00000007aab00000, 0x00000007ad100000, 0x00000007c0000000)
  eden space 16384K, 0% used [0x00000007aab00000,0x00000007aab00000,0x00000007abb00000)
  from space 2560K, 95% used [0x00000007abb00000,0x00000007abd60010,0x00000007abd80000)
  to   space 7168K, 0% used [0x00000007aca00000,0x00000007aca00000,0x00000007ad100000)
 ParOldGen       total 35840K, used 6486K [0x0000000780000000, 0x0000000782300000, 0x00000007aab00000)
  object space 35840K, 18% used [0x0000000780000000,0x00000007806559d8,0x0000000782300000)
 Metaspace       used 25286K, capacity 26386K, committed 26496K, reserved 1071104K
  class space    used 3762K, capacity 3964K, committed 3968K, reserved 1048576K
}

Deoptimization events (10 events):
Event: 8.733 Thread 0x00007feceaa79000 Uncommon trap: reason=class_check action=maybe_recompile pc=0x0000000107e11184 method=java.io.DataInputStream.readShort()S @ 4
Event: 8.743 Thread 0x00007feceaa79000 Uncommon trap: reason=class_check action=maybe_recompile pc=0x0000000107b2c5dc method=java.lang.String.equals(Ljava/lang/Object;)Z @ 8
Event: 8.743 Thread 0x00007feceaa79000 Uncommon trap: reason=class_check action=maybe_recompile pc=0x0000000107b2c5dc method=java.lang.String.equals(Ljava/lang/Object;)Z @ 8
Event: 8.743 Thread 0x00007feceaa79000 Uncommon trap: reason=class_check action=maybe_recompile pc=0x0000000107b2c5dc method=java.lang.String.equals(Ljava/lang/Object;)Z @ 8
Event: 8.744 Thread 0x00007feceaa79000 Uncommon trap: reason=class_check action=maybe_recompile pc=0x0000000107b2c5dc method=java.lang.String.equals(Ljava/lang/Object;)Z @ 8
Event: 9.069 Thread 0x00007feceaa79000 Uncommon trap: reason=unstable_if action=reinterpret pc=0x0000000107c02020 method=java.lang.CharacterData.of(I)Ljava/lang/CharacterData; @ 4
Event: 9.089 Thread 0x00007feceaa79000 Uncommon trap: reason=unstable_if action=reinterpret pc=0x0000000107ce2f04 method=java.io.UnixFileSystem.normalize(Ljava/lang/String;)Ljava/lang/String; @ 34
Event: 9.154 Thread 0x00007feceaa79000 Uncommon trap: reason=unstable_if action=reinterpret pc=0x0000000107db386c method=java.lang.ClassLoader.checkName(Ljava/lang/String;)Z @ 20
Event: 9.612 Thread 0x00007feceaa79000 Uncommon trap: reason=unstable_if action=reinterpret pc=0x0000000107f5757c method=javafx.scene.CssStyleHelper.getStyle(Ljavafx/css/Styleable;Ljava/lang/String;Lcom/sun/javafx/css/StyleMap;Ljava/util/Set;)Lcom/sun/javafx/css/CascadingStyle; @ 8
Event: 9.876 Thread 0x00007feceaa79000 Uncommon trap: reason=unstable_if action=reinterpret pc=0x0000000107ed02b4 method=jdk.internal.org.objectweb.asm.Type.getArgumentsAndReturnSizes(Ljava/lang/String;)I @ 47

Internal exceptions (10 events):
Event: 7.873 Thread 0x00007feceaa79000 Exception <a 'java/lang/NullPointerException'> (0x00000007ab019df0) thrown at [/Users/java_re/workspace/8-2-build-macosx-x86_64/jdk8u40/3153/hotspot/src/share/vm/interpreter/linkResolver.cpp, line 1178]
Event: 7.873 Thread 0x00007feceaa79000 Exception <a 'java/lang/NullPointerException'> (0x00000007ab019df0) thrown at [/Users/java_re/workspace/8-2-build-macosx-x86_64/jdk8u40/3153/hotspot/src/share/vm/prims/jvm.cpp, line 1386]
Event: 8.258 Thread 0x00007feceaa79000 Exception <a 'java/lang/ArrayIndexOutOfBoundsException'> (0x00000007ab68ae20) thrown at [/Users/java_re/workspace/8-2-build-macosx-x86_64/jdk8u40/3153/hotspot/src/share/vm/runtime/sharedRuntime.cpp, line 605]
Event: 8.258 Thread 0x00007feceaa79000 Exception <a 'java/lang/ArrayIndexOutOfBoundsException'> (0x00000007ab68bc58) thrown at [/Users/java_re/workspace/8-2-build-macosx-x86_64/jdk8u40/3153/hotspot/src/share/vm/runtime/sharedRuntime.cpp, line 605]
Event: 8.259 Thread 0x00007feceaa79000 Exception <a 'java/lang/ArrayIndexOutOfBoundsException'> (0x00000007ab68d3a0) thrown at [/Users/java_re/workspace/8-2-build-macosx-x86_64/jdk8u40/3153/hotspot/src/share/vm/runtime/sharedRuntime.cpp, line 605]
Event: 8.259 Thread 0x00007feceaa79000 Exception <a 'java/lang/ArrayIndexOutOfBoundsException'> (0x00000007ab68e708) thrown at [/Users/java_re/workspace/8-2-build-macosx-x86_64/jdk8u40/3153/hotspot/src/share/vm/runtime/sharedRuntime.cpp, line 605]
Event: 8.268 Thread 0x00007feceaa79000 Exception <a 'java/lang/ArrayIndexOutOfBoundsException'> (0x00000007ab6a82c0) thrown at [/Users/java_re/workspace/8-2-build-macosx-x86_64/jdk8u40/3153/hotspot/src/share/vm/runtime/sharedRuntime.cpp, line 605]
Event: 8.305 Thread 0x00007feceaa79000 Exception <a 'java/lang/ArrayIndexOutOfBoundsException'> (0x00000007ab77f9a8) thrown at [/Users/java_re/workspace/8-2-build-macosx-x86_64/jdk8u40/3153/hotspot/src/share/vm/runtime/sharedRuntime.cpp, line 605]
Event: 8.572 Thread 0x00007feceaa79000 Implicit null exception at 0x0000000107e260b5 to 0x0000000107e262ed
Event: 8.572 Thread 0x00007feceaa79000 Implicit null exception at 0x0000000107e4ca7b to 0x0000000107e4ced9

Events (10 events):
Event: 13.334 Executing VM operation: RevokeBias done
Event: 13.334 Executing VM operation: BulkRevokeBias
Event: 13.334 Executing VM operation: BulkRevokeBias done
Event: 13.335 loading class java/util/Collections$SynchronizedRandomAccessList
Event: 13.335 loading class java/util/Collections$SynchronizedList
Event: 13.335 loading class java/util/Collections$SynchronizedList done
Event: 13.336 loading class java/util/Collections$SynchronizedRandomAccessList done
Event: 13.336 Executing VM operation: RevokeBias
Event: 13.336 Executing VM operation: RevokeBias done
Event: 13.336 Thread 0x00007fecea2c1800 Thread exited: 0x00007fecea2c1800


Dynamic libraries:
0x000000000a6ca000 	/System/Library/Frameworks/Cocoa.framework/Versions/A/Cocoa
0x000000000a6ca000 	/System/Library/Frameworks/Security.framework/Versions/A/Security
0x000000000a6ca000 	/System/Library/Frameworks/ApplicationServices.framework/Versions/A/ApplicationServices
0x000000000a6ca000 	/usr/lib/libz.1.dylib
0x000000000a6ca000 	/usr/lib/libSystem.B.dylib
0x000000000a6ca000 	/usr/lib/libobjc.A.dylib
0x000000000a6ca000 	/System/Library/Frameworks/CoreFoundation.framework/Versions/A/CoreFoundation
0x000000000a6ca000 	/System/Library/Frameworks/Foundation.framework/Versions/C/Foundation
0x000000000a6ca000 	/System/Library/Frameworks/AppKit.framework/Versions/C/AppKit
0x000000000a6ca000 	/System/Library/Frameworks/CoreData.framework/Versions/A/CoreData
0x000000000a6ca000 	/System/Library/PrivateFrameworks/RemoteViewServices.framework/Versions/A/RemoteViewServices
0x000000000a6ca000 	/System/Library/PrivateFrameworks/UIFoundation.framework/Versions/A/UIFoundation
0x000000000a6ca000 	/System/Library/Frameworks/IOSurface.framework/Versions/A/IOSurface
0x000000000a6ca000 	/System/Library/Frameworks/AudioToolbox.framework/Versions/A/AudioToolbox
0x000000000a6ca000 	/System/Library/Frameworks/AudioUnit.framework/Versions/A/AudioUnit
0x000000000a6ca000 	/System/Library/PrivateFrameworks/DataDetectorsCore.framework/Versions/A/DataDetectorsCore
0x000000000a6ca000 	/System/Library/PrivateFrameworks/DesktopServicesPriv.framework/Versions/A/DesktopServicesPriv
0x000000000a6ca000 	/System/Library/Frameworks/Carbon.framework/Versions/A/Frameworks/HIToolbox.framework/Versions/A/HIToolbox
0x000000000a6ca000 	/System/Library/Frameworks/QuartzCore.framework/Versions/A/QuartzCore
0x000000000a6ca000 	/System/Library/Frameworks/Carbon.framework/Versions/A/Frameworks/SpeechRecognition.framework/Versions/A/SpeechRecognition
0x000000000a6ca000 	/usr/lib/libauto.dylib
0x000000000a6ca000 	/usr/lib/libicucore.A.dylib
0x000000000a6ca000 	/usr/lib/libxml2.2.dylib
0x000000000a6ca000 	/System/Library/PrivateFrameworks/CoreUI.framework/Versions/A/CoreUI
0x000000000a6ca000 	/System/Library/Frameworks/CoreAudio.framework/Versions/A/CoreAudio
0x000000000a6ca000 	/System/Library/Frameworks/DiskArbitration.framework/Versions/A/DiskArbitration
0x000000000a6ca000 	/usr/lib/liblangid.dylib
0x000000000a6ca000 	/System/Library/PrivateFrameworks/MultitouchSupport.framework/Versions/A/MultitouchSupport
0x000000000a6ca000 	/System/Library/Frameworks/IOKit.framework/Versions/A/IOKit
0x000000000a6ca000 	/usr/lib/libDiagnosticMessagesClient.dylib
0x000000000a6ca000 	/System/Library/Frameworks/CoreServices.framework/Versions/A/CoreServices
0x000000000a6ca000 	/System/Library/PrivateFrameworks/PerformanceAnalysis.framework/Versions/A/PerformanceAnalysis
0x000000000a6ca000 	/System/Library/PrivateFrameworks/GenerationalStorage.framework/Versions/A/GenerationalStorage
0x000000000a6ca000 	/System/Library/Frameworks/OpenGL.framework/Versions/A/OpenGL
0x000000000a6ca000 	/System/Library/PrivateFrameworks/Sharing.framework/Versions/A/Sharing
0x000000000a6ca000 	/System/Library/Frameworks/CoreGraphics.framework/Versions/A/CoreGraphics
0x000000000a6ca000 	/System/Library/Frameworks/CoreText.framework/Versions/A/CoreText
0x000000000a6ca000 	/System/Library/Frameworks/ImageIO.framework/Versions/A/ImageIO
0x000000000a6ca000 	/usr/lib/libextension.dylib
0x000000000a6ca000 	/System/Library/PrivateFrameworks/Backup.framework/Versions/A/Backup
0x000000000a6ca000 	/usr/lib/libarchive.2.dylib
0x000000000a6ca000 	/System/Library/Frameworks/CFNetwork.framework/Versions/A/CFNetwork
0x000000000a6ca000 	/System/Library/Frameworks/SystemConfiguration.framework/Versions/A/SystemConfiguration
0x000000000a6ca000 	/usr/lib/libCRFSuite.dylib
0x000000000a6ca000 	/usr/lib/libc++.1.dylib
0x000000000a6ca000 	/usr/lib/libc++abi.dylib
0x000000000a6ca000 	/usr/lib/system/libcache.dylib
0x000000000a6ca000 	/usr/lib/system/libcommonCrypto.dylib
0x000000000a6ca000 	/usr/lib/system/libcompiler_rt.dylib
0x000000000a6ca000 	/usr/lib/system/libcopyfile.dylib
0x000000000a6ca000 	/usr/lib/system/libcorecrypto.dylib
0x000000000a6ca000 	/usr/lib/system/libdispatch.dylib
0x000000000a6ca000 	/usr/lib/system/libdyld.dylib
0x000000000a6ca000 	/usr/lib/system/libkeymgr.dylib
0x000000000a6ca000 	/usr/lib/system/liblaunch.dylib
0x000000000a6ca000 	/usr/lib/system/libmacho.dylib
0x000000000a6ca000 	/usr/lib/system/libquarantine.dylib
0x000000000a6ca000 	/usr/lib/system/libremovefile.dylib
0x000000000a6ca000 	/usr/lib/system/libsystem_asl.dylib
0x000000000a6ca000 	/usr/lib/system/libsystem_blocks.dylib
0x000000000a6ca000 	/usr/lib/system/libsystem_c.dylib
0x000000000a6ca000 	/usr/lib/system/libsystem_configuration.dylib
0x000000000a6ca000 	/usr/lib/system/libsystem_coreservices.dylib
0x000000000a6ca000 	/usr/lib/system/libsystem_coretls.dylib
0x000000000a6ca000 	/usr/lib/system/libsystem_dnssd.dylib
0x000000000a6ca000 	/usr/lib/system/libsystem_info.dylib
0x000000000a6ca000 	/usr/lib/system/libsystem_kernel.dylib
0x000000000a6ca000 	/usr/lib/system/libsystem_m.dylib
0x000000000a6ca000 	/usr/lib/system/libsystem_malloc.dylib
0x000000000a6ca000 	/usr/lib/system/libsystem_network.dylib
0x000000000a6ca000 	/usr/lib/system/libsystem_networkextension.dylib
0x000000000a6ca000 	/usr/lib/system/libsystem_notify.dylib
0x000000000a6ca000 	/usr/lib/system/libsystem_platform.dylib
0x000000000a6ca000 	/usr/lib/system/libsystem_pthread.dylib
0x000000000a6ca000 	/usr/lib/system/libsystem_sandbox.dylib
0x000000000a6ca000 	/usr/lib/system/libsystem_secinit.dylib
0x000000000a6ca000 	/usr/lib/system/libsystem_stats.dylib
0x000000000a6ca000 	/usr/lib/system/libsystem_trace.dylib
0x000000000a6ca000 	/usr/lib/system/libunc.dylib
0x000000000a6ca000 	/usr/lib/system/libunwind.dylib
0x000000000a6ca000 	/usr/lib/system/libxpc.dylib
0x000000000a6ca000 	/usr/lib/libbz2.1.0.dylib
0x000000000a6ca000 	/usr/lib/liblzma.5.dylib
0x000000000a6ca000 	/usr/lib/libbsm.0.dylib
0x000000000a6ca000 	/usr/lib/libsqlite3.dylib
0x000000000a6ca000 	/usr/lib/system/libkxld.dylib
0x000000000a6ca000 	/usr/lib/libxar.1.dylib
0x000000000a6ca000 	/usr/lib/libpam.2.dylib
0x000000000a6ca000 	/usr/lib/libOpenScriptingUtil.dylib
0x000000000a6ca000 	/System/Library/Frameworks/CoreServices.framework/Versions/A/Frameworks/FSEvents.framework/Versions/A/FSEvents
0x000000000a6ca000 	/System/Library/Frameworks/CoreServices.framework/Versions/A/Frameworks/CarbonCore.framework/Versions/A/CarbonCore
0x000000000a6ca000 	/System/Library/Frameworks/CoreServices.framework/Versions/A/Frameworks/Metadata.framework/Versions/A/Metadata
0x000000000a6ca000 	/System/Library/Frameworks/CoreServices.framework/Versions/A/Frameworks/OSServices.framework/Versions/A/OSServices
0x000000000a6ca000 	/System/Library/Frameworks/CoreServices.framework/Versions/A/Frameworks/SearchKit.framework/Versions/A/SearchKit
0x000000000a6ca000 	/System/Library/Frameworks/CoreServices.framework/Versions/A/Frameworks/AE.framework/Versions/A/AE
0x000000000a6ca000 	/System/Library/Frameworks/CoreServices.framework/Versions/A/Frameworks/LaunchServices.framework/Versions/A/LaunchServices
0x000000000a6ca000 	/System/Library/Frameworks/CoreServices.framework/Versions/A/Frameworks/DictionaryServices.framework/Versions/A/DictionaryServices
0x000000000a6ca000 	/System/Library/Frameworks/NetFS.framework/Versions/A/NetFS
0x000000000a6ca000 	/System/Library/PrivateFrameworks/NetAuth.framework/Versions/A/NetAuth
0x000000000a6ca000 	/System/Library/PrivateFrameworks/login.framework/Versions/A/Frameworks/loginsupport.framework/Versions/A/loginsupport
0x000000000a6ca000 	/System/Library/PrivateFrameworks/TCC.framework/Versions/A/TCC
0x000000000a6ca000 	/usr/lib/libmecabra.dylib
0x000000000a6ca000 	/System/Library/Frameworks/ApplicationServices.framework/Versions/A/Frameworks/ATS.framework/Versions/A/ATS
0x000000000a6ca000 	/System/Library/Frameworks/ApplicationServices.framework/Versions/A/Frameworks/ColorSync.framework/Versions/A/ColorSync
0x000000000a6ca000 	/System/Library/Frameworks/ApplicationServices.framework/Versions/A/Frameworks/HIServices.framework/Versions/A/HIServices
0x000000000a6ca000 	/System/Library/Frameworks/ApplicationServices.framework/Versions/A/Frameworks/LangAnalysis.framework/Versions/A/LangAnalysis
0x000000000a6ca000 	/System/Library/Frameworks/ApplicationServices.framework/Versions/A/Frameworks/PrintCore.framework/Versions/A/PrintCore
0x000000000a6ca000 	/System/Library/Frameworks/ApplicationServices.framework/Versions/A/Frameworks/QD.framework/Versions/A/QD
0x000000000a6ca000 	/System/Library/Frameworks/ApplicationServices.framework/Versions/A/Frameworks/SpeechSynthesis.framework/Versions/A/SpeechSynthesis
0x000000000a6ca000 	/System/Library/Frameworks/Accelerate.framework/Versions/A/Accelerate
0x000000000a6ca000 	/System/Library/Frameworks/Accelerate.framework/Versions/A/Frameworks/vImage.framework/Versions/A/vImage
0x000000000a6ca000 	/System/Library/Frameworks/Accelerate.framework/Versions/A/Frameworks/vecLib.framework/Versions/A/vecLib
0x000000000a6ca000 	/System/Library/Frameworks/Accelerate.framework/Versions/A/Frameworks/vecLib.framework/Versions/A/libvDSP.dylib
0x000000000a6ca000 	/System/Library/Frameworks/Accelerate.framework/Versions/A/Frameworks/vecLib.framework/Versions/A/libvMisc.dylib
0x000000000a6ca000 	/System/Library/Frameworks/Accelerate.framework/Versions/A/Frameworks/vecLib.framework/Versions/A/libLAPACK.dylib
0x000000000a6ca000 	/System/Library/Frameworks/Accelerate.framework/Versions/A/Frameworks/vecLib.framework/Versions/A/libBLAS.dylib
0x000000000a6ca000 	/System/Library/Frameworks/Accelerate.framework/Versions/A/Frameworks/vecLib.framework/Versions/A/libLinearAlgebra.dylib
0x000000000a6ca000 	/System/Library/Frameworks/ApplicationServices.framework/Versions/A/Frameworks/ATS.framework/Versions/A/Resources/libFontParser.dylib
0x000000000a6ca000 	/System/Library/Frameworks/ApplicationServices.framework/Versions/A/Frameworks/ATS.framework/Versions/A/Resources/libFontRegistry.dylib
0x000000000a6ca000 	/System/Library/PrivateFrameworks/AppleVPA.framework/Versions/A/AppleVPA
0x000000000a6ca000 	/System/Library/PrivateFrameworks/AppleJPEG.framework/Versions/A/AppleJPEG
0x000000000a6ca000 	/System/Library/Frameworks/ImageIO.framework/Versions/A/Resources/libJPEG.dylib
0x000000000a6ca000 	/System/Library/Frameworks/ImageIO.framework/Versions/A/Resources/libTIFF.dylib
0x000000000a6ca000 	/System/Library/Frameworks/ImageIO.framework/Versions/A/Resources/libPng.dylib
0x000000000a6ca000 	/System/Library/Frameworks/ImageIO.framework/Versions/A/Resources/libGIF.dylib
0x000000000a6ca000 	/System/Library/Frameworks/ImageIO.framework/Versions/A/Resources/libJP2.dylib
0x000000000a6ca000 	/System/Library/Frameworks/ImageIO.framework/Versions/A/Resources/libRadiance.dylib
0x000000000a6ca000 	/System/Library/Frameworks/CoreVideo.framework/Versions/A/CoreVideo
0x000000000a6ca000 	/System/Library/Frameworks/OpenGL.framework/Versions/A/Libraries/libGLU.dylib
0x000000000a6ca000 	/System/Library/Frameworks/OpenGL.framework/Versions/A/Libraries/libGFXShared.dylib
0x000000000a6ca000 	/System/Library/Frameworks/OpenGL.framework/Versions/A/Libraries/libGL.dylib
0x000000000a6ca000 	/System/Library/Frameworks/OpenGL.framework/Versions/A/Libraries/libGLImage.dylib
0x000000000a6ca000 	/System/Library/Frameworks/OpenGL.framework/Versions/A/Libraries/libCVMSPluginSupport.dylib
0x000000000a6ca000 	/System/Library/Frameworks/OpenGL.framework/Versions/A/Libraries/libCoreVMClient.dylib
0x000000000a6ca000 	/usr/lib/libcups.2.dylib
0x000000000a6ca000 	/System/Library/Frameworks/Kerberos.framework/Versions/A/Kerberos
0x000000000a6ca000 	/System/Library/Frameworks/GSS.framework/Versions/A/GSS
0x000000000a6ca000 	/usr/lib/libresolv.9.dylib
0x000000000a6ca000 	/usr/lib/libiconv.2.dylib
0x000000000a6ca000 	/System/Library/PrivateFrameworks/Heimdal.framework/Versions/A/Heimdal
0x000000000a6ca000 	/usr/lib/libheimdal-asn1.dylib
0x000000000a6ca000 	/System/Library/Frameworks/OpenDirectory.framework/Versions/A/OpenDirectory
0x000000000a6ca000 	/System/Library/PrivateFrameworks/CommonAuth.framework/Versions/A/CommonAuth
0x000000000a6ca000 	/System/Library/Frameworks/OpenDirectory.framework/Versions/A/Frameworks/CFOpenDirectory.framework/Versions/A/CFOpenDirectory
0x000000000a6ca000 	/System/Library/Frameworks/SecurityFoundation.framework/Versions/A/SecurityFoundation
0x000000000a6ca000 	/System/Library/PrivateFrameworks/LanguageModeling.framework/Versions/A/LanguageModeling
0x000000000a6ca000 	/usr/lib/libcmph.dylib
0x000000000a6ca000 	/System/Library/Frameworks/ServiceManagement.framework/Versions/A/ServiceManagement
0x000000000a6ca000 	/usr/lib/libxslt.1.dylib
0x000000000a6ca000 	/System/Library/Frameworks/Carbon.framework/Versions/A/Frameworks/Ink.framework/Versions/A/Ink
0x000000000a6ca000 	/System/Library/Frameworks/QuartzCore.framework/Versions/A/Frameworks/CoreImage.framework/Versions/A/CoreImage
0x000000000a6ca000 	/System/Library/PrivateFrameworks/CrashReporterSupport.framework/Versions/A/CrashReporterSupport
0x000000000a6ca000 	/System/Library/Frameworks/OpenCL.framework/Versions/A/OpenCL
0x000000000a6ca000 	/System/Library/PrivateFrameworks/FaceCore.framework/Versions/A/FaceCore
0x000000000a6ca000 	/System/Library/PrivateFrameworks/Ubiquity.framework/Versions/A/Ubiquity
0x000000000a6ca000 	/System/Library/PrivateFrameworks/IconServices.framework/Versions/A/IconServices
0x000000000a6ca000 	/System/Library/PrivateFrameworks/ChunkingLibrary.framework/Versions/A/ChunkingLibrary
0x000000000a6ca000 	/System/Library/PrivateFrameworks/Apple80211.framework/Versions/A/Apple80211
0x000000000a6ca000 	/System/Library/Frameworks/CoreWLAN.framework/Versions/A/CoreWLAN
0x000000000a6ca000 	/System/Library/Frameworks/IOBluetooth.framework/Versions/A/IOBluetooth
0x000000000a6ca000 	/System/Library/PrivateFrameworks/CoreWiFi.framework/Versions/A/CoreWiFi
0x000000000a6ca000 	/System/Library/Frameworks/CoreBluetooth.framework/Versions/A/CoreBluetooth
0x000000000a6ca000 	/System/Library/PrivateFrameworks/DebugSymbols.framework/Versions/A/DebugSymbols
0x000000000a6ca000 	/System/Library/PrivateFrameworks/CoreSymbolication.framework/Versions/A/CoreSymbolication
0x000000000a6ca000 	/System/Library/PrivateFrameworks/Symbolication.framework/Versions/A/Symbolication
0x000000000a6ca000 	/System/Library/PrivateFrameworks/SpeechRecognitionCore.framework/Versions/A/SpeechRecognitionCore
0x00000001063df000 	/Library/Java/JavaVirtualMachines/jdk1.8.0_40.jdk/Contents/Home/jre/lib/server/libjvm.dylib
0x000000000a6ca000 	/usr/lib/libstdc++.6.dylib
0x000000010744b000 	/Library/Java/JavaVirtualMachines/jdk1.8.0_40.jdk/Contents/Home/jre/lib/libverify.dylib
0x0000000107459000 	/Library/Java/JavaVirtualMachines/jdk1.8.0_40.jdk/Contents/Home/jre/lib/libjava.dylib
0x00000001074af000 	/Library/Java/JavaVirtualMachines/jdk1.8.0_40.jdk/Contents/Home/jre/lib/libzip.dylib
0x000000011ab89000 	/System/Library/Frameworks/JavaVM.framework/Frameworks/JavaRuntimeSupport.framework/JavaRuntimeSupport
0x000000011aba1000 	/System/Library/Frameworks/JavaVM.framework/Versions/A/Frameworks/JavaNativeFoundation.framework/Versions/A/JavaNativeFoundation
0x000000011abb6000 	/System/Library/Frameworks/JavaVM.framework/Versions/A/JavaVM
0x000000000a6ca000 	/System/Library/Frameworks/Carbon.framework/Versions/A/Carbon
0x000000011abc3000 	/System/Library/PrivateFrameworks/JavaLaunching.framework/Versions/A/JavaLaunching
0x000000000a6ca000 	/System/Library/Frameworks/Carbon.framework/Versions/A/Frameworks/CommonPanels.framework/Versions/A/CommonPanels
0x000000000a6ca000 	/System/Library/Frameworks/Carbon.framework/Versions/A/Frameworks/Help.framework/Versions/A/Help
0x000000000a6ca000 	/System/Library/Frameworks/Carbon.framework/Versions/A/Frameworks/ImageCapture.framework/Versions/A/ImageCapture
0x000000000a6ca000 	/System/Library/Frameworks/Carbon.framework/Versions/A/Frameworks/OpenScripting.framework/Versions/A/OpenScripting
0x000000000a6ca000 	/System/Library/Frameworks/Carbon.framework/Versions/A/Frameworks/Print.framework/Versions/A/Print
0x000000000a6ca000 	/System/Library/Frameworks/Carbon.framework/Versions/A/Frameworks/SecurityHI.framework/Versions/A/SecurityHI
0x000000011ca2a000 	/Library/Java/JavaVirtualMachines/jdk1.8.0_40.jdk/Contents/Home/jre/lib/libprism_es2.dylib
0x000000000a6ca000 	/System/Library/Frameworks/OpenGL.framework/Versions/A/Resources/GLEngine.bundle/GLEngine
0x000000000a6ca000 	/System/Library/Frameworks/OpenGL.framework/Versions/A/Libraries/libGLProgrammability.dylib
0x0000000000000000 	/System/Library/Extensions/GeForceTeslaGLDriver.bundle/Contents/MacOS/GeForceTeslaGLDriver
0x000000011caa7000 	/System/Library/Extensions/GeForceTeslaGLDriver.bundle/Contents/MacOS/libclh.dylib
0x000000011d2ee000 	/System/Library/PrivateFrameworks/GPUSupport.framework/Versions/A/Libraries/libGPUSupport.dylib
0x000000000a6ca000 	/System/Library/Frameworks/OpenGL.framework/Versions/A/Resources/GLRendererFloat.bundle/GLRendererFloat
0x000000000a6ca000 	/System/Library/Frameworks/OpenCL.framework/Versions/A/Libraries/libcldcpuengine.dylib
0x000000000a6ca000 	/System/Library/PrivateFrameworks/DiskImages.framework/Versions/A/DiskImages
0x000000000a6ca000 	/System/Library/Frameworks/DiscRecording.framework/Versions/A/DiscRecording
0x000000000a6ca000 	/usr/lib/libcsfde.dylib
0x000000000a6ca000 	/usr/lib/libcurl.4.dylib
0x000000000a6ca000 	/System/Library/PrivateFrameworks/MediaKit.framework/Versions/A/MediaKit
0x000000000a6ca000 	/System/Library/PrivateFrameworks/ProtectedCloudStorage.framework/Versions/A/ProtectedCloudStorage
0x000000000a6ca000 	/usr/lib/libCoreStorage.dylib
0x000000000a6ca000 	/System/Library/PrivateFrameworks/EFILogin.framework/Versions/A/EFILogin
0x000000000a6ca000 	/usr/lib/libutil.dylib
0x000000000a6ca000 	/System/Library/PrivateFrameworks/FindMyDevice.framework/Versions/A/FindMyDevice
0x000000000a6ca000 	/System/Library/Frameworks/LDAP.framework/Versions/A/LDAP
0x000000000a6ca000 	/usr/lib/libsasl2.2.dylib
0x000000000a6ca000 	/System/Library/PrivateFrameworks/CoreDaemon.framework/Versions/B/CoreDaemon
0x000000000a6ca000 	/usr/lib/libcrypto.0.9.8.dylib
0x000000000a6ca000 	/System/Library/PrivateFrameworks/AppleSRP.framework/Versions/A/AppleSRP
0x000000000a6ca000 	/System/Library/PrivateFrameworks/TrustEvaluationAgent.framework/Versions/A/TrustEvaluationAgent
0x000000011d43e000 	/Library/Java/JavaVirtualMachines/jdk1.8.0_40.jdk/Contents/Home/jre/lib/libglass.dylib
0x000000000a6ca000 	/System/Library/PrivateFrameworks/CoreServicesInternal.framework/Versions/A/CoreServicesInternal
0x000000000a6ca000 	/System/Library/PrivateFrameworks/CloudDocs.framework/Versions/A/CloudDocs
0x000000000a6ca000 	/System/Library/PrivateFrameworks/CoreDuet.framework/Versions/A/CoreDuet
0x000000000a6ca000 	/System/Library/Frameworks/CloudKit.framework/Versions/A/CloudKit
0x000000000a6ca000 	/System/Library/PrivateFrameworks/ProtocolBuffer.framework/Versions/A/ProtocolBuffer
0x000000000a6ca000 	/System/Library/PrivateFrameworks/CoreDuetDaemonProtocol.framework/Versions/A/CoreDuetDaemonProtocol
0x000000000a6ca000 	/System/Library/PrivateFrameworks/CoreDuetDebugLogging.framework/Versions/A/CoreDuetDebugLogging
0x000000000a6ca000 	/System/Library/Frameworks/CoreLocation.framework/Versions/A/CoreLocation
0x000000000a6ca000 	/System/Library/Frameworks/Accounts.framework/Versions/A/Accounts
0x000000000a6ca000 	/System/Library/PrivateFrameworks/ApplePushService.framework/Versions/A/ApplePushService
0x000000000a6ca000 	/System/Library/PrivateFrameworks/GeoServices.framework/Versions/A/GeoServices
0x000000000a6ca000 	/System/Library/PrivateFrameworks/OAuth.framework/Versions/A/OAuth
0x000000000a6ca000 	/System/Library/Frameworks/CoreGraphics.framework/Versions/A/Resources/libCGCMS.A.dylib
0x000000000a6ca000 	/System/Library/CoreServices/RawCamera.bundle/Contents/MacOS/RawCamera
0x000000000a6ca000 	/System/Library/Frameworks/CoreGraphics.framework/Versions/A/Resources/libRIP.A.dylib
0x000000000a6ca000 	/System/Library/PrivateFrameworks/FamilyControls.framework/Versions/A/FamilyControls
0x000000000a6ca000 	/System/Library/PrivateFrameworks/CommerceKit.framework/Versions/A/Frameworks/CommerceCore.framework/Versions/A/CommerceCore
0x000000000a6ca000 	/System/Library/PrivateFrameworks/SystemAdministration.framework/Versions/A/SystemAdministration
0x000000000a6ca000 	/System/Library/PrivateFrameworks/AppContainer.framework/Versions/A/AppContainer
0x000000000a6ca000 	/System/Library/PrivateFrameworks/SecCodeWrapper.framework/Versions/A/SecCodeWrapper
0x000000000a6ca000 	/System/Library/Frameworks/DirectoryService.framework/Versions/A/DirectoryService
0x000000000a6ca000 	/System/Library/PrivateFrameworks/LoginUIKit.framework/Versions/A/Frameworks/LoginUICore.framework/Versions/A/LoginUICore
0x000000000a6ca000 	/usr/lib/libodfde.dylib
0x0000000120e85000 	/Library/Java/JavaVirtualMachines/jdk1.8.0_40.jdk/Contents/Home/jre/lib/libnet.dylib
0x000000011ee56000 	/Library/Java/JavaVirtualMachines/jdk1.8.0_40.jdk/Contents/Home/jre/lib/libnio.dylib
0x000000011ee91000 	/Library/Java/JavaVirtualMachines/jdk1.8.0_40.jdk/Contents/Home/jre/lib/libsunec.dylib
0x000000011acb5000 	/Library/Java/JavaVirtualMachines/jdk1.8.0_40.jdk/Contents/Home/jre/lib/libjavafx_font.dylib
0x000000000a6ca000 	/System/Library/Frameworks/CoreGraphics.framework/Versions/A/Resources/libCGXType.A.dylib
0x0000000124030000 	cl_kernels
0x0000000125446000 	/System/Library/Frameworks/OpenCL.framework/Versions/A/Libraries/ImageFormats/unorm8_bgra.dylib
0x00000001211fe000 	cl_kernels
0x000000011ac52000 	/Library/Java/JavaVirtualMachines/jdk1.8.0_40.jdk/Contents/Home/jre/lib/libprism_common.dylib

VM Arguments:
jvm_args: -Dfile.encoding=UTF-8 
java_command: VIEW.View
java_class_path (initial): /Users/idinter/Desktop/workspace/SBOBETCLI/bin:/Users/idinter/Desktop/workspace/SBOBETCLI/selenium-java-2.45.0.jar:/Users/idinter/Desktop/workspace/SBOBETCLI/selenium-server-standalone-2.45.0.jar
Launcher Type: SUN_STANDARD

Environment Variables:
PATH=/usr/bin:/bin:/usr/sbin:/sbin
SHELL=/bin/bash
DISPLAY=/private/tmp/com.apple.launchd.rKGH6mEN3u/org.macosforge.xquartz:0

Signal Handlers:
SIGSEGV: [libjvm.dylib+0x58ef95], sa_mask[0]=11111111011111110111111111111111, sa_flags=SA_ONSTACK|SA_RESTART|SA_SIGINFO
SIGBUS: [libjvm.dylib+0x58ef95], sa_mask[0]=11111111011111110111111111111111, sa_flags=SA_RESTART|SA_SIGINFO
SIGFPE: [libjvm.dylib+0x46c118], sa_mask[0]=11111111011111110111111111111111, sa_flags=SA_RESTART|SA_SIGINFO
SIGPIPE: [libjvm.dylib+0x46c118], sa_mask[0]=11111111011111110111111111111111, sa_flags=SA_RESTART|SA_SIGINFO
SIGXFSZ: [libjvm.dylib+0x46c118], sa_mask[0]=11111111011111110111111111111111, sa_flags=SA_RESTART|SA_SIGINFO
SIGILL: [libjvm.dylib+0x46c118], sa_mask[0]=11111111011111110111111111111111, sa_flags=SA_RESTART|SA_SIGINFO
SIGUSR1: SIG_DFL, sa_mask[0]=00000000000000000000000000000000, sa_flags=none
SIGUSR2: [libjvm.dylib+0x46bc36], sa_mask[0]=00100000000000000000000000000000, sa_flags=SA_RESTART|SA_SIGINFO
SIGHUP: [libjvm.dylib+0x46a209], sa_mask[0]=11111111011111110111111111111111, sa_flags=SA_RESTART|SA_SIGINFO
SIGINT: [libjvm.dylib+0x46a209], sa_mask[0]=11111111011111110111111111111111, sa_flags=SA_RESTART|SA_SIGINFO
SIGTERM: [libjvm.dylib+0x46a209], sa_mask[0]=11111111011111110111111111111111, sa_flags=SA_RESTART|SA_SIGINFO
SIGQUIT: [libjvm.dylib+0x46a209], sa_mask[0]=11111111011111110111111111111111, sa_flags=SA_RESTART|SA_SIGINFO


---------------  S Y S T E M  ---------------

OS:Bsduname:Darwin 14.1.0 Darwin Kernel Version 14.1.0: Thu Feb 26 19:26:47 PST 2015; root:xnu-2782.10.73~1/RELEASE_X86_64 x86_64
rlimit: STACK 8192k, CORE 0k, NPROC 709, NOFILE 10240, AS infinity
load average:2.11 2.20 2.08

CPU:total 2 (2 cores per cpu, 1 threads per core) family 6 model 23 stepping 10, cmov, cx8, fxsr, mmx, sse, sse2, sse3, ssse3, sse4.1, tsc

Memory: 4k page, physical 4194304k(205020k free)

/proc/meminfo:


vm_info: Java HotSpot(TM) 64-Bit Server VM (25.40-b25) for bsd-amd64 JRE (1.8.0_40-b27), built on Mar 13 2015 04:46:52 by "java_re" with gcc 4.2.1 (Based on Apple Inc. build 5658) (LLVM build 2336.11.00)

time: Sat Jul 25 16:18:21 2015
elapsed time: 49 seconds (0d 0h 0m 49s)

