#
# A fatal error has been detected by the Java Runtime Environment:
#
#  SIGSEGV (0xb) at pc=0x000000011da8a5dd, pid=958, tid=1811
#
# JRE version: Java(TM) SE Runtime Environment (8.0_40-b27) (build 1.8.0_40-b27)
# Java VM: Java HotSpot(TM) 64-Bit Server VM (25.40-b25 mixed mode bsd-amd64 compressed oops)
# Problematic frame:
# C  [libglass.dylib+0x155dd]  GlassScreenDidChangeScreenParameters+0x9d
#
# Failed to write core dump. Core dumps have been disabled. To enable core dumping, try "ulimit -c unlimited" before starting Java again
#
# If you would like to submit a bug report, please visit:
#   http://bugreport.java.com/bugreport/crash.jsp
#

---------------  T H R E A D  ---------------

Current thread is native thread

siginfo: si_signo: 11 (SIGSEGV), si_code: 1 (SEGV_MAPERR), si_addr: 0x0000000000000000

Registers:
RAX=0x000000011dabcbc0, RBX=0x0000000000000000, RCX=0xe100844173762db7, RDX=0x00007f98d1dbc940
RSP=0x00007fff592fa080, RBP=0x00007fff592fa090, RSI=0x00007f98d1d21790, RDI=0x0000000000000000
R8 =0x00007fff592f9f30, R9 =0x00007fff73d53300, R10=0x0000000000000000, R11=0x0000000000000246
R12=0x00007f98d1c1bd80, R13=0x00000000000f4268, R14=0x00007f98d1dbc850, R15=0x00007fff592fa1d0
RIP=0x000000011da8a5dd, EFLAGS=0x0000000000010202, ERR=0x0000000000000004
  TRAPNO=0x000000000000000e

Top of Stack: (sp=0x00007fff592fa080)
0x00007fff592fa080:   00007fff592fa260 00007f98d1dbc850
0x00007fff592fa090:   00007fff592fa0a0 00007fff86e16cdc
0x00007fff592fa0a0:   00007fff592fa400 00007fff86d08244
0x00007fff592fa0b0:   00007fff592fa100 0000000000000a00
0x00007fff592fa0c0:   00007fff7417bcf0 00007f98d1d16960
0x00007fff592fa0d0:   0000000000001001 0000000000000288
0x00007fff592fa0e0:   00007f98d1d16960 00007f98d1dbc850
0x00007fff592fa0f0:   0000000000000000 00007fff592fa1d0
0x00007fff592fa100:   0000000000000000 00007f98d1dbc810
0x00007fff592fa110:   00007fff592fa250 000000000000001b
0x00007fff592fa120:   00000000000f429b 00007f98d413f1f0
0x00007fff592fa130:   00007f98d1d70370 00007f98d1c1bd80
0x00007fff592fa140:   0000000000000001 00000000000f4268
0x00007fff592fa150:   00007f98d1c1bd70 00007fff8d27aacb
0x00007fff592fa160:   0000000000000001 0000000000000001
0x00007fff592fa170:   0000000000000030 0000000000000001
0x00007fff592fa180:   00007fff592fa1a0 00007fff8d280231
0x00007fff592fa190:   00007fff74179dd0 0000000000000000
0x00007fff592fa1a0:   00007fff592fa1c0 0000000000000001
0x00007fff592fa1b0:   00005603d1dc4d50 00007f98d1c1bda4
0x00007fff592fa1c0:   0000000000000000 00007fff86cfdd1f
0x00007fff592fa1d0:   00007f98d1dbc850 00007fff74179dd0
0x00007fff592fa1e0:   00007fff592fa260 00007fff86d0684f
0x00007fff592fa1f0:   00007fff592fa264 00000000001b5101
0x00007fff592fa200:   0000000106921a00 0000000000000002
0x00007fff592fa210:   000000010691e000 00007f98d1c6bb42
0x00007fff592fa220:   0000000000000003 0000000106922400
0x00007fff592fa230:   00007fff592fa320 00007fff8d2792a2
0x00007fff592fa240:   00007f98d1c8a700 00007fff592fa408
0x00007fff592fa250:   0000000000000017 0000000000000000
0x00007fff592fa260:   00000000000f4268 00007fff86cfe013
0x00007fff592fa270:   00007fff00000000 00007f98d1d747f0 

Instructions: (pc=0x000000011da8a5dd)
0x000000011da8a5bd:   89 df 4c 89 f1 41 ff 90 68 04 00 00 48 8d 05 f8
0x000000011da8a5cd:   24 03 00 48 8b 30 48 8d 05 e6 25 03 00 48 8b 10
0x000000011da8a5dd:   48 8b 0b 30 c0 48 89 df ff 91 68 04 00 00 48 8b
0x000000011da8a5ed:   03 48 89 df ff 50 78 48 85 c0 74 36 49 89 c6 48 

Register to memory mapping:

RAX=0x000000011dabcbc0: jScreenNotifySettingsChanged+0 in /Library/Java/JavaVirtualMachines/jdk1.8.0_40.jdk/Contents/Home/jre/lib/libglass.dylib at 0x000000011da75000
RBX=0x0000000000000000 is an unknown value
RCX=0xe100844173762db7 is an unknown value
RDX=0x00007f98d1dbc940 is an unknown value
RSP=0x00007fff592fa080 is an unknown value
RBP=0x00007fff592fa090 is an unknown value
RSI=0x00007f98d1d21790 is a global jni handle
RDI=0x0000000000000000 is an unknown value
R8 =0x00007fff592f9f30 is an unknown value
R9 =