#
# A fatal error has been detected by the Java Runtime Environment:
#
#  SIGSEGV (0xb) at pc=0x0000000121db35dd, pid=512, tid=1811
#
# JRE version: Java(TM) SE Runtime Environment (8.0_40-b27) (build 1.8.0_40-b27)
# Java VM: Java HotSpot(TM) 64-Bit Server VM (25.40-b25 mixed mode bsd-amd64 compressed oops)
# Problematic frame:
# C  [libglass.dylib+0x155dd]  GlassScreenDidChangeScreenParameters+0x9d
#
# Failed to write core dump. Core dumps have been disabled. To enable core dumping, try "ulimit -c unlimited" before starting Java again
#
# If you would like to submit a bug report, please visit:
#   http://bugreport.java.com/bugreport/crash.jsp
#

---------------  T H R E A D  ---------------

Current thread is native thread

siginfo: si_signo: 11 (SIGSEGV), si_code: 1 (SEGV_MAPERR), si_addr: 0x0000000000000000

Registers:
RAX=0x0000000121de5bc0, RBX=0x0000000000000000, RCX=0x1900b8227a72f560, RDX=0x00007fe642cb8de0
RSP=0x00007fff54fbd080, RBP=0x00007fff54fbd090, RSI=0x00007fe642c03a90, RDI=0x0000000000000000
R8 =0x00007fff54fbcf30, R9 =0x00007fff719e2300, R10=0x0000000000000000, R11=0x0000000000000246
R12=0x00007fe642d35b90, R13=0x00000000000f4268, R14=0x00007fe642cb8cf0, R15=0x00007fff54fbd1d0
RIP=0x0000000121db35dd, EFLAGS=0x0000000000010202, ERR=0x0000000000000004
  TRAPNO=0x000000000000000e

Top of Stack: (sp=0x00007fff54fbd080)
0x00007fff54fbd080:   00007fff54fbd260 00007fe642cb8cf0
0x00007fff54fbd090:   00007fff54fbd0a0 00007fff88d1ecdc
0x00007fff54fbd0a0:   00007fff54fbd400 00007fff88c10244
0x00007fff54fbd0b0:   00007fff54fbd100 0000000000000000
0x00007fff54fbd0c0:   00007fff71ef7cf0 00007fe64825e420
0x00007fff54fbd0d0:   0000000000001000 0000000000000e70
0x00007fff54fbd0e0:   00007fe64825e420 00007fe642cb8cf0
0x00007fff54fbd0f0:   0000000000000000 00007fff54fbd1d0
0x00007fff54fbd100:   0000000000000000 00007fe642cb8cb0
0x00007fff54fbd110:   00007fff54fbd250 000000000000009a
0x00007fff54fbd120:   00000000000f4629 00007fe642c320a0
0x00007fff54fbd130:   00007fe642d7c7a0 00007fe642d35b90
0x00007fff54fbd140:   0000000000000001 00000000000f4268
0x00007fff54fbd150:   00007fe642d35b80 00007fff86067acb
0x00007fff54fbd160:   0000000000000001 0000000000000001
0x00007fff54fbd170:   0000000000000030 0000000000000001
0x00007fff54fbd180:   00007fff54fbd1a0 00007fff8606d231
0x00007fff54fbd190:   00007fff71ef5dd0 0000000000000000
0x00007fff54fbd1a0:   00007fff54fbd1c0 0000000000000028
0x00007fff54fbd1b0:   004d5703439a1e00 00007fe642d35bb4
0x00007fff54fbd1c0:   0000000000000000 00007fff88c05d1f
0x00007fff54fbd1d0:   00007fe642cb8cf0 00007fff71ef5dd0
0x00007fff54fbd1e0:   00007fff54fbd260 00007fff88c0e84f
0x00007fff54fbd1f0:   00007fff54fbd26c 00007fff54fbd270
0x00007fff54fbd200:   000000010ac5ea00 0000000000000002
0x00007fff54fbd210:   000000010ac5b000 00007fe6454bf702
0x00007fff54fbd220:   0000000000000003 000000010ac5ea00
0x00007fff54fbd230:   00007fff54fbd320 00007fff860662a2
0x00007fff54fbd240:   00007fe642c7fe90 00007fff54fbd408
0x00007fff54fbd250:   0000000000000017 0000000000000000
0x00007fff54fbd260:   00000000000f4268 00007fff88c06013
0x00007fff54fbd270:   00007fff00000000 00007fe642c85d90 

Instructions: (pc=0x0000000121db35dd)
0x0000000121db35bd:   89 df 4c 89 f1 41 ff 90 68 04 00 00 48 8d 05 f8
0x0000000121db35cd:   24 03 00 48 8b 30 48 8d 05 e6 25 03 00 48 8b 10
0x0000000121db35dd:   48 8b 0b 30 c0 48 89 df ff 91 68 04 00 00 48 8b
0x0000000121db35ed:   03 48 89 df ff 50 78 48 85 c0 74 36 49 89 c6 48 

Register to memory mapping:

RAX=0x0000000121de5bc0: jScreenNotifySettingsChanged+0 in /Library/Java/JavaVirtualMachines/jdk1.8.0_40.jdk/Contents/Home/jre/lib/libglass.dylib at 0x0000000121d9e000
RBX=0x0000000000000000 is an unknown value
RCX=0x1900b8227a72f560 is an unknown value
RDX=0x00007fe642cb8de0 is an unknown value
RSP=0x00007fff54fbd080 is an unknown value
RBP=0x00007fff54fbd090 is an unknown value
RSI=0x00007fe642c03a90 is a global jni handle
RDI=0x0000000000000000 is an unknown value
R8 =0x00007fff54fbcf30 is an unknown value
R9 =0x00007fff719e2300: _thread+0 in /usr/lib/system/libsystem_pthread.dylib at 0x00007fff8660e000
R10=0x0000000000000000 is an unknown value
R11=0x0000000000000246 is an unknown value
R12=0x00007fe642d35b90 is an unknown value
R13=0x00000000000f4268 is an unknown value
R14=0x00007fe642cb8cf0 is an unknown value
R15=0x00007fff54fbd1d0 is an unknown value


Stack: [0x00007fff547c0000,0x00007fff54fc0000],  sp=0x00007fff54fbd080,  free space=8180k
Native frames: (J=compiled Java code, j=interpreted, Vv=VM code, C=native code)
C  [libglass.dylib+0x155dd]  GlassScreenDidChangeScreenParameters+0x9d
C  [CoreFoundation+0x11ecdc]  __CFNOTIFICATIONCENTER_IS_CALLING_OUT_TO_AN_OBSERVER__+0xc
C  [CoreFoundation+0x10244]  _CFXNotificationPost+0xc44
C  [Foundation+0x2c31]  -[NSNotificationCenter postNotificationName:object:userInfo:]+0x42
C  [AppKit+0x36305e]  -[NSApplication _reactToScreenInvalidationImmediately:]+0x17b
C  [AppKit+0x362e9d]  __44-[NSApplication _reactToScreenInvalidation:]_block_invoke+0x4b
C  [CoreFoundation+0x8056c]  __CFRUNLOOP_IS_CALLING_OUT_TO_A_BLOCK__+0xc
C  [CoreFoundation+0x72675]  __CFRunLoopDoBlocks+0x155
C  [CoreFoundation+0x721b6]  __CFRunLoopRun+0x716
C  [CoreFoundation+0x71858]  CFRunLoopRunSpecific+0x128
C  [java+0x6490]  CreateExecutionEnvironment+0x367
C  [java+0x221c]  JLI_Launch+0x7a0
C  [java+0x84ed]  main+0x65
C  [java+0x1a74]  start+0x34


---------------  P R O C E S S  ---------------

VM state:not at safepoint (normal execution)

VM Mutex/Monitor currently owned by a thread: None

Heap:
 PSYoungGen      total 38400K, used 15543K [0x00000007aab00000, 0x00000007add00000, 0x00000007c0000000)
  eden space 26624K, 58% used [0x00000007aab00000,0x00000007aba2de68,0x00000007ac500000)
  from space 11776K, 0% used [0x00000007ad100000,0x00000007ad100000,0x00000007adc80000)
  to   space 12288K, 0% used [0x00000007ac500000,0x00000007ac500000,0x00000007ad100000)
 ParOldGen       total 41984K, used 17228K [0x0000000780000000, 0x0000000782900000, 0x00000007aab00000)
  object space 41984K, 41% used [0x0000000780000000,0x00000007810d3000,0x0000000782900000)
 Metaspace       used 29149K, capacity 30668K, committed 30720K, reserved 1075200K
  class space    used 4046K, capacity 4335K, committed 4352K, reserved 1048576K

Card table byte_map: [0x000000011b5f5000,0x000000011b7f6000] byte_map_base: 0x00000001179f5000

Marking Bits: (ParMarkBitMap*) 0x000000010b6017a0
 Begin Bits: [0x000000011bb52000, 0x000000011cb52000)
 End Bits:   [0x000000011cb52000, 0x000000011db52000)

Polling page: 0x000000010bdd0000

CodeCache: size=245760Kb used=15382Kb max_used=15604Kb free=230377Kb
 bounds [0x000000010c235000, 0x000000010d195000, 0x000000011b235000]
 total_blobs=5524 nmethods=4807 adapters=630
 compilation: enabled

Compilation events (10 events):
Event: 667.538 Thread 0x00007fe643049000 5868       4       javafx.scene.text.Text$StyleableProperties$8::isSettable (9 bytes)
Event: 667.539 Thread 0x00007fe643049000 nmethod 5868 0x000000010c7f0fd0 code [0x000000010c7f1120, 0x000000010c7f1238]
Event: 683.582 Thread 0x00007fe643049000 5869       4       com.sun.javafx.tk.quantum.QuantumToolkit$$Lambda$42/1899119881::run (8 bytes)
Event: 683.599 Thread 0x00007fe643049000 nmethod 5869 0x000000010cc3e750 code [0x000000010cc3e9a0, 0x000000010cc3f2b0]
Event: 686.209 Thread 0x00007fe643049000 5870       4       com.sun.javafx.collections.ObservableMapWrapper::get (11 bytes)
Event: 686.219 Thread 0x00007fe643049000 nmethod 5870 0x000000010caa2b10 code [0x000000010caa2ca0, 0x000000010caa2ff8]
Event: 686.331 Thread 0x00007fe643049000 5871       4       javafx.scene.Scene::getFocusOwner (11 bytes)
Event: 686.337 Thread 0x00007fe643049000 nmethod 5871 0x000000010c76a310 code [0x000000010c76a480, 0x000000010c76a5e8]
Event: 686.377 Thread 0x00007fe643049000 5872       4       jdk.internal.org.objectweb.asm.Type::getArgumentsAndReturnSizes (151 bytes)
Event: 686.388 Thread 0x00007fe643049000 nmethod 5872 0x000000010cb06c50 code [0x000000010cb06e00, 0x000000010cb07338]

GC Heap History (10 events):
Event: 202.901 GC heap before
{Heap before GC invocations=8 (full 1):
 PSYoungGen      total 36352K, used 36272K [0x00000007aab00000, 0x00000007ad780000, 0x00000007c0000000)
  eden space 29696K, 100% used [0x00000007aab00000,0x00000007ac800000,0x00000007ac800000)
  from space 6656K, 98% used [0x00000007acf80000,0x00000007ad5ec030,0x00000007ad600000)
  to   space 7680K, 0% used [0x00000007ac800000,0x00000007ac800000,0x00000007acf80000)
 ParOldGen       total 30208K, used 10087K [0x0000000780000000, 0x0000000781d80000, 0x00000007aab00000)
  object space 30208K, 33% used [0x0000000780000000,0x00000007809d9da8,0x0000000781d80000)
 Metaspace       used 28181K, capacity 29628K, committed 29952K, reserved 1075200K
  class space    used 4009K, capacity 4265K, committed 4352K, reserved 1048576K
Event: 202.971 GC heap after
Heap after GC invocations=8 (full 1):
 PSYoungGen      total 36864K, used 7648K [0x00000007aab00000, 0x00000007adc80000, 0x00000007c0000000)
  eden space 29184K, 0% used [0x00000007aab00000,0x00000007aab00000,0x00000007ac780000)
  from space 7680K, 99% used [0x00000007ac800000,0x00000007acf78010,0x00000007acf80000)
  to   space 10752K, 0% used [0x00000007ad200000,0x00000007ad200000,0x00000007adc80000)
 ParOldGen       total 30208K, used 13882K [0x0000000780000000, 0x0000000781d80000, 0x00000007aab00000)
  object space 30208K, 45% used [0x0000000780000000,0x0000000780d8ea08,0x0000000781d80000)
 Metaspace       used 28181K, capacity 29628K, committed 29952K, reserved 1075200K
  class space    used 4009K, capacity 4265K, committed 4352K, reserved 1048576K
}
Event: 209.881 GC heap before
{Heap before GC invocations=9 (full 1):
 PSYoungGen      total 36864K, used 36832K [0x00000007aab00000, 0x00000007adc80000, 0x00000007c0000000)
  eden space 29184K, 100% used [0x00000007aab00000,0x00000007ac780000,0x00000007ac780000)
  from space 7680K, 99% used [0x00000007ac800000,0x00000007acf78010,0x00000007acf80000)
  to   space 10752K, 0% used [0x00000007ad200000,0x00000007ad200000,0x00000007adc80000)
 ParOldGen       total 30208K, used 13882K [0x0000000780000000, 0x0000000781d80000, 0x00000007aab00000)
  object space 30208K, 45% used [0x0000000780000000,0x0000000780d8ea08,0x0000000781d80000)
 Metaspace       used 28607K, capacity 30094K, committed 30208K, reserved 1075200K
  class space    used 4020K, capacity 4308K, committed 4352K, reserved 1048576K
Event: 209.924 GC heap after
Heap after GC invocations=9 (full 1):
 PSYoungGen      total 38400K, used 10624K [0x00000007aab00000, 0x00000007adf00000, 0x00000007c0000000)
  eden space 27648K, 0% used [0x00000007aab00000,0x00000007aab00000,0x00000007ac600000)
  from space 10752K, 98% used [0x00000007ad200000,0x00000007adc60010,0x00000007adc80000)
  to   space 12288K, 0% used [0x00000007ac600000,0x00000007ac600000,0x00000007ad200000)
 ParOldGen       total 30208K, used 13890K [0x0000000780000000, 0x0000000781d80000, 0x00000007aab00000)
  object space 30208K, 45% used [0x0000000780000000,0x0000000780d90a08,0x0000000781d80000)
 Metaspace       used 28607K, capacity 30094K, committed 30208K, reserved 1075200K
  class space    used 4020K, capacity 4308K, committed 4352K, reserved 1048576K
}
Event: 341.290 GC heap before
{Heap before GC invocations=10 (full 1):
 PSYoungGen      total 38400K, used 38272K [0x00000007aab00000, 0x00000007adf00000, 0x00000007c0000000)
  eden space 27648K, 100% used [0x00000007aab00000,0x00000007ac600000,0x00000007ac600000)
  from space 10752K, 98% used [0x00000007ad200000,0x00000007adc60010,0x00000007adc80000)
  to   space 12288K, 0% used [0x00000007ac600000,0x00000007ac600000,0x00000007ad200000)
 ParOldGen       total 30208K, used 13890K [0x0000000780000000, 0x0000000781d80000, 0x00000007aab00000)
  object space 30208K, 45% used [0x0000000780000000,0x0000000780d90a08,0x0000000781d80000)
 Metaspace       used 28842K, capacity 30316K, committed 30464K, reserved 1075200K
  class space    used 4023K, capacity 4311K, committed 4352K, reserved 1048576K
Event: 341.337 GC heap after
Heap after GC invocations=10 (full 1):
 PSYoungGen      total 33792K, used 6624K [0x00000007aab00000, 0x00000007adc80000, 0x00000007c0000000)
  eden space 27136K, 0% used [0x00000007aab00000,0x00000007aab00000,0x00000007ac580000)
  from space 6656K, 99% used [0x00000007ac600000,0x00000007acc78000,0x00000007acc80000)
  to   space 11776K, 0% used [0x00000007ad100000,0x00000007ad100000,0x00000007adc80000)
 ParOldGen       total 30208K, used 17860K [0x0000000780000000, 0x0000000781d80000, 0x00000007aab00000)
  object space 30208K, 59% used [0x0000000780000000,0x0000000781171248,0x0000000781d80000)
 Metaspace       used 28842K, capacity 30316K, committed 30464K, reserved 1075200K
  class space    used 4023K, capacity 4311K, committed 4352K, reserved 1048576K
}
Event: 500.854 GC heap before
{Heap before GC invocations=11 (full 1):
 PSYoungGen      total 33792K, used 33760K [0x00000007aab00000, 0x00000007adc80000, 0x00000007c0000000)
  eden space 27136K, 100% used [0x00000007aab00000,0x00000007ac580000,0x00000007ac580000)
  from space 6656K, 99% used [0x00000007ac600000,0x00000007acc78000,0x00000007acc80000)
  to   space 11776K, 0% used [0x00000007ad100000,0x00000007ad100000,0x00000007adc80000)
 ParOldGen       total 30208K, used 17860K [0x0000000780000000, 0x0000000781d80000, 0x00000007aab00000)
  object space 30208K, 59% used [0x0000000780000000,0x0000000781171248,0x0000000781d80000)
 Metaspace       used 29067K, capacity 30584K, committed 30720K, reserved 1075200K
  class space    used 4033K, capacity 4313K, committed 4352K, reserved 1048576K
Event: 500.884 GC heap after
Heap after GC invocations=11 (full 1):
 PSYoungGen      total 38400K, used 1120K [0x00000007aab00000, 0x00000007add00000, 0x00000007c0000000)
  eden space 26624K, 0% used [0x00000007aab00000,0x00000007aab00000,0x00000007ac500000)
  from space 11776K, 9% used [0x00000007ad100000,0x00000007ad218000,0x00000007adc80000)
  to   space 12288K, 0% used [0x00000007ac500000,0x00000007ac500000,0x00000007ad100000)
 ParOldGen       total 30208K, used 23913K [0x0000000780000000, 0x0000000781d80000, 0x00000007aab00000)
  object space 30208K, 79% used [0x0000000780000000,0x000000078175a418,0x0000000781d80000)
 Metaspace       used 29067K, capacity 30584K, committed 30720K, reserved 1075200K
  class space    used 4033K, capacity 4313K, committed 4352K, reserved 1048576K
}
Event: 500.884 GC heap before
{Heap before GC invocations=12 (full 2):
 PSYoungGen      total 38400K, used 1120K [0x00000007aab00000, 0x00000007add00000, 0x00000007c0000000)
  eden space 26624K, 0% used [0x00000007aab00000,0x00000007aab00000,0x00000007ac500000)
  from space 11776K, 9% used [0x00000007ad100000,0x00000007ad218000,0x00000007adc80000)
  to   space 12288K, 0% used [0x00000007ac500000,0x00000007ac500000,0x00000007ad100000)
 ParOldGen       total 30208K, used 23913K [0x0000000780000000, 0x0000000781d80000, 0x00000007aab00000)
  object space 30208K, 79% used [0x0000000780000000,0x000000078175a418,0x0000000781d80000)
 Metaspace       used 29067K, capacity 30584K, committed 30720K, reserved 1075200K
  class space    used 4033K, capacity 4313K, committed 4352K, reserved 1048576K
Event: 501.168 GC heap after
Heap after GC invocations=12 (full 2):
 PSYoungGen      total 38400K, used 0K [0x00000007aab00000, 0x00000007add00000, 0x00000007c0000000)
  eden space 26624K, 0% used [0x00000007aab00000,0x00000007aab00000,0x00000007ac500000)
  from space 11776K, 0% used [0x00000007ad100000,0x00000007ad100000,0x00000007adc80000)
  to   space 12288K, 0% used [0x00000007ac500000,0x00000007ac500000,0x00000007ad100000)
 ParOldGen       total 41984K, used 17228K [0x0000000780000000, 0x0000000782900000, 0x00000007aab00000)
  object space 41984K, 41% used [0x0000000780000000,0x00000007810d3000,0x0000000782900000)
 Metaspace       used 29067K, capacity 30584K, committed 30720K, reserved 1075200K
  class space    used 4033K, capacity 4313K, committed 4352K, reserved 1048576K
}

Deoptimization events (10 events):
Event: 331.295 Thread 0x00007fe64317e800 Uncommon trap: reason=unstable_if action=reinterpret pc=0x000000010ce58d28 method=java.lang.Math.round(F)I @ 36
Event: 331.295 Thread 0x00007fe64317e800 Uncommon trap: reason=unstable_if action=reinterpret pc=0x000000010ca1eb70 method=java.lang.Math.round(F)I @ 36
Event: 331.295 Thread 0x00007fe64317e800 Uncommon trap: reason=unstable_if action=reinterpret pc=0x000000010cc357b4 method=java.lang.Math.round(F)I @ 36
Event: 454.783 Thread 0x00007fe6431be800 Uncommon trap: reason=unstable_if action=reinterpret pc=0x000000010d112cbc method=com.sun.javafx.geom.RoundRectangle2D.contains(FF)Z @ 61
Event: 454.783 Thread 0x00007fe6431be800 Uncommon trap: reason=unstable_if action=reinterpret pc=0x000000010cc3ef84 method=javafx.scene.Node.impl_intersectsBounds(Lcom/sun/javafx/geom/PickRay;)D @ 902
Event: 462.515 Thread 0x00007fe6431be800 Uncommon trap: reason=unstable_if action=reinterpret pc=0x000000010ca9c670 method=javafx.scene.shape.Shape$StyleableProperties$3.isSettable(Ljavafx/scene/shape/Shape;)Z @ 4
Event: 496.416 Thread 0x00007fe6431be800 Uncommon trap: reason=speculate_class_check action=maybe_recompile pc=0x000000010ccb63f0 method=javafx.scene.Node.contains(DD)Z @ 19
Event: 498.836 Thread 0x00007fe64317e800 Uncommon trap: reason=unstable_if action=reinterpret pc=0x000000010ce67e20 method=javafx.scene.paint.Color.equals(Ljava/lang/Object;)Z @ 40
Event: 598.501 Thread 0x00007fe643afb000 Uncommon trap: reason=unstable_if action=reinterpret pc=0x000000010cd66f80 method=com.sun.javafx.tk.quantum.QuantumToolkit.postPulse()V @ 37
Event: 686.376 Thread 0x00007fe6431be800 Uncommon trap: reason=unstable_if action=reinterpret pc=0x000000010ccdcee4 method=java.util.concurrent.locks.ReentrantLock$Sync.tryRelease(I)Z @ 28

Internal exceptions (10 events):
Event: 38.729 Thread 0x00007fe6431be800 Exception <a 'java/lang/ArrayIndexOutOfBoundsException'> (0x00000007aad51840) thrown at [/Users/java_re/workspace/8-2-build-macosx-x86_64/jdk8u40/3153/hotspot/src/share/vm/runtime/sharedRuntime.cpp, line 605]
Event: 38.729 Thread 0x00007fe6431be800 Exception <a 'java/lang/ArrayIndexOutOfBoundsException'> (0x00000007aad52f88) thrown at [/Users/java_re/workspace/8-2-build-macosx-x86_64/jdk8u40/3153/hotspot/src/share/vm/runtime/sharedRuntime.cpp, line 605]
Event: 39.220 Thread 0x00007fe6431be800 Exception <a 'java/io/FileNotFoundException'> (0x00000007ab957468) thrown at [/Users/java_re/workspace/8-2-build-macosx-x86_64/jdk8u40/3153/hotspot/src/share/vm/prims/jni.cpp, line 709]
Event: 39.432 Thread 0x00007fe6431be800 Implicit null exception at 0x000000010c62bc35 to 0x000000010c62be6d
Event: 39.433 Thread 0x00007fe6431be800 Implicit null exception at 0x000000010c5950ef to 0x000000010c595159
Event: 191.166 Thread 0x00007fe643722000 Implicit null exception at 0x000000010c4d4eb5 to 0x000000010c4d5205
Event: 191.166 Thread 0x00007fe643722000 Implicit null exception at 0x000000010c470275 to 0x000000010c4705b9
Event: 202.841 Thread 0x00007fe6431be800 Implicit null exception at 0x000000010cd02210 to 0x000000010cd0a7e5
Event: 202.843 Thread 0x00007fe6431be800 Implicit null exception at 0x000000010cd8b8bf to 0x000000010cd8e20d
Event: 226.903 Thread 0x00007fe6431be800 Implicit null exception at 0x000000010d072a5b to 0x000000010d073ac5

Events (10 events):
Event: 686.376 Thread 0x00007fe6431be800 Uncommon trap: trap_request=0xffffff65 fr.pc=0x000000010ccdcee4
Event: 686.376 Thread 0x00007fe6431be800 DEOPT PACKING pc=0x000000010ccdcee4 sp=0x00007fff54fb9cf0
Event: 686.376 Thread 0x00007fe6431be800 DEOPT UNPACKING pc=0x000000010c239f69 sp=0x00007fff54fb9be0 mode 2
Event: 686.376 loading class com/sun/javafx/tk/quantum/QuantumToolkit
Event: 686.376 loading class com/sun/javafx/tk/quantum/QuantumToolkit done
Event: 686.377 Thread 0x00007fe6431be800 Thread exited: 0x00007fe6431be800
Event: 686.378 Thread 0x00007fe64380d800 Thread exited: 0x00007fe64380d800
Event: 686.378 Thread 0x00007fe64380d800 Thread added: 0x00007fe64380d800
Event: 686.378 Thread 0x00007fe643afd000 Thread exited: 0x00007fe643afd000
Event: 686.378 Thread 0x00007fe64317e800 Thread exited: 0x00007fe64317e800


Dynamic libraries:
0x0000000000a7a000 	/System/Library/Frameworks/Cocoa.framework/Versions/A/Cocoa
0x0000000000a7a000 	/System/Library/Frameworks/Security.framework/Versions/A/Security
0x0000000000a7a000 	/System/Library/Frameworks/ApplicationServices.framework/Versions/A/ApplicationServices
0x0000000000a7a000 	/usr/lib/libz.1.dylib
0x0000000000a7a000 	/usr/lib/libSystem.B.dylib
0x0000000000a7a000 	/usr/lib/libobjc.A.dylib
0x0000000000a7a000 	/System/Library/Frameworks/CoreFoundation.framework/Versions/A/CoreFoundation
0x0000000000a7a000 	/System/Library/Frameworks/Foundation.framework/Versions/C/Foundation
0x0000000000a7a000 	/System/Library/Frameworks/AppKit.framework/Versions/C/AppKit
0x0000000000a7a000 	/System/Library/Frameworks/CoreData.framework/Versions/A/CoreData
0x0000000000a7a000 	/System/Library/PrivateFrameworks/RemoteViewServices.framework/Versions/A/RemoteViewServices
0x0000000000a7a000 	/System/Library/PrivateFrameworks/UIFoundation.framework/Versions/A/UIFoundation
0x0000000000a7a000 	/System/Library/Frameworks/IOSurface.framework/Versions/A/IOSurface
0x0000000000a7a000 	/System/Library/Frameworks/AudioToolbox.framework/Versions/A/AudioToolbox
0x0000000000a7a000 	/System/Library/Frameworks/AudioUnit.framework/Versions/A/AudioUnit
0x0000000000a7a000 	/System/Library/PrivateFrameworks/DataDetectorsCore.framework/Versions/A/DataDetectorsCore
0x0000000000a7a000 	/System/Library/PrivateFrameworks/DesktopServicesPriv.framework/Versions/A/DesktopServicesPriv
0x0000000000a7a000 	/System/Library/Frameworks/Carbon.framework/Versions/A/Frameworks/HIToolbox.framework/Versions/A/HIToolbox
0x0000000000a7a000 	/System/Library/Frameworks/QuartzCore.framework/Versions/A/QuartzCore
0x0000000000a7a000 	/System/Library/Frameworks/Carbon.framework/Versions/A/Frameworks/SpeechRecognition.framework/Versions/A/SpeechRecognition
0x0000000000a7a000 	/usr/lib/libauto.dylib
0x0000000000a7a000 	/usr/lib/libicucore.A.dylib
0x0000000000a7a000 	/usr/lib/libxml2.2.dylib
0x0000000000a7a000 	/System/Library/PrivateFrameworks/CoreUI.framework/Versions/A/CoreUI
0x0000000000a7a000 	/System/Library/Frameworks/CoreAudio.framework/Versions/A/CoreAudio
0x0000000000a7a000 	/System/Library/Frameworks/DiskArbitration.framework/Versions/A/DiskArbitration
0x0000000000a7a000 	/usr/lib/liblangid.dylib
0x0000000000a7a000 	/System/Library/PrivateFrameworks/MultitouchSupport.framework/Versions/A/MultitouchSupport
0x0000000000a7a000 	/System/Library/Frameworks/IOKit.framework/Versions/A/IOKit
0x0000000000a7a000 	/usr/lib/libDiagnosticMessagesClient.dylib
0x0000000000a7a000 	/System/Library/Frameworks/CoreServices.framework/Versions/A/CoreServices
0x0000000000a7a000 	/System/Library/PrivateFrameworks/PerformanceAnalysis.framework/Versions/A/PerformanceAnalysis
0x0000000000a7a000 	/System/Library/PrivateFrameworks/GenerationalStorage.framework/Versions/A/GenerationalStorage
0x0000000000a7a000 	/System/Library/Frameworks/OpenGL.framework/Versions/A/OpenGL
0x0000000000a7a000 	/System/Library/PrivateFrameworks/Sharing.framework/Versions/A/Sharing
0x0000000000a7a000 	/System/Library/Frameworks/CoreGraphics.framework/Versions/A/CoreGraphics
0x0000000000a7a000 	/System/Library/Frameworks/CoreText.framework/Versions/A/CoreText
0x0000000000a7a000 	/System/Library/Frameworks/ImageIO.framework/Versions/A/ImageIO
0x0000000000a7a000 	/usr/lib/libextension.dylib
0x0000000000a7a000 	/System/Library/PrivateFrameworks/Backup.framework/Versions/A/Backup
0x0000000000a7a000 	/usr/lib/libarchive.2.dylib
0x0000000000a7a000 	/System/Library/Frameworks/CFNetwork.framework/Versions/A/CFNetwork
0x0000000000a7a000 	/System/Library/Frameworks/SystemConfiguration.framework/Versions/A/SystemConfiguration
0x0000000000a7a000 	/usr/lib/libCRFSuite.dylib
0x0000000000a7a000 	/usr/lib/libc++.1.dylib
0x0000000000a7a000 	/usr/lib/libc++abi.dylib
0x0000000000a7a000 	/usr/lib/system/libcache.dylib
0x0000000000a7a000 	/usr/lib/system/libcommonCrypto.dylib
0x0000000000a7a000 	/usr/lib/system/libcompiler_rt.dylib
0x0000000000a7a000 	/usr/lib/system/libcopyfile.dylib
0x0000000000a7a000 	/usr/lib/system/libcorecrypto.dylib
0x0000000000a7a000 	/usr/lib/system/libdispatch.dylib
0x0000000000a7a000 	/usr/lib/system/libdyld.dylib
0x0000000000a7a000 	/usr/lib/system/libkeymgr.dylib
0x0000000000a7a000 	/usr/lib/system/liblaunch.dylib
0x0000000000a7a000 	/usr/lib/system/libmacho.dylib
0x0000000000a7a000 	/usr/lib/system/libquarantine.dylib
0x0000000000a7a000 	/usr/lib/system/libremovefile.dylib
0x0000000000a7a000 	/usr/lib/system/libsystem_asl.dylib
0x0000000000a7a000 	/usr/lib/system/libsystem_blocks.dylib
0x0000000000a7a000 	/usr/lib/system/libsystem_c.dylib
0x0000000000a7a000 	/usr/lib/system/libsystem_configuration.dylib
0x0000000000a7a000 	/usr/lib/system/libsystem_coreservices.dylib
0x0000000000a7a000 	/usr/lib/system/libsystem_coretls.dylib
0x0000000000a7a000 	/usr/lib/system/libsystem_dnssd.dylib
0x0000000000a7a000 	/usr/lib/system/libsystem_info.dylib
0x0000000000a7a000 	/usr/lib/system/libsystem_kernel.dylib
0x0000000000a7a000 	/usr/lib/system/libsystem_m.dylib
0x0000000000a7a000 	/usr/lib/system/libsystem_malloc.dylib
0x0000000000a7a000 	/usr/lib/system/libsystem_network.dylib
0x0000000000a7a000 	/usr/lib/system/libsystem_networkextension.dylib
0x0000000000a7a000 	/usr/lib/system/libsystem_notify.dylib
0x0000000000a7a000 	/usr/lib/system/libsystem_platform.dylib
0x0000000000a7a000 	/usr/lib/system/libsystem_pthread.dylib
0x0000000000a7a000 	/usr/lib/system/libsystem_sandbox.dylib
0x0000000000a7a000 	/usr/lib/system/libsystem_secinit.dylib
0x0000000000a7a000 	/usr/lib/system/libsystem_stats.dylib
0x0000000000a7a000 	/usr/lib/system/libsystem_trace.dylib
0x0000000000a7a000 	/usr/lib/system/libunc.dylib
0x0000000000a7a000 	/usr/lib/system/libunwind.dylib
0x0000000000a7a000 	/usr/lib/system/libxpc.dylib
0x0000000000a7a000 	/usr/lib/libbz2.1.0.dylib
0x0000000000a7a000 	/usr/lib/liblzma.5.dylib
0x0000000000a7a000 	/usr/lib/libbsm.0.dylib
0x0000000000a7a000 	/usr/lib/libsqlite3.dylib
0x0000000000a7a000 	/usr/lib/system/libkxld.dylib
0x0000000000a7a000 	/usr/lib/libxar.1.dylib
0x0000000000a7a000 	/usr/lib/libpam.2.dylib
0x0000000000a7a000 	/usr/lib/libOpenScriptingUtil.dylib
0x0000000000a7a000 	/System/Library/Frameworks/CoreServices.framework/Versions/A/Frameworks/FSEvents.framework/Versions/A/FSEvents
0x0000000000a7a000 	/System/Library/Frameworks/CoreServices.framework/Versions/A/Frameworks/CarbonCore.framework/Versions/A/CarbonCore
0x0000000000a7a000 	/System/Library/Frameworks/CoreServices.framework/Versions/A/Frameworks/Metadata.framework/Versions/A/Metadata
0x0000000000a7a000 	/System/Library/Frameworks/CoreServices.framework/Versions/A/Frameworks/OSServices.framework/Versions/A/OSServices
0x0000000000a7a000 	/System/Library/Frameworks/CoreServices.framework/Versions/A/Frameworks/SearchKit.framework/Versions/A/SearchKit
0x0000000000a7a000 	/System/Library/Frameworks/CoreServices.framework/Versions/A/Frameworks/AE.framework/Versions/A/AE
0x0000000000a7a000 	/System/Library/Frameworks/CoreServices.framework/Versions/A/Frameworks/LaunchServices.framework/Versions/A/LaunchServices
0x0000000000a7a000 	/System/Library/Frameworks/CoreServices.framework/Versions/A/Frameworks/DictionaryServices.framework/Versions/A/DictionaryServices
0x0000000000a7a000 	/System/Library/Frameworks/NetFS.framework/Versions/A/NetFS
0x0000000000a7a000 	/System/Library/PrivateFrameworks/NetAuth.framework/Versions/A/NetAuth
0x0000000000a7a000 	/System/Library/PrivateFrameworks/login.framework/Versions/A/Frameworks/loginsupport.framework/Versions/A/loginsupport
0x0000000000a7a000 	/System/Library/PrivateFrameworks/TCC.framework/Versions/A/TCC
0x0000000000a7a000 	/usr/lib/libmecabra.dylib
0x0000000000a7a000 	/System/Library/Frameworks/ApplicationServices.framework/Versions/A/Frameworks/ATS.framework/Versions/A/ATS
0x0000000000a7a000 	/System/Library/Frameworks/ApplicationServices.framework/Versions/A/Frameworks/ColorSync.framework/Versions/A/ColorSync
0x0000000000a7a000 	/System/Library/Frameworks/ApplicationServices.framework/Versions/A/Frameworks/HIServices.framework/Versions/A/HIServices
0x0000000000a7a000 	/System/Library/Frameworks/ApplicationServices.framework/Versions/A/Frameworks/LangAnalysis.framework/Versions/A/LangAnalysis
0x0000000000a7a000 	/System/Library/Frameworks/ApplicationServices.framework/Versions/A/Frameworks/PrintCore.framework/Versions/A/PrintCore
0x0000000000a7a000 	/System/Library/Frameworks/ApplicationServices.framework/Versions/A/Frameworks/QD.framework/Versions/A/QD
0x0000000000a7a000 	/System/Library/Frameworks/ApplicationServices.framework/Versions/A/Frameworks/SpeechSynthesis.framework/Versions/A/SpeechSynthesis
0x0000000000a7a000 	/System/Library/Frameworks/Accelerate.framework/Versions/A/Accelerate
0x0000000000a7a000 	/System/Library/Frameworks/Accelerate.framework/Versions/A/Frameworks/vImage.framework/Versions/A/vImage
0x0000000000a7a000 	/System/Library/Frameworks/Accelerate.framework/Versions/A/Frameworks/vecLib.framework/Versions/A/vecLib
0x0000000000a7a000 	/System/Library/Frameworks/Accelerate.framework/Versions/A/Frameworks/vecLib.framework/Versions/A/libvDSP.dylib
0x0000000000a7a000 	/System/Library/Frameworks/Accelerate.framework/Versions/A/Frameworks/vecLib.framework/Versions/A/libvMisc.dylib
0x0000000000a7a000 	/System/Library/Frameworks/Accelerate.framework/Versions/A/Frameworks/vecLib.framework/Versions/A/libLAPACK.dylib
0x0000000000a7a000 	/System/Library/Frameworks/Accelerate.framework/Versions/A/Frameworks/vecLib.framework/Versions/A/libBLAS.dylib
0x0000000000a7a000 	/System/Library/Frameworks/Accelerate.framework/Versions/A/Frameworks/vecLib.framework/Versions/A/libLinearAlgebra.dylib
0x0000000000a7a000 	/System/Library/Frameworks/ApplicationServices.framework/Versions/A/Frameworks/ATS.framework/Versions/A/Resources/libFontParser.dylib
0x0000000000a7a000 	/System/Library/Frameworks/ApplicationServices.framework/Versions/A/Frameworks/ATS.framework/Versions/A/Resources/libFontRegistry.dylib
0x0000000000a7a000 	/System/Library/PrivateFrameworks/AppleVPA.framework/Versions/A/AppleVPA
0x0000000000a7a000 	/System/Library/PrivateFrameworks/AppleJPEG.framework/Versions/A/AppleJPEG
0x0000000000a7a000 	/System/Library/Frameworks/ImageIO.framework/Versions/A/Resources/libJPEG.dylib
0x0000000000a7a000 	/System/Library/Frameworks/ImageIO.framework/Versions/A/Resources/libTIFF.dylib
0x0000000000a7a000 	/System/Library/Frameworks/ImageIO.framework/Versions/A/Resources/libPng.dylib
0x0000000000a7a000 	/System/Library/Frameworks/ImageIO.framework/Versions/A/Resources/libGIF.dylib
0x0000000000a7a000 	/System/Library/Frameworks/ImageIO.framework/Versions/A/Resources/libJP2.dylib
0x0000000000a7a000 	/System/Library/Frameworks/ImageIO.framework/Versions/A/Resources/libRadiance.dylib
0x0000000000a7a000 	/System/Library/Frameworks/CoreVideo.framework/Versions/A/CoreVideo
0x0000000000a7a000 	/System/Library/Frameworks/OpenGL.framework/Versions/A/Libraries/libGLU.dylib
0x0000000000a7a000 	/System/Library/Frameworks/OpenGL.framework/Versions/A/Libraries/libGFXShared.dylib
0x0000000000a7a000 	/System/Library/Frameworks/OpenGL.framework/Versions/A/Libraries/libGL.dylib
0x0000000000a7a000 	/System/Library/Frameworks/OpenGL.framework/Versions/A/Libraries/libGLImage.dylib
0x0000000000a7a000 	/System/Library/Frameworks/OpenGL.framework/Versions/A/Libraries/libCVMSPluginSupport.dylib
0x0000000000a7a000 	/System/Library/Frameworks/OpenGL.framework/Versions/A/Libraries/libCoreVMClient.dylib
0x0000000000a7a000 	/usr/lib/libcups.2.dylib
0x0000000000a7a000 	/System/Library/Frameworks/Kerberos.framework/Versions/A/Kerberos
0x0000000000a7a000 	/System/Library/Frameworks/GSS.framework/Versions/A/GSS
0x0000000000a7a000 	/usr/lib/libresolv.9.dylib
0x0000000000a7a000 	/usr/lib/libiconv.2.dylib
0x0000000000a7a000 	/System/Library/PrivateFrameworks/Heimdal.framework/Versions/A/Heimdal
0x0000000000a7a000 	/usr/lib/libheimdal-asn1.dylib
0x0000000000a7a000 	/System/Library/Frameworks/OpenDirectory.framework/Versions/A/OpenDirectory
0x0000000000a7a000 	/System/Library/PrivateFrameworks/CommonAuth.framework/Versions/A/CommonAuth
0x0000000000a7a000 	/System/Library/Frameworks/OpenDirectory.framework/Versions/A/Frameworks/CFOpenDirectory.framework/Versions/A/CFOpenDirectory
0x0000000000a7a000 	/System/Library/Frameworks/SecurityFoundation.framework/Versions/A/SecurityFoundation
0x0000000000a7a000 	/System/Library/PrivateFrameworks/LanguageModeling.framework/Versions/A/LanguageModeling
0x0000000000a7a000 	/usr/lib/libcmph.dylib
0x0000000000a7a000 	/System/Library/Frameworks/ServiceManagement.framework/Versions/A/ServiceManagement
0x0000000000a7a000 	/usr/lib/libxslt.1.dylib
0x0000000000a7a000 	/System/Library/Frameworks/Carbon.framework/Versions/A/Frameworks/Ink.framework/Versions/A/Ink
0x0000000000a7a000 	/System/Library/Frameworks/QuartzCore.framework/Versions/A/Frameworks/CoreImage.framework/Versions/A/CoreImage
0x0000000000a7a000 	/System/Library/PrivateFrameworks/CrashReporterSupport.framework/Versions/A/CrashReporterSupport
0x0000000000a7a000 	/System/Library/Frameworks/OpenCL.framework/Versions/A/OpenCL
0x0000000000a7a000 	/System/Library/PrivateFrameworks/FaceCore.framework/Versions/A/FaceCore
0x0000000000a7a000 	/System/Library/PrivateFrameworks/Ubiquity.framework/Versions/A/Ubiquity
0x0000000000a7a000 	/System/Library/PrivateFrameworks/IconServices.framework/Versions/A/IconServices
0x0000000000a7a000 	/System/Library/PrivateFrameworks/ChunkingLibrary.framework/Versions/A/ChunkingLibrary
0x0000000000a7a000 	/System/Library/PrivateFrameworks/Apple80211.framework/Versions/A/Apple80211
0x0000000000a7a000 	/System/Library/Frameworks/CoreWLAN.framework/Versions/A/CoreWLAN
0x0000000000a7a000 	/System/Library/Frameworks/IOBluetooth.framework/Versions/A/IOBluetooth
0x0000000000a7a000 	/System/Library/PrivateFrameworks/CoreWiFi.framework/Versions/A/CoreWiFi
0x0000000000a7a000 	/System/Library/Frameworks/CoreBluetooth.framework/Versions/A/CoreBluetooth
0x0000000000a7a000 	/System/Library/PrivateFrameworks/DebugSymbols.framework/Versions/A/DebugSymbols
0x0000000000a7a000 	/System/Library/PrivateFrameworks/CoreSymbolication.framework/Versions/A/CoreSymbolication
0x0000000000a7a000 	/System/Library/PrivateFrameworks/Symbolication.framework/Versions/A/Symbolication
0x0000000000a7a000 	/System/Library/PrivateFrameworks/SpeechRecognitionCore.framework/Versions/A/SpeechRecognitionCore
0x000000010ad3f000 	/Library/Java/JavaVirtualMachines/jdk1.8.0_40.jdk/Contents/Home/jre/lib/server/libjvm.dylib
0x0000000000a7a000 	/usr/lib/libstdc++.6.dylib
0x000000010bdc2000 	/Library/Java/JavaVirtualMachines/jdk1.8.0_40.jdk/Contents/Home/jre/lib/libverify.dylib
0x000000010c200000 	/Library/Java/JavaVirtualMachines/jdk1.8.0_40.jdk/Contents/Home/jre/lib/libjava.dylib
0x000000010bdda000 	/Library/Java/JavaVirtualMachines/jdk1.8.0_40.jdk/Contents/Home/jre/lib/libzip.dylib
0x000000011f4e9000 	/System/Library/Frameworks/JavaVM.framework/Frameworks/JavaRuntimeSupport.framework/JavaRuntimeSupport
0x000000011f501000 	/System/Library/Frameworks/JavaVM.framework/Versions/A/Frameworks/JavaNativeFoundation.framework/Versions/A/JavaNativeFoundation
0x000000011f516000 	/System/Library/Frameworks/JavaVM.framework/Versions/A/JavaVM
0x0000000000a7a000 	/System/Library/Frameworks/Carbon.framework/Versions/A/Carbon
0x000000011f523000 	/System/Library/PrivateFrameworks/JavaLaunching.framework/Versions/A/JavaLaunching
0x0000000000a7a000 	/System/Library/Frameworks/Carbon.framework/Versions/A/Frameworks/CommonPanels.framework/Versions/A/CommonPanels
0x0000000000a7a000 	/System/Library/Frameworks/Carbon.framework/Versions/A/Frameworks/Help.framework/Versions/A/Help
0x0000000000a7a000 	/System/Library/Frameworks/Carbon.framework/Versions/A/Frameworks/ImageCapture.framework/Versions/A/ImageCapture
0x0000000000a7a000 	/System/Library/Frameworks/Carbon.framework/Versions/A/Frameworks/OpenScripting.framework/Versions/A/OpenScripting
0x0000000000a7a000 	/System/Library/Frameworks/Carbon.framework/Versions/A/Frameworks/Print.framework/Versions/A/Print
0x0000000000a7a000 	/System/Library/Frameworks/Carbon.framework/Versions/A/Frameworks/SecurityHI.framework/Versions/A/SecurityHI
0x000000012138a000 	/Library/Java/JavaVirtualMachines/jdk1.8.0_40.jdk/Contents/Home/jre/lib/libprism_es2.dylib
0x0000000000a7a000 	/System/Library/Frameworks/OpenGL.framework/Versions/A/Resources/GLEngine.bundle/GLEngine
0x0000000000a7a000 	/System/Library/Frameworks/OpenGL.framework/Versions/A/Libraries/libGLProgrammability.dylib
0x0000000000000000 	/System/Library/Extensions/GeForceTeslaGLDriver.bundle/Contents/MacOS/GeForceTeslaGLDriver
0x0000000121407000 	/System/Library/Extensions/GeForceTeslaGLDriver.bundle/Contents/MacOS/libclh.dylib
0x0000000121c4e000 	/System/Library/PrivateFrameworks/GPUSupport.framework/Versions/A/Libraries/libGPUSupport.dylib
0x0000000000a7a000 	/System/Library/Frameworks/OpenGL.framework/Versions/A/Resources/GLRendererFloat.bundle/GLRendererFloat
0x0000000000a7a000 	/System/Library/Frameworks/OpenCL.framework/Versions/A/Libraries/libcldcpuengine.dylib
0x0000000000a7a000 	/System/Library/PrivateFrameworks/DiskImages.framework/Versions/A/DiskImages
0x0000000000a7a000 	/System/Library/Frameworks/DiscRecording.framework/Versions/A/DiscRecording
0x0000000000a7a000 	/usr/lib/libcsfde.dylib
0x0000000000a7a000 	/usr/lib/libcurl.4.dylib
0x0000000000a7a000 	/System/Library/PrivateFrameworks/MediaKit.framework/Versions/A/MediaKit
0x0000000000a7a000 	/System/Library/PrivateFrameworks/ProtectedCloudStorage.framework/Versions/A/ProtectedCloudStorage
0x0000000000a7a000 	/usr/lib/libCoreStorage.dylib
0x0000000000a7a000 	/System/Library/PrivateFrameworks/EFILogin.framework/Versions/A/EFILogin
0x0000000000a7a000 	/usr/lib/libutil.dylib
0x0000000000a7a000 	/System/Library/PrivateFrameworks/FindMyDevice.framework/Versions/A/FindMyDevice
0x0000000000a7a000 	/System/Library/Frameworks/LDAP.framework/Versions/A/LDAP
0x0000000000a7a000 	/usr/lib/libsasl2.2.dylib
0x0000000000a7a000 	/System/Library/PrivateFrameworks/CoreDaemon.framework/Versions/B/CoreDaemon
0x0000000000a7a000 	/usr/lib/libcrypto.0.9.8.dylib
0x0000000000a7a000 	/System/Library/PrivateFrameworks/AppleSRP.framework/Versions/A/AppleSRP
0x0000000000a7a000 	/System/Library/PrivateFrameworks/TrustEvaluationAgent.framework/Versions/A/TrustEvaluationAgent
0x0000000121d9e000 	/Library/Java/JavaVirtualMachines/jdk1.8.0_40.jdk/Contents/Home/jre/lib/libglass.dylib
0x0000000000a7a000 	/System/Library/PrivateFrameworks/CoreServicesInternal.framework/Versions/A/CoreServicesInternal
0x0000000000a7a000 	/System/Library/PrivateFrameworks/CloudDocs.framework/Versions/A/CloudDocs
0x0000000000a7a000 	/System/Library/PrivateFrameworks/CoreDuet.framework/Versions/A/CoreDuet
0x0000000000a7a000 	/System/Library/Frameworks/CloudKit.framework/Versions/A/CloudKit
0x0000000000a7a000 	/System/Library/PrivateFrameworks/ProtocolBuffer.framework/Versions/A/ProtocolBuffer
0x0000000000a7a000 	/System/Library/PrivateFrameworks/CoreDuetDaemonProtocol.framework/Versions/A/CoreDuetDaemonProtocol
0x0000000000a7a000 	/System/Library/PrivateFrameworks/CoreDuetDebugLogging.framework/Versions/A/CoreDuetDebugLogging
0x0000000000a7a000 	/System/Library/Frameworks/CoreLocation.framework/Versions/A/CoreLocation
0x0000000000a7a000 	/System/Library/Frameworks/Accounts.framework/Versions/A/Accounts
0x0000000000a7a000 	/System/Library/PrivateFrameworks/ApplePushService.framework/Versions/A/ApplePushService
0x0000000000a7a000 	/System/Library/PrivateFrameworks/GeoServices.framework/Versions/A/GeoServices
0x0000000000a7a000 	/System/Library/PrivateFrameworks/OAuth.framework/Versions/A/OAuth
0x0000000000a7a000 	/System/Library/Frameworks/CoreGraphics.framework/Versions/A/Resources/libCGCMS.A.dylib
0x0000000000a7a000 	/System/Library/CoreServices/RawCamera.bundle/Contents/MacOS/RawCamera
0x0000000000a7a000 	/System/Library/Frameworks/CoreGraphics.framework/Versions/A/Resources/libRIP.A.dylib
0x0000000000a7a000 	/System/Library/PrivateFrameworks/FamilyControls.framework/Versions/A/FamilyControls
0x0000000000a7a000 	/System/Library/PrivateFrameworks/CommerceKit.framework/Versions/A/Frameworks/CommerceCore.framework/Versions/A/CommerceCore
0x0000000000a7a000 	/System/Library/PrivateFrameworks/SystemAdministration.framework/Versions/A/SystemAdministration
0x0000000000a7a000 	/System/Library/PrivateFrameworks/AppContainer.framework/Versions/A/AppContainer
0x0000000000a7a000 	/System/Library/PrivateFrameworks/SecCodeWrapper.framework/Versions/A/SecCodeWrapper
0x0000000000a7a000 	/System/Library/Frameworks/DirectoryService.framework/Versions/A/DirectoryService
0x0000000000a7a000 	/System/Library/PrivateFrameworks/LoginUIKit.framework/Versions/A/Frameworks/LoginUICore.framework/Versions/A/LoginUICore
0x0000000000a7a000 	/usr/lib/libodfde.dylib
0x0000000125261000 	/Library/Java/JavaVirtualMachines/jdk1.8.0_40.jdk/Contents/Home/jre/lib/libnet.dylib
0x00000001255df000 	/Library/Java/JavaVirtualMachines/jdk1.8.0_40.jdk/Contents/Home/jre/lib/libsunec.dylib
0x0000000121cc8000 	/Library/Java/JavaVirtualMachines/jdk1.8.0_40.jdk/Contents/Home/jre/lib/libjavafx_font.dylib
0x0000000000a7a000 	/System/Library/Frameworks/CoreGraphics.framework/Versions/A/Resources/libCGXType.A.dylib
0x0000000121f6f000 	/Library/Java/JavaVirtualMachines/jdk1.8.0_40.jdk/Contents/Home/jre/lib/libnio.dylib
0x00000001288da000 	/Library/Java/JavaVirtualMachines/jdk1.8.0_40.jdk/Contents/Home/jre/lib/libprism_common.dylib
0x000000011f5f1000 	cl_kernels
0x000000012d135000 	/System/Library/Frameworks/OpenCL.framework/Versions/A/Libraries/ImageFormats/unorm8_bgra.dylib
0x000000011f5e2000 	cl_kernels
0x0000000000a7a000 	/System/Library/PrivateFrameworks/Shortcut.framework/Versions/A/Shortcut
0x0000000000a7a000 	/System/Library/PrivateFrameworks/HelpData.framework/Versions/A/HelpData
0x0000000000a7a000 	/usr/lib/libtidy.A.dylib

VM Arguments:
jvm_args: -Dfile.encoding=UTF-8 
java_command: VIEW.View
java_class_path (initial): /Users/idinter/Desktop/workspace/SBOBETCLI/bin:/Users/idinter/Desktop/workspace/SBOBETCLI/selenium-java-2.45.0.jar:/Users/idinter/Desktop/workspace/SBOBETCLI/selenium-server-standalone-2.45.0.jar
Launcher Type: SUN_STANDARD

Environment Variables:
PATH=/usr/bin:/bin:/usr/sbin:/sbin
SHELL=/bin/bash
DISPLAY=/private/tmp/com.apple.launchd.s8kXDvOQJG/org.macosforge.xquartz:0

Signal Handlers:
SIGSEGV: [libjvm.dylib+0x58ef95], sa_mask[0]=11111111011111110111111111111111, sa_flags=SA_ONSTACK|SA_RESTART|SA_SIGINFO
SIGBUS: [libjvm.dylib+0x58ef95], sa_mask[0]=11111111011111110111111111111111, sa_flags=SA_RESTART|SA_SIGINFO
SIGFPE: [libjvm.dylib+0x46c118], sa_mask[0]=11111111011111110111111111111111, sa_flags=SA_RESTART|SA_SIGINFO
SIGPIPE: [libjvm.dylib+0x46c118], sa_mask[0]=11111111011111110111111111111111, sa_flags=SA_RESTART|SA_SIGINFO
SIGXFSZ: [libjvm.dylib+0x46c118], sa_mask[0]=11111111011111110111111111111111, sa_flags=SA_RESTART|SA_SIGINFO
SIGILL: [libjvm.dylib+0x46c118], sa_mask[0]=11111111011111110111111111111111, sa_flags=SA_RESTART|SA_SIGINFO
SIGUSR1: SIG_DFL, sa_mask[0]=00000000000000000000000000000000, sa_flags=none
SIGUSR2: [libjvm.dylib+0x46bc36], sa_mask[0]=00100000000000000000000000000000, sa_flags=SA_RESTART|SA_SIGINFO
SIGHUP: [libjvm.dylib+0x46a209], sa_mask[0]=11111111011111110111111111111111, sa_flags=SA_RESTART|SA_SIGINFO
SIGINT: [libjvm.dylib+0x46a209], sa_mask[0]=11111111011111110111111111111111, sa_flags=SA_RESTART|SA_SIGINFO
SIGTERM: [libjvm.dylib+0x46a209], sa_mask[0]=11111111011111110111111111111111, sa_flags=SA_RESTART|SA_SIGINFO
SIGQUIT: [libjvm.dylib+0x46a209], sa_mask[0]=11111111011111110111111111111111, sa_flags=SA_RESTART|SA_SIGINFO


---------------  S Y S T E M  ---------------

OS:Bsduname:Darwin 14.1.0 Darwin Kernel Version 14.1.0: Thu Feb 26 19:26:47 PST 2015; root:xnu-2782.10.73~1/RELEASE_X86_64 x86_64
rlimit: STACK 8192k, CORE 0k, NPROC 709, NOFILE 10240, AS infinity
load average:3.58 2.92 2.30

CPU:total 2 (2 cores per cpu, 1 threads per core) family 6 model 23 stepping 10, cmov, cx8, fxsr, mmx, sse, sse2, sse3, ssse3, sse4.1, tsc

Memory: 4k page, physical 4194304k(419912k free)

/proc/meminfo:


vm_info: Java HotSpot(TM) 64-Bit Server VM (25.40-b25) for bsd-amd64 JRE (1.8.0_40-b27), built on Mar 13 2015 04:46:52 by "java_re" with gcc 4.2.1 (Based on Apple Inc. build 5658) (LLVM build 2336.11.00)

time: Fri Aug 21 22:04:03 2015
elapsed time: 689 seconds (0d 0h 11m 29s)

