#
# A fatal error has been detected by the Java Runtime Environment:
#
#  SIGSEGV (0xb) at pc=0x00000001254925dd, pid=997, tid=1811
#
# JRE version: Java(TM) SE Runtime Environment (8.0_40-b27) (build 1.8.0_40-b27)
# Java VM: Java HotSpot(TM) 64-Bit Server VM (25.40-b25 mixed mode bsd-amd64 compressed oops)
# Problematic frame:
# C  [libglass.dylib+0x155dd]  GlassScreenDidChangeScreenParameters+0x9d
#
# Failed to write core dump. Core dumps have been disabled. To enable core dumping, try "ulimit -c unlimited" before starting Java again
#
# If you would like to submit a bug report, please visit:
#   http://bugreport.java.com/bugreport/crash.jsp
#

---------------  T H R E A D  ---------------

Current thread is native thread

siginfo: si_signo: 11 (SIGSEGV), si_code: 1 (SEGV_MAPERR), si_addr: 0x0000000000000000

Registers:
RAX=0x00000001254c4bc0, RBX=0x0000000000000000, RCX=0x5e00ebf59411c744, RDX=0x00007fbaa14bb320
RSP=0x00007fff518de080, RBP=0x00007fff518de090, RSI=0x00007fbaa1518c70, RDI=0x0000000000000000
R8 =0x00007fff518ddf30, R9 =0x00007fff74319300, R10=0x0000000000000000, R11=0x0000000000000246
R12=0x00007fbaa1426180, R13=0x00000000000f4268, R14=0x00007fbaa14bb230, R15=0x00007fff518de1d8
RIP=0x00000001254925dd, EFLAGS=0x0000000000010202, ERR=0x0000000000000004
  TRAPNO=0x000000000000000e

Top of Stack: (sp=0x00007fff518de080)
0x00007fff518de080:   00007fff518de278 00007fbaa14bb230
0x00007fff518de090:   00007fff518de0a0 00007fff8b655cdc
0x00007fff518de0a0:   00007fff518de400 00007fff8b547244
0x00007fff518de0b0:   0000000000000000 0000000000000000
0x00007fff518de0c0:   0000000000000013 0000000000000000
0x00007fff518de0d0:   00000000000f43b8 00000000000012a8
0x00007fff518de0e0:   0000000000000001 00007fbaa14bb230
0x00007fff518de0f0:   0000000000000000 00007fff518de1d0
0x00007fff518de100:   0000000000000000 00007fbaa14bb1f0
0x00007fff518de110:   00007fff518de250 00000000000000c7
0x00007fff518de120:   00000000000f4579 00007fbaa14cc890
0x00007fff518de130:   00007fbaa15813f0 00007fbaa1426180
0x00007fff518de140:   0000000000000001 00000000000f4268
0x00007fff518de150:   00007fbaa1426170 000000010e33a000
0x00007fff518de160:   00007fff518de200 00007fff889a04ff
0x00007fff518de170:   00007fbaa57ebf80 00007fbaa57ec000
0x00007fff518de180:   000000010e33a000 000000010e33a000
0x00007fff518de190:   00007fff518de230 00007fff889a04ff
0x00007fff518de1a0:   00007fbaa5cfc080 000000000000001e
0x00007fff518de1b0:   00392703a14261a4 00007fbaa14261a4
0x00007fff518de1c0:   0000000000000000 00007fff88f0e64f
0x00007fff518de1d0:   00007fbaa3f46100 00007fbaa14bb230
0x00007fff518de1e0:   0000000300000003 0000000000000000
0x00007fff518de1f0:   00007fff518de26c 00007fff518de270
0x00007fff518de200:   000000010e33da00 0000000000000004
0x00007fff518de210:   000000010e33a000 00007fbaa5c90124
0x00007fff518de220:   0000000000000003 000000010e33da00
0x00007fff518de230:   00007fff518de320 00007fff8899d2a2
0x00007fff518de240:   4c9ffffffffc7479 0000000000026bfb
0x00007fff518de250:   0000000000000014 0000000000000000
0x00007fff518de260:   00000000000f43b9 0000000000000017
0x00007fff518de270:   0000000000000000 00000000000f4268 

Instructions: (pc=0x00000001254925dd)
0x00000001254925bd:   89 df 4c 89 f1 41 ff 90 68 04 00 00 48 8d 05 f8
0x00000001254925cd:   24 03 00 48 8b 30 48 8d 05 e6 25 03 00 48 8b 10
0x00000001254925dd:   48 8b 0b 30 c0 48 89 df ff 91 68 04 00 00 48 8b
0x00000001254925ed:   03 48 89 df ff 50 78 48 85 c0 74 36 49 89 c6 48 

Register to memory mapping:

RAX=0x00000001254c4bc0: jScreenNotifySettingsChanged+0 in /Library/Java/JavaVirtualMachines/jdk1.8.0_40.jdk/Contents/Home/jre/lib/libglass.dylib at 0x000000012547d000
RBX=0x0000000000000000 is an unknown value
RCX=0x5e00ebf59411c744 is an unknown value
RDX=0x00007fbaa14bb320 is an unknown value
RSP=0x00007fff518de080 is an unknown value
RBP=0x00007fff518de090 is an unknown value
RSI=0x00007fbaa1518c70 is a global jni handle
RDI=0x0000000000000000 is an unknown value
R8 =0x00007fff518ddf30 is an unknown value
R9 =0x00007fff74319300: _thread+0 in /usr/lib/system/libsystem_pthread.dylib at 0x00007fff88f45000
R10=0x0000000000000000 is an unknown value
R11=0x0000000000000246 is an unknown value
R12=0x00007fbaa1426180 is an unknown value
R13=0x00000000000f4268 is an unknown value
R14=0x00007fbaa14bb230 is an unknown value
R15=0x00007fff518de1d8 is an unknown value


Stack: [0x00007fff510e1000,0x00007fff518e1000],  sp=0x00007fff518de080,  free space=8180k
Native frames: (J=compiled Java code, j=interpreted, Vv=VM code, C=native code)
C  [libglass.dylib+0x155dd]  GlassScreenDidChangeScreenParameters+0x9d
C  [CoreFoundation+0x11ecdc]  __CFNOTIFICATIONCENTER_IS_CALLING_OUT_TO_AN_OBSERVER__+0xc
C  [CoreFoundation+0x10244]  _CFXNotificationPost+0xc44
C  [Foundation+0x2c31]  -[NSNotificationCenter postNotificationName:object:userInfo:]+0x42
C  [AppKit+0x36305e]  -[NSApplication _reactToScreenInvalidationImmediately:]+0x17b
C  [AppKit+0x362e9d]  __44-[NSApplication _reactToScreenInvalidation:]_block_invoke+0x4b
C  [CoreFoundation+0x8056c]  __CFRUNLOOP_IS_CALLING_OUT_TO_A_BLOCK__+0xc
C  [CoreFoundation+0x72675]  __CFRunLoopDoBlocks+0x155
C  [CoreFoundation+0x721b6]  __CFRunLoopRun+0x716
C  [CoreFoundation+0x71858]  CFRunLoopRunSpecific+0x128
C  [java+0x6490]  CreateExecutionEnvironment+0x367
C  [java+0x221c]  JLI_Launch+0x7a0
C  [java+0x84ed]  main+0x65
C  [java+0x1a74]  start+0x34


---------------  P R O C E S S  ---------------

VM state:not at safepoint (normal execution)

VM Mutex/Monitor currently owned by a thread: None

Heap:
 PSYoungGen      total 16384K, used 8265K [0x00000007aab00000, 0x00000007ac580000, 0x00000007c0000000)
  eden space 14848K, 46% used [0x00000007aab00000,0x00000007ab1c2738,0x00000007ab980000)
  from space 1536K, 87% used [0x00000007ab980000,0x00000007abad0000,0x00000007abb00000)
  to   space 6144K, 0% used [0x00000007abf80000,0x00000007abf80000,0x00000007ac580000)
 ParOldGen       total 38400K, used 29188K [0x0000000780000000, 0x0000000782580000, 0x00000007aab00000)
  object space 38400K, 76% used [0x0000000780000000,0x0000000781c810c8,0x0000000782580000)
 Metaspace       used 36168K, capacity 37746K, committed 37976K, reserved 1081344K
  class space    used 4826K, capacity 5128K, committed 5208K, reserved 1048576K

Card table byte_map: [0x000000011ed29000,0x000000011ef2a000] byte_map_base: 0x000000011b129000

Marking Bits: (ParMarkBitMap*) 0x000000010f2c27a0
 Begin Bits: [0x000000011f286000, 0x0000000120286000)
 End Bits:   [0x0000000120286000, 0x0000000121286000)

Polling page: 0x000000010e57b000

CodeCache: size=245760Kb used=23484Kb max_used=23489Kb free=222275Kb
 bounds [0x000000010f969000, 0x0000000111079000, 0x000000011e969000]
 total_blobs=7655 nmethods=6779 adapters=789
 compilation: enabled

Compilation events (10 events):
Event: 1056.171 Thread 0x00007fbaa184c000 nmethod 7879 0x0000000111055c90 code [0x0000000111055e20, 0x0000000111056168]
Event: 1056.171 Thread 0x00007fbaa184c000 7880       3       com.sun.prism.impl.BaseGraphics::setCamera (6 bytes)
Event: 1056.171 Thread 0x00007fbaa184c000 nmethod 7880 0x0000000111047050 code [0x00000001110471a0, 0x0000000111047310]
Event: 1056.355 Thread 0x00007fbaa2051000 nmethod 7872 0x0000000111061350 code [0x0000000111061c20, 0x0000000111067bd0]
Event: 1056.357 Thread 0x00007fbaa2051000 7876       4       javafx.scene.layout.Region$StyleableProperties$1::isSettable (9 bytes)
Event: 1056.358 Thread 0x00007fbaa2051000 nmethod 7876 0x0000000111060f90 code [0x00000001110610e0, 0x00000001110611f8]
Event: 1056.901 Thread 0x00007fbaa184c000 7881       3       java.security.AccessControlContext::optimize (318 bytes)
Event: 1056.904 Thread 0x00007fbaa184c000 nmethod 7881 0x000000011105e210 code [0x000000011105e560, 0x00000001110600f8]
Event: 1059.245 Thread 0x00007fbaa184c000 7882   !   3       java.lang.invoke.MethodHandles$Lookup::canBeCached (146 bytes)
Event: 1059.250 Thread 0x00007fbaa184c000 nmethod 7882 0x0000000111072690 code [0x0000000111072b00, 0x0000000111075c48]

GC Heap History (10 events):
Event: 467.558 GC heap before
{Heap before GC invocations=31 (full 2):
 PSYoungGen      total 18944K, used 12032K [0x00000007aab00000, 0x00000007ac580000, 0x00000007c0000000)
  eden space 11776K, 100% used [0x00000007aab00000,0x00000007ab680000,0x00000007ab680000)
  from space 7168K, 3% used [0x00000007abe80000,0x00000007abec0000,0x00000007ac580000)
  to   space 7680K, 0% used [0x00000007ab680000,0x00000007ab680000,0x00000007abe00000)
 ParOldGen       total 38400K, used 25892K [0x0000000780000000, 0x0000000782580000, 0x00000007aab00000)
  object space 38400K, 67% used [0x0000000780000000,0x00000007819490c8,0x0000000782580000)
 Metaspace       used 35418K, capacity 36996K, committed 37336K, reserved 1081344K
  class space    used 4769K, capacity 5069K, committed 5080K, reserved 1048576K
Event: 467.571 GC heap after
Heap after GC invocations=31 (full 2):
 PSYoungGen      total 19456K, used 160K [0x00000007aab00000, 0x00000007ac800000, 0x00000007c0000000)
  eden space 11776K, 0% used [0x00000007aab00000,0x00000007aab00000,0x00000007ab680000)
  from space 7680K, 2% used [0x00000007ab680000,0x00000007ab6a8000,0x00000007abe00000)
  to   space 7168K, 0% used [0x00000007ac100000,0x00000007ac100000,0x00000007ac800000)
 ParOldGen       total 38400K, used 25996K [0x0000000780000000, 0x0000000782580000, 0x00000007aab00000)
  object space 38400K, 67% used [0x0000000780000000,0x00000007819630c8,0x0000000782580000)
 Metaspace       used 35418K, capacity 36996K, committed 37336K, reserved 1081344K
  class space    used 4769K, capacity 5069K, committed 5080K, reserved 1048576K
}
Event: 476.118 GC heap before
{Heap before GC invocations=32 (full 2):
 PSYoungGen      total 19456K, used 11936K [0x00000007aab00000, 0x00000007ac800000, 0x00000007c0000000)
  eden space 11776K, 100% used [0x00000007aab00000,0x00000007ab680000,0x00000007ab680000)
  from space 7680K, 2% used [0x00000007ab680000,0x00000007ab6a8000,0x00000007abe00000)
  to   space 7168K, 0% used [0x00000007ac100000,0x00000007ac100000,0x00000007ac800000)
 ParOldGen       total 38400K, used 25996K [0x0000000780000000, 0x0000000782580000, 0x00000007aab00000)
  object space 38400K, 67% used [0x0000000780000000,0x00000007819630c8,0x0000000782580000)
 Metaspace       used 35420K, capacity 36996K, committed 37336K, reserved 1081344K
  class space    used 4769K, capacity 5069K, committed 5080K, reserved 1048576K
Event: 476.121 GC heap after
Heap after GC invocations=32 (full 2):
 PSYoungGen      total 21504K, used 160K [0x00000007aab00000, 0x00000007ac700000, 0x00000007c0000000)
  eden space 15360K, 0% used [0x00000007aab00000,0x00000007aab00000,0x00000007aba00000)
  from space 6144K, 2% used [0x00000007ac100000,0x00000007ac128000,0x00000007ac700000)
  to   space 6656K, 0% used [0x00000007aba00000,0x00000007aba00000,0x00000007ac080000)
 ParOldGen       total 38400K, used 26012K [0x0000000780000000, 0x0000000782580000, 0x00000007aab00000)
  object space 38400K, 67% used [0x0000000780000000,0x00000007819670c8,0x0000000782580000)
 Metaspace       used 35420K, capacity 36996K, committed 37336K, reserved 1081344K
  class space    used 4769K, capacity 5069K, committed 5080K, reserved 1048576K
}
Event: 1016.033 GC heap before
{Heap before GC invocations=33 (full 2):
 PSYoungGen      total 21504K, used 15520K [0x00000007aab00000, 0x00000007ac700000, 0x00000007c0000000)
  eden space 15360K, 100% used [0x00000007aab00000,0x00000007aba00000,0x00000007aba00000)
  from space 6144K, 2% used [0x00000007ac100000,0x00000007ac128000,0x00000007ac700000)
  to   space 6656K, 0% used [0x00000007aba00000,0x00000007aba00000,0x00000007ac080000)
 ParOldGen       total 38400K, used 26012K [0x0000000780000000, 0x0000000782580000, 0x00000007aab00000)
  object space 38400K, 67% used [0x0000000780000000,0x00000007819670c8,0x0000000782580000)
 Metaspace       used 35600K, capacity 37094K, committed 37336K, reserved 1081344K
  class space    used 4773K, capacity 5074K, committed 5080K, reserved 1048576K
Event: 1016.050 GC heap after
Heap after GC invocations=33 (full 2):
 PSYoungGen      total 15872K, used 480K [0x00000007aab00000, 0x00000007ac600000, 0x00000007c0000000)
  eden space 15360K, 0% used [0x00000007aab00000,0x00000007aab00000,0x00000007aba00000)
  from space 512K, 93% used [0x00000007aba00000,0x00000007aba78000,0x00000007aba80000)
  to   space 6144K, 0% used [0x00000007ac000000,0x00000007ac000000,0x00000007ac600000)
 ParOldGen       total 38400K, used 26028K [0x0000000780000000, 0x0000000782580000, 0x00000007aab00000)
  object space 38400K, 67% used [0x0000000780000000,0x000000078196b0c8,0x0000000782580000)
 Metaspace       used 35600K, capacity 37094K, committed 37336K, reserved 1081344K
  class space    used 4773K, capacity 5074K, committed 5080K, reserved 1048576K
}
Event: 1018.822 GC heap before
{Heap before GC invocations=34 (full 2):
 PSYoungGen      total 15872K, used 15840K [0x00000007aab00000, 0x00000007ac600000, 0x00000007c0000000)
  eden space 15360K, 100% used [0x00000007aab00000,0x00000007aba00000,0x00000007aba00000)
  from space 512K, 93% used [0x00000007aba00000,0x00000007aba78000,0x00000007aba80000)
  to   space 6144K, 0% used [0x00000007ac000000,0x00000007ac000000,0x00000007ac600000)
 ParOldGen       total 38400K, used 26028K [0x0000000780000000, 0x0000000782580000, 0x00000007aab00000)
  object space 38400K, 67% used [0x0000000780000000,0x000000078196b0c8,0x0000000782580000)
 Metaspace       used 35765K, capacity 37260K, committed 37464K, reserved 1081344K
  class space    used 4782K, capacity 5083K, committed 5208K, reserved 1048576K
Event: 1018.836 GC heap after
Heap after GC invocations=34 (full 2):
 PSYoungGen      total 20992K, used 3200K [0x00000007aab00000, 0x00000007ac700000, 0x00000007c0000000)
  eden space 14848K, 0% used [0x00000007aab00000,0x00000007aab00000,0x00000007ab980000)
  from space 6144K, 52% used [0x00000007ac000000,0x00000007ac320000,0x00000007ac600000)
  to   space 6656K, 0% used [0x00000007ab980000,0x00000007ab980000,0x00000007ac000000)
 ParOldGen       total 38400K, used 26388K [0x0000000780000000, 0x0000000782580000, 0x00000007aab00000)
  object space 38400K, 68% used [0x0000000780000000,0x00000007819c50c8,0x0000000782580000)
 Metaspace       used 35765K, capacity 37260K, committed 37464K, reserved 1081344K
  class space    used 4782K, capacity 5083K, committed 5208K, reserved 1048576K
}
Event: 1050.648 GC heap before
{Heap before GC invocations=35 (full 2):
 PSYoungGen      total 20992K, used 18048K [0x00000007aab00000, 0x00000007ac700000, 0x00000007c0000000)
  eden space 14848K, 100% used [0x00000007aab00000,0x00000007ab980000,0x00000007ab980000)
  from space 6144K, 52% used [0x00000007ac000000,0x00000007ac320000,0x00000007ac600000)
  to   space 6656K, 0% used [0x00000007ab980000,0x00000007ab980000,0x00000007ac000000)
 ParOldGen       total 38400K, used 26388K [0x0000000780000000, 0x0000000782580000, 0x00000007aab00000)
  object space 38400K, 68% used [0x0000000780000000,0x00000007819c50c8,0x0000000782580000)
 Metaspace       used 35864K, capacity 37414K, committed 37720K, reserved 1081344K
  class space    used 4784K, capacity 5086K, committed 5208K, reserved 1048576K
Event: 1050.664 GC heap after
Heap after GC invocations=35 (full 2):
 PSYoungGen      total 16384K, used 1344K [0x00000007aab00000, 0x00000007ac580000, 0x00000007c0000000)
  eden space 14848K, 0% used [0x00000007aab00000,0x00000007aab00000,0x00000007ab980000)
  from space 1536K, 87% used [0x00000007ab980000,0x00000007abad0000,0x00000007abb00000)
  to   space 6144K, 0% used [0x00000007abf80000,0x00000007abf80000,0x00000007ac580000)
 ParOldGen       total 38400K, used 29188K [0x0000000780000000, 0x0000000782580000, 0x00000007aab00000)
  object space 38400K, 76% used [0x0000000780000000,0x0000000781c810c8,0x0000000782580000)
 Metaspace       used 35864K, capacity 37414K, committed 37720K, reserved 1081344K
  class space    used 4784K, capacity 5086K, committed 5208K, reserved 1048576K
}

Deoptimization events (10 events):
Event: 1052.247 Thread 0x00007fbaa22aa000 Uncommon trap: reason=bimorphic action=maybe_recompile pc=0x00000001102bdd4c method=javafx.scene.Node.getGeomBounds(Lcom/sun/javafx/geom/BaseBounds;Lcom/sun/javafx/geom/transform/BaseTransform;)Lcom/sun/javafx/geom/BaseBounds; @ 1
Event: 1052.251 Thread 0x00007fbaa1860800 Uncommon trap: reason=unstable_if action=reinterpret pc=0x0000000110aead24 method=com.sun.javafx.geom.transform.AffineBase.isTranslateOrIdentity()Z @ 5
Event: 1052.251 Thread 0x00007fbaa1860800 Uncommon trap: reason=class_check action=maybe_recompile pc=0x0000000110ab5968 method=com.sun.javafx.geom.transform.AffineBase.getType()I @ 9
Event: 1052.251 Thread 0x00007fbaa1860800 Uncommon trap: reason=unstable_if action=reinterpret pc=0x0000000110413220 method=com.sun.javafx.geom.transform.AffineBase.updateState2D()V @ 86
Event: 1052.251 Thread 0x00007fbaa1860800 Uncommon trap: reason=unstable_if action=reinterpret pc=0x0000000110d8dd1c method=com.sun.javafx.geom.transform.AffineBase.isTranslateOrIdentity()Z @ 5
Event: 1053.219 Thread 0x00007fbaa1860800 Uncommon trap: reason=unstable_if action=reinterpret pc=0x00000001104a8dbc method=com.sun.javafx.geom.transform.AffineBase.isTranslateOrIdentity()Z @ 5
Event: 1053.219 Thread 0x00007fbaa1860800 Uncommon trap: reason=class_check action=maybe_recompile pc=0x0000000110ab5968 method=com.sun.javafx.geom.transform.AffineBase.getType()I @ 9
Event: 1053.333 Thread 0x00007fbaa22aa000 Uncommon trap: reason=unstable_if action=reinterpret pc=0x0000000110f3f864 method=com.sun.javafx.text.PrismTextLayout.layout()V @ 1460
Event: 1053.372 Thread 0x00007fbaa1860800 Uncommon trap: reason=class_check action=maybe_recompile pc=0x0000000110ab5968 method=com.sun.javafx.geom.transform.AffineBase.getType()I @ 9
Event: 1054.514 Thread 0x00007fbaa1860800 Uncommon trap: reason=class_check action=maybe_recompile pc=0x0000000110ab5968 method=com.sun.javafx.geom.transform.AffineBase.getType()I @ 9

Internal exceptions (10 events):
Event: 57.242 Thread 0x00007fbaa22aa000 Implicit null exception at 0x000000010fcf152f to 0x000000010fcf1599
Event: 58.862 Thread 0x00007fbaa22aa000 Implicit null exception at 0x000000010ffc6310 to 0x000000010ffc6895
Event: 105.305 Thread 0x00007fbaa4b4a800 Implicit null exception at 0x000000010fc3b835 to 0x000000010fc3bb85
Event: 105.305 Thread 0x00007fbaa4b4a800 Implicit null exception at 0x000000010fbb2075 to 0x000000010fbb23b9
Event: 399.830 Thread 0x00007fbaa213d000 Exception <a 'java/io/FileNotFoundException'> (0x00000007ab75b360) thrown at [/Users/java_re/workspace/8-2-build-macosx-x86_64/jdk8u40/3153/hotspot/src/share/vm/prims/jni.cpp, line 709]
Event: 399.830 Thread 0x00007fbaa213d000 Exception <a 'java/io/FileNotFoundException'> (0x00000007ab75be28) thrown at [/Users/java_re/workspace/8-2-build-macosx-x86_64/jdk8u40/3153/hotspot/src/share/vm/prims/jni.cpp, line 709]
Event: 1016.152 Thread 0x00007fbaa22aa000 Implicit null exception at 0x00000001105475af to 0x000000011054c601
Event: 1016.153 Thread 0x00007fbaa22aa000 Implicit null exception at 0x0000000110abb179 to 0x0000000110abf971
Event: 1016.744 Thread 0x00007fbaa1860800 Implicit null exception at 0x0000000110b0fb64 to 0x0000000110b11739
Event: 1052.075 Thread 0x00007fbaa22aa000 Implicit null exception at 0x0000000110a5dc5b to 0x0000000110a5de52

Events (10 events):
Event: 1059.260 loading class com/sun/javafx/tk/quantum/QuantumRenderer done
Event: 1059.260 loading class com/sun/javafx/tk/quantum/QuantumToolkit
Event: 1059.260 loading class com/sun/javafx/tk/quantum/QuantumToolkit done
Event: 1059.261 Thread 0x00007fbaa1860800 Thread exited: 0x00007fbaa1860800
Event: 1059.261 Executing VM operation: RevokeBias
Event: 1059.261 Executing VM operation: RevokeBias done
Event: 1059.261 Thread 0x00007fbaa2004800 Thread exited: 0x00007fbaa2004800
Event: 1059.261 Thread 0x00007fbaa22aa000 Thread exited: 0x00007fbaa22aa000
Event: 1059.261 Thread 0x00007fbaa232a800 Thread exited: 0x00007fbaa232a800
Event: 1059.261 Thread 0x00007fbaa1860800 Thread added: 0x00007fbaa1860800


Dynamic libraries:
0x00000000033b1000 	/System/Library/Frameworks/Cocoa.framework/Versions/A/Cocoa
0x00000000033b1000 	/System/Library/Frameworks/Security.framework/Versions/A/Security
0x00000000033b1000 	/System/Library/Frameworks/ApplicationServices.framework/Versions/A/ApplicationServices
0x00000000033b1000 	/usr/lib/libz.1.dylib
0x00000000033b1000 	/usr/lib/libSystem.B.dylib
0x00000000033b1000 	/usr/lib/libobjc.A.dylib
0x00000000033b1000 	/System/Library/Frameworks/CoreFoundation.framework/Versions/A/CoreFoundation
0x00000000033b1000 	/System/Library/Frameworks/Foundation.framework/Versions/C/Foundation
0x00000000033b1000 	/System/Library/Frameworks/AppKit.framework/Versions/C/AppKit
0x00000000033b1000 	/System/Library/Frameworks/CoreData.framework/Versions/A/CoreData
0x00000000033b1000 	/System/Library/PrivateFrameworks/RemoteViewServices.framework/Versions/A/RemoteViewServices
0x00000000033b1000 	/System/Library/PrivateFrameworks/UIFoundation.framework/Versions/A/UIFoundation
0x00000000033b1000 	/System/Library/Frameworks/IOSurface.framework/Versions/A/IOSurface
0x00000000033b1000 	/System/Library/Frameworks/AudioToolbox.framework/Versions/A/AudioToolbox
0x00000000033b1000 	/System/Library/Frameworks/AudioUnit.framework/Versions/A/AudioUnit
0x00000000033b1000 	/System/Library/PrivateFrameworks/DataDetectorsCore.framework/Versions/A/DataDetectorsCore
0x00000000033b1000 	/System/Library/PrivateFrameworks/DesktopServicesPriv.framework/Versions/A/DesktopServicesPriv
0x00000000033b1000 	/System/Library/Frameworks/Carbon.framework/Versions/A/Frameworks/HIToolbox.framework/Versions/A/HIToolbox
0x00000000033b1000 	/System/Library/Frameworks/QuartzCore.framework/Versions/A/QuartzCore
0x00000000033b1000 	/System/Library/Frameworks/Carbon.framework/Versions/A/Frameworks/SpeechRecognition.framework/Versions/A/SpeechRecognition
0x00000000033b1000 	/usr/lib/libauto.dylib
0x00000000033b1000 	/usr/lib/libicucore.A.dylib
0x00000000033b1000 	/usr/lib/libxml2.2.dylib
0x00000000033b1000 	/System/Library/PrivateFrameworks/CoreUI.framework/Versions/A/CoreUI
0x00000000033b1000 	/System/Library/Frameworks/CoreAudio.framework/Versions/A/CoreAudio
0x00000000033b1000 	/System/Library/Frameworks/DiskArbitration.framework/Versions/A/DiskArbitration
0x00000000033b1000 	/usr/lib/liblangid.dylib
0x00000000033b1000 	/System/Library/PrivateFrameworks/MultitouchSupport.framework/Versions/A/MultitouchSupport
0x00000000033b1000 	/System/Library/Frameworks/IOKit.framework/Versions/A/IOKit
0x00000000033b1000 	/usr/lib/libDiagnosticMessagesClient.dylib
0x00000000033b1000 	/System/Library/Frameworks/CoreServices.framework/Versions/A/CoreServices
0x00000000033b1000 	/System/Library/PrivateFrameworks/PerformanceAnalysis.framework/Versions/A/PerformanceAnalysis
0x00000000033b1000 	/System/Library/PrivateFrameworks/GenerationalStorage.framework/Versions/A/GenerationalStorage
0x00000000033b1000 	/System/Library/Frameworks/OpenGL.framework/Versions/A/OpenGL
0x00000000033b1000 	/System/Library/PrivateFrameworks/Sharing.framework/Versions/A/Sharing
0x00000000033b1000 	/System/Library/Frameworks/CoreGraphics.framework/Versions/A/CoreGraphics
0x00000000033b1000 	/System/Library/Frameworks/CoreText.framework/Versions/A/CoreText
0x00000000033b1000 	/System/Library/Frameworks/ImageIO.framework/Versions/A/ImageIO
0x00000000033b1000 	/usr/lib/libextension.dylib
0x00000000033b1000 	/System/Library/PrivateFrameworks/Backup.framework/Versions/A/Backup
0x00000000033b1000 	/usr/lib/libarchive.2.dylib
0x00000000033b1000 	/System/Library/Frameworks/CFNetwork.framework/Versions/A/CFNetwork
0x00000000033b1000 	/System/Library/Frameworks/SystemConfiguration.framework/Versions/A/SystemConfiguration
0x00000000033b1000 	/usr/lib/libCRFSuite.dylib
0x00000000033b1000 	/usr/lib/libc++.1.dylib
0x00000000033b1000 	/usr/lib/libc++abi.dylib
0x00000000033b1000 	/usr/lib/system/libcache.dylib
0x00000000033b1000 	/usr/lib/system/libcommonCrypto.dylib
0x00000000033b1000 	/usr/lib/system/libcompiler_rt.dylib
0x00000000033b1000 	/usr/lib/system/libcopyfile.dylib
0x00000000033b1000 	/usr/lib/system/libcorecrypto.dylib
0x00000000033b1000 	/usr/lib/system/libdispatch.dylib
0x00000000033b1000 	/usr/lib/system/libdyld.dylib
0x00000000033b1000 	/usr/lib/system/libkeymgr.dylib
0x00000000033b1000 	/usr/lib/system/liblaunch.dylib
0x00000000033b1000 	/usr/lib/system/libmacho.dylib
0x00000000033b1000 	/usr/lib/system/libquarantine.dylib
0x00000000033b1000 	/usr/lib/system/libremovefile.dylib
0x00000000033b1000 	/usr/lib/system/libsystem_asl.dylib
0x00000000033b1000 	/usr/lib/system/libsystem_blocks.dylib
0x00000000033b1000 	/usr/lib/system/libsystem_c.dylib
0x00000000033b1000 	/usr/lib/system/libsystem_configuration.dylib
0x00000000033b1000 	/usr/lib/system/libsystem_coreservices.dylib
0x00000000033b1000 	/usr/lib/system/libsystem_coretls.dylib
0x00000000033b1000 	/usr/lib/system/libsystem_dnssd.dylib
0x00000000033b1000 	/usr/lib/system/libsystem_info.dylib
0x00000000033b1000 	/usr/lib/system/libsystem_kernel.dylib
0x00000000033b1000 	/usr/lib/system/libsystem_m.dylib
0x00000000033b1000 	/usr/lib/system/libsystem_malloc.dylib
0x00000000033b1000 	/usr/lib/system/libsystem_network.dylib
0x00000000033b1000 	/usr/lib/system/libsystem_networkextension.dylib
0x00000000033b1000 	/usr/lib/system/libsystem_notify.dylib
0x00000000033b1000 	/usr/lib/system/libsystem_platform.dylib
0x00000000033b1000 	/usr/lib/system/libsystem_pthread.dylib
0x00000000033b1000 	/usr/lib/system/libsystem_sandbox.dylib
0x00000000033b1000 	/usr/lib/system/libsystem_secinit.dylib
0x00000000033b1000 	/usr/lib/system/libsystem_stats.dylib
0x00000000033b1000 	/usr/lib/system/libsystem_trace.dylib
0x00000000033b1000 	/usr/lib/system/libunc.dylib
0x00000000033b1000 	/usr/lib/system/libunwind.dylib
0x00000000033b1000 	/usr/lib/system/libxpc.dylib
0x00000000033b1000 	/usr/lib/libbz2.1.0.dylib
0x00000000033b1000 	/usr/lib/liblzma.5.dylib
0x00000000033b1000 	/usr/lib/libbsm.0.dylib
0x00000000033b1000 	/usr/lib/libsqlite3.dylib
0x00000000033b1000 	/usr/lib/system/libkxld.dylib
0x00000000033b1000 	/usr/lib/libxar.1.dylib
0x00000000033b1000 	/usr/lib/libpam.2.dylib
0x00000000033b1000 	/usr/lib/libOpenScriptingUtil.dylib
0x00000000033b1000 	/System/Library/Frameworks/CoreServices.framework/Versions/A/Frameworks/FSEvents.framework/Versions/A/FSEvents
0x00000000033b1000 	/System/Library/Frameworks/CoreServices.framework/Versions/A/Frameworks/CarbonCore.framework/Versions/A/CarbonCore
0x00000000033b1000 	/System/Library/Frameworks/CoreServices.framework/Versions/A/Frameworks/Metadata.framework/Versions/A/Metadata
0x00000000033b1000 	/System/Library/Frameworks/CoreServices.framework/Versions/A/Frameworks/OSServices.framework/Versions/A/OSServices
0x00000000033b1000 	/System/Library/Frameworks/CoreServices.framework/Versions/A/Frameworks/SearchKit.framework/Versions/A/SearchKit
0x00000000033b1000 	/System/Library/Frameworks/CoreServices.framework/Versions/A/Frameworks/AE.framework/Versions/A/AE
0x00000000033b1000 	/System/Library/Frameworks/CoreServices.framework/Versions/A/Frameworks/LaunchServices.framework/Versions/A/LaunchServices
0x00000000033b1000 	/System/Library/Frameworks/CoreServices.framework/Versions/A/Frameworks/DictionaryServices.framework/Versions/A/DictionaryServices
0x00000000033b1000 	/System/Library/Frameworks/NetFS.framework/Versions/A/NetFS
0x00000000033b1000 	/System/Library/PrivateFrameworks/NetAuth.framework/Versions/A/NetAuth
0x00000000033b1000 	/System/Library/PrivateFrameworks/login.framework/Versions/A/Frameworks/loginsupport.framework/Versions/A/loginsupport
0x00000000033b1000 	/System/Library/PrivateFrameworks/TCC.framework/Versions/A/TCC
0x00000000033b1000 	/usr/lib/libmecabra.dylib
0x00000000033b1000 	/System/Library/Frameworks/ApplicationServices.framework/Versions/A/Frameworks/ATS.framework/Versions/A/ATS
0x00000000033b1000 	/System/Library/Frameworks/ApplicationServices.framework/Versions/A/Frameworks/ColorSync.framework/Versions/A/ColorSync
0x00000000033b1000 	/System/Library/Frameworks/ApplicationServices.framework/Versions/A/Frameworks/HIServices.framework/Versions/A/HIServices
0x00000000033b1000 	/System/Library/Frameworks/ApplicationServices.framework/Versions/A/Frameworks/LangAnalysis.framework/Versions/A/LangAnalysis
0x00000000033b1000 	/System/Library/Frameworks/ApplicationServices.framework/Versions/A/Frameworks/PrintCore.framework/Versions/A/PrintCore
0x00000000033b1000 	/System/Library/Frameworks/ApplicationServices.framework/Versions/A/Frameworks/QD.framework/Versions/A/QD
0x00000000033b1000 	/System/Library/Frameworks/ApplicationServices.framework/Versions/A/Frameworks/SpeechSynthesis.framework/Versions/A/SpeechSynthesis
0x00000000033b1000 	/System/Library/Frameworks/Accelerate.framework/Versions/A/Accelerate
0x00000000033b1000 	/System/Library/Frameworks/Accelerate.framework/Versions/A/Frameworks/vImage.framework/Versions/A/vImage
0x00000000033b1000 	/System/Library/Frameworks/Accelerate.framework/Versions/A/Frameworks/vecLib.framework/Versions/A/vecLib
0x00000000033b1000 	/System/Library/Frameworks/Accelerate.framework/Versions/A/Frameworks/vecLib.framework/Versions/A/libvDSP.dylib
0x00000000033b1000 	/System/Library/Frameworks/Accelerate.framework/Versions/A/Frameworks/vecLib.framework/Versions/A/libvMisc.dylib
0x00000000033b1000 	/System/Library/Frameworks/Accelerate.framework/Versions/A/Frameworks/vecLib.framework/Versions/A/libLAPACK.dylib
0x00000000033b1000 	/System/Library/Frameworks/Accelerate.framework/Versions/A/Frameworks/vecLib.framework/Versions/A/libBLAS.dylib
0x00000000033b1000 	/System/Library/Frameworks/Accelerate.framework/Versions/A/Frameworks/vecLib.framework/Versions/A/libLinearAlgebra.dylib
0x00000000033b1000 	/System/Library/Frameworks/ApplicationServices.framework/Versions/A/Frameworks/ATS.framework/Versions/A/Resources/libFontParser.dylib
0x00000000033b1000 	/System/Library/Frameworks/ApplicationServices.framework/Versions/A/Frameworks/ATS.framework/Versions/A/Resources/libFontRegistry.dylib
0x00000000033b1000 	/System/Library/PrivateFrameworks/AppleVPA.framework/Versions/A/AppleVPA
0x00000000033b1000 	/System/Library/PrivateFrameworks/AppleJPEG.framework/Versions/A/AppleJPEG
0x00000000033b1000 	/System/Library/Frameworks/ImageIO.framework/Versions/A/Resources/libJPEG.dylib
0x00000000033b1000 	/System/Library/Frameworks/ImageIO.framework/Versions/A/Resources/libTIFF.dylib
0x00000000033b1000 	/System/Library/Frameworks/ImageIO.framework/Versions/A/Resources/libPng.dylib
0x00000000033b1000 	/System/Library/Frameworks/ImageIO.framework/Versions/A/Resources/libGIF.dylib
0x00000000033b1000 	/System/Library/Frameworks/ImageIO.framework/Versions/A/Resources/libJP2.dylib
0x00000000033b1000 	/System/Library/Frameworks/ImageIO.framework/Versions/A/Resources/libRadiance.dylib
0x00000000033b1000 	/System/Library/Frameworks/CoreVideo.framework/Versions/A/CoreVideo
0x00000000033b1000 	/System/Library/Frameworks/OpenGL.framework/Versions/A/Libraries/libGLU.dylib
0x00000000033b1000 	/System/Library/Frameworks/OpenGL.framework/Versions/A/Libraries/libGFXShared.dylib
0x00000000033b1000 	/System/Library/Frameworks/OpenGL.framework/Versions/A/Libraries/libGL.dylib
0x00000000033b1000 	/System/Library/Frameworks/OpenGL.framework/Versions/A/Libraries/libGLImage.dylib
0x00000000033b1000 	/System/Library/Frameworks/OpenGL.framework/Versions/A/Libraries/libCVMSPluginSupport.dylib
0x00000000033b1000 	/System/Library/Frameworks/OpenGL.framework/Versions/A/Libraries/libCoreVMClient.dylib
0x00000000033b1000 	/usr/lib/libcups.2.dylib
0x00000000033b1000 	/System/Library/Frameworks/Kerberos.framework/Versions/A/Kerberos
0x00000000033b1000 	/System/Library/Frameworks/GSS.framework/Versions/A/GSS
0x00000000033b1000 	/usr/lib/libresolv.9.dylib
0x00000000033b1000 	/usr/lib/libiconv.2.dylib
0x00000000033b1000 	/System/Library/PrivateFrameworks/Heimdal.framework/Versions/A/Heimdal
0x00000000033b1000 	/usr/lib/libheimdal-asn1.dylib
0x00000000033b1000 	/System/Library/Frameworks/OpenDirectory.framework/Versions/A/OpenDirectory
0x00000000033b1000 	/System/Library/PrivateFrameworks/CommonAuth.framework/Versions/A/CommonAuth
0x00000000033b1000 	/System/Library/Frameworks/OpenDirectory.framework/Versions/A/Frameworks/CFOpenDirectory.framework/Versions/A/CFOpenDirectory
0x00000000033b1000 	/System/Library/Frameworks/SecurityFoundation.framework/Versions/A/SecurityFoundation
0x00000000033b1000 	/System/Library/PrivateFrameworks/LanguageModeling.framework/Versions/A/LanguageModeling
0x00000000033b1000 	/usr/lib/libcmph.dylib
0x00000000033b1000 	/System/Library/Frameworks/ServiceManagement.framework/Versions/A/ServiceManagement
0x00000000033b1000 	/usr/lib/libxslt.1.dylib
0x00000000033b1000 	/System/Library/Frameworks/Carbon.framework/Versions/A/Frameworks/Ink.framework/Versions/A/Ink
0x00000000033b1000 	/System/Library/Frameworks/QuartzCore.framework/Versions/A/Frameworks/CoreImage.framework/Versions/A/CoreImage
0x00000000033b1000 	/System/Library/PrivateFrameworks/CrashReporterSupport.framework/Versions/A/CrashReporterSupport
0x00000000033b1000 	/System/Library/Frameworks/OpenCL.framework/Versions/A/OpenCL
0x00000000033b1000 	/System/Library/PrivateFrameworks/FaceCore.framework/Versions/A/FaceCore
0x00000000033b1000 	/System/Library/PrivateFrameworks/Ubiquity.framework/Versions/A/Ubiquity
0x00000000033b1000 	/System/Library/PrivateFrameworks/IconServices.framework/Versions/A/IconServices
0x00000000033b1000 	/System/Library/PrivateFrameworks/ChunkingLibrary.framework/Versions/A/ChunkingLibrary
0x00000000033b1000 	/System/Library/PrivateFrameworks/Apple80211.framework/Versions/A/Apple80211
0x00000000033b1000 	/System/Library/Frameworks/CoreWLAN.framework/Versions/A/CoreWLAN
0x00000000033b1000 	/System/Library/Frameworks/IOBluetooth.framework/Versions/A/IOBluetooth
0x00000000033b1000 	/System/Library/PrivateFrameworks/CoreWiFi.framework/Versions/A/CoreWiFi
0x00000000033b1000 	/System/Library/Frameworks/CoreBluetooth.framework/Versions/A/CoreBluetooth
0x00000000033b1000 	/System/Library/PrivateFrameworks/DebugSymbols.framework/Versions/A/DebugSymbols
0x00000000033b1000 	/System/Library/PrivateFrameworks/CoreSymbolication.framework/Versions/A/CoreSymbolication
0x00000000033b1000 	/System/Library/PrivateFrameworks/Symbolication.framework/Versions/A/Symbolication
0x00000000033b1000 	/System/Library/PrivateFrameworks/SpeechRecognitionCore.framework/Versions/A/SpeechRecognitionCore
0x000000010ea00000 	/Library/Java/JavaVirtualMachines/jdk1.8.0_40.jdk/Contents/Home/jre/lib/server/libjvm.dylib
0x00000000033b1000 	/usr/lib/libstdc++.6.dylib
0x000000010e538000 	/Library/Java/JavaVirtualMachines/jdk1.8.0_40.jdk/Contents/Home/jre/lib/libverify.dylib
0x000000010e546000 	/Library/Java/JavaVirtualMachines/jdk1.8.0_40.jdk/Contents/Home/jre/lib/libjava.dylib
0x000000010e585000 	/Library/Java/JavaVirtualMachines/jdk1.8.0_40.jdk/Contents/Home/jre/lib/libzip.dylib
0x0000000122bd5000 	/System/Library/Frameworks/JavaVM.framework/Frameworks/JavaRuntimeSupport.framework/JavaRuntimeSupport
0x000000010e5eb000 	/System/Library/Frameworks/JavaVM.framework/Versions/A/Frameworks/JavaNativeFoundation.framework/Versions/A/JavaNativeFoundation
0x0000000122bed000 	/System/Library/Frameworks/JavaVM.framework/Versions/A/JavaVM
0x00000000033b1000 	/System/Library/Frameworks/Carbon.framework/Versions/A/Carbon
0x0000000122bfa000 	/System/Library/PrivateFrameworks/JavaLaunching.framework/Versions/A/JavaLaunching
0x00000000033b1000 	/System/Library/Frameworks/Carbon.framework/Versions/A/Frameworks/CommonPanels.framework/Versions/A/CommonPanels
0x00000000033b1000 	/System/Library/Frameworks/Carbon.framework/Versions/A/Frameworks/Help.framework/Versions/A/Help
0x00000000033b1000 	/System/Library/Frameworks/Carbon.framework/Versions/A/Frameworks/ImageCapture.framework/Versions/A/ImageCapture
0x00000000033b1000 	/System/Library/Frameworks/Carbon.framework/Versions/A/Frameworks/OpenScripting.framework/Versions/A/OpenScripting
0x00000000033b1000 	/System/Library/Frameworks/Carbon.framework/Versions/A/Frameworks/Print.framework/Versions/A/Print
0x00000000033b1000 	/System/Library/Frameworks/Carbon.framework/Versions/A/Frameworks/SecurityHI.framework/Versions/A/SecurityHI
0x0000000124a68000 	/Library/Java/JavaVirtualMachines/jdk1.8.0_40.jdk/Contents/Home/jre/lib/libprism_es2.dylib
0x00000000033b1000 	/System/Library/Frameworks/OpenGL.framework/Versions/A/Resources/GLEngine.bundle/GLEngine
0x00000000033b1000 	/System/Library/Frameworks/OpenGL.framework/Versions/A/Libraries/libGLProgrammability.dylib
0x0000000000000000 	/System/Library/Extensions/GeForceTeslaGLDriver.bundle/Contents/MacOS/GeForceTeslaGLDriver
0x0000000124ae6000 	/System/Library/Extensions/GeForceTeslaGLDriver.bundle/Contents/MacOS/libclh.dylib
0x000000012532d000 	/System/Library/PrivateFrameworks/GPUSupport.framework/Versions/A/Libraries/libGPUSupport.dylib
0x00000000033b1000 	/System/Library/Frameworks/OpenGL.framework/Versions/A/Resources/GLRendererFloat.bundle/GLRendererFloat
0x00000000033b1000 	/System/Library/Frameworks/OpenCL.framework/Versions/A/Libraries/libcldcpuengine.dylib
0x00000000033b1000 	/System/Library/PrivateFrameworks/DiskImages.framework/Versions/A/DiskImages
0x00000000033b1000 	/System/Library/Frameworks/DiscRecording.framework/Versions/A/DiscRecording
0x00000000033b1000 	/usr/lib/libcsfde.dylib
0x00000000033b1000 	/usr/lib/libcurl.4.dylib
0x00000000033b1000 	/System/Library/PrivateFrameworks/MediaKit.framework/Versions/A/MediaKit
0x00000000033b1000 	/System/Library/PrivateFrameworks/ProtectedCloudStorage.framework/Versions/A/ProtectedCloudStorage
0x00000000033b1000 	/usr/lib/libCoreStorage.dylib
0x00000000033b1000 	/System/Library/PrivateFrameworks/EFILogin.framework/Versions/A/EFILogin
0x00000000033b1000 	/usr/lib/libutil.dylib
0x00000000033b1000 	/System/Library/PrivateFrameworks/FindMyDevice.framework/Versions/A/FindMyDevice
0x00000000033b1000 	/System/Library/Frameworks/LDAP.framework/Versions/A/LDAP
0x00000000033b1000 	/usr/lib/libsasl2.2.dylib
0x00000000033b1000 	/System/Library/PrivateFrameworks/CoreDaemon.framework/Versions/B/CoreDaemon
0x00000000033b1000 	/usr/lib/libcrypto.0.9.8.dylib
0x00000000033b1000 	/System/Library/PrivateFrameworks/AppleSRP.framework/Versions/A/AppleSRP
0x00000000033b1000 	/System/Library/PrivateFrameworks/TrustEvaluationAgent.framework/Versions/A/TrustEvaluationAgent
0x000000012547d000 	/Library/Java/JavaVirtualMachines/jdk1.8.0_40.jdk/Contents/Home/jre/lib/libglass.dylib
0x00000000033b1000 	/System/Library/PrivateFrameworks/CoreServicesInternal.framework/Versions/A/CoreServicesInternal
0x00000000033b1000 	/System/Library/PrivateFrameworks/CloudDocs.framework/Versions/A/CloudDocs
0x00000000033b1000 	/System/Library/PrivateFrameworks/CoreDuet.framework/Versions/A/CoreDuet
0x00000000033b1000 	/System/Library/Frameworks/CloudKit.framework/Versions/A/CloudKit
0x00000000033b1000 	/System/Library/PrivateFrameworks/ProtocolBuffer.framework/Versions/A/ProtocolBuffer
0x00000000033b1000 	/System/Library/PrivateFrameworks/CoreDuetDaemonProtocol.framework/Versions/A/CoreDuetDaemonProtocol
0x00000000033b1000 	/System/Library/PrivateFrameworks/CoreDuetDebugLogging.framework/Versions/A/CoreDuetDebugLogging
0x00000000033b1000 	/System/Library/Frameworks/CoreLocation.framework/Versions/A/CoreLocation
0x00000000033b1000 	/System/Library/Frameworks/Accounts.framework/Versions/A/Accounts
0x00000000033b1000 	/System/Library/PrivateFrameworks/ApplePushService.framework/Versions/A/ApplePushService
0x00000000033b1000 	/System/Library/PrivateFrameworks/GeoServices.framework/Versions/A/GeoServices
0x00000000033b1000 	/System/Library/PrivateFrameworks/OAuth.framework/Versions/A/OAuth
0x00000000033b1000 	/System/Library/Frameworks/CoreGraphics.framework/Versions/A/Resources/libCGCMS.A.dylib
0x00000000033b1000 	/System/Library/CoreServices/RawCamera.bundle/Contents/MacOS/RawCamera
0x00000000033b1000 	/System/Library/Frameworks/CoreGraphics.framework/Versions/A/Resources/libRIP.A.dylib
0x00000000033b1000 	/System/Library/PrivateFrameworks/FamilyControls.framework/Versions/A/FamilyControls
0x00000000033b1000 	/System/Library/PrivateFrameworks/CommerceKit.framework/Versions/A/Frameworks/CommerceCore.framework/Versions/A/CommerceCore
0x00000000033b1000 	/System/Library/PrivateFrameworks/SystemAdministration.framework/Versions/A/SystemAdministration
0x00000000033b1000 	/System/Library/PrivateFrameworks/AppContainer.framework/Versions/A/AppContainer
0x00000000033b1000 	/System/Library/PrivateFrameworks/SecCodeWrapper.framework/Versions/A/SecCodeWrapper
0x00000000033b1000 	/System/Library/Frameworks/DirectoryService.framework/Versions/A/DirectoryService
0x00000000033b1000 	/System/Library/PrivateFrameworks/LoginUIKit.framework/Versions/A/Frameworks/LoginUICore.framework/Versions/A/LoginUICore
0x00000000033b1000 	/usr/lib/libodfde.dylib
0x0000000126de1000 	/Library/Java/JavaVirtualMachines/jdk1.8.0_40.jdk/Contents/Home/jre/lib/libnet.dylib
0x0000000127104000 	/Library/Java/JavaVirtualMachines/jdk1.8.0_40.jdk/Contents/Home/jre/lib/libsunec.dylib
0x0000000122c06000 	/Library/Java/JavaVirtualMachines/jdk1.8.0_40.jdk/Contents/Home/jre/lib/libjavafx_font.dylib
0x00000000033b1000 	/System/Library/Frameworks/CoreGraphics.framework/Versions/A/Resources/libCGXType.A.dylib
0x0000000122ce9000 	/Library/Java/JavaVirtualMachines/jdk1.8.0_40.jdk/Contents/Home/jre/lib/libnio.dylib
0x00000001271d2000 	cl_kernels
0x000000012cabb000 	/System/Library/Frameworks/OpenCL.framework/Versions/A/Libraries/ImageFormats/unorm8_bgra.dylib
0x000000012903a000 	cl_kernels
0x000000012d095000 	/Library/Java/JavaVirtualMachines/jdk1.8.0_40.jdk/Contents/Home/jre/lib/libprism_common.dylib
0x000000012cf59000 	/Library/Java/JavaVirtualMachines/jdk1.8.0_40.jdk/Contents/Home/jre/lib/libawt.dylib
0x000000012eebb000 	/Library/Java/JavaVirtualMachines/jdk1.8.0_40.jdk/Contents/Home/jre/lib/./libmlib_image.dylib
0x000000012fea7000 	/Library/Java/JavaVirtualMachines/jdk1.8.0_40.jdk/Contents/Home/jre/lib/libawt_lwawt.dylib
0x0000000122c47000 	/Library/Java/JavaVirtualMachines/jdk1.8.0_40.jdk/Contents/Home/jre/lib/./libosxapp.dylib
0x00000000033b1000 	/System/Library/Frameworks/ExceptionHandling.framework/Versions/A/ExceptionHandling
0x0000000125345000 	/Library/Java/JavaVirtualMachines/jdk1.8.0_40.jdk/Contents/Home/jre/lib/libfontmanager.dylib
0x0000000122c63000 	/Library/Java/JavaVirtualMachines/jdk1.8.0_40.jdk/Contents/Home/jre/lib/libosxui.dylib
0x00000000033b1000 	/System/Library/Frameworks/Accelerate.framework/Versions/A/Frameworks/vImage.framework/Versions/A/Libraries/libCGInterfaces.dylib

VM Arguments:
jvm_args: -Dfile.encoding=UTF-8 
java_command: VIEW.View
java_class_path (initial): /Users/idinter/Desktop/workspace/SBOBETCLI/bin:/Users/idinter/Desktop/workspace/SBOBETCLI/selenium-java-2.45.0.jar:/Users/idinter/Desktop/workspace/SBOBETCLI/selenium-server-standalone-2.45.0.jar
Launcher Type: SUN_STANDARD

Environment Variables:
PATH=/usr/bin:/bin:/usr/sbin:/sbin
SHELL=/bin/bash
DISPLAY=/private/tmp/com.apple.launchd.fTnAU6ISQR/org.macosforge.xquartz:0

Signal Handlers:
SIGSEGV: [libjvm.dylib+0x58ef95], sa_mask[0]=11111111011111110111111111111111, sa_flags=SA_ONSTACK|SA_RESTART|SA_SIGINFO
SIGBUS: [libjvm.dylib+0x58ef95], sa_mask[0]=11111111011111110111111111111111, sa_flags=SA_RESTART|SA_SIGINFO
SIGFPE: [libjvm.dylib+0x46c118], sa_mask[0]=11111111011111110111111111111111, sa_flags=SA_RESTART|SA_SIGINFO
SIGPIPE: [libjvm.dylib+0x46c118], sa_mask[0]=11111111011111110111111111111111, sa_flags=SA_RESTART|SA_SIGINFO
SIGXFSZ: [libjvm.dylib+0x46c118], sa_mask[0]=11111111011111110111111111111111, sa_flags=SA_RESTART|SA_SIGINFO
SIGILL: [libjvm.dylib+0x46c118], sa_mask[0]=11111111011111110111111111111111, sa_flags=SA_RESTART|SA_SIGINFO
SIGUSR1: SIG_DFL, sa_mask[0]=00000000000000000000000000000000, sa_flags=none
SIGUSR2: [libjvm.dylib+0x46bc36], sa_mask[0]=00100000000000000000000000000000, sa_flags=SA_RESTART|SA_SIGINFO
SIGHUP: [libjvm.dylib+0x46a209], sa_mask[0]=11111111011111110111111111111111, sa_flags=SA_RESTART|SA_SIGINFO
SIGINT: [libjvm.dylib+0x46a209], sa_mask[0]=11111111011111110111111111111111, sa_flags=SA_RESTART|SA_SIGINFO
SIGTERM: [libjvm.dylib+0x46a209], sa_mask[0]=11111111011111110111111111111111, sa_flags=SA_RESTART|SA_SIGINFO
SIGQUIT: [libjvm.dylib+0x46a209], sa_mask[0]=11111111011111110111111111111111, sa_flags=SA_RESTART|SA_SIGINFO


---------------  S Y S T E M  ---------------

OS:Bsduname:Darwin 14.1.0 Darwin Kernel Version 14.1.0: Thu Feb 26 19:26:47 PST 2015; root:xnu-2782.10.73~1/RELEASE_X86_64 x86_64
rlimit: STACK 8192k, CORE 0k, NPROC 709, NOFILE 10240, AS infinity
load average:2.76 2.08 2.09

CPU:total 2 (2 cores per cpu, 1 threads per core) family 6 model 23 stepping 10, cmov, cx8, fxsr, mmx, sse, sse2, sse3, ssse3, sse4.1, tsc

Memory: 4k page, physical 4194304k(870380k free)

/proc/meminfo:


vm_info: Java HotSpot(TM) 64-Bit Server VM (25.40-b25) for bsd-amd64 JRE (1.8.0_40-b27), built on Mar 13 2015 04:46:52 by "java_re" with gcc 4.2.1 (Based on Apple Inc. build 5658) (LLVM build 2336.11.00)

time: Thu Aug 20 19:20:31 2015
elapsed time: 1064 seconds (0d 0h 17m 44s)

