#
# A fatal error has been detected by the Java Runtime Environment:
#
#  SIGSEGV (0xb) at pc=0x0000000123a365dd, pid=640, tid=1811
#
# JRE version: Java(TM) SE Runtime Environment (8.0_40-b27) (build 1.8.0_40-b27)
# Java VM: Java HotSpot(TM) 64-Bit Server VM (25.40-b25 mixed mode bsd-amd64 compressed oops)
# Problematic frame:
# C  [libglass.dylib+0x155dd]  GlassScreenDidChangeScreenParameters+0x9d
#
# Failed to write core dump. Core dumps have been disabled. To enable core dumping, try "ulimit -c unlimited" before starting Java again
#
# If you would like to submit a bug report, please visit:
#   http://bugreport.java.com/bugreport/crash.jsp
#

---------------  T H R E A D  ---------------

Current thread is native thread

siginfo: si_signo: 11 (SIGSEGV), si_code: 1 (SEGV_MAPERR), si_addr: 0x0000000000000000

Registers:
RAX=0x0000000123a68bc0, RBX=0x0000000000000000, RCX=0xcb00a643d60b0855, RDX=0x00007fd512dcd590
RSP=0x00007fff5333a080, RBP=0x00007fff5333a090, RSI=0x00007fd512d17870, RDI=0x0000000000000000
R8 =0x00007fff53339f30, R9 =0x00007fff786d8300, R10=0x0000000000000000, R11=0x0000000000000246
R12=0x00007fd512d25660, R13=0x00000000000f4268, R14=0x00007fd512dcd4a0, R15=0x00007fff5333a1d0
RIP=0x0000000123a365dd, EFLAGS=0x0000000000010206, ERR=0x0000000000000004
  TRAPNO=0x000000000000000e

Top of Stack: (sp=0x00007fff5333a080)
0x00007fff5333a080:   00007fff5333a260 00007fd512dcd4a0
0x00007fff5333a090:   00007fff5333a0a0 00007fff8b79bcdc
0x00007fff5333a0a0:   00007fff5333a400 00007fff8b68d244
0x00007fff5333a0b0:   00007fff5333a100 0000000000000000
0x00007fff5333a0c0:   00007fff78b00cf0 00007fd51505e3b0
0x00007fff5333a0d0:   0000000000001000 0000000000000ba0
0x00007fff5333a0e0:   00007fd51505e3b0 00007fd512dcd4a0
0x00007fff5333a0f0:   0000000000000000 00007fff5333a1d0
0x00007fff5333a100:   0000000000000000 00007fd512dcd460
0x00007fff5333a110:   00007fff5333a250 000000000000007c
0x00007fff5333a120:   00000000000f4377 00007fd512caf260
0x00007fff5333a130:   00007fd512d827c0 00007fd512d25660
0x00007fff5333a140:   0000000000000001 00000000000f4268
0x00007fff5333a150:   00007fd512d25650 00007fff91bffacb
0x00007fff5333a160:   0000000000000001 0000000000000001
0x00007fff5333a170:   0000000000000030 0000000000000001
0x00007fff5333a180:   00007fff5333a1a0 00007fff91c05231
0x00007fff5333a190:   00007fff78afedd0 0000000000000000
0x00007fff5333a1a0:   00007fff5333a1c0 0000000000000028
0x00007fff5333a1b0:   0004c00315c3dc00 00007fd512d25684
0x00007fff5333a1c0:   0000000000000000 00007fff8b682d1f
0x00007fff5333a1d0:   00007fd512dcd4a0 00007fff78afedd0
0x00007fff5333a1e0:   00007fff5333a260 00007fff8b68b84f
0x00007fff5333a1f0:   00007fff5333a264 00000000004fdd01
0x00007fff5333a200:   000000010c8e1a00 0000000000000002
0x00007fff5333a210:   000000010c8de000 00007fd515309a92
0x00007fff5333a220:   0000000000000003 000000010c8e1a00
0x00007fff5333a230:   00007fff5333a320 00007fff91bfe2a2
0x00007fff5333a240:   00007fd512d82310 00007fff5333a408
0x00007fff5333a250:   0000000000000017 0000000000000000
0x00007fff5333a260:   00000000000f4268 00007fff8b683013
0x00007fff5333a270:   00007fff00000000 00007fd512d884b0 

Instructions: (pc=0x0000000123a365dd)
0x0000000123a365bd:   89 df 4c 89 f1 41 ff 90 68 04 00 00 48 8d 05 f8
0x0000000123a365cd:   24 03 00 48 8b 30 48 8d 05 e6 25 03 00 48 8b 10
0x0000000123a365dd:   48 8b 0b 30 c0 48 89 df ff 91 68 04 00 00 48 8b
0x0000000123a365ed:   03 48 89 df ff 50 78 48 85 c0 74 36 49 89 c6 48 

Register to memory mapping:

RAX=0x0000000123a68bc0: jScreenNotifySettingsChanged+0 in /Library/Java/JavaVirtualMachines/jdk1.8.0_40.jdk/Contents/Home/jre/lib/libglass.dylib at 0x0000000123a21000
RBX=0x0000000000000000 is an unknown value
RCX=0xcb00a643d60b0855 is an unknown value
RDX=0x00007fd512dcd590 is an unknown value
RSP=0x00007fff5333a080 is an unknown value
RBP=0x00007fff5333a090 is an unknown value
RSI=0x00007fd512d17870 is a global jni handle
RDI=0x0000000000000000 is an unknown value
R8 =0x00007fff53339f30 is an unknown value
R9 =0x00007fff786d8300: _thread+0 in /usr/lib/system/libsystem_pthread.dylib at 0x00007fff891ef000
R10=0x0000000000000000 is an unknown value
R11=0x0000000000000246 is an unknown value
R12=0x00007fd512d25660 is an unknown value
R13=0x00000000000f4268 is an unknown value
R14=0x00007fd512dcd4a0 is an unknown value
R15=0x00007fff5333a1d0 is an unknown value


Stack: [0x00007fff52b3d000,0x00007fff5333d000],  sp=0x00007fff5333a080,  free space=8180k
Native frames: (J=compiled Java code, j=interpreted, Vv=VM code, C=native code)
C  [libglass.dylib+0x155dd]  GlassScreenDidChangeScreenParameters+0x9d
C  [CoreFoundation+0x11ecdc]  __CFNOTIFICATIONCENTER_IS_CALLING_OUT_TO_AN_OBSERVER__+0xc
C  [CoreFoundation+0x10244]  _CFXNotificationPost+0xc44
C  [Foundation+0x2c31]  -[NSNotificationCenter postNotificationName:object:userInfo:]+0x42
C  [AppKit+0x36305e]  -[NSApplication _reactToScreenInvalidationImmediately:]+0x17b
C  [AppKit+0x362e9d]  __44-[NSApplication _reactToScreenInvalidation:]_block_invoke+0x4b
C  [CoreFoundation+0x8056c]  __CFRUNLOOP_IS_CALLING_OUT_TO_A_BLOCK__+0xc
C  [CoreFoundation+0x72675]  __CFRunLoopDoBlocks+0x155
C  [CoreFoundation+0x721b6]  __CFRunLoopRun+0x716
C  [CoreFoundation+0x71858]  CFRunLoopRunSpecific+0x128
C  [java+0x6490]  CreateExecutionEnvironment+0x367
C  [java+0x221c]  JLI_Launch+0x7a0
C  [java+0x84ed]  main+0x65
C  [java+0x1a74]  start+0x34


---------------  P R O C E S S  ---------------

VM state:not at safepoint (normal execution)

VM Mutex/Monitor currently owned by a thread: None

Heap:
 PSYoungGen      total 21504K, used 12890K [0x00000007aab00000, 0x00000007acb00000, 0x00000007c0000000)
  eden space 14848K, 42% used [0x00000007aab00000,0x00000007ab11a0c8,0x00000007ab980000)
  from space 6656K, 99% used [0x00000007ac180000,0x00000007ac7fcaa0,0x00000007ac800000)
  to   space 8192K, 0% used [0x00000007ab980000,0x00000007ab980000,0x00000007ac180000)
 ParOldGen       total 27136K, used 6666K [0x0000000780000000, 0x0000000781a80000, 0x00000007aab00000)
  object space 27136K, 24% used [0x0000000780000000,0x0000000780682a28,0x0000000781a80000)
 Metaspace       used 27519K, capacity 28814K, committed 29056K, reserved 1075200K
  class space    used 3978K, capacity 4222K, committed 4224K, reserved 1048576K

Card table byte_map: [0x000000011d261000,0x000000011d462000] byte_map_base: 0x0000000119661000

Marking Bits: (ParMarkBitMap*) 0x000000010d6c27a0
 Begin Bits: [0x000000011d7be000, 0x000000011e7be000)
 End Bits:   [0x000000011e7be000, 0x000000011f7be000)

Polling page: 0x000000010c9e7000

CodeCache: size=245760Kb used=9663Kb max_used=9733Kb free=236096Kb
 bounds [0x000000010dea1000, 0x000000010e831000, 0x000000011cea1000]
 total_blobs=3787 nmethods=3103 adapters=598
 compilation: enabled

Compilation events (10 events):
Event: 61.900 Thread 0x00007fd51304f000 3263   !   3       com.sun.scenario.animation.shared.AnimationAccessor::getDefault (66 bytes)
Event: 61.901 Thread 0x00007fd51304f000 nmethod 3263 0x000000010dfde410 code [0x000000010dfde5c0, 0x000000010dfdeb68]
Event: 62.160 Thread 0x00007fd51304f000 3264       1       javafx.scene.input.KeyCode::impl_getCode (5 bytes)
Event: 62.161 Thread 0x00007fd51304f000 nmethod 3264 0x000000010dfde150 code [0x000000010dfde2a0, 0x000000010dfde3b0]
Event: 62.374 Thread 0x00007fd51304f000 3265       3       com.sun.javafx.tk.quantum.QuantumRenderer::checkRendererIdle (186 bytes)
Event: 62.374 Thread 0x00007fd51304f000 nmethod 3265 0x000000010e827110 code [0x000000010e827280, 0x000000010e8273f0]
Event: 62.374 Thread 0x00007fd51304f000 3267       3       com.sun.javafx.event.CompositeEventHandler$NormalEventHandlerRecord::handleBubblingEvent (11 bytes)
Event: 62.374 Thread 0x00007fd51304f000 nmethod 3267 0x000000010e826bd0 code [0x000000010e826d40, 0x000000010e826f68]
Event: 62.374 Thread 0x00007fd51304f000 3266       3       javafx.scene.Camera::getViewHeight (5 bytes)
Event: 62.374 Thread 0x00007fd51304f000 nmethod 3266 0x000000010e16e250 code [0x000000010e16e3a0, 0x000000010e16e4f0]

GC Heap History (10 events):
Event: 26.289 GC heap before
{Heap before GC invocations=3 (full 0):
 PSYoungGen      total 18944K, used 18912K [0x00000007aab00000, 0x00000007ac000000, 0x00000007c0000000)
  eden space 16384K, 100% used [0x00000007aab00000,0x00000007abb00000,0x00000007abb00000)
  from space 2560K, 98% used [0x00000007abd80000,0x00000007abff8060,0x00000007ac000000)
  to   space 2560K, 0% used [0x00000007abb00000,0x00000007abb00000,0x00000007abd80000)
 ParOldGen       total 44032K, used 2416K [0x0000000780000000, 0x0000000782b00000, 0x00000007aab00000)
  object space 44032K, 5% used [0x0000000780000000,0x000000078025c178,0x0000000782b00000)
 Metaspace       used 16399K, capacity 16752K, committed 16896K, reserved 1064960K
  class space    used 2115K, capacity 2228K, committed 2304K, reserved 1048576K
Event: 26.304 GC heap after
Heap after GC invocations=3 (full 0):
 PSYoungGen      total 18944K, used 2528K [0x00000007aab00000, 0x00000007ac000000, 0x00000007c0000000)
  eden space 16384K, 0% used [0x00000007aab00000,0x00000007aab00000,0x00000007abb00000)
  from space 2560K, 98% used [0x00000007abb00000,0x00000007abd78020,0x00000007abd80000)
  to   space 2560K, 0% used [0x00000007abd80000,0x00000007abd80000,0x00000007ac000000)
 ParOldGen       total 44032K, used 5307K [0x0000000780000000, 0x0000000782b00000, 0x00000007aab00000)
  object space 44032K, 12% used [0x0000000780000000,0x000000078052ed88,0x0000000782b00000)
 Metaspace       used 16399K, capacity 16752K, committed 16896K, reserved 1064960K
  class space    used 2115K, capacity 2228K, committed 2304K, reserved 1048576K
}
Event: 29.818 GC heap before
{Heap before GC invocations=4 (full 0):
 PSYoungGen      total 18944K, used 17185K [0x00000007aab00000, 0x00000007ac000000, 0x00000007c0000000)
  eden space 16384K, 89% used [0x00000007aab00000,0x00000007ab950760,0x00000007abb00000)
  from space 2560K, 98% used [0x00000007abb00000,0x00000007abd78020,0x00000007abd80000)
  to   space 2560K, 0% used [0x00000007abd80000,0x00000007abd80000,0x00000007ac000000)
 ParOldGen       total 44032K, used 5307K [0x0000000780000000, 0x0000000782b00000, 0x00000007aab00000)
  object space 44032K, 12% used [0x0000000780000000,0x000000078052ed88,0x0000000782b00000)
 Metaspace       used 20574K, capacity 21116K, committed 21296K, reserved 1067008K
  class space    used 2813K, capacity 2933K, committed 2944K, reserved 1048576K
Event: 29.847 GC heap after
Heap after GC invocations=4 (full 0):
 PSYoungGen      total 18944K, used 2528K [0x00000007aab00000, 0x00000007ac000000, 0x00000007c0000000)
  eden space 16384K, 0% used [0x00000007aab00000,0x00000007aab00000,0x00000007abb00000)
  from space 2560K, 98% used [0x00000007abd80000,0x00000007abff8040,0x00000007ac000000)
  to   space 2560K, 0% used [0x00000007abb00000,0x00000007abb00000,0x00000007abd80000)
 ParOldGen       total 44032K, used 7871K [0x0000000780000000, 0x0000000782b00000, 0x00000007aab00000)
  object space 44032K, 17% used [0x0000000780000000,0x00000007807afc28,0x0000000782b00000)
 Metaspace       used 20574K, capacity 21116K, committed 21296K, reserved 1067008K
  class space    used 2813K, capacity 2933K, committed 2944K, reserved 1048576K
}
Event: 29.847 GC heap before
{Heap before GC invocations=5 (full 1):
 PSYoungGen      total 18944K, used 2528K [0x00000007aab00000, 0x00000007ac000000, 0x00000007c0000000)
  eden space 16384K, 0% used [0x00000007aab00000,0x00000007aab00000,0x00000007abb00000)
  from space 2560K, 98% used [0x00000007abd80000,0x00000007abff8040,0x00000007ac000000)
  to   space 2560K, 0% used [0x00000007abb00000,0x00000007abb00000,0x00000007abd80000)
 ParOldGen       total 44032K, used 7871K [0x0000000780000000, 0x0000000782b00000, 0x00000007aab00000)
  object space 44032K, 17% used [0x0000000780000000,0x00000007807afc28,0x0000000782b00000)
 Metaspace       used 20574K, capacity 21116K, committed 21296K, reserved 1067008K
  class space    used 2813K, capacity 2933K, committed 2944K, reserved 1048576K
Event: 29.930 GC heap after
Heap after GC invocations=5 (full 1):
 PSYoungGen      total 18944K, used 0K [0x00000007aab00000, 0x00000007ac000000, 0x00000007c0000000)
  eden space 16384K, 0% used [0x00000007aab00000,0x00000007aab00000,0x00000007abb00000)
  from space 2560K, 0% used [0x00000007abd80000,0x00000007abd80000,0x00000007ac000000)
  to   space 2560K, 0% used [0x00000007abb00000,0x00000007abb00000,0x00000007abd80000)
 ParOldGen       total 27136K, used 6352K [0x0000000780000000, 0x0000000781a80000, 0x00000007aab00000)
  object space 27136K, 23% used [0x0000000780000000,0x0000000780634098,0x0000000781a80000)
 Metaspace       used 20574K, capacity 21116K, committed 21296K, reserved 1067008K
  class space    used 2813K, capacity 2933K, committed 2944K, reserved 1048576K
}
Event: 35.216 GC heap before
{Heap before GC invocations=6 (full 1):
 PSYoungGen      total 18944K, used 16384K [0x00000007aab00000, 0x00000007ac000000, 0x00000007c0000000)
  eden space 16384K, 100% used [0x00000007aab00000,0x00000007abb00000,0x00000007abb00000)
  from space 2560K, 0% used [0x00000007abd80000,0x00000007abd80000,0x00000007ac000000)
  to   space 2560K, 0% used [0x00000007abb00000,0x00000007abb00000,0x00000007abd80000)
 ParOldGen       total 27136K, used 6352K [0x0000000780000000, 0x0000000781a80000, 0x00000007aab00000)
  object space 27136K, 23% used [0x0000000780000000,0x0000000780634098,0x0000000781a80000)
 Metaspace       used 24978K, capacity 26054K, committed 26240K, reserved 1071104K
  class space    used 3674K, capacity 3886K, committed 3968K, reserved 1048576K
Event: 35.225 GC heap after
Heap after GC invocations=6 (full 1):
 PSYoungGen      total 18944K, used 2529K [0x00000007aab00000, 0x00000007ac800000, 0x00000007c0000000)
  eden space 16384K, 0% used [0x00000007aab00000,0x00000007aab00000,0x00000007abb00000)
  from space 2560K, 98% used [0x00000007abb00000,0x00000007abd787b8,0x00000007abd80000)
  to   space 6656K, 0% used [0x00000007ac180000,0x00000007ac180000,0x00000007ac800000)
 ParOldGen       total 27136K, used 6410K [0x0000000780000000, 0x0000000781a80000, 0x00000007aab00000)
  object space 27136K, 23% used [0x0000000780000000,0x0000000780642a28,0x0000000781a80000)
 Metaspace       used 24978K, capacity 26054K, committed 26240K, reserved 1071104K
  class space    used 3674K, capacity 3886K, committed 3968K, reserved 1048576K
}
Event: 55.407 GC heap before
{Heap before GC invocations=7 (full 1):
 PSYoungGen      total 18944K, used 18913K [0x00000007aab00000, 0x00000007ac800000, 0x00000007c0000000)
  eden space 16384K, 100% used [0x00000007aab00000,0x00000007abb00000,0x00000007abb00000)
  from space 2560K, 98% used [0x00000007abb00000,0x00000007abd787b8,0x00000007abd80000)
  to   space 6656K, 0% used [0x00000007ac180000,0x00000007ac180000,0x00000007ac800000)
 ParOldGen       total 27136K, used 6410K [0x0000000780000000, 0x0000000781a80000, 0x00000007aab00000)
  object space 27136K, 23% used [0x0000000780000000,0x0000000780642a28,0x0000000781a80000)
 Metaspace       used 26837K, capacity 28034K, committed 28288K, reserved 1073152K
  class space    used 3920K, capacity 4152K, committed 4224K, reserved 1048576K
Event: 55.440 GC heap after
Heap after GC invocations=7 (full 1):
 PSYoungGen      total 21504K, used 6642K [0x00000007aab00000, 0x00000007acb00000, 0x00000007c0000000)
  eden space 14848K, 0% used [0x00000007aab00000,0x00000007aab00000,0x00000007ab980000)
  from space 6656K, 99% used [0x00000007ac180000,0x00000007ac7fcaa0,0x00000007ac800000)
  to   space 8192K, 0% used [0x00000007ab980000,0x00000007ab980000,0x00000007ac180000)
 ParOldGen       total 27136K, used 6666K [0x0000000780000000, 0x0000000781a80000, 0x00000007aab00000)
  object space 27136K, 24% used [0x0000000780000000,0x0000000780682a28,0x0000000781a80000)
 Metaspace       used 26837K, capacity 28034K, committed 28288K, reserved 1073152K
  class space    used 3920K, capacity 4152K, committed 4224K, reserved 1048576K
}

Deoptimization events (10 events):
Event: 39.236 Thread 0x00007fd513227000 Uncommon trap: reason=class_check action=maybe_recompile pc=0x000000010e500b98 method=java.util.WeakHashMap.eq(Ljava/lang/Object;Ljava/lang/Object;)Z @ 7
Event: 56.909 Thread 0x00007fd513a19000 Uncommon trap: reason=unstable_if action=reinterpret pc=0x000000010e5846ac method=com.sun.javafx.css.StyleManager$CacheContainer.getStyleMap(I)Lcom/sun/javafx/css/StyleMap; @ 22
Event: 56.909 Thread 0x00007fd513a19000 Uncommon trap: reason=unstable_if action=reinterpret pc=0x000000010dfc53ec method=com.sun.javafx.css.StyleManager$CacheContainer.getStyleMap(I)Lcom/sun/javafx/css/StyleMap; @ 22
Event: 56.910 Thread 0x00007fd513a19000 Uncommon trap: reason=unstable_if action=reinterpret pc=0x000000010e516af8 method=com.sun.javafx.css.StyleManager$CacheContainer.getStyleMap(I)Lcom/sun/javafx/css/StyleMap; @ 22
Event: 56.922 Thread 0x00007fd513a19000 Uncommon trap: reason=null_check action=make_not_entrant pc=0x000000010e6b7ee0 method=javafx.scene.CssStyleHelper.getCachedFont(Ljavafx/css/Styleable;)Lcom/sun/javafx/css/CalculatedValue; @ 1
Event: 56.922 Thread 0x00007fd513a19000 Uncommon trap: reason=unstable_if action=reinterpret pc=0x000000010e504ea8 method=javafx.scene.CssStyleHelper.lookup(Ljavafx/css/Styleable;Ljavafx/css/CssMetaData;Lcom/sun/javafx/css/StyleMap;Ljava/util/Set;Ljavafx/css/Styleable;Lcom/sun/javafx/css/Calcul
Event: 57.129 Thread 0x00007fd513a19000 Uncommon trap: reason=unstable_if action=reinterpret pc=0x000000010e2c8c74 method=jdk.internal.org.objectweb.asm.Type.getArgumentsAndReturnSizes(Ljava/lang/String;)I @ 47
Event: 57.640 Thread 0x00007fd513a19000 Uncommon trap: reason=unstable_if action=reinterpret pc=0x000000010e5612c0 method=com.sun.javafx.css.StyleManager$CacheContainer.getStyleMap(I)Lcom/sun/javafx/css/StyleMap; @ 22
Event: 57.640 Thread 0x00007fd513a19000 Uncommon trap: reason=unstable_if action=reinterpret pc=0x000000010e44ddb4 method=javafx.scene.CssStyleHelper.getStyle(Ljavafx/css/Styleable;Ljava/lang/String;Lcom/sun/javafx/css/StyleMap;Ljava/util/Set;)Lcom/sun/javafx/css/CascadingStyle; @ 8
Event: 57.710 Thread 0x00007fd513a19000 Uncommon trap: reason=class_check action=maybe_recompile pc=0x000000010e6db2e8 method=javafx.scene.Node.updateLocalToParentTransform()V @ 11

Internal exceptions (10 events):
Event: 29.523 Thread 0x00007fd513a19000 Exception <a 'java/lang/ArrayIndexOutOfBoundsException'> (0x00000007ab6f15b0) thrown at [/Users/java_re/workspace/8-2-build-macosx-x86_64/jdk8u40/3153/hotspot/src/share/vm/runtime/sharedRuntime.cpp, line 605]
Event: 29.523 Thread 0x00007fd513a19000 Exception <a 'java/lang/ArrayIndexOutOfBoundsException'> (0x00000007ab6f2cf8) thrown at [/Users/java_re/workspace/8-2-build-macosx-x86_64/jdk8u40/3153/hotspot/src/share/vm/runtime/sharedRuntime.cpp, line 605]
Event: 29.523 Thread 0x00007fd513a19000 Exception <a 'java/lang/ArrayIndexOutOfBoundsException'> (0x00000007ab6f4060) thrown at [/Users/java_re/workspace/8-2-build-macosx-x86_64/jdk8u40/3153/hotspot/src/share/vm/runtime/sharedRuntime.cpp, line 605]
Event: 29.551 Thread 0x00007fd513a19000 Exception <a 'java/lang/ArrayIndexOutOfBoundsException'> (0x00000007ab70db90) thrown at [/Users/java_re/workspace/8-2-build-macosx-x86_64/jdk8u40/3153/hotspot/src/share/vm/runtime/sharedRuntime.cpp, line 605]
Event: 29.607 Thread 0x00007fd513a19000 Exception <a 'java/lang/ArrayIndexOutOfBoundsException'> (0x00000007ab7c8960) thrown at [/Users/java_re/workspace/8-2-build-macosx-x86_64/jdk8u40/3153/hotspot/src/share/vm/runtime/sharedRuntime.cpp, line 605]
Event: 29.626 Thread 0x00007fd513a19000 Exception <a 'java/lang/ArrayIndexOutOfBoundsException'> (0x00000007ab82a4b8) thrown at [/Users/java_re/workspace/8-2-build-macosx-x86_64/jdk8u40/3153/hotspot/src/share/vm/runtime/sharedRuntime.cpp, line 605]
Event: 29.685 Thread 0x00007fd513a19000 Exception <a 'java/net/ConnectException'> (0x00000007ab863810) thrown at [/Users/java_re/workspace/8-2-build-macosx-x86_64/jdk8u40/3153/hotspot/src/share/vm/prims/jni.cpp, line 709]
Event: 30.231 Thread 0x00007fd513a19000 Implicit null exception at 0x000000010e2db2b5 to 0x000000010e2db4ed
Event: 30.231 Thread 0x00007fd513a19000 Implicit null exception at 0x000000010e2d317b to 0x000000010e2d35e1
Event: 56.922 Thread 0x00007fd513a19000 Implicit null exception at 0x000000010e6b0c54 to 0x000000010e6b7ebd

Events (10 events):
Event: 62.425 loading class com/sun/javafx/tk/quantum/QuantumRenderer done
Event: 62.426 loading class com/sun/javafx/tk/quantum/QuantumToolkit
Event: 62.426 loading class com/sun/javafx/tk/quantum/QuantumToolkit done
Event: 62.426 Thread 0x00007fd513a19000 Thread exited: 0x00007fd513a19000
Event: 62.426 Thread 0x00007fd513227000 Thread exited: 0x00007fd513227000
Event: 62.426 Thread 0x00007fd513006000 Thread exited: 0x00007fd513006000
Event: 62.426 Thread 0x00007fd513a19000 Thread added: 0x00007fd513a19000
Event: 62.426 Executing VM operation: RevokeBias
Event: 62.427 Executing VM operation: RevokeBias done
Event: 62.427 Thread 0x00007fd513b06000 Thread exited: 0x00007fd513b06000


Dynamic libraries:
0x0000000008405000 	/System/Library/Frameworks/Cocoa.framework/Versions/A/Cocoa
0x0000000008405000 	/System/Library/Frameworks/Security.framework/Versions/A/Security
0x0000000008405000 	/System/Library/Frameworks/ApplicationServices.framework/Versions/A/ApplicationServices
0x0000000008405000 	/usr/lib/libz.1.dylib
0x0000000008405000 	/usr/lib/libSystem.B.dylib
0x0000000008405000 	/usr/lib/libobjc.A.dylib
0x0000000008405000 	/System/Library/Frameworks/CoreFoundation.framework/Versions/A/CoreFoundation
0x0000000008405000 	/System/Library/Frameworks/Foundation.framework/Versions/C/Foundation
0x0000000008405000 	/System/Library/Frameworks/AppKit.framework/Versions/C/AppKit
0x0000000008405000 	/System/Library/Frameworks/CoreData.framework/Versions/A/CoreData
0x0000000008405000 	/System/Library/PrivateFrameworks/RemoteViewServices.framework/Versions/A/RemoteViewServices
0x0000000008405000 	/System/Library/PrivateFrameworks/UIFoundation.framework/Versions/A/UIFoundation
0x0000000008405000 	/System/Library/Frameworks/IOSurface.framework/Versions/A/IOSurface
0x0000000008405000 	/System/Library/Frameworks/AudioToolbox.framework/Versions/A/AudioToolbox
0x0000000008405000 	/System/Library/Frameworks/AudioUnit.framework/Versions/A/AudioUnit
0x0000000008405000 	/System/Library/PrivateFrameworks/DataDetectorsCore.framework/Versions/A/DataDetectorsCore
0x0000000008405000 	/System/Library/PrivateFrameworks/DesktopServicesPriv.framework/Versions/A/DesktopServicesPriv
0x0000000008405000 	/System/Library/Frameworks/Carbon.framework/Versions/A/Frameworks/HIToolbox.framework/Versions/A/HIToolbox
0x0000000008405000 	/System/Library/Frameworks/QuartzCore.framework/Versions/A/QuartzCore
0x0000000008405000 	/System/Library/Frameworks/Carbon.framework/Versions/A/Frameworks/SpeechRecognition.framework/Versions/A/SpeechRecognition
0x0000000008405000 	/usr/lib/libauto.dylib
0x0000000008405000 	/usr/lib/libicucore.A.dylib
0x0000000008405000 	/usr/lib/libxml2.2.dylib
0x0000000008405000 	/System/Library/PrivateFrameworks/CoreUI.framework/Versions/A/CoreUI
0x0000000008405000 	/System/Library/Frameworks/CoreAudio.framework/Versions/A/CoreAudio
0x0000000008405000 	/System/Library/Frameworks/DiskArbitration.framework/Versions/A/DiskArbitration
0x0000000008405000 	/usr/lib/liblangid.dylib
0x0000000008405000 	/System/Library/PrivateFrameworks/MultitouchSupport.framework/Versions/A/MultitouchSupport
0x0000000008405000 	/System/Library/Frameworks/IOKit.framework/Versions/A/IOKit
0x0000000008405000 	/usr/lib/libDiagnosticMessagesClient.dylib
0x0000000008405000 	/System/Library/Frameworks/CoreServices.framework/Versions/A/CoreServices
0x0000000008405000 	/System/Library/PrivateFrameworks/PerformanceAnalysis.framework/Versions/A/PerformanceAnalysis
0x0000000008405000 	/System/Library/PrivateFrameworks/GenerationalStorage.framework/Versions/A/GenerationalStorage
0x0000000008405000 	/System/Library/Frameworks/OpenGL.framework/Versions/A/OpenGL
0x0000000008405000 	/System/Library/PrivateFrameworks/Sharing.framework/Versions/A/Sharing
0x0000000008405000 	/System/Library/Frameworks/CoreGraphics.framework/Versions/A/CoreGraphics
0x0000000008405000 	/System/Library/Frameworks/CoreText.framework/Versions/A/CoreText
0x0000000008405000 	/System/Library/Frameworks/ImageIO.framework/Versions/A/ImageIO
0x0000000008405000 	/usr/lib/libextension.dylib
0x0000000008405000 	/System/Library/PrivateFrameworks/Backup.framework/Versions/A/Backup
0x0000000008405000 	/usr/lib/libarchive.2.dylib
0x0000000008405000 	/System/Library/Frameworks/CFNetwork.framework/Versions/A/CFNetwork
0x0000000008405000 	/System/Library/Frameworks/SystemConfiguration.framework/Versions/A/SystemConfiguration
0x0000000008405000 	/usr/lib/libCRFSuite.dylib
0x0000000008405000 	/usr/lib/libc++.1.dylib
0x0000000008405000 	/usr/lib/libc++abi.dylib
0x0000000008405000 	/usr/lib/system/libcache.dylib
0x0000000008405000 	/usr/lib/system/libcommonCrypto.dylib
0x0000000008405000 	/usr/lib/system/libcompiler_rt.dylib
0x0000000008405000 	/usr/lib/system/libcopyfile.dylib
0x0000000008405000 	/usr/lib/system/libcorecrypto.dylib
0x0000000008405000 	/usr/lib/system/libdispatch.dylib
0x0000000008405000 	/usr/lib/system/libdyld.dylib
0x0000000008405000 	/usr/lib/system/libkeymgr.dylib
0x0000000008405000 	/usr/lib/system/liblaunch.dylib
0x0000000008405000 	/usr/lib/system/libmacho.dylib
0x0000000008405000 	/usr/lib/system/libquarantine.dylib
0x0000000008405000 	/usr/lib/system/libremovefile.dylib
0x0000000008405000 	/usr/lib/system/libsystem_asl.dylib
0x0000000008405000 	/usr/lib/system/libsystem_blocks.dylib
0x0000000008405000 	/usr/lib/system/libsystem_c.dylib
0x0000000008405000 	/usr/lib/system/libsystem_configuration.dylib
0x0000000008405000 	/usr/lib/system/libsystem_coreservices.dylib
0x0000000008405000 	/usr/lib/system/libsystem_coretls.dylib
0x0000000008405000 	/usr/lib/system/libsystem_dnssd.dylib
0x0000000008405000 	/usr/lib/system/libsystem_info.dylib
0x0000000008405000 	/usr/lib/system/libsystem_kernel.dylib
0x0000000008405000 	/usr/lib/system/libsystem_m.dylib
0x0000000008405000 	/usr/lib/system/libsystem_malloc.dylib
0x0000000008405000 	/usr/lib/system/libsystem_network.dylib
0x0000000008405000 	/usr/lib/system/libsystem_networkextension.dylib
0x0000000008405000 	/usr/lib/system/libsystem_notify.dylib
0x0000000008405000 	/usr/lib/system/libsystem_platform.dylib
0x0000000008405000 	/usr/lib/system/libsystem_pthread.dylib
0x0000000008405000 	/usr/lib/system/libsystem_sandbox.dylib
0x0000000008405000 	/usr/lib/system/libsystem_secinit.dylib
0x0000000008405000 	/usr/lib/system/libsystem_stats.dylib
0x0000000008405000 	/usr/lib/system/libsystem_trace.dylib
0x0000000008405000 	/usr/lib/system/libunc.dylib
0x0000000008405000 	/usr/lib/system/libunwind.dylib
0x0000000008405000 	/usr/lib/system/libxpc.dylib
0x0000000008405000 	/usr/lib/libbz2.1.0.dylib
0x0000000008405000 	/usr/lib/liblzma.5.dylib
0x0000000008405000 	/usr/lib/libbsm.0.dylib
0x0000000008405000 	/usr/lib/libsqlite3.dylib
0x0000000008405000 	/usr/lib/system/libkxld.dylib
0x0000000008405000 	/usr/lib/libxar.1.dylib
0x0000000008405000 	/usr/lib/libpam.2.dylib
0x0000000008405000 	/usr/lib/libOpenScriptingUtil.dylib
0x0000000008405000 	/System/Library/Frameworks/CoreServices.framework/Versions/A/Frameworks/FSEvents.framework/Versions/A/FSEvents
0x0000000008405000 	/System/Library/Frameworks/CoreServices.framework/Versions/A/Frameworks/CarbonCore.framework/Versions/A/CarbonCore
0x0000000008405000 	/System/Library/Frameworks/CoreServices.framework/Versions/A/Frameworks/Metadata.framework/Versions/A/Metadata
0x0000000008405000 	/System/Library/Frameworks/CoreServices.framework/Versions/A/Frameworks/OSServices.framework/Versions/A/OSServices
0x0000000008405000 	/System/Library/Frameworks/CoreServices.framework/Versions/A/Frameworks/SearchKit.framework/Versions/A/SearchKit
0x0000000008405000 	/System/Library/Frameworks/CoreServices.framework/Versions/A/Frameworks/AE.framework/Versions/A/AE
0x0000000008405000 	/System/Library/Frameworks/CoreServices.framework/Versions/A/Frameworks/LaunchServices.framework/Versions/A/LaunchServices
0x0000000008405000 	/System/Library/Frameworks/CoreServices.framework/Versions/A/Frameworks/DictionaryServices.framework/Versions/A/DictionaryServices
0x0000000008405000 	/System/Library/Frameworks/NetFS.framework/Versions/A/NetFS
0x0000000008405000 	/System/Library/PrivateFrameworks/NetAuth.framework/Versions/A/NetAuth
0x0000000008405000 	/System/Library/PrivateFrameworks/login.framework/Versions/A/Frameworks/loginsupport.framework/Versions/A/loginsupport
0x0000000008405000 	/System/Library/PrivateFrameworks/TCC.framework/Versions/A/TCC
0x0000000008405000 	/usr/lib/libmecabra.dylib
0x0000000008405000 	/System/Library/Frameworks/ApplicationServices.framework/Versions/A/Frameworks/ATS.framework/Versions/A/ATS
0x0000000008405000 	/System/Library/Frameworks/ApplicationServices.framework/Versions/A/Frameworks/ColorSync.framework/Versions/A/ColorSync
0x0000000008405000 	/System/Library/Frameworks/ApplicationServices.framework/Versions/A/Frameworks/HIServices.framework/Versions/A/HIServices
0x0000000008405000 	/System/Library/Frameworks/ApplicationServices.framework/Versions/A/Frameworks/LangAnalysis.framework/Versions/A/LangAnalysis
0x0000000008405000 	/System/Library/Frameworks/ApplicationServices.framework/Versions/A/Frameworks/PrintCore.framework/Versions/A/PrintCore
0x0000000008405000 	/System/Library/Frameworks/ApplicationServices.framework/Versions/A/Frameworks/QD.framework/Versions/A/QD
0x0000000008405000 	/System/Library/Frameworks/ApplicationServices.framework/Versions/A/Frameworks/SpeechSynthesis.framework/Versions/A/SpeechSynthesis
0x0000000008405000 	/System/Library/Frameworks/Accelerate.framework/Versions/A/Accelerate
0x0000000008405000 	/System/Library/Frameworks/Accelerate.framework/Versions/A/Frameworks/vImage.framework/Versions/A/vImage
0x0000000008405000 	/System/Library/Frameworks/Accelerate.framework/Versions/A/Frameworks/vecLib.framework/Versions/A/vecLib
0x0000000008405000 	/System/Library/Frameworks/Accelerate.framework/Versions/A/Frameworks/vecLib.framework/Versions/A/libvDSP.dylib
0x0000000008405000 	/System/Library/Frameworks/Accelerate.framework/Versions/A/Frameworks/vecLib.framework/Versions/A/libvMisc.dylib
0x0000000008405000 	/System/Library/Frameworks/Accelerate.framework/Versions/A/Frameworks/vecLib.framework/Versions/A/libLAPACK.dylib
0x0000000008405000 	/System/Library/Frameworks/Accelerate.framework/Versions/A/Frameworks/vecLib.framework/Versions/A/libBLAS.dylib
0x0000000008405000 	/System/Library/Frameworks/Accelerate.framework/Versions/A/Frameworks/vecLib.framework/Versions/A/libLinearAlgebra.dylib
0x0000000008405000 	/System/Library/Frameworks/ApplicationServices.framework/Versions/A/Frameworks/ATS.framework/Versions/A/Resources/libFontParser.dylib
0x0000000008405000 	/System/Library/Frameworks/ApplicationServices.framework/Versions/A/Frameworks/ATS.framework/Versions/A/Resources/libFontRegistry.dylib
0x0000000008405000 	/System/Library/PrivateFrameworks/AppleVPA.framework/Versions/A/AppleVPA
0x0000000008405000 	/System/Library/PrivateFrameworks/AppleJPEG.framework/Versions/A/AppleJPEG
0x0000000008405000 	/System/Library/Frameworks/ImageIO.framework/Versions/A/Resources/libJPEG.dylib
0x0000000008405000 	/System/Library/Frameworks/ImageIO.framework/Versions/A/Resources/libTIFF.dylib
0x0000000008405000 	/System/Library/Frameworks/ImageIO.framework/Versions/A/Resources/libPng.dylib
0x0000000008405000 	/System/Library/Frameworks/ImageIO.framework/Versions/A/Resources/libGIF.dylib
0x0000000008405000 	/System/Library/Frameworks/ImageIO.framework/Versions/A/Resources/libJP2.dylib
0x0000000008405000 	/System/Library/Frameworks/ImageIO.framework/Versions/A/Resources/libRadiance.dylib
0x0000000008405000 	/System/Library/Frameworks/CoreVideo.framework/Versions/A/CoreVideo
0x0000000008405000 	/System/Library/Frameworks/OpenGL.framework/Versions/A/Libraries/libGLU.dylib
0x0000000008405000 	/System/Library/Frameworks/OpenGL.framework/Versions/A/Libraries/libGFXShared.dylib
0x0000000008405000 	/System/Library/Frameworks/OpenGL.framework/Versions/A/Libraries/libGL.dylib
0x0000000008405000 	/System/Library/Frameworks/OpenGL.framework/Versions/A/Libraries/libGLImage.dylib
0x0000000008405000 	/System/Library/Frameworks/OpenGL.framework/Versions/A/Libraries/libCVMSPluginSupport.dylib
0x0000000008405000 	/System/Library/Frameworks/OpenGL.framework/Versions/A/Libraries/libCoreVMClient.dylib
0x0000000008405000 	/usr/lib/libcups.2.dylib
0x0000000008405000 	/System/Library/Frameworks/Kerberos.framework/Versions/A/Kerberos
0x0000000008405000 	/System/Library/Frameworks/GSS.framework/Versions/A/GSS
0x0000000008405000 	/usr/lib/libresolv.9.dylib
0x0000000008405000 	/usr/lib/libiconv.2.dylib
0x0000000008405000 	/System/Library/PrivateFrameworks/Heimdal.framework/Versions/A/Heimdal
0x0000000008405000 	/usr/lib/libheimdal-asn1.dylib
0x0000000008405000 	/System/Library/Frameworks/OpenDirectory.framework/Versions/A/OpenDirectory
0x0000000008405000 	/System/Library/PrivateFrameworks/CommonAuth.framework/Versions/A/CommonAuth
0x0000000008405000 	/System/Library/Frameworks/OpenDirectory.framework/Versions/A/Frameworks/CFOpenDirectory.framework/Versions/A/CFOpenDirectory
0x0000000008405000 	/System/Library/Frameworks/SecurityFoundation.framework/Versions/A/SecurityFoundation
0x0000000008405000 	/System/Library/PrivateFrameworks/LanguageModeling.framework/Versions/A/LanguageModeling
0x0000000008405000 	/usr/lib/libcmph.dylib
0x0000000008405000 	/System/Library/Frameworks/ServiceManagement.framework/Versions/A/ServiceManagement
0x0000000008405000 	/usr/lib/libxslt.1.dylib
0x0000000008405000 	/System/Library/Frameworks/Carbon.framework/Versions/A/Frameworks/Ink.framework/Versions/A/Ink
0x0000000008405000 	/System/Library/Frameworks/QuartzCore.framework/Versions/A/Frameworks/CoreImage.framework/Versions/A/CoreImage
0x0000000008405000 	/System/Library/PrivateFrameworks/CrashReporterSupport.framework/Versions/A/CrashReporterSupport
0x0000000008405000 	/System/Library/Frameworks/OpenCL.framework/Versions/A/OpenCL
0x0000000008405000 	/System/Library/PrivateFrameworks/FaceCore.framework/Versions/A/FaceCore
0x0000000008405000 	/System/Library/PrivateFrameworks/Ubiquity.framework/Versions/A/Ubiquity
0x0000000008405000 	/System/Library/PrivateFrameworks/IconServices.framework/Versions/A/IconServices
0x0000000008405000 	/System/Library/PrivateFrameworks/ChunkingLibrary.framework/Versions/A/ChunkingLibrary
0x0000000008405000 	/System/Library/PrivateFrameworks/Apple80211.framework/Versions/A/Apple80211
0x0000000008405000 	/System/Library/Frameworks/CoreWLAN.framework/Versions/A/CoreWLAN
0x0000000008405000 	/System/Library/Frameworks/IOBluetooth.framework/Versions/A/IOBluetooth
0x0000000008405000 	/System/Library/PrivateFrameworks/CoreWiFi.framework/Versions/A/CoreWiFi
0x0000000008405000 	/System/Library/Frameworks/CoreBluetooth.framework/Versions/A/CoreBluetooth
0x0000000008405000 	/System/Library/PrivateFrameworks/DebugSymbols.framework/Versions/A/DebugSymbols
0x0000000008405000 	/System/Library/PrivateFrameworks/CoreSymbolication.framework/Versions/A/CoreSymbolication
0x0000000008405000 	/System/Library/PrivateFrameworks/Symbolication.framework/Versions/A/Symbolication
0x0000000008405000 	/System/Library/PrivateFrameworks/SpeechRecognitionCore.framework/Versions/A/SpeechRecognitionCore
0x000000010ce00000 	/Library/Java/JavaVirtualMachines/jdk1.8.0_40.jdk/Contents/Home/jre/lib/server/libjvm.dylib
0x0000000008405000 	/usr/lib/libstdc++.6.dylib
0x000000010c9d9000 	/Library/Java/JavaVirtualMachines/jdk1.8.0_40.jdk/Contents/Home/jre/lib/libverify.dylib
0x000000010de6c000 	/Library/Java/JavaVirtualMachines/jdk1.8.0_40.jdk/Contents/Home/jre/lib/libjava.dylib
0x000000010c9f1000 	/Library/Java/JavaVirtualMachines/jdk1.8.0_40.jdk/Contents/Home/jre/lib/libzip.dylib
0x0000000121169000 	/System/Library/Frameworks/JavaVM.framework/Frameworks/JavaRuntimeSupport.framework/JavaRuntimeSupport
0x0000000121181000 	/System/Library/Frameworks/JavaVM.framework/Versions/A/Frameworks/JavaNativeFoundation.framework/Versions/A/JavaNativeFoundation
0x0000000121196000 	/System/Library/Frameworks/JavaVM.framework/Versions/A/JavaVM
0x0000000008405000 	/System/Library/Frameworks/Carbon.framework/Versions/A/Carbon
0x00000001211a3000 	/System/Library/PrivateFrameworks/JavaLaunching.framework/Versions/A/JavaLaunching
0x0000000008405000 	/System/Library/Frameworks/Carbon.framework/Versions/A/Frameworks/CommonPanels.framework/Versions/A/CommonPanels
0x0000000008405000 	/System/Library/Frameworks/Carbon.framework/Versions/A/Frameworks/Help.framework/Versions/A/Help
0x0000000008405000 	/System/Library/Frameworks/Carbon.framework/Versions/A/Frameworks/ImageCapture.framework/Versions/A/ImageCapture
0x0000000008405000 	/System/Library/Frameworks/Carbon.framework/Versions/A/Frameworks/OpenScripting.framework/Versions/A/OpenScripting
0x0000000008405000 	/System/Library/Frameworks/Carbon.framework/Versions/A/Frameworks/Print.framework/Versions/A/Print
0x0000000008405000 	/System/Library/Frameworks/Carbon.framework/Versions/A/Frameworks/SecurityHI.framework/Versions/A/SecurityHI
0x000000012308f000 	/Library/Java/JavaVirtualMachines/jdk1.8.0_40.jdk/Contents/Home/jre/lib/libprism_es2.dylib
0x0000000008405000 	/System/Library/Frameworks/OpenGL.framework/Versions/A/Resources/GLEngine.bundle/GLEngine
0x0000000008405000 	/System/Library/Frameworks/OpenGL.framework/Versions/A/Libraries/libGLProgrammability.dylib
0x0000000000000000 	/System/Library/Extensions/GeForceTeslaGLDriver.bundle/Contents/MacOS/GeForceTeslaGLDriver
0x000000012310d000 	/System/Library/Extensions/GeForceTeslaGLDriver.bundle/Contents/MacOS/libclh.dylib
0x0000000123954000 	/System/Library/PrivateFrameworks/GPUSupport.framework/Versions/A/Libraries/libGPUSupport.dylib
0x0000000008405000 	/System/Library/Frameworks/OpenGL.framework/Versions/A/Resources/GLRendererFloat.bundle/GLRendererFloat
0x0000000008405000 	/System/Library/Frameworks/OpenCL.framework/Versions/A/Libraries/libcldcpuengine.dylib
0x0000000008405000 	/System/Library/PrivateFrameworks/DiskImages.framework/Versions/A/DiskImages
0x0000000008405000 	/System/Library/Frameworks/DiscRecording.framework/Versions/A/DiscRecording
0x0000000008405000 	/usr/lib/libcsfde.dylib
0x0000000008405000 	/usr/lib/libcurl.4.dylib
0x0000000008405000 	/System/Library/PrivateFrameworks/MediaKit.framework/Versions/A/MediaKit
0x0000000008405000 	/System/Library/PrivateFrameworks/ProtectedCloudStorage.framework/Versions/A/ProtectedCloudStorage
0x0000000008405000 	/usr/lib/libCoreStorage.dylib
0x0000000008405000 	/System/Library/PrivateFrameworks/EFILogin.framework/Versions/A/EFILogin
0x0000000008405000 	/usr/lib/libutil.dylib
0x0000000008405000 	/System/Library/PrivateFrameworks/FindMyDevice.framework/Versions/A/FindMyDevice
0x0000000008405000 	/System/Library/Frameworks/LDAP.framework/Versions/A/LDAP
0x0000000008405000 	/usr/lib/libsasl2.2.dylib
0x0000000008405000 	/System/Library/PrivateFrameworks/CoreDaemon.framework/Versions/B/CoreDaemon
0x0000000008405000 	/usr/lib/libcrypto.0.9.8.dylib
0x0000000008405000 	/System/Library/PrivateFrameworks/AppleSRP.framework/Versions/A/AppleSRP
0x0000000008405000 	/System/Library/PrivateFrameworks/TrustEvaluationAgent.framework/Versions/A/TrustEvaluationAgent
0x0000000123a21000 	/Library/Java/JavaVirtualMachines/jdk1.8.0_40.jdk/Contents/Home/jre/lib/libglass.dylib
0x0000000008405000 	/System/Library/PrivateFrameworks/CoreServicesInternal.framework/Versions/A/CoreServicesInternal
0x0000000008405000 	/System/Library/PrivateFrameworks/CloudDocs.framework/Versions/A/CloudDocs
0x0000000008405000 	/System/Library/PrivateFrameworks/CoreDuet.framework/Versions/A/CoreDuet
0x0000000008405000 	/System/Library/Frameworks/CloudKit.framework/Versions/A/CloudKit
0x0000000008405000 	/System/Library/PrivateFrameworks/ProtocolBuffer.framework/Versions/A/ProtocolBuffer
0x0000000008405000 	/System/Library/PrivateFrameworks/CoreDuetDaemonProtocol.framework/Versions/A/CoreDuetDaemonProtocol
0x0000000008405000 	/System/Library/PrivateFrameworks/CoreDuetDebugLogging.framework/Versions/A/CoreDuetDebugLogging
0x0000000008405000 	/System/Library/Frameworks/CoreLocation.framework/Versions/A/CoreLocation
0x0000000008405000 	/System/Library/Frameworks/Accounts.framework/Versions/A/Accounts
0x0000000008405000 	/System/Library/PrivateFrameworks/ApplePushService.framework/Versions/A/ApplePushService
0x0000000008405000 	/System/Library/PrivateFrameworks/GeoServices.framework/Versions/A/GeoServices
0x0000000008405000 	/System/Library/PrivateFrameworks/OAuth.framework/Versions/A/OAuth
0x0000000008405000 	/System/Library/Frameworks/CoreGraphics.framework/Versions/A/Resources/libCGCMS.A.dylib
0x0000000008405000 	/System/Library/CoreServices/RawCamera.bundle/Contents/MacOS/RawCamera
0x0000000008405000 	/System/Library/Frameworks/CoreGraphics.framework/Versions/A/Resources/libRIP.A.dylib
0x0000000008405000 	/System/Library/PrivateFrameworks/FamilyControls.framework/Versions/A/FamilyControls
0x0000000008405000 	/System/Library/PrivateFrameworks/CommerceKit.framework/Versions/A/Frameworks/CommerceCore.framework/Versions/A/CommerceCore
0x0000000008405000 	/System/Library/PrivateFrameworks/SystemAdministration.framework/Versions/A/SystemAdministration
0x0000000008405000 	/System/Library/PrivateFrameworks/AppContainer.framework/Versions/A/AppContainer
0x0000000008405000 	/System/Library/PrivateFrameworks/SecCodeWrapper.framework/Versions/A/SecCodeWrapper
0x0000000008405000 	/System/Library/Frameworks/DirectoryService.framework/Versions/A/DirectoryService
0x0000000008405000 	/System/Library/PrivateFrameworks/LoginUIKit.framework/Versions/A/Frameworks/LoginUICore.framework/Versions/A/LoginUICore
0x0000000008405000 	/usr/lib/libodfde.dylib
0x00000001274e7000 	/Library/Java/JavaVirtualMachines/jdk1.8.0_40.jdk/Contents/Home/jre/lib/libnet.dylib
0x00000001254a9000 	/Library/Java/JavaVirtualMachines/jdk1.8.0_40.jdk/Contents/Home/jre/lib/libnio.dylib
0x00000001212b9000 	/Library/Java/JavaVirtualMachines/jdk1.8.0_40.jdk/Contents/Home/jre/lib/libsunec.dylib
0x00000001212e1000 	/Library/Java/JavaVirtualMachines/jdk1.8.0_40.jdk/Contents/Home/jre/lib/libjavafx_font.dylib
0x0000000008405000 	/System/Library/Frameworks/CoreGraphics.framework/Versions/A/Resources/libCGXType.A.dylib
0x00000001256da000 	cl_kernels
0x000000012b0d1000 	/System/Library/Frameworks/OpenCL.framework/Versions/A/Libraries/ImageFormats/unorm8_bgra.dylib
0x00000001256de000 	cl_kernels
0x00000001272ae000 	/Library/Java/JavaVirtualMachines/jdk1.8.0_40.jdk/Contents/Home/jre/lib/libprism_common.dylib

VM Arguments:
jvm_args: -Dfile.encoding=UTF-8 
java_command: VIEW.View
java_class_path (initial): /Users/idinter/Desktop/workspace/SBOBETCLI/bin:/Users/idinter/Desktop/workspace/SBOBETCLI/selenium-java-2.45.0.jar:/Users/idinter/Desktop/workspace/SBOBETCLI/selenium-server-standalone-2.45.0.jar
Launcher Type: SUN_STANDARD

Environment Variables:
PATH=/usr/bin:/bin:/usr/sbin:/sbin
SHELL=/bin/bash
DISPLAY=/private/tmp/com.apple.launchd.ihkX1bxK6P/org.macosforge.xquartz:0

Signal Handlers:
SIGSEGV: [libjvm.dylib+0x58ef95], sa_mask[0]=11111111011111110111111111111111, sa_flags=SA_ONSTACK|SA_RESTART|SA_SIGINFO
SIGBUS: [libjvm.dylib+0x58ef95], sa_mask[0]=11111111011111110111111111111111, sa_flags=SA_RESTART|SA_SIGINFO
SIGFPE: [libjvm.dylib+0x46c118], sa_mask[0]=11111111011111110111111111111111, sa_flags=SA_RESTART|SA_SIGINFO
SIGPIPE: [libjvm.dylib+0x46c118], sa_mask[0]=11111111011111110111111111111111, sa_flags=SA_RESTART|SA_SIGINFO
SIGXFSZ: [libjvm.dylib+0x46c118], sa_mask[0]=11111111011111110111111111111111, sa_flags=SA_RESTART|SA_SIGINFO
SIGILL: [libjvm.dylib+0x46c118], sa_mask[0]=11111111011111110111111111111111, sa_flags=SA_RESTART|SA_SIGINFO
SIGUSR1: SIG_DFL, sa_mask[0]=00000000000000000000000000000000, sa_flags=none
SIGUSR2: [libjvm.dylib+0x46bc36], sa_mask[0]=00100000000000000000000000000000, sa_flags=SA_RESTART|SA_SIGINFO
SIGHUP: [libjvm.dylib+0x46a209], sa_mask[0]=11111111011111110111111111111111, sa_flags=SA_RESTART|SA_SIGINFO
SIGINT: [libjvm.dylib+0x46a209], sa_mask[0]=11111111011111110111111111111111, sa_flags=SA_RESTART|SA_SIGINFO
SIGTERM: [libjvm.dylib+0x46a209], sa_mask[0]=11111111011111110111111111111111, sa_flags=SA_RESTART|SA_SIGINFO
SIGQUIT: [libjvm.dylib+0x46a209], sa_mask[0]=11111111011111110111111111111111, sa_flags=SA_RESTART|SA_SIGINFO


---------------  S Y S T E M  ---------------

OS:Bsduname:Darwin 14.1.0 Darwin Kernel Version 14.1.0: Thu Feb 26 19:26:47 PST 2015; root:xnu-2782.10.73~1/RELEASE_X86_64 x86_64
rlimit: STACK 8192k, CORE 0k, NPROC 709, NOFILE 10240, AS infinity
load average:2.00 1.94 2.07

CPU:total 2 (2 cores per cpu, 1 threads per core) family 6 model 23 stepping 10, cmov, cx8, fxsr, mmx, sse, sse2, sse3, ssse3, sse4.1, tsc

Memory: 4k page, physical 4194304k(36388k free)

/proc/meminfo:


vm_info: Java HotSpot(TM) 64-Bit Server VM (25.40-b25) for bsd-amd64 JRE (1.8.0_40-b27), built on Mar 13 2015 04:46:52 by "java_re" with gcc 4.2.1 (Based on Apple Inc. build 5658) (LLVM build 2336.11.00)

time: Thu Jul 23 16:18:04 2015
elapsed time: 67 seconds (0d 0h 1m 7s)

