#
# A fatal error has been detected by the Java Runtime Environment:
#
#  SIGSEGV (0xb) at pc=0x00000001203285dd, pid=510, tid=1811
#
# JRE version: Java(TM) SE Runtime Environment (8.0_40-b27) (build 1.8.0_40-b27)
# Java VM: Java HotSpot(TM) 64-Bit Server VM (25.40-b25 mixed mode bsd-amd64 compressed oops)
# Problematic frame:
# C  [libglass.dylib+0x155dd]  GlassScreenDidChangeScreenParameters+0x9d
#
# Failed to write core dump. Core dumps have been disabled. To enable core dumping, try "ulimit -c unlimited" before starting Java again
#
# If you would like to submit a bug report, please visit:
#   http://bugreport.java.com/bugreport/crash.jsp
#

---------------  T H R E A D  ---------------

Current thread is native thread

siginfo: si_signo: 11 (SIGSEGV), si_code: 1 (SEGV_MAPERR), si_addr: 0x0000000000000000

Registers:
RAX=0x000000012035abc0, RBX=0x0000000000000000, RCX=0x9a006b571f844ed7, RDX=0x00007faf915afc40
RSP=0x00007fff56a48080, RBP=0x00007fff56a48090, RSI=0x00007faf91519290, RDI=0x0000000000000000
R8 =0x00007fff56a47f30, R9 =0x00007fff73fcf300, R10=0x0000000000000000, R11=0x0000000000000246
R12=0x00007faf91420b80, R13=0x00000000000f4268, R14=0x00007faf915afb50, R15=0x00007fff56a481d0
RIP=0x00000001203285dd, EFLAGS=0x0000000000010202, ERR=0x0000000000000004
  TRAPNO=0x000000000000000e

Top of Stack: (sp=0x00007fff56a48080)
0x00007fff56a48080:   00007fff56a48260 00007faf915afb50
0x00007fff56a48090:   00007fff56a480a0 00007fff87092cdc
0x00007fff56a480a0:   00007fff56a48400 00007fff86f84244
0x00007fff56a480b0:   00007fff56a48100 0000000000000000
0x00007fff56a480c0:   00007fff743f7cf0 00007faf91418f60
0x00007fff56a480d0:   0000000000001000 0000000000000270
0x00007fff56a480e0:   00007faf91418f60 00007faf915afb50
0x00007fff56a480f0:   0000000000000000 00007fff56a481d0
0x00007fff56a48100:   0000000000000000 00007faf915afb10
0x00007fff56a48110:   00007fff56a48250 000000000000001a
0x00007fff56a48120:   00000000000f4287 00007faf914efc50
0x00007fff56a48130:   00007faf91484ae0 00007faf91420b80
0x00007fff56a48140:   0000000000000001 00000000000f4268
0x00007fff56a48150:   00007faf91420b70 00007fff8d4f6acb
0x00007fff56a48160:   0000000000000001 0000000000000001
0x00007fff56a48170:   0000000000000030 0000000000000001
0x00007fff56a48180:   00007fff56a481a0 00007fff8d4fc231
0x00007fff56a48190:   00007fff743f5dd0 0000000000000000
0x00007fff56a481a0:   00007fff56a481c0 0000000000000003
0x00007fff56a481b0:   0000330300000800 00007faf91420ba4
0x00007fff56a481c0:   0000000000000000 00007fff86f79d1f
0x00007fff56a481d0:   00007faf915afb50 00007fff743f5dd0
0x00007fff56a481e0:   00007fff56a48260 00007fff86f8284f
0x00007fff56a481f0:   00007fff56a48250 00007faf91486d40
0x00007fff56a48200:   00000001091d3a00 0000000000000002
0x00007fff56a48210:   00000001091d0000 00007faf914ebf62
0x00007fff56a48220:   0000000000000003 00000001091d3a00
0x00007fff56a48230:   00007fff56a48320 00007fff8d4f52a2
0x00007fff56a48240:   00007faf91484670 00007fff56a48408
0x00007fff56a48250:   0000000000000017 0000000000000000
0x00007fff56a48260:   00000000000f4268 00007fff86f7a013
0x00007fff56a48270:   00007fff00000000 00007faf9148b2e0 

Instructions: (pc=0x00000001203285dd)
0x00000001203285bd:   89 df 4c 89 f1 41 ff 90 68 04 00 00 48 8d 05 f8
0x00000001203285cd:   24 03 00 48 8b 30 48 8d 05 e6 25 03 00 48 8b 10
0x00000001203285dd:   48 8b 0b 30 c0 48 89 df ff 91 68 04 00 00 48 8b
0x00000001203285ed:   03 48 89 df ff 50 78 48 85 c0 74 36 49 89 c6 48 

Register to memory mapping:

RAX=0x000000012035abc0: jScreenNotifySettingsChanged+0 in /Library/Java/JavaVirtualMachines/jdk1.8.0_40.jdk/Contents/Home/jre/lib/libglass.dylib at 0x0000000120313000
RBX=0x0000000000000000 is an unknown value
RCX=0x9a006b571f844ed7 is an unknown value
RDX=0x00007faf915afc40 is an unknown value
RSP=0x00007fff56a48080 is an unknown value
RBP=0x00007fff56a48090 is an unknown value
RSI=0x00007faf91519290 is a global jni handle
RDI=0x0000000000000000 is an unknown value
R8 =0x00007fff56a47f30 is an unknown value
R9 =0x00007fff73fcf300: _thread+0 in /usr/lib/system/libsystem_pthread.dylib at 0x00007fff84ae6000
R10=0x0000000000000000 is an unknown value
R11=0x0000000000000246 is an unknown value
R12=0x00007faf91420b80 is an unknown value
R13=0x00000000000f4268 is an unknown value
R14=0x00007faf915afb50 is an unknown value
R15=0x00007fff56a481d0 is an unknown value


Stack: [0x00007fff5624b000,0x00007fff56a4b000],  sp=0x00007fff56a48080,  free space=8180k
Native frames: (J=compiled Java code, j=interpreted, Vv=VM code, C=native code)
C  [libglass.dylib+0x155dd]  GlassScreenDidChangeScreenParameters+0x9d
C  [CoreFoundation+0x11ecdc]  __CFNOTIFICATIONCENTER_IS_CALLING_OUT_TO_AN_OBSERVER__+0xc
C  [CoreFoundation+0x10244]  _CFXNotificationPost+0xc44
C  [Foundation+0x2c31]  -[NSNotificationCenter postNotificationName:object:userInfo:]+0x42
C  [AppKit+0x36305e]  -[NSApplication _reactToScreenInvalidationImmediately:]+0x17b
C  [AppKit+0x362e9d]  __44-[NSApplication _reactToScreenInvalidation:]_block_invoke+0x4b
C  [CoreFoundation+0x8056c]  __CFRUNLOOP_IS_CALLING_OUT_TO_A_BLOCK__+0xc
C  [CoreFoundation+0x72675]  __CFRunLoopDoBlocks+0x155
C  [CoreFoundation+0x721b6]  __CFRunLoopRun+0x716
C  [CoreFoundation+0x71858]  CFRunLoopRunSpecific+0x128
C  [java+0x6490]  CreateExecutionEnvironment+0x367
C  [java+0x221c]  JLI_Launch+0x7a0
C  [java+0x84ed]  main+0x65
C  [java+0x1a74]  start+0x34


---------------  P R O C E S S  ---------------

VM state:at safepoint (normal execution)

VM Mutex/Monitor currently owned by a thread:  ([mutex/lock_event])
[0x00007faf91514050] Threads_lock - owner thread: 0x00007faf9183e800

Heap:
 PSYoungGen      total 18944K, used 11553K [0x00000007aab00000, 0x00000007ac000000, 0x00000007c0000000)
  eden space 16384K, 70% used [0x00000007aab00000,0x00000007ab6485b0,0x00000007abb00000)
  from space 2560K, 0% used [0x00000007abd80000,0x00000007abd80000,0x00000007ac000000)
  to   space 2560K, 0% used [0x00000007abb00000,0x00000007abb00000,0x00000007abd80000)
 ParOldGen       total 44032K, used 0K [0x0000000780000000, 0x0000000782b00000, 0x00000007aab00000)
  object space 44032K, 0% used [0x0000000780000000,0x0000000780000000,0x0000000782b00000)
 Metaspace       used 7256K, capacity 7508K, committed 7680K, reserved 1056768K
  class space    used 866K, capacity 965K, committed 1024K, reserved 1048576K

Card table byte_map: [0x0000000119bc0000,0x0000000119dc1000] byte_map_base: 0x0000000115fc0000

Marking Bits: (ParMarkBitMap*) 0x0000000109b767a0
 Begin Bits: [0x000000011a11d000, 0x000000011b11d000)
 End Bits:   [0x000000011b11d000, 0x000000011c11d000)

Polling page: 0x000000010a37a000

CodeCache: size=245760Kb used=2123Kb max_used=2123Kb free=243636Kb
 bounds [0x000000010a800000, 0x000000010aa70000, 0x0000000119800000]
 total_blobs=870 nmethods=485 adapters=301
 compilation: enabled

Compilation events (10 events):
Event: 0.811 Thread 0x00007faf9203b800  480       3       java.lang.invoke.MethodTypeForm::cachedLambdaForm (44 bytes)
Event: 0.812 Thread 0x00007faf9203b800 nmethod 480 0x000000010aa0f6d0 code [0x000000010aa0f860, 0x000000010aa0fcd0]
Event: 0.812 Thread 0x00007faf9203b800  483       3       jdk.internal.org.objectweb.asm.MethodWriter::<init> (268 bytes)
Event: 0.813 Thread 0x00007faf9203b800 nmethod 483 0x000000010aa0fe10 code [0x000000010aa10060, 0x000000010aa10d68]
Event: 0.813 Thread 0x00007faf9203b800  482       1       java.lang.invoke.InnerClassLambdaMetafactory::access$300 (5 bytes)
Event: 0.813 Thread 0x00007faf9203b800 nmethod 482 0x000000010aa11490 code [0x000000010aa115e0, 0x000000010aa116d0]
Event: 0.813 Thread 0x00007faf9203b800  484       3       java.lang.reflect.Modifier::isProtected (12 bytes)
Event: 0.813 Thread 0x00007faf9203b800 nmethod 484 0x000000010aa11750 code [0x000000010aa118c0, 0x000000010aa11a50]
Event: 0.815 Thread 0x00007faf9203b800  485  s    3       sun.misc.URLClassPath::getLookupCache (98 bytes)
Event: 0.815 Thread 0x00007faf9203b800 nmethod 485 0x000000010aa11ad0 code [0x000000010aa11c60, 0x000000010aa121d8]

GC Heap History (0 events):
No events

Deoptimization events (1 events):
Event: 0.785 Thread 0x00007faf92195000 Uncommon trap: reason=unstable_if action=reinterpret pc=0x000000010a9a9f80 method=java.lang.String.replace(CC)Ljava/lang/String; @ 2

Internal exceptions (10 events):
Event: 0.163 Thread 0x00007faf92005000 Exception <a 'java/security/PrivilegedActionException'> (0x00000007aac89038) thrown at [/Users/java_re/workspace/8-2-build-macosx-x86_64/jdk8u40/3153/hotspot/src/share/vm/prims/jvm.cpp, line 1382]
Event: 0.163 Thread 0x00007faf92005000 Exception <a 'java/security/PrivilegedActionException'> (0x00000007aac891f0) thrown at [/Users/java_re/workspace/8-2-build-macosx-x86_64/jdk8u40/3153/hotspot/src/share/vm/prims/jvm.cpp, line 1382]
Event: 0.234 Thread 0x00007faf92005000 Exception <a 'java/lang/NoSuchFieldError': method resolution failed> (0x00000007aad980d0) thrown at [/Users/java_re/workspace/8-2-build-macosx-x86_64/jdk8u40/3153/hotspot/src/share/vm/prims/methodHandles.cpp, line 1125]
Event: 0.237 Thread 0x00007faf92005000 Exception <a 'java/lang/NoSuchFieldError': method resolution failed> (0x00000007aada67a0) thrown at [/Users/java_re/workspace/8-2-build-macosx-x86_64/jdk8u40/3153/hotspot/src/share/vm/prims/methodHandles.cpp, line 1125]
Event: 0.264 Thread 0x00007faf92005000 Exception <a 'java/security/PrivilegedActionException'> (0x00000007aae32e18) thrown at [/Users/java_re/workspace/8-2-build-macosx-x86_64/jdk8u40/3153/hotspot/src/share/vm/prims/jvm.cpp, line 1382]
Event: 0.264 Thread 0x00007faf92005000 Exception <a 'java/security/PrivilegedActionException'> (0x00000007aae32fd0) thrown at [/Users/java_re/workspace/8-2-build-macosx-x86_64/jdk8u40/3153/hotspot/src/share/vm/prims/jvm.cpp, line 1382]
Event: 0.265 Thread 0x00007faf92005000 Exception <a 'java/security/PrivilegedActionException'> (0x00000007aae36200) thrown at [/Users/java_re/workspace/8-2-build-macosx-x86_64/jdk8u40/3153/hotspot/src/share/vm/prims/jvm.cpp, line 1382]
Event: 0.265 Thread 0x00007faf92005000 Exception <a 'java/security/PrivilegedActionException'> (0x00000007aae363b8) thrown at [/Users/java_re/workspace/8-2-build-macosx-x86_64/jdk8u40/3153/hotspot/src/share/vm/prims/jvm.cpp, line 1382]
Event: 0.265 Thread 0x00007faf92005000 Exception <a 'java/lang/NullPointerException'> (0x00000007aae37cd8) thrown at [/Users/java_re/workspace/8-2-build-macosx-x86_64/jdk8u40/3153/hotspot/src/share/vm/interpreter/linkResolver.cpp, line 1178]
Event: 0.822 Thread 0x00007faf92005000 Exception <a 'java/lang/reflect/InvocationTargetException'> (0x00000007ab3a97c0) thrown at [/Users/java_re/workspace/8-2-build-macosx-x86_64/jdk8u40/3153/hotspot/src/share/vm/runtime/reflection.cpp, line 1080]

Events (10 events):
Event: 0.864 loading class java/util/Formatter$Conversion
Event: 0.864 loading class java/util/Formatter$Conversion done
Event: 0.864 loading class java/util/Formattable
Event: 0.864 loading class java/util/Formattable done
Event: 0.870 loading class java/util/IdentityHashMap$KeyIterator
Event: 0.871 loading class java/util/IdentityHashMap$IdentityHashMapIterator
Event: 0.871 loading class java/util/IdentityHashMap$IdentityHashMapIterator done
Event: 0.871 loading class java/util/IdentityHashMap$KeyIterator done
Event: 0.871 Thread 0x00007faf9181c000 Thread exited: 0x00007faf9181c000
Event: 0.871 Executing VM operation: Exit


Dynamic libraries:
0x0000000003cfc000 	/System/Library/Frameworks/Cocoa.framework/Versions/A/Cocoa
0x0000000003cfc000 	/System/Library/Frameworks/Security.framework/Versions/A/Security
0x0000000003cfc000 	/System/Library/Frameworks/ApplicationServices.framework/Versions/A/ApplicationServices
0x0000000003cfc000 	/usr/lib/libz.1.dylib
0x0000000003cfc000 	/usr/lib/libSystem.B.dylib
0x0000000003cfc000 	/usr/lib/libobjc.A.dylib
0x0000000003cfc000 	/System/Library/Frameworks/CoreFoundation.framework/Versions/A/CoreFoundation
0x0000000003cfc000 	/System/Library/Frameworks/Foundation.framework/Versions/C/Foundation
0x0000000003cfc000 	/System/Library/Frameworks/AppKit.framework/Versions/C/AppKit
0x0000000003cfc000 	/System/Library/Frameworks/CoreData.framework/Versions/A/CoreData
0x0000000003cfc000 	/System/Library/PrivateFrameworks/RemoteViewServices.framework/Versions/A/RemoteViewServices
0x0000000003cfc000 	/System/Library/PrivateFrameworks/UIFoundation.framework/Versions/A/UIFoundation
0x0000000003cfc000 	/System/Library/Frameworks/IOSurface.framework/Versions/A/IOSurface
0x0000000003cfc000 	/System/Library/Frameworks/AudioToolbox.framework/Versions/A/AudioToolbox
0x0000000003cfc000 	/System/Library/Frameworks/AudioUnit.framework/Versions/A/AudioUnit
0x0000000003cfc000 	/System/Library/PrivateFrameworks/DataDetectorsCore.framework/Versions/A/DataDetectorsCore
0x0000000003cfc000 	/System/Library/PrivateFrameworks/DesktopServicesPriv.framework/Versions/A/DesktopServicesPriv
0x0000000003cfc000 	/System/Library/Frameworks/Carbon.framework/Versions/A/Frameworks/HIToolbox.framework/Versions/A/HIToolbox
0x0000000003cfc000 	/System/Library/Frameworks/QuartzCore.framework/Versions/A/QuartzCore
0x0000000003cfc000 	/System/Library/Frameworks/Carbon.framework/Versions/A/Frameworks/SpeechRecognition.framework/Versions/A/SpeechRecognition
0x0000000003cfc000 	/usr/lib/libauto.dylib
0x0000000003cfc000 	/usr/lib/libicucore.A.dylib
0x0000000003cfc000 	/usr/lib/libxml2.2.dylib
0x0000000003cfc000 	/System/Library/PrivateFrameworks/CoreUI.framework/Versions/A/CoreUI
0x0000000003cfc000 	/System/Library/Frameworks/CoreAudio.framework/Versions/A/CoreAudio
0x0000000003cfc000 	/System/Library/Frameworks/DiskArbitration.framework/Versions/A/DiskArbitration
0x0000000003cfc000 	/usr/lib/liblangid.dylib
0x0000000003cfc000 	/System/Library/PrivateFrameworks/MultitouchSupport.framework/Versions/A/MultitouchSupport
0x0000000003cfc000 	/System/Library/Frameworks/IOKit.framework/Versions/A/IOKit
0x0000000003cfc000 	/usr/lib/libDiagnosticMessagesClient.dylib
0x0000000003cfc000 	/System/Library/Frameworks/CoreServices.framework/Versions/A/CoreServices
0x0000000003cfc000 	/System/Library/PrivateFrameworks/PerformanceAnalysis.framework/Versions/A/PerformanceAnalysis
0x0000000003cfc000 	/System/Library/PrivateFrameworks/GenerationalStorage.framework/Versions/A/GenerationalStorage
0x0000000003cfc000 	/System/Library/Frameworks/OpenGL.framework/Versions/A/OpenGL
0x0000000003cfc000 	/System/Library/PrivateFrameworks/Sharing.framework/Versions/A/Sharing
0x0000000003cfc000 	/System/Library/Frameworks/CoreGraphics.framework/Versions/A/CoreGraphics
0x0000000003cfc000 	/System/Library/Frameworks/CoreText.framework/Versions/A/CoreText
0x0000000003cfc000 	/System/Library/Frameworks/ImageIO.framework/Versions/A/ImageIO
0x0000000003cfc000 	/usr/lib/libextension.dylib
0x0000000003cfc000 	/System/Library/PrivateFrameworks/Backup.framework/Versions/A/Backup
0x0000000003cfc000 	/usr/lib/libarchive.2.dylib
0x0000000003cfc000 	/System/Library/Frameworks/CFNetwork.framework/Versions/A/CFNetwork
0x0000000003cfc000 	/System/Library/Frameworks/SystemConfiguration.framework/Versions/A/SystemConfiguration
0x0000000003cfc000 	/usr/lib/libCRFSuite.dylib
0x0000000003cfc000 	/usr/lib/libc++.1.dylib
0x0000000003cfc000 	/usr/lib/libc++abi.dylib
0x0000000003cfc000 	/usr/lib/system/libcache.dylib
0x0000000003cfc000 	/usr/lib/system/libcommonCrypto.dylib
0x0000000003cfc000 	/usr/lib/system/libcompiler_rt.dylib
0x0000000003cfc000 	/usr/lib/system/libcopyfile.dylib
0x0000000003cfc000 	/usr/lib/system/libcorecrypto.dylib
0x0000000003cfc000 	/usr/lib/system/libdispatch.dylib
0x0000000003cfc000 	/usr/lib/system/libdyld.dylib
0x0000000003cfc000 	/usr/lib/system/libkeymgr.dylib
0x0000000003cfc000 	/usr/lib/system/liblaunch.dylib
0x0000000003cfc000 	/usr/lib/system/libmacho.dylib
0x0000000003cfc000 	/usr/lib/system/libquarantine.dylib
0x0000000003cfc000 	/usr/lib/system/libremovefile.dylib
0x0000000003cfc000 	/usr/lib/system/libsystem_asl.dylib
0x0000000003cfc000 	/usr/lib/system/libsystem_blocks.dylib
0x0000000003cfc000 	/usr/lib/system/libsystem_c.dylib
0x0000000003cfc000 	/usr/lib/system/libsystem_configuration.dylib
0x0000000003cfc000 	/usr/lib/system/libsystem_coreservices.dylib
0x0000000003cfc000 	/usr/lib/system/libsystem_coretls.dylib
0x0000000003cfc000 	/usr/lib/system/libsystem_dnssd.dylib
0x0000000003cfc000 	/usr/lib/system/libsystem_info.dylib
0x0000000003cfc000 	/usr/lib/system/libsystem_kernel.dylib
0x0000000003cfc000 	/usr/lib/system/libsystem_m.dylib
0x0000000003cfc000 	/usr/lib/system/libsystem_malloc.dylib
0x0000000003cfc000 	/usr/lib/system/libsystem_network.dylib
0x0000000003cfc000 	/usr/lib/system/libsystem_networkextension.dylib
0x0000000003cfc000 	/usr/lib/system/libsystem_notify.dylib
0x0000000003cfc000 	/usr/lib/system/libsystem_platform.dylib
0x0000000003cfc000 	/usr/lib/system/libsystem_pthread.dylib
0x0000000003cfc000 	/usr/lib/system/libsystem_sandbox.dylib
0x0000000003cfc000 	/usr/lib/system/libsystem_secinit.dylib
0x0000000003cfc000 	/usr/lib/system/libsystem_stats.dylib
0x0000000003cfc000 	/usr/lib/system/libsystem_trace.dylib
0x0000000003cfc000 	/usr/lib/system/libunc.dylib
0x0000000003cfc000 	/usr/lib/system/libunwind.dylib
0x0000000003cfc000 	/usr/lib/system/libxpc.dylib
0x0000000003cfc000 	/usr/lib/libbz2.1.0.dylib
0x0000000003cfc000 	/usr/lib/liblzma.5.dylib
0x0000000003cfc000 	/usr/lib/libbsm.0.dylib
0x0000000003cfc000 	/usr/lib/libsqlite3.dylib
0x0000000003cfc000 	/usr/lib/system/libkxld.dylib
0x0000000003cfc000 	/usr/lib/libxar.1.dylib
0x0000000003cfc000 	/usr/lib/libpam.2.dylib
0x0000000003cfc000 	/usr/lib/libOpenScriptingUtil.dylib
0x0000000003cfc000 	/System/Library/Frameworks/CoreServices.framework/Versions/A/Frameworks/FSEvents.framework/Versions/A/FSEvents
0x0000000003cfc000 	/System/Library/Frameworks/CoreServices.framework/Versions/A/Frameworks/CarbonCore.framework/Versions/A/CarbonCore
0x0000000003cfc000 	/System/Library/Frameworks/CoreServices.framework/Versions/A/Frameworks/Metadata.framework/Versions/A/Metadata
0x0000000003cfc000 	/System/Library/Frameworks/CoreServices.framework/Versions/A/Frameworks/OSServices.framework/Versions/A/OSServices
0x0000000003cfc000 	/System/Library/Frameworks/CoreServices.framework/Versions/A/Frameworks/SearchKit.framework/Versions/A/SearchKit
0x0000000003cfc000 	/System/Library/Frameworks/CoreServices.framework/Versions/A/Frameworks/AE.framework/Versions/A/AE
0x0000000003cfc000 	/System/Library/Frameworks/CoreServices.framework/Versions/A/Frameworks/LaunchServices.framework/Versions/A/LaunchServices
0x0000000003cfc000 	/System/Library/Frameworks/CoreServices.framework/Versions/A/Frameworks/DictionaryServices.framework/Versions/A/DictionaryServices
0x0000000003cfc000 	/System/Library/Frameworks/NetFS.framework/Versions/A/NetFS
0x0000000003cfc000 	/System/Library/PrivateFrameworks/NetAuth.framework/Versions/A/NetAuth
0x0000000003cfc000 	/System/Library/PrivateFrameworks/login.framework/Versions/A/Frameworks/loginsupport.framework/Versions/A/loginsupport
0x0000000003cfc000 	/System/Library/PrivateFrameworks/TCC.framework/Versions/A/TCC
0x0000000003cfc000 	/usr/lib/libmecabra.dylib
0x0000000003cfc000 	/System/Library/Frameworks/ApplicationServices.framework/Versions/A/Frameworks/ATS.framework/Versions/A/ATS
0x0000000003cfc000 	/System/Library/Frameworks/ApplicationServices.framework/Versions/A/Frameworks/ColorSync.framework/Versions/A/ColorSync
0x0000000003cfc000 	/System/Library/Frameworks/ApplicationServices.framework/Versions/A/Frameworks/HIServices.framework/Versions/A/HIServices
0x0000000003cfc000 	/System/Library/Frameworks/ApplicationServices.framework/Versions/A/Frameworks/LangAnalysis.framework/Versions/A/LangAnalysis
0x0000000003cfc000 	/System/Library/Frameworks/ApplicationServices.framework/Versions/A/Frameworks/PrintCore.framework/Versions/A/PrintCore
0x0000000003cfc000 	/System/Library/Frameworks/ApplicationServices.framework/Versions/A/Frameworks/QD.framework/Versions/A/QD
0x0000000003cfc000 	/System/Library/Frameworks/ApplicationServices.framework/Versions/A/Frameworks/SpeechSynthesis.framework/Versions/A/SpeechSynthesis
0x0000000003cfc000 	/System/Library/Frameworks/Accelerate.framework/Versions/A/Accelerate
0x0000000003cfc000 	/System/Library/Frameworks/Accelerate.framework/Versions/A/Frameworks/vImage.framework/Versions/A/vImage
0x0000000003cfc000 	/System/Library/Frameworks/Accelerate.framework/Versions/A/Frameworks/vecLib.framework/Versions/A/vecLib
0x0000000003cfc000 	/System/Library/Frameworks/Accelerate.framework/Versions/A/Frameworks/vecLib.framework/Versions/A/libvDSP.dylib
0x0000000003cfc000 	/System/Library/Frameworks/Accelerate.framework/Versions/A/Frameworks/vecLib.framework/Versions/A/libvMisc.dylib
0x0000000003cfc000 	/System/Library/Frameworks/Accelerate.framework/Versions/A/Frameworks/vecLib.framework/Versions/A/libLAPACK.dylib
0x0000000003cfc000 	/System/Library/Frameworks/Accelerate.framework/Versions/A/Frameworks/vecLib.framework/Versions/A/libBLAS.dylib
0x0000000003cfc000 	/System/Library/Frameworks/Accelerate.framework/Versions/A/Frameworks/vecLib.framework/Versions/A/libLinearAlgebra.dylib
0x0000000003cfc000 	/System/Library/Frameworks/ApplicationServices.framework/Versions/A/Frameworks/ATS.framework/Versions/A/Resources/libFontParser.dylib
0x0000000003cfc000 	/System/Library/Frameworks/ApplicationServices.framework/Versions/A/Frameworks/ATS.framework/Versions/A/Resources/libFontRegistry.dylib
0x0000000003cfc000 	/System/Library/PrivateFrameworks/AppleVPA.framework/Versions/A/AppleVPA
0x0000000003cfc000 	/System/Library/PrivateFrameworks/AppleJPEG.framework/Versions/A/AppleJPEG
0x0000000003cfc000 	/System/Library/Frameworks/ImageIO.framework/Versions/A/Resources/libJPEG.dylib
0x0000000003cfc000 	/System/Library/Frameworks/ImageIO.framework/Versions/A/Resources/libTIFF.dylib
0x0000000003cfc000 	/System/Library/Frameworks/ImageIO.framework/Versions/A/Resources/libPng.dylib
0x0000000003cfc000 	/System/Library/Frameworks/ImageIO.framework/Versions/A/Resources/libGIF.dylib
0x0000000003cfc000 	/System/Library/Frameworks/ImageIO.framework/Versions/A/Resources/libJP2.dylib
0x0000000003cfc000 	/System/Library/Frameworks/ImageIO.framework/Versions/A/Resources/libRadiance.dylib
0x0000000003cfc000 	/System/Library/Frameworks/CoreVideo.framework/Versions/A/CoreVideo
0x0000000003cfc000 	/System/Library/Frameworks/OpenGL.framework/Versions/A/Libraries/libGLU.dylib
0x0000000003cfc000 	/System/Library/Frameworks/OpenGL.framework/Versions/A/Libraries/libGFXShared.dylib
0x0000000003cfc000 	/System/Library/Frameworks/OpenGL.framework/Versions/A/Libraries/libGL.dylib
0x0000000003cfc000 	/System/Library/Frameworks/OpenGL.framework/Versions/A/Libraries/libGLImage.dylib
0x0000000003cfc000 	/System/Library/Frameworks/OpenGL.framework/Versions/A/Libraries/libCVMSPluginSupport.dylib
0x0000000003cfc000 	/System/Library/Frameworks/OpenGL.framework/Versions/A/Libraries/libCoreVMClient.dylib
0x0000000003cfc000 	/usr/lib/libcups.2.dylib
0x0000000003cfc000 	/System/Library/Frameworks/Kerberos.framework/Versions/A/Kerberos
0x0000000003cfc000 	/System/Library/Frameworks/GSS.framework/Versions/A/GSS
0x0000000003cfc000 	/usr/lib/libresolv.9.dylib
0x0000000003cfc000 	/usr/lib/libiconv.2.dylib
0x0000000003cfc000 	/System/Library/PrivateFrameworks/Heimdal.framework/Versions/A/Heimdal
0x0000000003cfc000 	/usr/lib/libheimdal-asn1.dylib
0x0000000003cfc000 	/System/Library/Frameworks/OpenDirectory.framework/Versions/A/OpenDirectory
0x0000000003cfc000 	/System/Library/PrivateFrameworks/CommonAuth.framework/Versions/A/CommonAuth
0x0000000003cfc000 	/System/Library/Frameworks/OpenDirectory.framework/Versions/A/Frameworks/CFOpenDirectory.framework/Versions/A/CFOpenDirectory
0x0000000003cfc000 	/System/Library/Frameworks/SecurityFoundation.framework/Versions/A/SecurityFoundation
0x0000000003cfc000 	/System/Library/PrivateFrameworks/LanguageModeling.framework/Versions/A/LanguageModeling
0x0000000003cfc000 	/usr/lib/libcmph.dylib
0x0000000003cfc000 	/System/Library/Frameworks/ServiceManagement.framework/Versions/A/ServiceManagement
0x0000000003cfc000 	/usr/lib/libxslt.1.dylib
0x0000000003cfc000 	/System/Library/Frameworks/Carbon.framework/Versions/A/Frameworks/Ink.framework/Versions/A/Ink
0x0000000003cfc000 	/System/Library/Frameworks/QuartzCore.framework/Versions/A/Frameworks/CoreImage.framework/Versions/A/CoreImage
0x0000000003cfc000 	/System/Library/PrivateFrameworks/CrashReporterSupport.framework/Versions/A/CrashReporterSupport
0x0000000003cfc000 	/System/Library/Frameworks/OpenCL.framework/Versions/A/OpenCL
0x0000000003cfc000 	/System/Library/PrivateFrameworks/FaceCore.framework/Versions/A/FaceCore
0x0000000003cfc000 	/System/Library/PrivateFrameworks/Ubiquity.framework/Versions/A/Ubiquity
0x0000000003cfc000 	/System/Library/PrivateFrameworks/IconServices.framework/Versions/A/IconServices
0x0000000003cfc000 	/System/Library/PrivateFrameworks/ChunkingLibrary.framework/Versions/A/ChunkingLibrary
0x0000000003cfc000 	/System/Library/PrivateFrameworks/Apple80211.framework/Versions/A/Apple80211
0x0000000003cfc000 	/System/Library/Frameworks/CoreWLAN.framework/Versions/A/CoreWLAN
0x0000000003cfc000 	/System/Library/Frameworks/IOBluetooth.framework/Versions/A/IOBluetooth
0x0000000003cfc000 	/System/Library/PrivateFrameworks/CoreWiFi.framework/Versions/A/CoreWiFi
0x0000000003cfc000 	/System/Library/Frameworks/CoreBluetooth.framework/Versions/A/CoreBluetooth
0x0000000003cfc000 	/System/Library/PrivateFrameworks/DebugSymbols.framework/Versions/A/DebugSymbols
0x0000000003cfc000 	/System/Library/PrivateFrameworks/CoreSymbolication.framework/Versions/A/CoreSymbolication
0x0000000003cfc000 	/System/Library/PrivateFrameworks/Symbolication.framework/Versions/A/Symbolication
0x0000000003cfc000 	/System/Library/PrivateFrameworks/SpeechRecognitionCore.framework/Versions/A/SpeechRecognitionCore
0x00000001092b4000 	/Library/Java/JavaVirtualMachines/jdk1.8.0_40.jdk/Contents/Home/jre/lib/server/libjvm.dylib
0x0000000003cfc000 	/usr/lib/libstdc++.6.dylib
0x000000010a337000 	/Library/Java/JavaVirtualMachines/jdk1.8.0_40.jdk/Contents/Home/jre/lib/libverify.dylib
0x000000010a345000 	/Library/Java/JavaVirtualMachines/jdk1.8.0_40.jdk/Contents/Home/jre/lib/libjava.dylib
0x000000010a384000 	/Library/Java/JavaVirtualMachines/jdk1.8.0_40.jdk/Contents/Home/jre/lib/libzip.dylib
0x000000011da6c000 	/System/Library/Frameworks/JavaVM.framework/Frameworks/JavaRuntimeSupport.framework/JavaRuntimeSupport
0x000000010a3ea000 	/System/Library/Frameworks/JavaVM.framework/Versions/A/Frameworks/JavaNativeFoundation.framework/Versions/A/JavaNativeFoundation
0x000000011da84000 	/System/Library/Frameworks/JavaVM.framework/Versions/A/JavaVM
0x0000000003cfc000 	/System/Library/Frameworks/Carbon.framework/Versions/A/Carbon
0x000000011da91000 	/System/Library/PrivateFrameworks/JavaLaunching.framework/Versions/A/JavaLaunching
0x0000000003cfc000 	/System/Library/Frameworks/Carbon.framework/Versions/A/Frameworks/CommonPanels.framework/Versions/A/CommonPanels
0x0000000003cfc000 	/System/Library/Frameworks/Carbon.framework/Versions/A/Frameworks/Help.framework/Versions/A/Help
0x0000000003cfc000 	/System/Library/Frameworks/Carbon.framework/Versions/A/Frameworks/ImageCapture.framework/Versions/A/ImageCapture
0x0000000003cfc000 	/System/Library/Frameworks/Carbon.framework/Versions/A/Frameworks/OpenScripting.framework/Versions/A/OpenScripting
0x0000000003cfc000 	/System/Library/Frameworks/Carbon.framework/Versions/A/Frameworks/Print.framework/Versions/A/Print
0x0000000003cfc000 	/System/Library/Frameworks/Carbon.framework/Versions/A/Frameworks/SecurityHI.framework/Versions/A/SecurityHI
0x000000011f8fe000 	/Library/Java/JavaVirtualMachines/jdk1.8.0_40.jdk/Contents/Home/jre/lib/libprism_es2.dylib
0x0000000003cfc000 	/System/Library/Frameworks/OpenGL.framework/Versions/A/Resources/GLEngine.bundle/GLEngine
0x0000000003cfc000 	/System/Library/Frameworks/OpenGL.framework/Versions/A/Libraries/libGLProgrammability.dylib
0x0000000000000000 	/System/Library/Extensions/GeForceTeslaGLDriver.bundle/Contents/MacOS/GeForceTeslaGLDriver
0x000000011f97c000 	/System/Library/Extensions/GeForceTeslaGLDriver.bundle/Contents/MacOS/libclh.dylib
0x00000001201c3000 	/System/Library/PrivateFrameworks/GPUSupport.framework/Versions/A/Libraries/libGPUSupport.dylib
0x0000000003cfc000 	/System/Library/Frameworks/OpenGL.framework/Versions/A/Resources/GLRendererFloat.bundle/GLRendererFloat
0x0000000003cfc000 	/System/Library/Frameworks/OpenCL.framework/Versions/A/Libraries/libcldcpuengine.dylib
0x0000000003cfc000 	/System/Library/PrivateFrameworks/DiskImages.framework/Versions/A/DiskImages
0x0000000003cfc000 	/System/Library/Frameworks/DiscRecording.framework/Versions/A/DiscRecording
0x0000000003cfc000 	/usr/lib/libcsfde.dylib
0x0000000003cfc000 	/usr/lib/libcurl.4.dylib
0x0000000003cfc000 	/System/Library/PrivateFrameworks/MediaKit.framework/Versions/A/MediaKit
0x0000000003cfc000 	/System/Library/PrivateFrameworks/ProtectedCloudStorage.framework/Versions/A/ProtectedCloudStorage
0x0000000003cfc000 	/usr/lib/libCoreStorage.dylib
0x0000000003cfc000 	/System/Library/PrivateFrameworks/EFILogin.framework/Versions/A/EFILogin
0x0000000003cfc000 	/usr/lib/libutil.dylib
0x0000000003cfc000 	/System/Library/PrivateFrameworks/FindMyDevice.framework/Versions/A/FindMyDevice
0x0000000003cfc000 	/System/Library/Frameworks/LDAP.framework/Versions/A/LDAP
0x0000000003cfc000 	/usr/lib/libsasl2.2.dylib
0x0000000003cfc000 	/System/Library/PrivateFrameworks/CoreDaemon.framework/Versions/B/CoreDaemon
0x0000000003cfc000 	/usr/lib/libcrypto.0.9.8.dylib
0x0000000003cfc000 	/System/Library/PrivateFrameworks/AppleSRP.framework/Versions/A/AppleSRP
0x0000000003cfc000 	/System/Library/PrivateFrameworks/TrustEvaluationAgent.framework/Versions/A/TrustEvaluationAgent
0x0000000120313000 	/Library/Java/JavaVirtualMachines/jdk1.8.0_40.jdk/Contents/Home/jre/lib/libglass.dylib
0x0000000003cfc000 	/System/Library/PrivateFrameworks/CoreServicesInternal.framework/Versions/A/CoreServicesInternal
0x0000000003cfc000 	/System/Library/PrivateFrameworks/CloudDocs.framework/Versions/A/CloudDocs
0x0000000003cfc000 	/System/Library/PrivateFrameworks/CoreDuet.framework/Versions/A/CoreDuet
0x0000000003cfc000 	/System/Library/Frameworks/CloudKit.framework/Versions/A/CloudKit
0x0000000003cfc000 	/System/Library/PrivateFrameworks/ProtocolBuffer.framework/Versions/A/ProtocolBuffer
0x0000000003cfc000 	/System/Library/PrivateFrameworks/CoreDuetDaemonProtocol.framework/Versions/A/CoreDuetDaemonProtocol
0x0000000003cfc000 	/System/Library/PrivateFrameworks/CoreDuetDebugLogging.framework/Versions/A/CoreDuetDebugLogging
0x0000000003cfc000 	/System/Library/Frameworks/CoreLocation.framework/Versions/A/CoreLocation
0x0000000003cfc000 	/System/Library/Frameworks/Accounts.framework/Versions/A/Accounts
0x0000000003cfc000 	/System/Library/PrivateFrameworks/ApplePushService.framework/Versions/A/ApplePushService
0x0000000003cfc000 	/System/Library/PrivateFrameworks/GeoServices.framework/Versions/A/GeoServices
0x0000000003cfc000 	/System/Library/PrivateFrameworks/OAuth.framework/Versions/A/OAuth
0x0000000003cfc000 	/System/Library/Frameworks/CoreGraphics.framework/Versions/A/Resources/libCGCMS.A.dylib
0x0000000003cfc000 	/System/Library/CoreServices/RawCamera.bundle/Contents/MacOS/RawCamera
0x0000000003cfc000 	/System/Library/Frameworks/CoreGraphics.framework/Versions/A/Resources/libRIP.A.dylib
0x0000000003cfc000 	/System/Library/PrivateFrameworks/FamilyControls.framework/Versions/A/FamilyControls
0x0000000003cfc000 	/System/Library/PrivateFrameworks/CommerceKit.framework/Versions/A/Frameworks/CommerceCore.framework/Versions/A/CommerceCore
0x0000000003cfc000 	/System/Library/PrivateFrameworks/SystemAdministration.framework/Versions/A/SystemAdministration
0x0000000003cfc000 	/System/Library/PrivateFrameworks/AppContainer.framework/Versions/A/AppContainer
0x0000000003cfc000 	/System/Library/PrivateFrameworks/SecCodeWrapper.framework/Versions/A/SecCodeWrapper
0x0000000003cfc000 	/System/Library/Frameworks/DirectoryService.framework/Versions/A/DirectoryService
0x0000000003cfc000 	/System/Library/PrivateFrameworks/LoginUIKit.framework/Versions/A/Frameworks/LoginUICore.framework/Versions/A/LoginUICore
0x0000000003cfc000 	/usr/lib/libodfde.dylib

VM Arguments:
jvm_args: -Dfile.encoding=UTF-8 
java_command: VIEW.View_History
java_class_path (initial): /Users/idinter/Desktop/workspace/SBOBETCLI/bin:/Users/idinter/Desktop/workspace/SBOBETCLI/selenium-java-2.45.0.jar:/Users/idinter/Desktop/workspace/SBOBETCLI/selenium-server-standalone-2.45.0.jar
Launcher Type: SUN_STANDARD

Environment Variables:
PATH=/usr/bin:/bin:/usr/sbin:/sbin
SHELL=/bin/bash
DISPLAY=/private/tmp/com.apple.launchd.nr4Hvd5jlz/org.macosforge.xquartz:0

Signal Handlers:
SIGSEGV: [libjvm.dylib+0x58ef95], sa_mask[0]=11111111011111110111111111111111, sa_flags=SA_ONSTACK|SA_RESTART|SA_SIGINFO
SIGBUS: [libjvm.dylib+0x58ef95], sa_mask[0]=11111111011111110111111111111111, sa_flags=SA_RESTART|SA_SIGINFO
SIGFPE: [libjvm.dylib+0x46c118], sa_mask[0]=11111111011111110111111111111111, sa_flags=SA_RESTART|SA_SIGINFO
SIGPIPE: [libjvm.dylib+0x46c118], sa_mask[0]=11111111011111110111111111111111, sa_flags=SA_RESTART|SA_SIGINFO
SIGXFSZ: [libjvm.dylib+0x46c118], sa_mask[0]=11111111011111110111111111111111, sa_flags=SA_RESTART|SA_SIGINFO
SIGILL: [libjvm.dylib+0x46c118], sa_mask[0]=11111111011111110111111111111111, sa_flags=SA_RESTART|SA_SIGINFO
SIGUSR1: SIG_DFL, sa_mask[0]=00000000000000000000000000000000, sa_flags=none
SIGUSR2: [libjvm.dylib+0x46bc36], sa_mask[0]=00100000000000000000000000000000, sa_flags=SA_RESTART|SA_SIGINFO
SIGHUP: [libjvm.dylib+0x46a209], sa_mask[0]=11111111011111110111111111111111, sa_flags=SA_RESTART|SA_SIGINFO
SIGINT: [libjvm.dylib+0x46a209], sa_mask[0]=11111111011111110111111111111111, sa_flags=SA_RESTART|SA_SIGINFO
SIGTERM: [libjvm.dylib+0x46a209], sa_mask[0]=11111111011111110111111111111111, sa_flags=SA_RESTART|SA_SIGINFO
SIGQUIT: [libjvm.dylib+0x46a209], sa_mask[0]=11111111011111110111111111111111, sa_flags=SA_RESTART|SA_SIGINFO


---------------  S Y S T E M  ---------------

OS:Bsduname:Darwin 14.1.0 Darwin Kernel Version 14.1.0: Thu Feb 26 19:26:47 PST 2015; root:xnu-2782.10.73~1/RELEASE_X86_64 x86_64
rlimit: STACK 8192k, CORE 0k, NPROC 709, NOFILE 10240, AS infinity
load average:1.88 2.01 2.11

CPU:total 2 (2 cores per cpu, 1 threads per core) family 6 model 23 stepping 10, cmov, cx8, fxsr, mmx, sse, sse2, sse3, ssse3, sse4.1, tsc

Memory: 4k page, physical 4194304k(251412k free)

/proc/meminfo:


vm_info: Java HotSpot(TM) 64-Bit Server VM (25.40-b25) for bsd-amd64 JRE (1.8.0_40-b27), built on Mar 13 2015 04:46:52 by "java_re" with gcc 4.2.1 (Based on Apple Inc. build 5658) (LLVM build 2336.11.00)

time: Mon Jul 27 23:15:00 2015
elapsed time: 0 seconds (0d 0h 0m 0s)

