#
# A fatal error has been detected by the Java Runtime Environment:
#
#  SIGSEGV (0xb) at pc=0x0000000104af5ae6, pid=519, tid=1811
#
# JRE version: Java(TM) SE Runtime Environment (8.0_40-b27) (build 1.8.0_40-b27)
# Java VM: Java HotSpot(TM) 64-Bit Server VM (25.40-b25 mixed mode bsd-amd64 compressed oops)
# Problematic frame:
# V  [libjvm.dylib+0x164ae6]  ThreadStateTransition::trans_from_native(JavaThreadState)+0xa
#
# Failed to write core dump. Core dumps have been disabled. To enable core dumping, try "ulimit -c unlimited" before starting Java again
#
# If you would like to submit a bug report, please visit:
#   http://bugreport.java.com/bugreport/crash.jsp
#

---------------  T H R E A D  ---------------

Current thread is native thread

siginfo: si_signo: 11 (SIGSEGV), si_code: 1 (SEGV_MAPERR), si_addr: 0x0000000000000270

Registers:
RAX=0x0000000000000000, RBX=0x0000000000000000, RCX=0x0000000104c97475, RDX=0x00007f9e4aa251f8
RSP=0x00007fff5b36a0e0, RBP=0x00007fff5b36a0f0, RSI=0x0000000000000006, RDI=0x00007fff5b36a130
R8 =0x0000000000000155, R9 =0x0000000000000000, R10=0x00007f9e4be30150, R11=0x000000011915ab58
R12=0x00007f9e4aa251f8, R13=0x00007f9e4bf027a0, R14=0x00007f9e4aa251f8, R15=0x0000000000000000
RIP=0x0000000104af5ae6, EFLAGS=0x0000000000010246, ERR=0x0000000000000006
  TRAPNO=0x000000000000000e

Top of Stack: (sp=0x00007fff5b36a0e0)
0x00007fff5b36a0e0:   00007f9e49c98aa0 00007f9e4aa251f8
0x00007fff5b36a0f0:   00007fff5b36a150 0000000104c974a5
0x00007fff5b36a100:   00007fff776ca070 0000000000000000
0x00007fff5b36a110:   00007f9e4aba9200 00007f9e4bdda040
0x00007fff5b36a120:   00007fff5b36a150 000000011d6be769
0x00007fff5b36a130:   0000000000000000 00007f9e4bbef240
0x00007fff5b36a140:   00007f9e4aba9200 00007f9e4bdda040
0x00007fff5b36a150:   00007fff5b36a1b0 0000000125127a4f
0x00007fff5b36a160:   00007fff776ca070 0000000000000000
0x00007fff5b36a170:   409a958edab52067 0000000000000004
0x00007fff5b36a180:   00007fff5b36a1b0 00007fff87fd80c0
0x00007fff5b36a190:   0000000000000000 00007f9e4bf027a0
0x00007fff5b36a1a0:   00007f9e4bdda040 0000000000000004
0x00007fff5b36a1b0:   00007fff5b36a220 00007fff87c1c367
0x00007fff5b36a1c0:   00007fff5b36a200 000000011d480b20
0x00007fff5b36a1d0:   0000000000000000 00007f9e4aba9200
0x00007fff5b36a1e0:   00007f9e4bdda040 0000000000000000
0x00007fff5b36a1f0:   409a958edab52067 00007f9e4bdda040
0x00007fff5b36a200:   00007fff87fd80c0 0000000000000018
0x00007fff5b36a210:   0000000000000004 0000000000000000
0x00007fff5b36a220:   00007fff5b36a2a0 00007fff87c1bf31
0x00007fff5b36a230:   00007fff5b36a270 3ff0000000000000
0x00007fff5b36a240:   4075500000000000 4062200000000000
0x00007fff5b36a250:   0000000000000000 0000000000000000
0x00007fff5b36a260:   4075500000000000 4062200000000000
0x00007fff5b36a270:   00007f9e4aa25000 00007fff5b36a380
0x00007fff5b36a280:   000000011d486868 00007fff921c0f05
0x00007fff5b36a290:   0000000000000001 000000011d4867c0
0x00007fff5b36a2a0:   00007fff5b36b380 00007fff87bcf381
0x00007fff5b36a2b0:   00007fff5b36b380 00007fff87bcf243
0x00007fff5b36a2c0:   00007fff5b36b380 00007fff87bcecda
0x00007fff5b36a2d0:   000000011d486868 000000011d486868 

Instructions: (pc=0x0000000104af5ae6)
0x0000000104af5ac6:   0e 48 8b 0b 49 8b 56 18 48 63 c0 48 89 0c c2 5b
0x0000000104af5ad6:   41 5e 5d c3 90 90 55 48 89 e5 41 56 53 48 8b 1f
0x0000000104af5ae6:   c7 83 70 02 00 00 05 00 00 00 48 8d 05 41 d2 75
0x0000000104af5af6:   00 8b 00 83 f8 01 41 89 f6 75 0c 48 8d 0d 8e 39 

Register to memory mapping:

RAX=0x0000000000000000 is an unknown value
RBX=0x0000000000000000 is an unknown value
RCX=0x0000000104c97475: jni_NewLocalRef+0 in /Library/Java/JavaVirtualMachines/jdk1.8.0_40.jdk/Contents/Home/jre/lib/server/libjvm.dylib at 0x0000000104991000
RDX=0x00007f9e4aa251f8 is an unknown value
RSP=0x00007fff5b36a0e0 is an unknown value
RBP=0x00007fff5b36a0f0 is an unknown value
RSI=0x0000000000000006 is an unknown value
RDI=0x00007fff5b36a130 is an unknown value
R8 =0x0000000000000155 is an unknown value
R9 =0x0000000000000000 is an unknown value
R10=0x00007f9e4be30150 is an unknown value
R11=0x000000011915ab58: OBJC_CLASS_$_JNFJObjectWrapper+0 in /System/Library/Frameworks/JavaVM.framework/Versions/A/Frameworks/JavaNativeFoundation.framework/Versions/A/JavaNativeFoundation at 0x000000011914e000
R12=0x00007f9e4aa251f8 is an unknown value
R13=0x00007f9e4bf027a0 is an unknown value
R14=0x00007f9e4aa251f8 is an unknown value
R15=0x0000000000000000 is an unknown value


Stack: [0x00007fff5ab6e000,0x00007fff5b36e000],  sp=0x00007fff5b36a0e0,  free space=8176k
Native frames: (J=compiled Java code, j=interpreted, Vv=VM code, C=native code)
V  [libjvm.dylib+0x164ae6]  ThreadStateTransition::trans_from_native(JavaThreadState)+0xa
V  [libjvm.dylib+0x3064a5]  jni_NewLocalRef+0x30
C  [libawt_lwawt.dylib+0x19a4f]  -[CGLLayer drawInCGLContext:pixelFormat:forLayerTime:displayTime:]+0xee
C  [QuartzCore+0x61367]  CAOpenGLLayerDraw(CAOpenGLLayer*, double, CVTimeStamp const*, unsigned int)+0x2b6
C  [QuartzCore+0x60f31]  -[CAOpenGLLayer _display]+0x183
C  [QuartzCore+0x14381]  CA::Layer::display_if_needed(CA::Transaction*)+0x25b
C  [QuartzCore+0x13abd]  CA::Layer::layout_and_display_if_needed(CA::Transaction*)+0x23
C  [QuartzCore+0x1324e]  CA::Context::commit_transaction(CA::Transaction*)+0xf2
C  [QuartzCore+0x12ea4]  CA::Transaction::commit()+0x186
C  [QuartzCore+0x23cad]  CA::Transaction::observer_callback(__CFRunLoopObserver*, unsigned long, void*)+0x47
C  [CoreFoundation+0x7fda7]  __CFRUNLOOP_IS_CALLING_OUT_TO_AN_OBSERVER_CALLBACK_FUNCTION__+0x17
C  [CoreFoundation+0x7fd00]  __CFRunLoopDoObservers+0x170
C  [CoreFoundation+0x71f3a]  __CFRunLoopRun+0x49a
C  [CoreFoundation+0x71858]  CFRunLoopRunSpecific+0x128
C  [java+0x6490]  CreateExecutionEnvironment+0x367
C  [java+0x221c]  JLI_Launch+0x7a0
C  [java+0x84ed]  main+0x65
C  [java+0x1a74]  start+0x34


---------------  P R O C E S S  ---------------

VM state:not at safepoint (normal execution)

VM Mutex/Monitor currently owned by a thread: None

Heap:
 PSYoungGen      total 37376K, used 18359K [0x00000007aab00000, 0x00000007ae280000, 0x00000007c0000000)
  eden space 23552K, 29% used [0x00000007aab00000,0x00000007ab1d5f00,0x00000007ac200000)
  from space 13824K, 82% used [0x00000007ac200000,0x00000007acd18000,0x00000007acf80000)
  to   space 14848K, 0% used [0x00000007ad400000,0x00000007ad400000,0x00000007ae280000)
 ParOldGen       total 75264K, used 21474K [0x0000000780000000, 0x0000000784980000, 0x00000007aab00000)
  object space 75264K, 28% used [0x0000000780000000,0x00000007814f8948,0x0000000784980000)
 Metaspace       used 34452K, capacity 35824K, committed 36096K, reserved 1081344K
  class space    used 4806K, capacity 5077K, committed 5120K, reserved 1048576K

Card table byte_map: [0x00000001153c0000,0x00000001155c1000] byte_map_base: 0x00000001117c0000

Marking Bits: (ParMarkBitMap*) 0x00000001052537a0
 Begin Bits: [0x00000001157c7000, 0x00000001167c7000)
 End Bits:   [0x00000001167c7000, 0x00000001177c7000)

Polling page: 0x0000000105a40000

CodeCache: size=245760Kb used=12907Kb max_used=12957Kb free=232852Kb
 bounds [0x0000000106000000, 0x0000000106cc0000, 0x0000000115000000]
 total_blobs=5123 nmethods=4279 adapters=758
 compilation: enabled

Compilation events (10 events):
Event: 106.520 Thread 0x00007f9e4a875800 4832       3       com.sun.scenario.animation.AbstractMasterTimer$MainLoop::updateAnimationRunnable (61 bytes)
Event: 106.521 Thread 0x00007f9e4a875800 nmethod 4832 0x0000000106c77f10 code [0x0000000106c780a0, 0x0000000106c78408]
Event: 106.677 Thread 0x00007f9e4a875800 4834       1       javafx.scene.input.KeyCode::impl_getCode (5 bytes)
Event: 106.677 Thread 0x00007f9e4a875800 nmethod 4834 0x0000000106c778d0 code [0x0000000106c77a20, 0x0000000106c77b30]
Event: 106.864 Thread 0x00007f9e4a875800 4835       2       javafx.scene.input.InputEvent::getEventType (5 bytes)
Event: 106.865 Thread 0x00007f9e4a875800 nmethod 4835 0x0000000106c77590 code [0x0000000106c776e0, 0x0000000106c77830]
Event: 106.865 Thread 0x00007f9e4a875800 4836       1       javafx.scene.input.KeyEvent::getCode (5 bytes)
Event: 106.865 Thread 0x00007f9e4a875800 nmethod 4836 0x0000000106c772d0 code [0x0000000106c77420, 0x0000000106c77530]
Event: 106.875 Thread 0x00007f9e4a875800 4837       1       java.awt.Window::getFocusableWindowState (5 bytes)
Event: 106.875 Thread 0x00007f9e4a875800 nmethod 4837 0x0000000106c77010 code [0x0000000106c77160, 0x0000000106c77270]

GC Heap History (10 events):
Event: 12.472 GC heap before
{Heap before GC invocations=7 (full 1):
 PSYoungGen      total 18944K, used 18816K [0x00000007aab00000, 0x00000007ace00000, 0x00000007c0000000)
  eden space 16384K, 100% used [0x00000007aab00000,0x00000007abb00000,0x00000007abb00000)
  from space 2560K, 95% used [0x00000007abb00000,0x00000007abd60010,0x00000007abd80000)
  to   space 7168K, 0% used [0x00000007ac700000,0x00000007ac700000,0x00000007ace00000)
 ParOldGen       total 38912K, used 6491K [0x0000000780000000, 0x0000000782600000, 0x00000007aab00000)
  object space 38912K, 16% used [0x0000000780000000,0x0000000780656dd0,0x0000000782600000)
 Metaspace       used 27687K, capacity 28938K, committed 29184K, reserved 1075200K
  class space    used 4052K, capacity 4312K, committed 4352K, reserved 1048576K
Event: 12.507 GC heap after
Heap after GC invocations=7 (full 1):
 PSYoungGen      total 27648K, used 6722K [0x00000007aab00000, 0x00000007acf80000, 0x00000007c0000000)
  eden space 20480K, 0% used [0x00000007aab00000,0x00000007aab00000,0x00000007abf00000)
  from space 7168K, 93% used [0x00000007ac700000,0x00000007acd90ab0,0x00000007ace00000)
  to   space 8192K, 0% used [0x00000007abf00000,0x00000007abf00000,0x00000007ac700000)
 ParOldGen       total 38912K, used 6491K [0x0000000780000000, 0x0000000782600000, 0x00000007aab00000)
  object space 38912K, 16% used [0x0000000780000000,0x0000000780656dd0,0x0000000782600000)
 Metaspace       used 27687K, capacity 28938K, committed 29184K, reserved 1075200K
  class space    used 4052K, capacity 4312K, committed 4352K, reserved 1048576K
}
Event: 22.873 GC heap before
{Heap before GC invocations=8 (full 1):
 PSYoungGen      total 27648K, used 27202K [0x00000007aab00000, 0x00000007acf80000, 0x00000007c0000000)
  eden space 20480K, 100% used [0x00000007aab00000,0x00000007abf00000,0x00000007abf00000)
  from space 7168K, 93% used [0x00000007ac700000,0x00000007acd90ab0,0x00000007ace00000)
  to   space 8192K, 0% used [0x00000007abf00000,0x00000007abf00000,0x00000007ac700000)
 ParOldGen       total 38912K, used 6491K [0x0000000780000000, 0x0000000782600000, 0x00000007aab00000)
  object space 38912K, 16% used [0x0000000780000000,0x0000000780656dd0,0x0000000782600000)
 Metaspace       used 33507K, capacity 34830K, committed 35072K, reserved 1079296K
  class space    used 4773K, capacity 5034K, committed 5120K, reserved 1048576K
Event: 22.910 GC heap after
Heap after GC invocations=8 (full 1):
 PSYoungGen      total 28672K, used 8160K [0x00000007aab00000, 0x00000007adb00000, 0x00000007c0000000)
  eden space 20480K, 0% used [0x00000007aab00000,0x00000007aab00000,0x00000007abf00000)
  from space 8192K, 99% used [0x00000007abf00000,0x00000007ac6f8040,0x00000007ac700000)
  to   space 11776K, 0% used [0x00000007acf80000,0x00000007acf80000,0x00000007adb00000)
 ParOldGen       total 38912K, used 11108K [0x0000000780000000, 0x0000000782600000, 0x00000007aab00000)
  object space 38912K, 28% used [0x0000000780000000,0x0000000780ad9120,0x0000000782600000)
 Metaspace       used 33507K, capacity 34830K, committed 35072K, reserved 1079296K
  class space    used 4773K, capacity 5034K, committed 5120K, reserved 1048576K
}
Event: 36.095 GC heap before
{Heap before GC invocations=9 (full 1):
 PSYoungGen      total 28672K, used 14249K [0x00000007aab00000, 0x00000007adb00000, 0x00000007c0000000)
  eden space 20480K, 29% used [0x00000007aab00000,0x00000007ab0f2638,0x00000007abf00000)
  from space 8192K, 99% used [0x00000007abf00000,0x00000007ac6f8040,0x00000007ac700000)
  to   space 11776K, 0% used [0x00000007acf80000,0x00000007acf80000,0x00000007adb00000)
 ParOldGen       total 38912K, used 11108K [0x0000000780000000, 0x0000000782600000, 0x00000007aab00000)
  object space 38912K, 28% used [0x0000000780000000,0x0000000780ad9120,0x0000000782600000)
 Metaspace       used 34009K, capacity 35278K, committed 35416K, reserved 1079296K
  class space    used 4789K, capacity 5034K, committed 5120K, reserved 1048576K
Event: 36.128 GC heap after
Heap after GC invocations=9 (full 1):
 PSYoungGen      total 35328K, used 11744K [0x00000007aab00000, 0x00000007ade80000, 0x00000007c0000000)
  eden space 23552K, 0% used [0x00000007aab00000,0x00000007aab00000,0x00000007ac200000)
  from space 11776K, 99% used [0x00000007acf80000,0x00000007adaf8020,0x00000007adb00000)
  to   space 13824K, 0% used [0x00000007ac200000,0x00000007ac200000,0x00000007acf80000)
 ParOldGen       total 38912K, used 11550K [0x0000000780000000, 0x0000000782600000, 0x00000007aab00000)
  object space 38912K, 29% used [0x0000000780000000,0x0000000780b47950,0x0000000782600000)
 Metaspace       used 34009K, capacity 35278K, committed 35416K, reserved 1079296K
  class space    used 4789K, capacity 5034K, committed 5120K, reserved 1048576K
}
Event: 36.128 GC heap before
{Heap before GC invocations=10 (full 2):
 PSYoungGen      total 35328K, used 11744K [0x00000007aab00000, 0x00000007ade80000, 0x00000007c0000000)
  eden space 23552K, 0% used [0x00000007aab00000,0x00000007aab00000,0x00000007ac200000)
  from space 11776K, 99% used [0x00000007acf80000,0x00000007adaf8020,0x00000007adb00000)
  to   space 13824K, 0% used [0x00000007ac200000,0x00000007ac200000,0x00000007acf80000)
 ParOldGen       total 38912K, used 11550K [0x0000000780000000, 0x0000000782600000, 0x00000007aab00000)
  object space 38912K, 29% used [0x0000000780000000,0x0000000780b47950,0x0000000782600000)
 Metaspace       used 34009K, capacity 35278K, committed 35416K, reserved 1079296K
  class space    used 4789K, capacity 5034K, committed 5120K, reserved 1048576K
Event: 36.325 GC heap after
Heap after GC invocations=10 (full 2):
 PSYoungGen      total 35328K, used 0K [0x00000007aab00000, 0x00000007ade80000, 0x00000007c0000000)
  eden space 23552K, 0% used [0x00000007aab00000,0x00000007aab00000,0x00000007ac200000)
  from space 11776K, 0% used [0x00000007acf80000,0x00000007acf80000,0x00000007adb00000)
  to   space 13824K, 0% used [0x00000007ac200000,0x00000007ac200000,0x00000007acf80000)
 ParOldGen       total 75264K, used 21466K [0x0000000780000000, 0x0000000784980000, 0x00000007aab00000)
  object space 75264K, 28% used [0x0000000780000000,0x00000007814f6948,0x0000000784980000)
 Metaspace       used 34009K, capacity 35278K, committed 35416K, reserved 1079296K
  class space    used 4789K, capacity 5034K, committed 5120K, reserved 1048576K
}
Event: 95.367 GC heap before
{Heap before GC invocations=11 (full 2):
 PSYoungGen      total 35328K, used 23552K [0x00000007aab00000, 0x00000007ade80000, 0x00000007c0000000)
  eden space 23552K, 100% used [0x00000007aab00000,0x00000007ac200000,0x00000007ac200000)
  from space 11776K, 0% used [0x00000007acf80000,0x00000007acf80000,0x00000007adb00000)
  to   space 13824K, 0% used [0x00000007ac200000,0x00000007ac200000,0x00000007acf80000)
 ParOldGen       total 75264K, used 21466K [0x0000000780000000, 0x0000000784980000, 0x00000007aab00000)
  object space 75264K, 28% used [0x0000000780000000,0x00000007814f6948,0x0000000784980000)
 Metaspace       used 34378K, capacity 35778K, committed 36096K, reserved 1081344K
  class space    used 4799K, capacity 5068K, committed 5120K, reserved 1048576K
Event: 95.377 GC heap after
Heap after GC invocations=11 (full 2):
 PSYoungGen      total 37376K, used 11360K [0x00000007aab00000, 0x00000007ae280000, 0x00000007c0000000)
  eden space 23552K, 0% used [0x00000007aab00000,0x00000007aab00000,0x00000007ac200000)
  from space 13824K, 82% used [0x00000007ac200000,0x00000007acd18000,0x00000007acf80000)
  to   space 14848K, 0% used [0x00000007ad400000,0x00000007ad400000,0x00000007ae280000)
 ParOldGen       total 75264K, used 21474K [0x0000000780000000, 0x0000000784980000, 0x00000007aab00000)
  object space 75264K, 28% used [0x0000000780000000,0x00000007814f8948,0x0000000784980000)
 Metaspace       used 34378K, capacity 35778K, committed 36096K, reserved 1081344K
  class space    used 4799K, capacity 5068K, committed 5120K, reserved 1048576K
}

Deoptimization events (10 events):
Event: 19.050 Thread 0x00007f9e4a9d6800 Uncommon trap: reason=unstable_if action=reinterpret pc=0x00000001069495a8 method=com.sun.javafx.geom.transform.AffineBase.updateState2D()V @ 95
Event: 21.505 Thread 0x00007f9e4a7e6000 Uncommon trap: reason=unstable_if action=reinterpret pc=0x00000001068fbe88 method=java.util.HashMap.removeNode(ILjava/lang/Object;Ljava/lang/Object;ZZ)Ljava/util/HashMap$Node; @ 234
Event: 41.419 Thread 0x00007f9e4a7e5000 Uncommon trap: reason=unstable_if action=reinterpret pc=0x00000001065d732c method=java.security.AccessControlContext.optimize()Ljava/security/AccessControlContext; @ 220
Event: 41.420 Thread 0x00007f9e4d09b000 Uncommon trap: reason=unstable_if action=reinterpret pc=0x00000001061990d8 method=java.util.HashMap.removeNode(ILjava/lang/Object;Ljava/lang/Object;ZZ)Ljava/util/HashMap$Node; @ 58
Event: 41.582 Thread 0x00007f9e4d059000 Uncommon trap: reason=unstable_if action=reinterpret pc=0x00000001066b619c method=sun.java2d.pipe.Region.clipScale(ID)I @ 3
Event: 103.942 Thread 0x00007f9e4aa25000 Uncommon trap: reason=unstable_if action=reinterpret pc=0x0000000106bbd1fc method=java.security.AccessControlContext.optimize()Ljava/security/AccessControlContext; @ 233
Event: 104.180 Thread 0x00007f9e4aa25000 Uncommon trap: reason=unstable_if action=reinterpret pc=0x0000000106c024fc method=java.security.AccessControlContext.optimize()Ljava/security/AccessControlContext; @ 233
Event: 105.424 Thread 0x00007f9e4aa25000 Uncommon trap: reason=unstable_if action=reinterpret pc=0x0000000106907450 method=javafx.scene.Node.impl_intersectsBounds(Lcom/sun/javafx/geom/PickRay;)D @ 902
Event: 106.874 Thread 0x00007f9e4d059000 Uncommon trap: reason=unstable_if action=reinterpret pc=0x0000000106b7ffdc method=java.security.AccessControlContext.combine([Ljava/security/ProtectionDomain;[Ljava/security/ProtectionDomain;)[Ljava/security/ProtectionDomain; @ 162
Event: 106.907 Thread 0x00007f9e4aa25000 Uncommon trap: reason=unstable_if action=reinterpret pc=0x0000000106c03890 method=java.util.concurrent.locks.AbstractQueuedSynchronizer.doReleaseShared()V @ 6

Internal exceptions (10 events):
Event: 6.200 Thread 0x00007f9e4aa25000 Exception <a 'java/lang/ArrayIndexOutOfBoundsException'> (0x00000007ab69fcb0) thrown at [/Users/java_re/workspace/8-2-build-macosx-x86_64/jdk8u40/3153/hotspot/src/share/vm/runtime/sharedRuntime.cpp, line 605]
Event: 6.247 Thread 0x00007f9e4aa25000 Exception <a 'java/lang/ArrayIndexOutOfBoundsException'> (0x00000007ab77be50) thrown at [/Users/java_re/workspace/8-2-build-macosx-x86_64/jdk8u40/3153/hotspot/src/share/vm/runtime/sharedRuntime.cpp, line 605]
Event: 6.637 Thread 0x00007f9e4aa25000 Implicit null exception at 0x00000001064349f5 to 0x0000000106434c29
Event: 21.459 Thread 0x00007f9e4a7e6000 Exception <a 'java/io/FileNotFoundException'> (0x00000007abaaa600) thrown at [/Users/java_re/workspace/8-2-build-macosx-x86_64/jdk8u40/3153/hotspot/src/share/vm/prims/jni.cpp, line 709]
Event: 21.459 Thread 0x00007f9e4a7e6000 Exception <a 'java/io/FileNotFoundException'> (0x00000007abaab0f8) thrown at [/Users/java_re/workspace/8-2-build-macosx-x86_64/jdk8u40/3153/hotspot/src/share/vm/prims/jni.cpp, line 709]
Event: 22.911 Thread 0x00007f9e4a021800 Exception <a 'java/lang/NullPointerException'> (0x00000007aab1cfb0) thrown at [/Users/java_re/workspace/8-2-build-macosx-x86_64/jdk8u40/3153/hotspot/src/share/vm/interpreter/linkResolver.cpp, line 1178]
Event: 22.911 Thread 0x00007f9e4a021800 Exception <a 'java/lang/NullPointerException'> (0x00000007aab1d160) thrown at [/Users/java_re/workspace/8-2-build-macosx-x86_64/jdk8u40/3153/hotspot/src/share/vm/interpreter/linkResolver.cpp, line 1178]
Event: 95.378 Thread 0x00007f9e4a021800 Exception <a 'java/lang/NullPointerException'> (0x00000007aab42dd8) thrown at [/Users/java_re/workspace/8-2-build-macosx-x86_64/jdk8u40/3153/hotspot/src/share/vm/interpreter/linkResolver.cpp, line 1178]
Event: 95.378 Thread 0x00007f9e4a021800 Exception <a 'java/lang/NullPointerException'> (0x00000007aab42f88) thrown at [/Users/java_re/workspace/8-2-build-macosx-x86_64/jdk8u40/3153/hotspot/src/share/vm/interpreter/linkResolver.cpp, line 1178]
Event: 95.378 Thread 0x00007f9e4a021800 Exception <a 'java/lang/NullPointerException'> (0x00000007aab43138) thrown at [/Users/java_re/workspace/8-2-build-macosx-x86_64/jdk8u40/3153/hotspot/src/share/vm/interpreter/linkResolver.cpp, line 1178]

Events (10 events):
Event: 106.908 loading class javafx/application/Application done
Event: 106.912 loading class com/sun/javafx/tk/quantum/QuantumRenderer
Event: 106.912 loading class com/sun/javafx/tk/quantum/QuantumRenderer done
Event: 106.913 loading class com/sun/javafx/tk/quantum/QuantumToolkit
Event: 106.913 loading class com/sun/javafx/tk/quantum/QuantumToolkit done
Event: 106.913 Thread 0x00007f9e4a9d6800 Thread exited: 0x00007f9e4a9d6800
Event: 106.913 Thread 0x00007f9e4ab0b800 Thread exited: 0x00007f9e4ab0b800
Event: 106.913 Thread 0x00007f9e4a80e800 Thread exited: 0x00007f9e4a80e800
Event: 106.914 Thread 0x00007f9e4a12b000 Thread added: 0x00007f9e4a12b000
Event: 106.914 Thread 0x00007f9e4aa25000 Thread exited: 0x00007f9e4aa25000


Dynamic libraries:
0x00000000075a6000 	/System/Library/Frameworks/Cocoa.framework/Versions/A/Cocoa
0x00000000075a6000 	/System/Library/Frameworks/Security.framework/Versions/A/Security
0x00000000075a6000 	/System/Library/Frameworks/ApplicationServices.framework/Versions/A/ApplicationServices
0x00000000075a6000 	/usr/lib/libz.1.dylib
0x00000000075a6000 	/usr/lib/libSystem.B.dylib
0x00000000075a6000 	/usr/lib/libobjc.A.dylib
0x00000000075a6000 	/System/Library/Frameworks/CoreFoundation.framework/Versions/A/CoreFoundation
0x00000000075a6000 	/System/Library/Frameworks/Foundation.framework/Versions/C/Foundation
0x00000000075a6000 	/System/Library/Frameworks/AppKit.framework/Versions/C/AppKit
0x00000000075a6000 	/System/Library/Frameworks/CoreData.framework/Versions/A/CoreData
0x00000000075a6000 	/System/Library/PrivateFrameworks/RemoteViewServices.framework/Versions/A/RemoteViewServices
0x00000000075a6000 	/System/Library/PrivateFrameworks/UIFoundation.framework/Versions/A/UIFoundation
0x00000000075a6000 	/System/Library/Frameworks/IOSurface.framework/Versions/A/IOSurface
0x00000000075a6000 	/System/Library/Frameworks/AudioToolbox.framework/Versions/A/AudioToolbox
0x00000000075a6000 	/System/Library/Frameworks/AudioUnit.framework/Versions/A/AudioUnit
0x00000000075a6000 	/System/Library/PrivateFrameworks/DataDetectorsCore.framework/Versions/A/DataDetectorsCore
0x00000000075a6000 	/System/Library/PrivateFrameworks/DesktopServicesPriv.framework/Versions/A/DesktopServicesPriv
0x00000000075a6000 	/System/Library/Frameworks/Carbon.framework/Versions/A/Frameworks/HIToolbox.framework/Versions/A/HIToolbox
0x00000000075a6000 	/System/Library/Frameworks/QuartzCore.framework/Versions/A/QuartzCore
0x00000000075a6000 	/System/Library/Frameworks/Carbon.framework/Versions/A/Frameworks/SpeechRecognition.framework/Versions/A/SpeechRecognition
0x00000000075a6000 	/usr/lib/libauto.dylib
0x00000000075a6000 	/usr/lib/libicucore.A.dylib
0x00000000075a6000 	/usr/lib/libxml2.2.dylib
0x00000000075a6000 	/System/Library/PrivateFrameworks/CoreUI.framework/Versions/A/CoreUI
0x00000000075a6000 	/System/Library/Frameworks/CoreAudio.framework/Versions/A/CoreAudio
0x00000000075a6000 	/System/Library/Frameworks/DiskArbitration.framework/Versions/A/DiskArbitration
0x00000000075a6000 	/usr/lib/liblangid.dylib
0x00000000075a6000 	/System/Library/PrivateFrameworks/MultitouchSupport.framework/Versions/A/MultitouchSupport
0x00000000075a6000 	/System/Library/Frameworks/IOKit.framework/Versions/A/IOKit
0x00000000075a6000 	/usr/lib/libDiagnosticMessagesClient.dylib
0x00000000075a6000 	/System/Library/Frameworks/CoreServices.framework/Versions/A/CoreServices
0x00000000075a6000 	/System/Library/PrivateFrameworks/PerformanceAnalysis.framework/Versions/A/PerformanceAnalysis
0x00000000075a6000 	/System/Library/PrivateFrameworks/GenerationalStorage.framework/Versions/A/GenerationalStorage
0x00000000075a6000 	/System/Library/Frameworks/OpenGL.framework/Versions/A/OpenGL
0x00000000075a6000 	/System/Library/PrivateFrameworks/Sharing.framework/Versions/A/Sharing
0x00000000075a6000 	/System/Library/Frameworks/CoreGraphics.framework/Versions/A/CoreGraphics
0x00000000075a6000 	/System/Library/Frameworks/CoreText.framework/Versions/A/CoreText
0x00000000075a6000 	/System/Library/Frameworks/ImageIO.framework/Versions/A/ImageIO
0x00000000075a6000 	/usr/lib/libextension.dylib
0x00000000075a6000 	/System/Library/PrivateFrameworks/Backup.framework/Versions/A/Backup
0x00000000075a6000 	/usr/lib/libarchive.2.dylib
0x00000000075a6000 	/System/Library/Frameworks/CFNetwork.framework/Versions/A/CFNetwork
0x00000000075a6000 	/System/Library/Frameworks/SystemConfiguration.framework/Versions/A/SystemConfiguration
0x00000000075a6000 	/usr/lib/libCRFSuite.dylib
0x00000000075a6000 	/usr/lib/libc++.1.dylib
0x00000000075a6000 	/usr/lib/libc++abi.dylib
0x00000000075a6000 	/usr/lib/system/libcache.dylib
0x00000000075a6000 	/usr/lib/system/libcommonCrypto.dylib
0x00000000075a6000 	/usr/lib/system/libcompiler_rt.dylib
0x00000000075a6000 	/usr/lib/system/libcopyfile.dylib
0x00000000075a6000 	/usr/lib/system/libcorecrypto.dylib
0x00000000075a6000 	/usr/lib/system/libdispatch.dylib
0x00000000075a6000 	/usr/lib/system/libdyld.dylib
0x00000000075a6000 	/usr/lib/system/libkeymgr.dylib
0x00000000075a6000 	/usr/lib/system/liblaunch.dylib
0x00000000075a6000 	/usr/lib/system/libmacho.dylib
0x00000000075a6000 	/usr/lib/system/libquarantine.dylib
0x00000000075a6000 	/usr/lib/system/libremovefile.dylib
0x00000000075a6000 	/usr/lib/system/libsystem_asl.dylib
0x00000000075a6000 	/usr/lib/system/libsystem_blocks.dylib
0x00000000075a6000 	/usr/lib/system/libsystem_c.dylib
0x00000000075a6000 	/usr/lib/system/libsystem_configuration.dylib
0x00000000075a6000 	/usr/lib/system/libsystem_coreservices.dylib
0x00000000075a6000 	/usr/lib/system/libsystem_coretls.dylib
0x00000000075a6000 	/usr/lib/system/libsystem_dnssd.dylib
0x00000000075a6000 	/usr/lib/system/libsystem_info.dylib
0x00000000075a6000 	/usr/lib/system/libsystem_kernel.dylib
0x00000000075a6000 	/usr/lib/system/libsystem_m.dylib
0x00000000075a6000 	/usr/lib/system/libsystem_malloc.dylib
0x00000000075a6000 	/usr/lib/system/libsystem_network.dylib
0x00000000075a6000 	/usr/lib/system/libsystem_networkextension.dylib
0x00000000075a6000 	/usr/lib/system/libsystem_notify.dylib
0x00000000075a6000 	/usr/lib/system/libsystem_platform.dylib
0x00000000075a6000 	/usr/lib/system/libsystem_pthread.dylib
0x00000000075a6000 	/usr/lib/system/libsystem_sandbox.dylib
0x00000000075a6000 	/usr/lib/system/libsystem_secinit.dylib
0x00000000075a6000 	/usr/lib/system/libsystem_stats.dylib
0x00000000075a6000 	/usr/lib/system/libsystem_trace.dylib
0x00000000075a6000 	/usr/lib/system/libunc.dylib
0x00000000075a6000 	/usr/lib/system/libunwind.dylib
0x00000000075a6000 	/usr/lib/system/libxpc.dylib
0x00000000075a6000 	/usr/lib/libbz2.1.0.dylib
0x00000000075a6000 	/usr/lib/liblzma.5.dylib
0x00000000075a6000 	/usr/lib/libbsm.0.dylib
0x00000000075a6000 	/usr/lib/libsqlite3.dylib
0x00000000075a6000 	/usr/lib/system/libkxld.dylib
0x00000000075a6000 	/usr/lib/libxar.1.dylib
0x00000000075a6000 	/usr/lib/libpam.2.dylib
0x00000000075a6000 	/usr/lib/libOpenScriptingUtil.dylib
0x00000000075a6000 	/System/Library/Frameworks/CoreServices.framework/Versions/A/Frameworks/FSEvents.framework/Versions/A/FSEvents
0x00000000075a6000 	/System/Library/Frameworks/CoreServices.framework/Versions/A/Frameworks/CarbonCore.framework/Versions/A/CarbonCore
0x00000000075a6000 	/System/Library/Frameworks/CoreServices.framework/Versions/A/Frameworks/Metadata.framework/Versions/A/Metadata
0x00000000075a6000 	/System/Library/Frameworks/CoreServices.framework/Versions/A/Frameworks/OSServices.framework/Versions/A/OSServices
0x00000000075a6000 	/System/Library/Frameworks/CoreServices.framework/Versions/A/Frameworks/SearchKit.framework/Versions/A/SearchKit
0x00000000075a6000 	/System/Library/Frameworks/CoreServices.framework/Versions/A/Frameworks/AE.framework/Versions/A/AE
0x00000000075a6000 	/System/Library/Frameworks/CoreServices.framework/Versions/A/Frameworks/LaunchServices.framework/Versions/A/LaunchServices
0x00000000075a6000 	/System/Library/Frameworks/CoreServices.framework/Versions/A/Frameworks/DictionaryServices.framework/Versions/A/DictionaryServices
0x00000000075a6000 	/System/Library/Frameworks/NetFS.framework/Versions/A/NetFS
0x00000000075a6000 	/System/Library/PrivateFrameworks/NetAuth.framework/Versions/A/NetAuth
0x00000000075a6000 	/System/Library/PrivateFrameworks/login.framework/Versions/A/Frameworks/loginsupport.framework/Versions/A/loginsupport
0x00000000075a6000 	/System/Library/PrivateFrameworks/TCC.framework/Versions/A/TCC
0x00000000075a6000 	/usr/lib/libmecabra.dylib
0x00000000075a6000 	/System/Library/Frameworks/ApplicationServices.framework/Versions/A/Frameworks/ATS.framework/Versions/A/ATS
0x00000000075a6000 	/System/Library/Frameworks/ApplicationServices.framework/Versions/A/Frameworks/ColorSync.framework/Versions/A/ColorSync
0x00000000075a6000 	/System/Library/Frameworks/ApplicationServices.framework/Versions/A/Frameworks/HIServices.framework/Versions/A/HIServices
0x00000000075a6000 	/System/Library/Frameworks/ApplicationServices.framework/Versions/A/Frameworks/LangAnalysis.framework/Versions/A/LangAnalysis
0x00000000075a6000 	/System/Library/Frameworks/ApplicationServices.framework/Versions/A/Frameworks/PrintCore.framework/Versions/A/PrintCore
0x00000000075a6000 	/System/Library/Frameworks/ApplicationServices.framework/Versions/A/Frameworks/QD.framework/Versions/A/QD
0x00000000075a6000 	/System/Library/Frameworks/ApplicationServices.framework/Versions/A/Frameworks/SpeechSynthesis.framework/Versions/A/SpeechSynthesis
0x00000000075a6000 	/System/Library/Frameworks/Accelerate.framework/Versions/A/Accelerate
0x00000000075a6000 	/System/Library/Frameworks/Accelerate.framework/Versions/A/Frameworks/vImage.framework/Versions/A/vImage
0x00000000075a6000 	/System/Library/Frameworks/Accelerate.framework/Versions/A/Frameworks/vecLib.framework/Versions/A/vecLib
0x00000000075a6000 	/System/Library/Frameworks/Accelerate.framework/Versions/A/Frameworks/vecLib.framework/Versions/A/libvDSP.dylib
0x00000000075a6000 	/System/Library/Frameworks/Accelerate.framework/Versions/A/Frameworks/vecLib.framework/Versions/A/libvMisc.dylib
0x00000000075a6000 	/System/Library/Frameworks/Accelerate.framework/Versions/A/Frameworks/vecLib.framework/Versions/A/libLAPACK.dylib
0x00000000075a6000 	/System/Library/Frameworks/Accelerate.framework/Versions/A/Frameworks/vecLib.framework/Versions/A/libBLAS.dylib
0x00000000075a6000 	/System/Library/Frameworks/Accelerate.framework/Versions/A/Frameworks/vecLib.framework/Versions/A/libLinearAlgebra.dylib
0x00000000075a6000 	/System/Library/Frameworks/ApplicationServices.framework/Versions/A/Frameworks/ATS.framework/Versions/A/Resources/libFontParser.dylib
0x00000000075a6000 	/System/Library/Frameworks/ApplicationServices.framework/Versions/A/Frameworks/ATS.framework/Versions/A/Resources/libFontRegistry.dylib
0x00000000075a6000 	/System/Library/PrivateFrameworks/AppleVPA.framework/Versions/A/AppleVPA
0x00000000075a6000 	/System/Library/PrivateFrameworks/AppleJPEG.framework/Versions/A/AppleJPEG
0x00000000075a6000 	/System/Library/Frameworks/ImageIO.framework/Versions/A/Resources/libJPEG.dylib
0x00000000075a6000 	/System/Library/Frameworks/ImageIO.framework/Versions/A/Resources/libTIFF.dylib
0x00000000075a6000 	/System/Library/Frameworks/ImageIO.framework/Versions/A/Resources/libPng.dylib
0x00000000075a6000 	/System/Library/Frameworks/ImageIO.framework/Versions/A/Resources/libGIF.dylib
0x00000000075a6000 	/System/Library/Frameworks/ImageIO.framework/Versions/A/Resources/libJP2.dylib
0x00000000075a6000 	/System/Library/Frameworks/ImageIO.framework/Versions/A/Resources/libRadiance.dylib
0x00000000075a6000 	/System/Library/Frameworks/CoreVideo.framework/Versions/A/CoreVideo
0x00000000075a6000 	/System/Library/Frameworks/OpenGL.framework/Versions/A/Libraries/libGLU.dylib
0x00000000075a6000 	/System/Library/Frameworks/OpenGL.framework/Versions/A/Libraries/libGFXShared.dylib
0x00000000075a6000 	/System/Library/Frameworks/OpenGL.framework/Versions/A/Libraries/libGL.dylib
0x00000000075a6000 	/System/Library/Frameworks/OpenGL.framework/Versions/A/Libraries/libGLImage.dylib
0x00000000075a6000 	/System/Library/Frameworks/OpenGL.framework/Versions/A/Libraries/libCVMSPluginSupport.dylib
0x00000000075a6000 	/System/Library/Frameworks/OpenGL.framework/Versions/A/Libraries/libCoreVMClient.dylib
0x00000000075a6000 	/usr/lib/libcups.2.dylib
0x00000000075a6000 	/System/Library/Frameworks/Kerberos.framework/Versions/A/Kerberos
0x00000000075a6000 	/System/Library/Frameworks/GSS.framework/Versions/A/GSS
0x00000000075a6000 	/usr/lib/libresolv.9.dylib
0x00000000075a6000 	/usr/lib/libiconv.2.dylib
0x00000000075a6000 	/System/Library/PrivateFrameworks/Heimdal.framework/Versions/A/Heimdal
0x00000000075a6000 	/usr/lib/libheimdal-asn1.dylib
0x00000000075a6000 	/System/Library/Frameworks/OpenDirectory.framework/Versions/A/OpenDirectory
0x00000000075a6000 	/System/Library/PrivateFrameworks/CommonAuth.framework/Versions/A/CommonAuth
0x00000000075a6000 	/System/Library/Frameworks/OpenDirectory.framework/Versions/A/Frameworks/CFOpenDirectory.framework/Versions/A/CFOpenDirectory
0x00000000075a6000 	/System/Library/Frameworks/SecurityFoundation.framework/Versions/A/SecurityFoundation
0x00000000075a6000 	/System/Library/PrivateFrameworks/LanguageModeling.framework/Versions/A/LanguageModeling
0x00000000075a6000 	/usr/lib/libcmph.dylib
0x00000000075a6000 	/System/Library/Frameworks/ServiceManagement.framework/Versions/A/ServiceManagement
0x00000000075a6000 	/usr/lib/libxslt.1.dylib
0x00000000075a6000 	/System/Library/Frameworks/Carbon.framework/Versions/A/Frameworks/Ink.framework/Versions/A/Ink
0x00000000075a6000 	/System/Library/Frameworks/QuartzCore.framework/Versions/A/Frameworks/CoreImage.framework/Versions/A/CoreImage
0x00000000075a6000 	/System/Library/PrivateFrameworks/CrashReporterSupport.framework/Versions/A/CrashReporterSupport
0x00000000075a6000 	/System/Library/Frameworks/OpenCL.framework/Versions/A/OpenCL
0x00000000075a6000 	/System/Library/PrivateFrameworks/FaceCore.framework/Versions/A/FaceCore
0x00000000075a6000 	/System/Library/PrivateFrameworks/Ubiquity.framework/Versions/A/Ubiquity
0x00000000075a6000 	/System/Library/PrivateFrameworks/IconServices.framework/Versions/A/IconServices
0x00000000075a6000 	/System/Library/PrivateFrameworks/ChunkingLibrary.framework/Versions/A/ChunkingLibrary
0x00000000075a6000 	/System/Library/PrivateFrameworks/Apple80211.framework/Versions/A/Apple80211
0x00000000075a6000 	/System/Library/Frameworks/CoreWLAN.framework/Versions/A/CoreWLAN
0x00000000075a6000 	/System/Library/Frameworks/IOBluetooth.framework/Versions/A/IOBluetooth
0x00000000075a6000 	/System/Library/PrivateFrameworks/CoreWiFi.framework/Versions/A/CoreWiFi
0x00000000075a6000 	/System/Library/Frameworks/CoreBluetooth.framework/Versions/A/CoreBluetooth
0x00000000075a6000 	/System/Library/PrivateFrameworks/DebugSymbols.framework/Versions/A/DebugSymbols
0x00000000075a6000 	/System/Library/PrivateFrameworks/CoreSymbolication.framework/Versions/A/CoreSymbolication
0x00000000075a6000 	/System/Library/PrivateFrameworks/Symbolication.framework/Versions/A/Symbolication
0x00000000075a6000 	/System/Library/PrivateFrameworks/SpeechRecognitionCore.framework/Versions/A/SpeechRecognitionCore
0x0000000104991000 	/Library/Java/JavaVirtualMachines/jdk1.8.0_40.jdk/Contents/Home/jre/lib/server/libjvm.dylib
0x00000000075a6000 	/usr/lib/libstdc++.6.dylib
0x00000001059fd000 	/Library/Java/JavaVirtualMachines/jdk1.8.0_40.jdk/Contents/Home/jre/lib/libverify.dylib
0x0000000105a0b000 	/Library/Java/JavaVirtualMachines/jdk1.8.0_40.jdk/Contents/Home/jre/lib/libjava.dylib
0x0000000105a5d000 	/Library/Java/JavaVirtualMachines/jdk1.8.0_40.jdk/Contents/Home/jre/lib/libzip.dylib
0x0000000119136000 	/System/Library/Frameworks/JavaVM.framework/Frameworks/JavaRuntimeSupport.framework/JavaRuntimeSupport
0x000000011914e000 	/System/Library/Frameworks/JavaVM.framework/Versions/A/Frameworks/JavaNativeFoundation.framework/Versions/A/JavaNativeFoundation
0x0000000119163000 	/System/Library/Frameworks/JavaVM.framework/Versions/A/JavaVM
0x00000000075a6000 	/System/Library/Frameworks/Carbon.framework/Versions/A/Carbon
0x0000000119170000 	/System/Library/PrivateFrameworks/JavaLaunching.framework/Versions/A/JavaLaunching
0x00000000075a6000 	/System/Library/Frameworks/Carbon.framework/Versions/A/Frameworks/CommonPanels.framework/Versions/A/CommonPanels
0x00000000075a6000 	/System/Library/Frameworks/Carbon.framework/Versions/A/Frameworks/Help.framework/Versions/A/Help
0x00000000075a6000 	/System/Library/Frameworks/Carbon.framework/Versions/A/Frameworks/ImageCapture.framework/Versions/A/ImageCapture
0x00000000075a6000 	/System/Library/Frameworks/Carbon.framework/Versions/A/Frameworks/OpenScripting.framework/Versions/A/OpenScripting
0x00000000075a6000 	/System/Library/Frameworks/Carbon.framework/Versions/A/Frameworks/Print.framework/Versions/A/Print
0x00000000075a6000 	/System/Library/Frameworks/Carbon.framework/Versions/A/Frameworks/SecurityHI.framework/Versions/A/SecurityHI
0x000000011afdb000 	/Library/Java/JavaVirtualMachines/jdk1.8.0_40.jdk/Contents/Home/jre/lib/libprism_es2.dylib
0x00000000075a6000 	/System/Library/Frameworks/OpenGL.framework/Versions/A/Resources/GLEngine.bundle/GLEngine
0x00000000075a6000 	/System/Library/Frameworks/OpenGL.framework/Versions/A/Libraries/libGLProgrammability.dylib
0x0000000000000000 	/System/Library/Extensions/GeForceTeslaGLDriver.bundle/Contents/MacOS/GeForceTeslaGLDriver
0x000000011b059000 	/System/Library/Extensions/GeForceTeslaGLDriver.bundle/Contents/MacOS/libclh.dylib
0x000000011b8a0000 	/System/Library/PrivateFrameworks/GPUSupport.framework/Versions/A/Libraries/libGPUSupport.dylib
0x00000000075a6000 	/System/Library/Frameworks/OpenGL.framework/Versions/A/Resources/GLRendererFloat.bundle/GLRendererFloat
0x00000000075a6000 	/System/Library/Frameworks/OpenCL.framework/Versions/A/Libraries/libcldcpuengine.dylib
0x00000000075a6000 	/System/Library/PrivateFrameworks/DiskImages.framework/Versions/A/DiskImages
0x00000000075a6000 	/System/Library/Frameworks/DiscRecording.framework/Versions/A/DiscRecording
0x00000000075a6000 	/usr/lib/libcsfde.dylib
0x00000000075a6000 	/usr/lib/libcurl.4.dylib
0x00000000075a6000 	/System/Library/PrivateFrameworks/MediaKit.framework/Versions/A/MediaKit
0x00000000075a6000 	/System/Library/PrivateFrameworks/ProtectedCloudStorage.framework/Versions/A/ProtectedCloudStorage
0x00000000075a6000 	/usr/lib/libCoreStorage.dylib
0x00000000075a6000 	/System/Library/PrivateFrameworks/EFILogin.framework/Versions/A/EFILogin
0x00000000075a6000 	/usr/lib/libutil.dylib
0x00000000075a6000 	/System/Library/PrivateFrameworks/FindMyDevice.framework/Versions/A/FindMyDevice
0x00000000075a6000 	/System/Library/Frameworks/LDAP.framework/Versions/A/LDAP
0x00000000075a6000 	/usr/lib/libsasl2.2.dylib
0x00000000075a6000 	/System/Library/PrivateFrameworks/CoreDaemon.framework/Versions/B/CoreDaemon
0x00000000075a6000 	/usr/lib/libcrypto.0.9.8.dylib
0x00000000075a6000 	/System/Library/PrivateFrameworks/AppleSRP.framework/Versions/A/AppleSRP
0x00000000075a6000 	/System/Library/PrivateFrameworks/TrustEvaluationAgent.framework/Versions/A/TrustEvaluationAgent
0x000000011b9f0000 	/Library/Java/JavaVirtualMachines/jdk1.8.0_40.jdk/Contents/Home/jre/lib/libglass.dylib
0x00000000075a6000 	/System/Library/PrivateFrameworks/CoreServicesInternal.framework/Versions/A/CoreServicesInternal
0x00000000075a6000 	/System/Library/PrivateFrameworks/CloudDocs.framework/Versions/A/CloudDocs
0x00000000075a6000 	/System/Library/PrivateFrameworks/CoreDuet.framework/Versions/A/CoreDuet
0x00000000075a6000 	/System/Library/Frameworks/CloudKit.framework/Versions/A/CloudKit
0x00000000075a6000 	/System/Library/PrivateFrameworks/ProtocolBuffer.framework/Versions/A/ProtocolBuffer
0x00000000075a6000 	/System/Library/PrivateFrameworks/CoreDuetDaemonProtocol.framework/Versions/A/CoreDuetDaemonProtocol
0x00000000075a6000 	/System/Library/PrivateFrameworks/CoreDuetDebugLogging.framework/Versions/A/CoreDuetDebugLogging
0x00000000075a6000 	/System/Library/Frameworks/CoreLocation.framework/Versions/A/CoreLocation
0x00000000075a6000 	/System/Library/Frameworks/Accounts.framework/Versions/A/Accounts
0x00000000075a6000 	/System/Library/PrivateFrameworks/ApplePushService.framework/Versions/A/ApplePushService
0x00000000075a6000 	/System/Library/PrivateFrameworks/GeoServices.framework/Versions/A/GeoServices
0x00000000075a6000 	/System/Library/PrivateFrameworks/OAuth.framework/Versions/A/OAuth
0x00000000075a6000 	/System/Library/Frameworks/CoreGraphics.framework/Versions/A/Resources/libCGCMS.A.dylib
0x00000000075a6000 	/System/Library/CoreServices/RawCamera.bundle/Contents/MacOS/RawCamera
0x00000000075a6000 	/System/Library/Frameworks/CoreGraphics.framework/Versions/A/Resources/libRIP.A.dylib
0x00000000075a6000 	/System/Library/PrivateFrameworks/FamilyControls.framework/Versions/A/FamilyControls
0x00000000075a6000 	/System/Library/PrivateFrameworks/CommerceKit.framework/Versions/A/Frameworks/CommerceCore.framework/Versions/A/CommerceCore
0x00000000075a6000 	/System/Library/PrivateFrameworks/SystemAdministration.framework/Versions/A/SystemAdministration
0x00000000075a6000 	/System/Library/PrivateFrameworks/AppContainer.framework/Versions/A/AppContainer
0x00000000075a6000 	/System/Library/PrivateFrameworks/SecCodeWrapper.framework/Versions/A/SecCodeWrapper
0x00000000075a6000 	/System/Library/Frameworks/DirectoryService.framework/Versions/A/DirectoryService
0x00000000075a6000 	/System/Library/PrivateFrameworks/LoginUIKit.framework/Versions/A/Frameworks/LoginUICore.framework/Versions/A/LoginUICore
0x00000000075a6000 	/usr/lib/libodfde.dylib
0x000000011f2a3000 	/Library/Java/JavaVirtualMachines/jdk1.8.0_40.jdk/Contents/Home/jre/lib/libnet.dylib
0x000000011f66e000 	/Library/Java/JavaVirtualMachines/jdk1.8.0_40.jdk/Contents/Home/jre/lib/libnio.dylib
0x000000011f67e000 	/Library/Java/JavaVirtualMachines/jdk1.8.0_40.jdk/Contents/Home/jre/lib/libsunec.dylib
0x000000011d46d000 	/Library/Java/JavaVirtualMachines/jdk1.8.0_40.jdk/Contents/Home/jre/lib/libjavafx_font.dylib
0x00000000075a6000 	/System/Library/Frameworks/CoreGraphics.framework/Versions/A/Resources/libCGXType.A.dylib
0x000000011d446000 	cl_kernels
0x00000001228a1000 	/System/Library/Frameworks/OpenCL.framework/Versions/A/Libraries/ImageFormats/unorm8_bgra.dylib
0x000000011d437000 	cl_kernels
0x000000012239b000 	/Library/Java/JavaVirtualMachines/jdk1.8.0_40.jdk/Contents/Home/jre/lib/libprism_common.dylib
0x0000000124964000 	/Library/Java/JavaVirtualMachines/jdk1.8.0_40.jdk/Contents/Home/jre/lib/libawt.dylib
0x000000012501f000 	/Library/Java/JavaVirtualMachines/jdk1.8.0_40.jdk/Contents/Home/jre/lib/./libmlib_image.dylib
0x000000012510e000 	/Library/Java/JavaVirtualMachines/jdk1.8.0_40.jdk/Contents/Home/jre/lib/libawt_lwawt.dylib
0x000000011d6ba000 	/Library/Java/JavaVirtualMachines/jdk1.8.0_40.jdk/Contents/Home/jre/lib/./libosxapp.dylib
0x00000000075a6000 	/System/Library/Frameworks/ExceptionHandling.framework/Versions/A/ExceptionHandling
0x000000011f4ba000 	/Library/Java/JavaVirtualMachines/jdk1.8.0_40.jdk/Contents/Home/jre/lib/libfontmanager.dylib
0x000000011b91f000 	/Library/Java/JavaVirtualMachines/jdk1.8.0_40.jdk/Contents/Home/jre/lib/libosxui.dylib
0x00000000075a6000 	/System/Library/Frameworks/Accelerate.framework/Versions/A/Frameworks/vImage.framework/Versions/A/Libraries/libCGInterfaces.dylib

VM Arguments:
jvm_args: -Dfile.encoding=UTF-8 
java_command: VIEW.View
java_class_path (initial): /Users/idinter/Desktop/workspace/SBOBETCLI/bin:/Users/idinter/Desktop/workspace/SBOBETCLI/selenium-java-2.45.0.jar:/Users/idinter/Desktop/workspace/SBOBETCLI/selenium-server-standalone-2.45.0.jar
Launcher Type: SUN_STANDARD

Environment Variables:
PATH=/usr/bin:/bin:/usr/sbin:/sbin
SHELL=/bin/bash
DISPLAY=/private/tmp/com.apple.launchd.IpRDJXs5mS/org.macosforge.xquartz:0

Signal Handlers:
SIGSEGV: [libjvm.dylib+0x58ef95], sa_mask[0]=11111111011111110111111111111111, sa_flags=SA_ONSTACK|SA_RESTART|SA_SIGINFO
SIGBUS: [libjvm.dylib+0x58ef95], sa_mask[0]=11111111011111110111111111111111, sa_flags=SA_RESTART|SA_SIGINFO
SIGFPE: [libjvm.dylib+0x46c118], sa_mask[0]=11111111011111110111111111111111, sa_flags=SA_RESTART|SA_SIGINFO
SIGPIPE: [libjvm.dylib+0x46c118], sa_mask[0]=11111111011111110111111111111111, sa_flags=SA_RESTART|SA_SIGINFO
SIGXFSZ: [libjvm.dylib+0x46c118], sa_mask[0]=11111111011111110111111111111111, sa_flags=SA_RESTART|SA_SIGINFO
SIGILL: [libjvm.dylib+0x46c118], sa_mask[0]=11111111011111110111111111111111, sa_flags=SA_RESTART|SA_SIGINFO
SIGUSR1: SIG_DFL, sa_mask[0]=00000000000000000000000000000000, sa_flags=none
SIGUSR2: [libjvm.dylib+0x46bc36], sa_mask[0]=00100000000000000000000000000000, sa_flags=SA_RESTART|SA_SIGINFO
SIGHUP: [libjvm.dylib+0x46a209], sa_mask[0]=11111111011111110111111111111111, sa_flags=SA_RESTART|SA_SIGINFO
SIGINT: [libjvm.dylib+0x46a209], sa_mask[0]=11111111011111110111111111111111, sa_flags=SA_RESTART|SA_SIGINFO
SIGTERM: [libjvm.dylib+0x46a209], sa_mask[0]=11111111011111110111111111111111, sa_flags=SA_RESTART|SA_SIGINFO
SIGQUIT: [libjvm.dylib+0x46a209], sa_mask[0]=11111111011111110111111111111111, sa_flags=SA_RESTART|SA_SIGINFO


---------------  S Y S T E M  ---------------

OS:Bsduname:Darwin 14.1.0 Darwin Kernel Version 14.1.0: Thu Feb 26 19:26:47 PST 2015; root:xnu-2782.10.73~1/RELEASE_X86_64 x86_64
rlimit: STACK 8192k, CORE 0k, NPROC 709, NOFILE 10240, AS infinity
load average:1.63 2.36 1.99

CPU:total 2 (2 cores per cpu, 1 threads per core) family 6 model 23 stepping 10, cmov, cx8, fxsr, mmx, sse, sse2, sse3, ssse3, sse4.1, tsc

Memory: 4k page, physical 4194304k(152268k free)

/proc/meminfo:


vm_info: Java HotSpot(TM) 64-Bit Server VM (25.40-b25) for bsd-amd64 JRE (1.8.0_40-b27), built on Mar 13 2015 04:46:52 by "java_re" with gcc 4.2.1 (Based on Apple Inc. build 5658) (LLVM build 2336.11.00)

time: Tue Jul 28 09:48:26 2015
elapsed time: 107 seconds (0d 0h 1m 47s)

