#
# A fatal error has been detected by the Java Runtime Environment:
#
#  SIGSEGV (0xb) at pc=0x00000001246ec5dd, pid=506, tid=1811
#
# JRE version: Java(TM) SE Runtime Environment (8.0_40-b27) (build 1.8.0_40-b27)
# Java VM: Java HotSpot(TM) 64-Bit Server VM (25.40-b25 mixed mode bsd-amd64 compressed oops)
# Problematic frame:
# C  [libglass.dylib+0x155dd]  GlassScreenDidChangeScreenParameters+0x9d
#
# Failed to write core dump. Core dumps have been disabled. To enable core dumping, try "ulimit -c unlimited" before starting Java again
#
# If you would like to submit a bug report, please visit:
#   http://bugreport.java.com/bugreport/crash.jsp
#

---------------  T H R E A D  ---------------

Current thread is native thread

siginfo: si_signo: 11 (SIGSEGV), si_code: 1 (SEGV_MAPERR), si_addr: 0x0000000000000000

Registers:
RAX=0x000000012471ebc0, RBX=0x0000000000000000, RCX=0x67001712b529ca62, RDX=0x00007ff6bace49b0
RSP=0x00007fff52684080, RBP=0x00007fff52684090, RSI=0x00007ff6bad063e0, RDI=0x0000000000000000
R8 =0x00007fff52683f30, R9 =0x00007fff749ac300, R10=0x0000000000000000, R11=0x0000000000000246
R12=0x00007ff6bad17f70, R13=0x00000000000f4268, R14=0x00007ff6bace4040, R15=0x00007fff526841d0
RIP=0x00000001246ec5dd, EFLAGS=0x0000000000010202, ERR=0x0000000000000004
  TRAPNO=0x000000000000000e

Top of Stack: (sp=0x00007fff52684080)
0x00007fff52684080:   00007fff52684260 00007ff6bace4040
0x00007fff52684090:   00007fff526840a0 00007fff8bce8cdc
0x00007fff526840a0:   00007fff52684400 00007fff8bbda244
0x00007fff526840b0:   00007fff52684100 0000000000000000
0x00007fff526840c0:   00007fff74ec1cf0 00007ff6bad6e1a0
0x00007fff526840d0:   0000000000001000 0000000000000900
0x00007fff526840e0:   00007ff6bad6e1a0 00007ff6bace4040
0x00007fff526840f0:   0000000000000000 00007fff526841d0
0x00007fff52684100:   0000000000000000 00007ff6bace48b0
0x00007fff52684110:   00007fff52684250 0000000000000060
0x00007fff52684120:   00000000000f4314 00007ff6bd343df0
0x00007fff52684130:   00007ff6bad6a0c0 00007ff6bad17f70
0x00007fff52684140:   0000000000000001 00000000000f4268
0x00007fff52684150:   00007ff6bad17f60 00007fff89031acb
0x00007fff52684160:   0000000000000001 0000000000000001
0x00007fff52684170:   0000000000000030 0000000000000001
0x00007fff52684180:   00007fff526841a0 00007fff89037231
0x00007fff52684190:   00007fff74ebfdd0 0000000000000000
0x00007fff526841a0:   00007fff526841c0 0000000000000000
0x00007fff526841b0:   0005b603bb4e3a00 00007ff6bad17f94
0x00007fff526841c0:   0000000000000000 00007fff8bbcfd1f
0x00007fff526841d0:   00007ff6bace4040 00007fff74ebfdd0
0x00007fff526841e0:   00007fff52684260 00007fff8bbd884f
0x00007fff526841f0:   00007fff52684264 0000000000448301
0x00007fff52684200:   000000010d597a00 0000000000000002
0x00007fff52684210:   000000010d594000 00007ff6bad73482
0x00007fff52684220:   0000000000000003 000000010d597a00
0x00007fff52684230:   00007fff52684320 00007fff890302a2
0x00007fff52684240:   00007ff6bad69c30 00007fff52684408
0x00007fff52684250:   0000000000000017 0000000000000000
0x00007fff52684260:   00000000000f4268 00007fff8bbd0013
0x00007fff52684270:   00007fff00000000 00007ff6bac946e0 

Instructions: (pc=0x00000001246ec5dd)
0x00000001246ec5bd:   89 df 4c 89 f1 41 ff 90 68 04 00 00 48 8d 05 f8
0x00000001246ec5cd:   24 03 00 48 8b 30 48 8d 05 e6 25 03 00 48 8b 10
0x00000001246ec5dd:   48 8b 0b 30 c0 48 89 df ff 91 68 04 00 00 48 8b
0x00000001246ec5ed:   03 48 89 df ff 50 78 48 85 c0 74 36 49 89 c6 48 

Register to memory mapping:

RAX=0x000000012471ebc0: jScreenNotifySettingsChanged+0 in /Library/Java/JavaVirtualMachines/jdk1.8.0_40.jdk/Contents/Home/jre/lib/libglass.dylib at 0x00000001246d7000
RBX=0x0000000000000000 is an unknown value
RCX=0x67001712b529ca62 is an unknown value
RDX=0x00007ff6bace49b0 is an unknown value
RSP=0x00007fff52684080 is an unknown value
RBP=0x00007fff52684090 is an unknown value
RSI=0x00007ff6bad063e0 is a global jni handle
RDI=0x0000000000000000 is an unknown value
R8 =0x00007fff52683f30 is an unknown value
R9 =0x00007fff749ac300: _thread+0 in /usr/lib/system/libsystem_pthread.dylib at 0x00007fff895d8000
R10=0x0000000000000000 is an unknown value
R11=0x0000000000000246 is an unknown value
R12=0x00007ff6bad17f70 is an unknown value
R13=0x00000000000f4268 is an unknown value
R14=0x00007ff6bace4040 is an unknown value
R15=0x00007fff526841d0 is an unknown value


Stack: [0x00007fff51e87000,0x00007fff52687000],  sp=0x00007fff52684080,  free space=8180k
Native frames: (J=compiled Java code, j=interpreted, Vv=VM code, C=native code)
C  [libglass.dylib+0x155dd]  GlassScreenDidChangeScreenParameters+0x9d
C  [CoreFoundation+0x11ecdc]  __CFNOTIFICATIONCENTER_IS_CALLING_OUT_TO_AN_OBSERVER__+0xc
C  [CoreFoundation+0x10244]  _CFXNotificationPost+0xc44
C  [Foundation+0x2c31]  -[NSNotificationCenter postNotificationName:object:userInfo:]+0x42
C  [AppKit+0x36305e]  -[NSApplication _reactToScreenInvalidationImmediately:]+0x17b
C  [AppKit+0x362e9d]  __44-[NSApplication _reactToScreenInvalidation:]_block_invoke+0x4b
C  [CoreFoundation+0x8056c]  __CFRUNLOOP_IS_CALLING_OUT_TO_A_BLOCK__+0xc
C  [CoreFoundation+0x72675]  __CFRunLoopDoBlocks+0x155
C  [CoreFoundation+0x721b6]  __CFRunLoopRun+0x716
C  [CoreFoundation+0x71858]  CFRunLoopRunSpecific+0x128
C  [java+0x6490]  CreateExecutionEnvironment+0x367
C  [java+0x221c]  JLI_Launch+0x7a0
C  [java+0x84ed]  main+0x65
C  [java+0x1a74]  start+0x34


---------------  P R O C E S S  ---------------

VM state:not at safepoint (normal execution)

VM Mutex/Monitor currently owned by a thread: None

Heap:
 PSYoungGen      total 18944K, used 3373K [0x00000007aab00000, 0x00000007ac000000, 0x00000007c0000000)
  eden space 16384K, 20% used [0x00000007aab00000,0x00000007aae4b5f0,0x00000007abb00000)
  from space 2560K, 0% used [0x00000007abd80000,0x00000007abd80000,0x00000007ac000000)
  to   space 2560K, 0% used [0x00000007abb00000,0x00000007abb00000,0x00000007abd80000)
 ParOldGen       total 37376K, used 9667K [0x0000000780000000, 0x0000000782480000, 0x00000007aab00000)
  object space 37376K, 25% used [0x0000000780000000,0x0000000780970f28,0x0000000782480000)
 Metaspace       used 20117K, capacity 21410K, committed 21552K, reserved 1067008K
  class space    used 2876K, capacity 3163K, committed 3200K, reserved 1048576K

Card table byte_map: [0x000000011df29000,0x000000011e12a000] byte_map_base: 0x000000011a329000

Marking Bits: (ParMarkBitMap*) 0x000000010e4c27a0
 Begin Bits: [0x000000011e486000, 0x000000011f486000)
 End Bits:   [0x000000011f486000, 0x0000000120486000)

Polling page: 0x000000010d7d5000

CodeCache: size=245760Kb used=8366Kb max_used=8452Kb free=237393Kb
 bounds [0x000000010eb69000, 0x000000010f3d9000, 0x000000011db69000]
 total_blobs=3405 nmethods=2728 adapters=592
 compilation: enabled

Compilation events (10 events):
Event: 61.191 Thread 0x00007ff6bb05a800 2991       3       sun.reflect.NativeConstructorAccessorImpl::newInstance (89 bytes)
Event: 61.193 Thread 0x00007ff6bb05a800 nmethod 2991 0x000000010ed27950 code [0x000000010ed27bc0, 0x000000010ed28f18]
Event: 61.558 Thread 0x00007ff6bb05a800 2992       3       java.lang.ref.Reference::clear (6 bytes)
Event: 61.559 Thread 0x00007ff6bb05a800 nmethod 2992 0x000000010ef1a690 code [0x000000010ef1a7e0, 0x000000010ef1a950]
Event: 61.559 Thread 0x00007ff6bb05a800 2993       3       java.util.ArrayList::remove (69 bytes)
Event: 61.559 Thread 0x00007ff6bb05a800 nmethod 2993 0x000000010ef979d0 code [0x000000010ef97ba0, 0x000000010ef981c8]
Event: 61.580 Thread 0x00007ff6bb05a800 2994       3       java.lang.invoke.MethodHandles$Lookup::resolveOrFail (48 bytes)
Event: 61.580 Thread 0x00007ff6bb05a800 nmethod 2994 0x000000010eddfad0 code [0x000000010eddfc80, 0x000000010ede02f8]
Event: 61.581 Thread 0x00007ff6bb05a800 2995       3       java.lang.invoke.MethodHandles$Lookup::checkMethodName (43 bytes)
Event: 61.581 Thread 0x00007ff6bb05a800 nmethod 2995 0x000000010ee19090 code [0x000000010ee19280, 0x000000010ee19c88]

GC Heap History (10 events):
Event: 2.524 GC heap before
{Heap before GC invocations=1 (full 0):
 PSYoungGen      total 18944K, used 16384K [0x00000007aab00000, 0x00000007ac000000, 0x00000007c0000000)
  eden space 16384K, 100% used [0x00000007aab00000,0x00000007abb00000,0x00000007abb00000)
  from space 2560K, 0% used [0x00000007abd80000,0x00000007abd80000,0x00000007ac000000)
  to   space 2560K, 0% used [0x00000007abb00000,0x00000007abb00000,0x00000007abd80000)
 ParOldGen       total 44032K, used 0K [0x0000000780000000, 0x0000000782b00000, 0x00000007aab00000)
  object space 44032K, 0% used [0x0000000780000000,0x0000000780000000,0x0000000782b00000)
 Metaspace       used 9351K, capacity 9674K, committed 9984K, reserved 1058816K
  class space    used 1158K, capacity 1260K, committed 1280K, reserved 1048576K
Event: 2.532 GC heap after
Heap after GC invocations=1 (full 0):
 PSYoungGen      total 18944K, used 2288K [0x00000007aab00000, 0x00000007ac000000, 0x00000007c0000000)
  eden space 16384K, 0% used [0x00000007aab00000,0x00000007aab00000,0x00000007abb00000)
  from space 2560K, 89% used [0x00000007abb00000,0x00000007abd3c040,0x00000007abd80000)
  to   space 2560K, 0% used [0x00000007abd80000,0x00000007abd80000,0x00000007ac000000)
 ParOldGen       total 44032K, used 8K [0x0000000780000000, 0x0000000782b00000, 0x00000007aab00000)
  object space 44032K, 0% used [0x0000000780000000,0x0000000780002000,0x0000000782b00000)
 Metaspace       used 9351K, capacity 9674K, committed 9984K, reserved 1058816K
  class space    used 1158K, capacity 1260K, committed 1280K, reserved 1048576K
}
Event: 6.498 GC heap before
{Heap before GC invocations=2 (full 0):
 PSYoungGen      total 18944K, used 18672K [0x00000007aab00000, 0x00000007ac000000, 0x00000007c0000000)
  eden space 16384K, 100% used [0x00000007aab00000,0x00000007abb00000,0x00000007abb00000)
  from space 2560K, 89% used [0x00000007abb00000,0x00000007abd3c040,0x00000007abd80000)
  to   space 2560K, 0% used [0x00000007abd80000,0x00000007abd80000,0x00000007ac000000)
 ParOldGen       total 44032K, used 8K [0x0000000780000000, 0x0000000782b00000, 0x00000007aab00000)
  object space 44032K, 0% used [0x0000000780000000,0x0000000780002000,0x0000000782b00000)
 Metaspace       used 14284K, capacity 14902K, committed 14976K, reserved 1062912K
  class space    used 1984K, capacity 2147K, committed 2176K, reserved 1048576K
Event: 6.511 GC heap after
Heap after GC invocations=2 (full 0):
 PSYoungGen      total 18944K, used 2544K [0x00000007aab00000, 0x00000007ac000000, 0x00000007c0000000)
  eden space 16384K, 0% used [0x00000007aab00000,0x00000007aab00000,0x00000007abb00000)
  from space 2560K, 99% used [0x00000007abd80000,0x00000007abffc030,0x00000007ac000000)
  to   space 2560K, 0% used [0x00000007abb00000,0x00000007abb00000,0x00000007abd80000)
 ParOldGen       total 44032K, used 1829K [0x0000000780000000, 0x0000000782b00000, 0x00000007aab00000)
  object space 44032K, 4% used [0x0000000780000000,0x00000007801c9420,0x0000000782b00000)
 Metaspace       used 14284K, capacity 14902K, committed 14976K, reserved 1062912K
  class space    used 1984K, capacity 2147K, committed 2176K, reserved 1048576K
}
Event: 8.505 GC heap before
{Heap before GC invocations=3 (full 0):
 PSYoungGen      total 18944K, used 18928K [0x00000007aab00000, 0x00000007ac000000, 0x00000007c0000000)
  eden space 16384K, 100% used [0x00000007aab00000,0x00000007abb00000,0x00000007abb00000)
  from space 2560K, 99% used [0x00000007abd80000,0x00000007abffc030,0x00000007ac000000)
  to   space 2560K, 0% used [0x00000007abb00000,0x00000007abb00000,0x00000007abd80000)
 ParOldGen       total 44032K, used 1829K [0x0000000780000000, 0x0000000782b00000, 0x00000007aab00000)
  object space 44032K, 4% used [0x0000000780000000,0x00000007801c9420,0x0000000782b00000)
 Metaspace       used 18277K, capacity 19400K, committed 19584K, reserved 1067008K
  class space    used 2716K, capacity 2938K, committed 2944K, reserved 1048576K
Event: 8.543 GC heap after
Heap after GC invocations=3 (full 0):
 PSYoungGen      total 18944K, used 2528K [0x00000007aab00000, 0x00000007ac000000, 0x00000007c0000000)
  eden space 16384K, 0% used [0x00000007aab00000,0x00000007aab00000,0x00000007abb00000)
  from space 2560K, 98% used [0x00000007abb00000,0x00000007abd78020,0x00000007abd80000)
  to   space 2560K, 0% used [0x00000007abd80000,0x00000007abd80000,0x00000007ac000000)
 ParOldGen       total 44032K, used 4581K [0x0000000780000000, 0x0000000782b00000, 0x00000007aab00000)
  object space 44032K, 10% used [0x0000000780000000,0x00000007804797c0,0x0000000782b00000)
 Metaspace       used 18277K, capacity 19400K, committed 19584K, reserved 1067008K
  class space    used 2716K, capacity 2938K, committed 2944K, reserved 1048576K
}
Event: 34.670 GC heap before
{Heap before GC invocations=4 (full 0):
 PSYoungGen      total 18944K, used 13806K [0x00000007aab00000, 0x00000007ac000000, 0x00000007c0000000)
  eden space 16384K, 68% used [0x00000007aab00000,0x00000007ab603908,0x00000007abb00000)
  from space 2560K, 98% used [0x00000007abb00000,0x00000007abd78020,0x00000007abd80000)
  to   space 2560K, 0% used [0x00000007abd80000,0x00000007abd80000,0x00000007ac000000)
 ParOldGen       total 44032K, used 4581K [0x0000000780000000, 0x0000000782b00000, 0x00000007aab00000)
  object space 44032K, 10% used [0x0000000780000000,0x00000007804797c0,0x0000000782b00000)
 Metaspace       used 19980K, capacity 21220K, committed 21296K, reserved 1067008K
  class space    used 2868K, capacity 3150K, committed 3200K, reserved 1048576K
Event: 34.693 GC heap after
Heap after GC invocations=4 (full 0):
 PSYoungGen      total 18944K, used 2528K [0x00000007aab00000, 0x00000007ac000000, 0x00000007c0000000)
  eden space 16384K, 0% used [0x00000007aab00000,0x00000007aab00000,0x00000007abb00000)
  from space 2560K, 98% used [0x00000007abd80000,0x00000007abff8020,0x00000007ac000000)
  to   space 2560K, 0% used [0x00000007abb00000,0x00000007abb00000,0x00000007abd80000)
 ParOldGen       total 44032K, used 7309K [0x0000000780000000, 0x0000000782b00000, 0x00000007aab00000)
  object space 44032K, 16% used [0x0000000780000000,0x00000007807237d0,0x0000000782b00000)
 Metaspace       used 19980K, capacity 21220K, committed 21296K, reserved 1067008K
  class space    used 2868K, capacity 3150K, committed 3200K, reserved 1048576K
}
Event: 34.694 GC heap before
{Heap before GC invocations=5 (full 1):
 PSYoungGen      total 18944K, used 2528K [0x00000007aab00000, 0x00000007ac000000, 0x00000007c0000000)
  eden space 16384K, 0% used [0x00000007aab00000,0x00000007aab00000,0x00000007abb00000)
  from space 2560K, 98% used [0x00000007abd80000,0x00000007abff8020,0x00000007ac000000)
  to   space 2560K, 0% used [0x00000007abb00000,0x00000007abb00000,0x00000007abd80000)
 ParOldGen       total 44032K, used 7309K [0x0000000780000000, 0x0000000782b00000, 0x00000007aab00000)
  object space 44032K, 16% used [0x0000000780000000,0x00000007807237d0,0x0000000782b00000)
 Metaspace       used 19980K, capacity 21220K, committed 21296K, reserved 1067008K
  class space    used 2868K, capacity 3150K, committed 3200K, reserved 1048576K
Event: 34.852 GC heap after
Heap after GC invocations=5 (full 1):
 PSYoungGen      total 18944K, used 0K [0x00000007aab00000, 0x00000007ac000000, 0x00000007c0000000)
  eden space 16384K, 0% used [0x00000007aab00000,0x00000007aab00000,0x00000007abb00000)
  from space 2560K, 0% used [0x00000007abd80000,0x00000007abd80000,0x00000007ac000000)
  to   space 2560K, 0% used [0x00000007abb00000,0x00000007abb00000,0x00000007abd80000)
 ParOldGen       total 37376K, used 9667K [0x0000000780000000, 0x0000000782480000, 0x00000007aab00000)
  object space 37376K, 25% used [0x0000000780000000,0x0000000780970f28,0x0000000782480000)
 Metaspace       used 19980K, capacity 21220K, committed 21296K, reserved 1067008K
  class space    used 2868K, capacity 3150K, committed 3200K, reserved 1048576K
}

Deoptimization events (10 events):
Event: 8.003 Thread 0x00007ff6bb9b0000 Uncommon trap: reason=bimorphic action=maybe_recompile pc=0x000000010f065744 method=com.sun.javafx.css.CompoundSelector.stateMatches(Ljavafx/css/Styleable;Ljava/util/Set;I)Z @ 181
Event: 8.004 Thread 0x00007ff6bb9b0000 Uncommon trap: reason=bimorphic action=maybe_recompile pc=0x000000010f065744 method=com.sun.javafx.css.CompoundSelector.stateMatches(Ljavafx/css/Styleable;Ljava/util/Set;I)Z @ 181
Event: 8.280 Thread 0x00007ff6bb9b0000 Uncommon trap: reason=unstable_if action=reinterpret pc=0x000000010f05f628 method=com.sun.javafx.css.BitSet.addAll(Ljava/util/Collection;)Z @ 1
Event: 8.280 Thread 0x00007ff6bb9b0000 Uncommon trap: reason=unstable_if action=reinterpret pc=0x000000010f0b2378 method=javafx.scene.CssStyleHelper.getStyle(Ljavafx/css/Styleable;Ljava/lang/String;Lcom/sun/javafx/css/StyleMap;Ljava/util/Set;)Lcom/sun/javafx/css/CascadingStyle; @ 8
Event: 8.390 Thread 0x00007ff6bb9b0000 Uncommon trap: reason=unstable_if action=reinterpret pc=0x000000010ef6054c method=jdk.internal.org.objectweb.asm.Type.getArgumentsAndReturnSizes(Ljava/lang/String;)I @ 47
Event: 8.897 Thread 0x00007ff6bb0c0000 Uncommon trap: reason=class_check action=maybe_recompile pc=0x000000010f08b458 method=java.util.WeakHashMap.eq(Ljava/lang/Object;Ljava/lang/Object;)Z @ 7
Event: 8.898 Thread 0x00007ff6bb0c0000 Uncommon trap: reason=class_check action=maybe_recompile pc=0x000000010f08b458 method=java.util.WeakHashMap.eq(Ljava/lang/Object;Ljava/lang/Object;)Z @ 7
Event: 8.898 Thread 0x00007ff6bb0c0000 Uncommon trap: reason=class_check action=maybe_recompile pc=0x000000010f08b458 method=java.util.WeakHashMap.eq(Ljava/lang/Object;Ljava/lang/Object;)Z @ 7
Event: 8.914 Thread 0x00007ff6bb0c0000 Uncommon trap: reason=class_check action=maybe_recompile pc=0x000000010f08b458 method=java.util.WeakHashMap.eq(Ljava/lang/Object;Ljava/lang/Object;)Z @ 7
Event: 14.502 Thread 0x00007ff6bb9b0000 Uncommon trap: reason=unstable_if action=reinterpret pc=0x000000010f1faab4 method=javafx.scene.Node.updateLocalToParentTransform()V @ 4

Internal exceptions (10 events):
Event: 2.820 Thread 0x00007ff6bb9b0000 Exception <a 'java/lang/ArrayIndexOutOfBoundsException'> (0x00000007aae685d0) thrown at [/Users/java_re/workspace/8-2-build-macosx-x86_64/jdk8u40/3153/hotspot/src/share/vm/runtime/sharedRuntime.cpp, line 605]
Event: 3.151 Thread 0x00007ff6bb9b0000 Exception <a 'java/lang/ArrayIndexOutOfBoundsException'> (0x00000007ab187530) thrown at [/Users/java_re/workspace/8-2-build-macosx-x86_64/jdk8u40/3153/hotspot/src/share/vm/runtime/sharedRuntime.cpp, line 605]
Event: 3.151 Thread 0x00007ff6bb9b0000 Exception <a 'java/lang/ArrayIndexOutOfBoundsException'> (0x00000007ab1882f0) thrown at [/Users/java_re/workspace/8-2-build-macosx-x86_64/jdk8u40/3153/hotspot/src/share/vm/runtime/sharedRuntime.cpp, line 605]
Event: 3.152 Thread 0x00007ff6bb9b0000 Exception <a 'java/lang/ArrayIndexOutOfBoundsException'> (0x00000007ab189ab0) thrown at [/Users/java_re/workspace/8-2-build-macosx-x86_64/jdk8u40/3153/hotspot/src/share/vm/runtime/sharedRuntime.cpp, line 605]
Event: 3.450 Thread 0x00007ff6bb9b0000 Exception <a 'java/net/ConnectException'> (0x00000007ab4c1130) thrown at [/Users/java_re/workspace/8-2-build-macosx-x86_64/jdk8u40/3153/hotspot/src/share/vm/prims/jni.cpp, line 709]
Event: 5.659 Thread 0x00007ff6bb9b0000 Exception <a 'java/io/FileNotFoundException'> (0x00000007ab6218a0) thrown at [/Users/java_re/workspace/8-2-build-macosx-x86_64/jdk8u40/3153/hotspot/src/share/vm/prims/jni.cpp, line 709]
Event: 5.853 Thread 0x00007ff6bb9b0000 Implicit null exception at 0x000000010ee70535 to 0x000000010ee7076d
Event: 5.854 Thread 0x00007ff6bb9b0000 Implicit null exception at 0x000000010ee243ef to 0x000000010ee24459
Event: 7.563 Thread 0x00007ff6bb9b0000 Implicit null exception at 0x000000010efc529d to 0x000000010efc5b15
Event: 8.280 Thread 0x00007ff6bb9b0000 Implicit null exception at 0x000000010f05f090 to 0x000000010f05f615

Events (10 events):
Event: 61.576 loading class javafx/application/Application done
Event: 61.579 loading class com/sun/javafx/tk/quantum/QuantumRenderer
Event: 61.580 loading class com/sun/javafx/tk/quantum/QuantumRenderer done
Event: 61.580 loading class com/sun/javafx/tk/quantum/QuantumToolkit
Event: 61.580 loading class com/sun/javafx/tk/quantum/QuantumToolkit done
Event: 61.581 Thread 0x00007ff6bb9b0000 Thread exited: 0x00007ff6bb9b0000
Event: 61.581 Thread 0x00007ff6bb0c0000 Thread exited: 0x00007ff6bb0c0000
Event: 61.581 Thread 0x00007ff6bb329000 Thread exited: 0x00007ff6bb329000
Event: 61.581 Thread 0x00007ff6bb00d800 Thread exited: 0x00007ff6bb00d800
Event: 61.581 Thread 0x00007ff6bd978000 Thread added: 0x00007ff6bd978000


Dynamic libraries:
0x0000000003a44000 	/System/Library/Frameworks/Cocoa.framework/Versions/A/Cocoa
0x0000000003a44000 	/System/Library/Frameworks/Security.framework/Versions/A/Security
0x0000000003a44000 	/System/Library/Frameworks/ApplicationServices.framework/Versions/A/ApplicationServices
0x0000000003a44000 	/usr/lib/libz.1.dylib
0x0000000003a44000 	/usr/lib/libSystem.B.dylib
0x0000000003a44000 	/usr/lib/libobjc.A.dylib
0x0000000003a44000 	/System/Library/Frameworks/CoreFoundation.framework/Versions/A/CoreFoundation
0x0000000003a44000 	/System/Library/Frameworks/Foundation.framework/Versions/C/Foundation
0x0000000003a44000 	/System/Library/Frameworks/AppKit.framework/Versions/C/AppKit
0x0000000003a44000 	/System/Library/Frameworks/CoreData.framework/Versions/A/CoreData
0x0000000003a44000 	/System/Library/PrivateFrameworks/RemoteViewServices.framework/Versions/A/RemoteViewServices
0x0000000003a44000 	/System/Library/PrivateFrameworks/UIFoundation.framework/Versions/A/UIFoundation
0x0000000003a44000 	/System/Library/Frameworks/IOSurface.framework/Versions/A/IOSurface
0x0000000003a44000 	/System/Library/Frameworks/AudioToolbox.framework/Versions/A/AudioToolbox
0x0000000003a44000 	/System/Library/Frameworks/AudioUnit.framework/Versions/A/AudioUnit
0x0000000003a44000 	/System/Library/PrivateFrameworks/DataDetectorsCore.framework/Versions/A/DataDetectorsCore
0x0000000003a44000 	/System/Library/PrivateFrameworks/DesktopServicesPriv.framework/Versions/A/DesktopServicesPriv
0x0000000003a44000 	/System/Library/Frameworks/Carbon.framework/Versions/A/Frameworks/HIToolbox.framework/Versions/A/HIToolbox
0x0000000003a44000 	/System/Library/Frameworks/QuartzCore.framework/Versions/A/QuartzCore
0x0000000003a44000 	/System/Library/Frameworks/Carbon.framework/Versions/A/Frameworks/SpeechRecognition.framework/Versions/A/SpeechRecognition
0x0000000003a44000 	/usr/lib/libauto.dylib
0x0000000003a44000 	/usr/lib/libicucore.A.dylib
0x0000000003a44000 	/usr/lib/libxml2.2.dylib
0x0000000003a44000 	/System/Library/PrivateFrameworks/CoreUI.framework/Versions/A/CoreUI
0x0000000003a44000 	/System/Library/Frameworks/CoreAudio.framework/Versions/A/CoreAudio
0x0000000003a44000 	/System/Library/Frameworks/DiskArbitration.framework/Versions/A/DiskArbitration
0x0000000003a44000 	/usr/lib/liblangid.dylib
0x0000000003a44000 	/System/Library/PrivateFrameworks/MultitouchSupport.framework/Versions/A/MultitouchSupport
0x0000000003a44000 	/System/Library/Frameworks/IOKit.framework/Versions/A/IOKit
0x0000000003a44000 	/usr/lib/libDiagnosticMessagesClient.dylib
0x0000000003a44000 	/System/Library/Frameworks/CoreServices.framework/Versions/A/CoreServices
0x0000000003a44000 	/System/Library/PrivateFrameworks/PerformanceAnalysis.framework/Versions/A/PerformanceAnalysis
0x0000000003a44000 	/System/Library/PrivateFrameworks/GenerationalStorage.framework/Versions/A/GenerationalStorage
0x0000000003a44000 	/System/Library/Frameworks/OpenGL.framework/Versions/A/OpenGL
0x0000000003a44000 	/System/Library/PrivateFrameworks/Sharing.framework/Versions/A/Sharing
0x0000000003a44000 	/System/Library/Frameworks/CoreGraphics.framework/Versions/A/CoreGraphics
0x0000000003a44000 	/System/Library/Frameworks/CoreText.framework/Versions/A/CoreText
0x0000000003a44000 	/System/Library/Frameworks/ImageIO.framework/Versions/A/ImageIO
0x0000000003a44000 	/usr/lib/libextension.dylib
0x0000000003a44000 	/System/Library/PrivateFrameworks/Backup.framework/Versions/A/Backup
0x0000000003a44000 	/usr/lib/libarchive.2.dylib
0x0000000003a44000 	/System/Library/Frameworks/CFNetwork.framework/Versions/A/CFNetwork
0x0000000003a44000 	/System/Library/Frameworks/SystemConfiguration.framework/Versions/A/SystemConfiguration
0x0000000003a44000 	/usr/lib/libCRFSuite.dylib
0x0000000003a44000 	/usr/lib/libc++.1.dylib
0x0000000003a44000 	/usr/lib/libc++abi.dylib
0x0000000003a44000 	/usr/lib/system/libcache.dylib
0x0000000003a44000 	/usr/lib/system/libcommonCrypto.dylib
0x0000000003a44000 	/usr/lib/system/libcompiler_rt.dylib
0x0000000003a44000 	/usr/lib/system/libcopyfile.dylib
0x0000000003a44000 	/usr/lib/system/libcorecrypto.dylib
0x0000000003a44000 	/usr/lib/system/libdispatch.dylib
0x0000000003a44000 	/usr/lib/system/libdyld.dylib
0x0000000003a44000 	/usr/lib/system/libkeymgr.dylib
0x0000000003a44000 	/usr/lib/system/liblaunch.dylib
0x0000000003a44000 	/usr/lib/system/libmacho.dylib
0x0000000003a44000 	/usr/lib/system/libquarantine.dylib
0x0000000003a44000 	/usr/lib/system/libremovefile.dylib
0x0000000003a44000 	/usr/lib/system/libsystem_asl.dylib
0x0000000003a44000 	/usr/lib/system/libsystem_blocks.dylib
0x0000000003a44000 	/usr/lib/system/libsystem_c.dylib
0x0000000003a44000 	/usr/lib/system/libsystem_configuration.dylib
0x0000000003a44000 	/usr/lib/system/libsystem_coreservices.dylib
0x0000000003a44000 	/usr/lib/system/libsystem_coretls.dylib
0x0000000003a44000 	/usr/lib/system/libsystem_dnssd.dylib
0x0000000003a44000 	/usr/lib/system/libsystem_info.dylib
0x0000000003a44000 	/usr/lib/system/libsystem_kernel.dylib
0x0000000003a44000 	/usr/lib/system/libsystem_m.dylib
0x0000000003a44000 	/usr/lib/system/libsystem_malloc.dylib
0x0000000003a44000 	/usr/lib/system/libsystem_network.dylib
0x0000000003a44000 	/usr/lib/system/libsystem_networkextension.dylib
0x0000000003a44000 	/usr/lib/system/libsystem_notify.dylib
0x0000000003a44000 	/usr/lib/system/libsystem_platform.dylib
0x0000000003a44000 	/usr/lib/system/libsystem_pthread.dylib
0x0000000003a44000 	/usr/lib/system/libsystem_sandbox.dylib
0x0000000003a44000 	/usr/lib/system/libsystem_secinit.dylib
0x0000000003a44000 	/usr/lib/system/libsystem_stats.dylib
0x0000000003a44000 	/usr/lib/system/libsystem_trace.dylib
0x0000000003a44000 	/usr/lib/system/libunc.dylib
0x0000000003a44000 	/usr/lib/system/libunwind.dylib
0x0000000003a44000 	/usr/lib/system/libxpc.dylib
0x0000000003a44000 	/usr/lib/libbz2.1.0.dylib
0x0000000003a44000 	/usr/lib/liblzma.5.dylib
0x0000000003a44000 	/usr/lib/libbsm.0.dylib
0x0000000003a44000 	/usr/lib/libsqlite3.dylib
0x0000000003a44000 	/usr/lib/system/libkxld.dylib
0x0000000003a44000 	/usr/lib/libxar.1.dylib
0x0000000003a44000 	/usr/lib/libpam.2.dylib
0x0000000003a44000 	/usr/lib/libOpenScriptingUtil.dylib
0x0000000003a44000 	/System/Library/Frameworks/CoreServices.framework/Versions/A/Frameworks/FSEvents.framework/Versions/A/FSEvents
0x0000000003a44000 	/System/Library/Frameworks/CoreServices.framework/Versions/A/Frameworks/CarbonCore.framework/Versions/A/CarbonCore
0x0000000003a44000 	/System/Library/Frameworks/CoreServices.framework/Versions/A/Frameworks/Metadata.framework/Versions/A/Metadata
0x0000000003a44000 	/System/Library/Frameworks/CoreServices.framework/Versions/A/Frameworks/OSServices.framework/Versions/A/OSServices
0x0000000003a44000 	/System/Library/Frameworks/CoreServices.framework/Versions/A/Frameworks/SearchKit.framework/Versions/A/SearchKit
0x0000000003a44000 	/System/Library/Frameworks/CoreServices.framework/Versions/A/Frameworks/AE.framework/Versions/A/AE
0x0000000003a44000 	/System/Library/Frameworks/CoreServices.framework/Versions/A/Frameworks/LaunchServices.framework/Versions/A/LaunchServices
0x0000000003a44000 	/System/Library/Frameworks/CoreServices.framework/Versions/A/Frameworks/DictionaryServices.framework/Versions/A/DictionaryServices
0x0000000003a44000 	/System/Library/Frameworks/NetFS.framework/Versions/A/NetFS
0x0000000003a44000 	/System/Library/PrivateFrameworks/NetAuth.framework/Versions/A/NetAuth
0x0000000003a44000 	/System/Library/PrivateFrameworks/login.framework/Versions/A/Frameworks/loginsupport.framework/Versions/A/loginsupport
0x0000000003a44000 	/System/Library/PrivateFrameworks/TCC.framework/Versions/A/TCC
0x0000000003a44000 	/usr/lib/libmecabra.dylib
0x0000000003a44000 	/System/Library/Frameworks/ApplicationServices.framework/Versions/A/Frameworks/ATS.framework/Versions/A/ATS
0x0000000003a44000 	/System/Library/Frameworks/ApplicationServices.framework/Versions/A/Frameworks/ColorSync.framework/Versions/A/ColorSync
0x0000000003a44000 	/System/Library/Frameworks/ApplicationServices.framework/Versions/A/Frameworks/HIServices.framework/Versions/A/HIServices
0x0000000003a44000 	/System/Library/Frameworks/ApplicationServices.framework/Versions/A/Frameworks/LangAnalysis.framework/Versions/A/LangAnalysis
0x0000000003a44000 	/System/Library/Frameworks/ApplicationServices.framework/Versions/A/Frameworks/PrintCore.framework/Versions/A/PrintCore
0x0000000003a44000 	/System/Library/Frameworks/ApplicationServices.framework/Versions/A/Frameworks/QD.framework/Versions/A/QD
0x0000000003a44000 	/System/Library/Frameworks/ApplicationServices.framework/Versions/A/Frameworks/SpeechSynthesis.framework/Versions/A/SpeechSynthesis
0x0000000003a44000 	/System/Library/Frameworks/Accelerate.framework/Versions/A/Accelerate
0x0000000003a44000 	/System/Library/Frameworks/Accelerate.framework/Versions/A/Frameworks/vImage.framework/Versions/A/vImage
0x0000000003a44000 	/System/Library/Frameworks/Accelerate.framework/Versions/A/Frameworks/vecLib.framework/Versions/A/vecLib
0x0000000003a44000 	/System/Library/Frameworks/Accelerate.framework/Versions/A/Frameworks/vecLib.framework/Versions/A/libvDSP.dylib
0x0000000003a44000 	/System/Library/Frameworks/Accelerate.framework/Versions/A/Frameworks/vecLib.framework/Versions/A/libvMisc.dylib
0x0000000003a44000 	/System/Library/Frameworks/Accelerate.framework/Versions/A/Frameworks/vecLib.framework/Versions/A/libLAPACK.dylib
0x0000000003a44000 	/System/Library/Frameworks/Accelerate.framework/Versions/A/Frameworks/vecLib.framework/Versions/A/libBLAS.dylib
0x0000000003a44000 	/System/Library/Frameworks/Accelerate.framework/Versions/A/Frameworks/vecLib.framework/Versions/A/libLinearAlgebra.dylib
0x0000000003a44000 	/System/Library/Frameworks/ApplicationServices.framework/Versions/A/Frameworks/ATS.framework/Versions/A/Resources/libFontParser.dylib
0x0000000003a44000 	/System/Library/Frameworks/ApplicationServices.framework/Versions/A/Frameworks/ATS.framework/Versions/A/Resources/libFontRegistry.dylib
0x0000000003a44000 	/System/Library/PrivateFrameworks/AppleVPA.framework/Versions/A/AppleVPA
0x0000000003a44000 	/System/Library/PrivateFrameworks/AppleJPEG.framework/Versions/A/AppleJPEG
0x0000000003a44000 	/System/Library/Frameworks/ImageIO.framework/Versions/A/Resources/libJPEG.dylib
0x0000000003a44000 	/System/Library/Frameworks/ImageIO.framework/Versions/A/Resources/libTIFF.dylib
0x0000000003a44000 	/System/Library/Frameworks/ImageIO.framework/Versions/A/Resources/libPng.dylib
0x0000000003a44000 	/System/Library/Frameworks/ImageIO.framework/Versions/A/Resources/libGIF.dylib
0x0000000003a44000 	/System/Library/Frameworks/ImageIO.framework/Versions/A/Resources/libJP2.dylib
0x0000000003a44000 	/System/Library/Frameworks/ImageIO.framework/Versions/A/Resources/libRadiance.dylib
0x0000000003a44000 	/System/Library/Frameworks/CoreVideo.framework/Versions/A/CoreVideo
0x0000000003a44000 	/System/Library/Frameworks/OpenGL.framework/Versions/A/Libraries/libGLU.dylib
0x0000000003a44000 	/System/Library/Frameworks/OpenGL.framework/Versions/A/Libraries/libGFXShared.dylib
0x0000000003a44000 	/System/Library/Frameworks/OpenGL.framework/Versions/A/Libraries/libGL.dylib
0x0000000003a44000 	/System/Library/Frameworks/OpenGL.framework/Versions/A/Libraries/libGLImage.dylib
0x0000000003a44000 	/System/Library/Frameworks/OpenGL.framework/Versions/A/Libraries/libCVMSPluginSupport.dylib
0x0000000003a44000 	/System/Library/Frameworks/OpenGL.framework/Versions/A/Libraries/libCoreVMClient.dylib
0x0000000003a44000 	/usr/lib/libcups.2.dylib
0x0000000003a44000 	/System/Library/Frameworks/Kerberos.framework/Versions/A/Kerberos
0x0000000003a44000 	/System/Library/Frameworks/GSS.framework/Versions/A/GSS
0x0000000003a44000 	/usr/lib/libresolv.9.dylib
0x0000000003a44000 	/usr/lib/libiconv.2.dylib
0x0000000003a44000 	/System/Library/PrivateFrameworks/Heimdal.framework/Versions/A/Heimdal
0x0000000003a44000 	/usr/lib/libheimdal-asn1.dylib
0x0000000003a44000 	/System/Library/Frameworks/OpenDirectory.framework/Versions/A/OpenDirectory
0x0000000003a44000 	/System/Library/PrivateFrameworks/CommonAuth.framework/Versions/A/CommonAuth
0x0000000003a44000 	/System/Library/Frameworks/OpenDirectory.framework/Versions/A/Frameworks/CFOpenDirectory.framework/Versions/A/CFOpenDirectory
0x0000000003a44000 	/System/Library/Frameworks/SecurityFoundation.framework/Versions/A/SecurityFoundation
0x0000000003a44000 	/System/Library/PrivateFrameworks/LanguageModeling.framework/Versions/A/LanguageModeling
0x0000000003a44000 	/usr/lib/libcmph.dylib
0x0000000003a44000 	/System/Library/Frameworks/ServiceManagement.framework/Versions/A/ServiceManagement
0x0000000003a44000 	/usr/lib/libxslt.1.dylib
0x0000000003a44000 	/System/Library/Frameworks/Carbon.framework/Versions/A/Frameworks/Ink.framework/Versions/A/Ink
0x0000000003a44000 	/System/Library/Frameworks/QuartzCore.framework/Versions/A/Frameworks/CoreImage.framework/Versions/A/CoreImage
0x0000000003a44000 	/System/Library/PrivateFrameworks/CrashReporterSupport.framework/Versions/A/CrashReporterSupport
0x0000000003a44000 	/System/Library/Frameworks/OpenCL.framework/Versions/A/OpenCL
0x0000000003a44000 	/System/Library/PrivateFrameworks/FaceCore.framework/Versions/A/FaceCore
0x0000000003a44000 	/System/Library/PrivateFrameworks/Ubiquity.framework/Versions/A/Ubiquity
0x0000000003a44000 	/System/Library/PrivateFrameworks/IconServices.framework/Versions/A/IconServices
0x0000000003a44000 	/System/Library/PrivateFrameworks/ChunkingLibrary.framework/Versions/A/ChunkingLibrary
0x0000000003a44000 	/System/Library/PrivateFrameworks/Apple80211.framework/Versions/A/Apple80211
0x0000000003a44000 	/System/Library/Frameworks/CoreWLAN.framework/Versions/A/CoreWLAN
0x0000000003a44000 	/System/Library/Frameworks/IOBluetooth.framework/Versions/A/IOBluetooth
0x0000000003a44000 	/System/Library/PrivateFrameworks/CoreWiFi.framework/Versions/A/CoreWiFi
0x0000000003a44000 	/System/Library/Frameworks/CoreBluetooth.framework/Versions/A/CoreBluetooth
0x0000000003a44000 	/System/Library/PrivateFrameworks/DebugSymbols.framework/Versions/A/DebugSymbols
0x0000000003a44000 	/System/Library/PrivateFrameworks/CoreSymbolication.framework/Versions/A/CoreSymbolication
0x0000000003a44000 	/System/Library/PrivateFrameworks/Symbolication.framework/Versions/A/Symbolication
0x0000000003a44000 	/System/Library/PrivateFrameworks/SpeechRecognitionCore.framework/Versions/A/SpeechRecognitionCore
0x000000010dc00000 	/Library/Java/JavaVirtualMachines/jdk1.8.0_40.jdk/Contents/Home/jre/lib/server/libjvm.dylib
0x0000000003a44000 	/usr/lib/libstdc++.6.dylib
0x000000010d792000 	/Library/Java/JavaVirtualMachines/jdk1.8.0_40.jdk/Contents/Home/jre/lib/libverify.dylib
0x000000010d7a0000 	/Library/Java/JavaVirtualMachines/jdk1.8.0_40.jdk/Contents/Home/jre/lib/libjava.dylib
0x000000010d7df000 	/Library/Java/JavaVirtualMachines/jdk1.8.0_40.jdk/Contents/Home/jre/lib/libzip.dylib
0x0000000121e1d000 	/System/Library/Frameworks/JavaVM.framework/Frameworks/JavaRuntimeSupport.framework/JavaRuntimeSupport
0x0000000121e35000 	/System/Library/Frameworks/JavaVM.framework/Versions/A/Frameworks/JavaNativeFoundation.framework/Versions/A/JavaNativeFoundation
0x0000000121e4a000 	/System/Library/Frameworks/JavaVM.framework/Versions/A/JavaVM
0x0000000003a44000 	/System/Library/Frameworks/Carbon.framework/Versions/A/Carbon
0x0000000121e57000 	/System/Library/PrivateFrameworks/JavaLaunching.framework/Versions/A/JavaLaunching
0x0000000003a44000 	/System/Library/Frameworks/Carbon.framework/Versions/A/Frameworks/CommonPanels.framework/Versions/A/CommonPanels
0x0000000003a44000 	/System/Library/Frameworks/Carbon.framework/Versions/A/Frameworks/Help.framework/Versions/A/Help
0x0000000003a44000 	/System/Library/Frameworks/Carbon.framework/Versions/A/Frameworks/ImageCapture.framework/Versions/A/ImageCapture
0x0000000003a44000 	/System/Library/Frameworks/Carbon.framework/Versions/A/Frameworks/OpenScripting.framework/Versions/A/OpenScripting
0x0000000003a44000 	/System/Library/Frameworks/Carbon.framework/Versions/A/Frameworks/Print.framework/Versions/A/Print
0x0000000003a44000 	/System/Library/Frameworks/Carbon.framework/Versions/A/Frameworks/SecurityHI.framework/Versions/A/SecurityHI
0x0000000123d45000 	/Library/Java/JavaVirtualMachines/jdk1.8.0_40.jdk/Contents/Home/jre/lib/libprism_es2.dylib
0x0000000003a44000 	/System/Library/Frameworks/OpenGL.framework/Versions/A/Resources/GLEngine.bundle/GLEngine
0x0000000003a44000 	/System/Library/Frameworks/OpenGL.framework/Versions/A/Libraries/libGLProgrammability.dylib
0x0000000000000000 	/System/Library/Extensions/GeForceTeslaGLDriver.bundle/Contents/MacOS/GeForceTeslaGLDriver
0x0000000123dc3000 	/System/Library/Extensions/GeForceTeslaGLDriver.bundle/Contents/MacOS/libclh.dylib
0x000000012460a000 	/System/Library/PrivateFrameworks/GPUSupport.framework/Versions/A/Libraries/libGPUSupport.dylib
0x0000000003a44000 	/System/Library/Frameworks/OpenGL.framework/Versions/A/Resources/GLRendererFloat.bundle/GLRendererFloat
0x0000000003a44000 	/System/Library/Frameworks/OpenCL.framework/Versions/A/Libraries/libcldcpuengine.dylib
0x0000000003a44000 	/System/Library/PrivateFrameworks/DiskImages.framework/Versions/A/DiskImages
0x0000000003a44000 	/System/Library/Frameworks/DiscRecording.framework/Versions/A/DiscRecording
0x0000000003a44000 	/usr/lib/libcsfde.dylib
0x0000000003a44000 	/usr/lib/libcurl.4.dylib
0x0000000003a44000 	/System/Library/PrivateFrameworks/MediaKit.framework/Versions/A/MediaKit
0x0000000003a44000 	/System/Library/PrivateFrameworks/ProtectedCloudStorage.framework/Versions/A/ProtectedCloudStorage
0x0000000003a44000 	/usr/lib/libCoreStorage.dylib
0x0000000003a44000 	/System/Library/PrivateFrameworks/EFILogin.framework/Versions/A/EFILogin
0x0000000003a44000 	/usr/lib/libutil.dylib
0x0000000003a44000 	/System/Library/PrivateFrameworks/FindMyDevice.framework/Versions/A/FindMyDevice
0x0000000003a44000 	/System/Library/Frameworks/LDAP.framework/Versions/A/LDAP
0x0000000003a44000 	/usr/lib/libsasl2.2.dylib
0x0000000003a44000 	/System/Library/PrivateFrameworks/CoreDaemon.framework/Versions/B/CoreDaemon
0x0000000003a44000 	/usr/lib/libcrypto.0.9.8.dylib
0x0000000003a44000 	/System/Library/PrivateFrameworks/AppleSRP.framework/Versions/A/AppleSRP
0x0000000003a44000 	/System/Library/PrivateFrameworks/TrustEvaluationAgent.framework/Versions/A/TrustEvaluationAgent
0x00000001246d7000 	/Library/Java/JavaVirtualMachines/jdk1.8.0_40.jdk/Contents/Home/jre/lib/libglass.dylib
0x0000000003a44000 	/System/Library/PrivateFrameworks/CoreServicesInternal.framework/Versions/A/CoreServicesInternal
0x0000000003a44000 	/System/Library/PrivateFrameworks/CloudDocs.framework/Versions/A/CloudDocs
0x0000000003a44000 	/System/Library/PrivateFrameworks/CoreDuet.framework/Versions/A/CoreDuet
0x0000000003a44000 	/System/Library/Frameworks/CloudKit.framework/Versions/A/CloudKit
0x0000000003a44000 	/System/Library/PrivateFrameworks/ProtocolBuffer.framework/Versions/A/ProtocolBuffer
0x0000000003a44000 	/System/Library/PrivateFrameworks/CoreDuetDaemonProtocol.framework/Versions/A/CoreDuetDaemonProtocol
0x0000000003a44000 	/System/Library/PrivateFrameworks/CoreDuetDebugLogging.framework/Versions/A/CoreDuetDebugLogging
0x0000000003a44000 	/System/Library/Frameworks/CoreLocation.framework/Versions/A/CoreLocation
0x0000000003a44000 	/System/Library/Frameworks/Accounts.framework/Versions/A/Accounts
0x0000000003a44000 	/System/Library/PrivateFrameworks/ApplePushService.framework/Versions/A/ApplePushService
0x0000000003a44000 	/System/Library/PrivateFrameworks/GeoServices.framework/Versions/A/GeoServices
0x0000000003a44000 	/System/Library/PrivateFrameworks/OAuth.framework/Versions/A/OAuth
0x0000000003a44000 	/System/Library/Frameworks/CoreGraphics.framework/Versions/A/Resources/libCGCMS.A.dylib
0x0000000003a44000 	/System/Library/CoreServices/RawCamera.bundle/Contents/MacOS/RawCamera
0x0000000003a44000 	/System/Library/Frameworks/CoreGraphics.framework/Versions/A/Resources/libRIP.A.dylib
0x0000000003a44000 	/System/Library/PrivateFrameworks/FamilyControls.framework/Versions/A/FamilyControls
0x0000000003a44000 	/System/Library/PrivateFrameworks/CommerceKit.framework/Versions/A/Frameworks/CommerceCore.framework/Versions/A/CommerceCore
0x0000000003a44000 	/System/Library/PrivateFrameworks/SystemAdministration.framework/Versions/A/SystemAdministration
0x0000000003a44000 	/System/Library/PrivateFrameworks/AppContainer.framework/Versions/A/AppContainer
0x0000000003a44000 	/System/Library/PrivateFrameworks/SecCodeWrapper.framework/Versions/A/SecCodeWrapper
0x0000000003a44000 	/System/Library/Frameworks/DirectoryService.framework/Versions/A/DirectoryService
0x0000000003a44000 	/System/Library/PrivateFrameworks/LoginUIKit.framework/Versions/A/Frameworks/LoginUICore.framework/Versions/A/LoginUICore
0x0000000003a44000 	/usr/lib/libodfde.dylib
0x0000000127fc0000 	/Library/Java/JavaVirtualMachines/jdk1.8.0_40.jdk/Contents/Home/jre/lib/libjavafx_font.dylib
0x00000001282ad000 	/Library/Java/JavaVirtualMachines/jdk1.8.0_40.jdk/Contents/Home/jre/lib/libnet.dylib
0x0000000003a44000 	/System/Library/Frameworks/CoreGraphics.framework/Versions/A/Resources/libCGXType.A.dylib
0x0000000128f12000 	/Library/Java/JavaVirtualMachines/jdk1.8.0_40.jdk/Contents/Home/jre/lib/libnio.dylib
0x0000000121ea3000 	/Library/Java/JavaVirtualMachines/jdk1.8.0_40.jdk/Contents/Home/jre/lib/libprism_common.dylib
0x0000000121eb3000 	cl_kernels
0x000000012cbbf000 	/System/Library/Frameworks/OpenCL.framework/Versions/A/Libraries/ImageFormats/unorm8_bgra.dylib
0x0000000121ee2000 	cl_kernels

VM Arguments:
jvm_args: -Dfile.encoding=UTF-8 
java_command: VIEW.View
java_class_path (initial): /Users/idinter/Desktop/workspace/SBOBETCLI/bin:/Users/idinter/Desktop/workspace/SBOBETCLI/selenium-java-2.45.0.jar:/Users/idinter/Desktop/workspace/SBOBETCLI/selenium-server-standalone-2.45.0.jar
Launcher Type: SUN_STANDARD

Environment Variables:
PATH=/usr/bin:/bin:/usr/sbin:/sbin
SHELL=/bin/bash
DISPLAY=/private/tmp/com.apple.launchd.I4hfmL2hYs/org.macosforge.xquartz:0

Signal Handlers:
SIGSEGV: [libjvm.dylib+0x58ef95], sa_mask[0]=11111111011111110111111111111111, sa_flags=SA_ONSTACK|SA_RESTART|SA_SIGINFO
SIGBUS: [libjvm.dylib+0x58ef95], sa_mask[0]=11111111011111110111111111111111, sa_flags=SA_RESTART|SA_SIGINFO
SIGFPE: [libjvm.dylib+0x46c118], sa_mask[0]=11111111011111110111111111111111, sa_flags=SA_RESTART|SA_SIGINFO
SIGPIPE: [libjvm.dylib+0x46c118], sa_mask[0]=11111111011111110111111111111111, sa_flags=SA_RESTART|SA_SIGINFO
SIGXFSZ: [libjvm.dylib+0x46c118], sa_mask[0]=11111111011111110111111111111111, sa_flags=SA_RESTART|SA_SIGINFO
SIGILL: [libjvm.dylib+0x46c118], sa_mask[0]=11111111011111110111111111111111, sa_flags=SA_RESTART|SA_SIGINFO
SIGUSR1: SIG_DFL, sa_mask[0]=00000000000000000000000000000000, sa_flags=none
SIGUSR2: [libjvm.dylib+0x46bc36], sa_mask[0]=00100000000000000000000000000000, sa_flags=SA_RESTART|SA_SIGINFO
SIGHUP: [libjvm.dylib+0x46a209], sa_mask[0]=11111111011111110111111111111111, sa_flags=SA_RESTART|SA_SIGINFO
SIGINT: [libjvm.dylib+0x46a209], sa_mask[0]=11111111011111110111111111111111, sa_flags=SA_RESTART|SA_SIGINFO
SIGTERM: [libjvm.dylib+0x46a209], sa_mask[0]=11111111011111110111111111111111, sa_flags=SA_RESTART|SA_SIGINFO
SIGQUIT: [libjvm.dylib+0x46a209], sa_mask[0]=11111111011111110111111111111111, sa_flags=SA_RESTART|SA_SIGINFO


---------------  S Y S T E M  ---------------

OS:Bsduname:Darwin 14.1.0 Darwin Kernel Version 14.1.0: Thu Feb 26 19:26:47 PST 2015; root:xnu-2782.10.73~1/RELEASE_X86_64 x86_64
rlimit: STACK 8192k, CORE 0k, NPROC 709, NOFILE 10240, AS infinity
load average:3.10 2.31 1.87

CPU:total 2 (2 cores per cpu, 1 threads per core) family 6 model 23 stepping 10, cmov, cx8, fxsr, mmx, sse, sse2, sse3, ssse3, sse4.1, tsc

Memory: 4k page, physical 4194304k(127372k free)

/proc/meminfo:


vm_info: Java HotSpot(TM) 64-Bit Server VM (25.40-b25) for bsd-amd64 JRE (1.8.0_40-b27), built on Mar 13 2015 04:46:52 by "java_re" with gcc 4.2.1 (Based on Apple Inc. build 5658) (LLVM build 2336.11.00)

time: Wed Aug 26 15:06:40 2015
elapsed time: 579 seconds (0d 0h 9m 39s)

