#
# A fatal error has been detected by the Java Runtime Environment:
#
#  SIGSEGV (0xb) at pc=0x00000001040f2ae6, pid=531, tid=1811
#
# JRE version: Java(TM) SE Runtime Environment (8.0_40-b27) (build 1.8.0_40-b27)
# Java VM: Java HotSpot(TM) 64-Bit Server VM (25.40-b25 mixed mode bsd-amd64 compressed oops)
# Problematic frame:
# V  [libjvm.dylib+0x164ae6]  ThreadStateTransition::trans_from_native(JavaThreadState)+0xa
#
# Failed to write core dump. Core dumps have been disabled. To enable core dumping, try "ulimit -c unlimited" before starting Java again
#
# If you would like to submit a bug report, please visit:
#   http://bugreport.java.com/bugreport/crash.jsp
#

---------------  T H R E A D  ---------------

Current thread is native thread

siginfo: si_signo: 11 (SIGSEGV), si_code: 1 (SEGV_MAPERR), si_addr: 0x0000000000000270

Registers:
RAX=0x0000000000000000, RBX=0x0000000000000000, RCX=0x0000000104294475, RDX=0x00007f9cf9aaf1f8
RSP=0x00007fff5bd6d0e0, RBP=0x00007fff5bd6d0f0, RSI=0x0000000000000006, RDI=0x00007fff5bd6d130
R8 =0x0000000000000155, R9 =0x0000000000000000, R10=0x00007f9cfbdadf40, R11=0x0000000118758b58
R12=0x00007f9cf9aaf1f8, R13=0x00007f9cfba65000, R14=0x00007f9cf9aaf1f8, R15=0x0000000000000000
RIP=0x00000001040f2ae6, EFLAGS=0x0000000000010246, ERR=0x0000000000000006
  TRAPNO=0x000000000000000e

Top of Stack: (sp=0x00007fff5bd6d0e0)
0x00007fff5bd6d0e0:   00007f9cfb8e6680 00007f9cf9aaf1f8
0x00007fff5bd6d0f0:   00007fff5bd6d150 00000001042944a5
0x00007fff5bd6d100:   00007fff776ca070 0000000000000000
0x00007fff5bd6d110:   00007f9cfc1cdc00 00007f9cfba64090
0x00007fff5bd6d120:   00007fff5bd6d150 000000011877f769
0x00007fff5bd6d130:   0000000000000000 00007f9cfe81a500
0x00007fff5bd6d140:   00007f9cfc1cdc00 00007f9cfba64090
0x00007fff5bd6d150:   00007fff5bd6d1b0 000000012596fa4f
0x00007fff5bd6d160:   00007fff776ca070 0000000000000000
0x00007fff5bd6d170:   40b41e602a8bc911 0000000000000004
0x00007fff5bd6d180:   00007fff5bd6d1b0 00007fff87fd80c0
0x00007fff5bd6d190:   0000000000000000 00007f9cfba65000
0x00007fff5bd6d1a0:   00007f9cfba64090 0000000000000004
0x00007fff5bd6d1b0:   00007fff5bd6d220 00007fff87c1c367
0x00007fff5bd6d1c0:   00007fff5bd6d200 000000011c900520
0x00007fff5bd6d1d0:   0000000000000000 00007f9cfc1cdc00
0x00007fff5bd6d1e0:   00007f9cfba64090 0000000000000000
0x00007fff5bd6d1f0:   40b41e602a8bc911 00007f9cfba64090
0x00007fff5bd6d200:   00007fff87fd80c0 0000000000000018
0x00007fff5bd6d210:   0000000000000004 0000000000000000
0x00007fff5bd6d220:   00007fff5bd6d2a0 00007fff87c1bf31
0x00007fff5bd6d230:   003ce54280f5dc43 3ff0000000000000
0x00007fff5bd6d240:   4075500000000000 4062200000000000
0x00007fff5bd6d250:   0000000000000000 0000000000000000
0x00007fff5bd6d260:   4075500000000000 4062200000000000
0x00007fff5bd6d270:   0000000029400100 00007fff5bd6d380
0x00007fff5bd6d280:   000000011cae3268 00007fff921c0f05
0x00007fff5bd6d290:   0000000000000001 000000011cae31c0
0x00007fff5bd6d2a0:   00007fff5bd6e380 00007fff87bcf381
0x00007fff5bd6d2b0:   00007fff5bd6e380 00007fff87bcf243
0x00007fff5bd6d2c0:   00007fff5bd6e380 00007fff87bcecda
0x00007fff5bd6d2d0:   000000011cae3268 000000011cae3268 

Instructions: (pc=0x00000001040f2ae6)
0x00000001040f2ac6:   0e 48 8b 0b 49 8b 56 18 48 63 c0 48 89 0c c2 5b
0x00000001040f2ad6:   41 5e 5d c3 90 90 55 48 89 e5 41 56 53 48 8b 1f
0x00000001040f2ae6:   c7 83 70 02 00 00 05 00 00 00 48 8d 05 41 d2 75
0x00000001040f2af6:   00 8b 00 83 f8 01 41 89 f6 75 0c 48 8d 0d 8e 39 

Register to memory mapping:

RAX=0x0000000000000000 is an unknown value
RBX=0x0000000000000000 is an unknown value
RCX=0x0000000104294475: jni_NewLocalRef+0 in /Library/Java/JavaVirtualMachines/jdk1.8.0_40.jdk/Contents/Home/jre/lib/server/libjvm.dylib at 0x0000000103f8e000
RDX=0x00007f9cf9aaf1f8 is an unknown value
RSP=0x00007fff5bd6d0e0 is an unknown value
RBP=0x00007fff5bd6d0f0 is an unknown value
RSI=0x0000000000000006 is an unknown value
RDI=0x00007fff5bd6d130 is an unknown value
R8 =0x0000000000000155 is an unknown value
R9 =0x0000000000000000 is an unknown value
R10=0x00007f9cfbdadf40 is an unknown value
R11=0x0000000118758b58: OBJC_CLASS_$_JNFJObjectWrapper+0 in /System/Library/Frameworks/JavaVM.framework/Versions/A/Frameworks/JavaNativeFoundation.framework/Versions/A/JavaNativeFoundation at 0x000000011874c000
R12=0x00007f9cf9aaf1f8 is an unknown value
R13=0x00007f9cfba65000 is an unknown value
R14=0x00007f9cf9aaf1f8 is an unknown value
R15=0x0000000000000000 is an unknown value


Stack: [0x00007fff5b571000,0x00007fff5bd71000],  sp=0x00007fff5bd6d0e0,  free space=8176k
Native frames: (J=compiled Java code, j=interpreted, Vv=VM code, C=native code)
V  [libjvm.dylib+0x164ae6]  ThreadStateTransition::trans_from_native(JavaThreadState)+0xa
V  [libjvm.dylib+0x3064a5]  jni_NewLocalRef+0x30
C  [libawt_lwawt.dylib+0x19a4f]  -[CGLLayer drawInCGLContext:pixelFormat:forLayerTime:displayTime:]+0xee
C  [QuartzCore+0x61367]  CAOpenGLLayerDraw(CAOpenGLLayer*, double, CVTimeStamp const*, unsigned int)+0x2b6
C  [QuartzCore+0x60f31]  -[CAOpenGLLayer _display]+0x183
C  [QuartzCore+0x14381]  CA::Layer::display_if_needed(CA::Transaction*)+0x25b
C  [QuartzCore+0x13abd]  CA::Layer::layout_and_display_if_needed(CA::Transaction*)+0x23
C  [QuartzCore+0x1324e]  CA::Context::commit_transaction(CA::Transaction*)+0xf2
C  [QuartzCore+0x12ea4]  CA::Transaction::commit()+0x186
C  [QuartzCore+0x23cad]  CA::Transaction::observer_callback(__CFRunLoopObserver*, unsigned long, void*)+0x47
C  [CoreFoundation+0x7fda7]  __CFRUNLOOP_IS_CALLING_OUT_TO_AN_OBSERVER_CALLBACK_FUNCTION__+0x17
C  [CoreFoundation+0x7fd00]  __CFRunLoopDoObservers+0x170
C  [CoreFoundation+0x71f3a]  __CFRunLoopRun+0x49a
C  [CoreFoundation+0x71858]  CFRunLoopRunSpecific+0x128
C  [java+0x6490]  CreateExecutionEnvironment+0x367
C  [java+0x221c]  JLI_Launch+0x7a0
C  [java+0x84ed]  main+0x65
C  [java+0x1a74]  start+0x34


---------------  P R O C E S S  ---------------

VM state:synchronizing (normal execution)

VM Mutex/Monitor currently owned by a thread:  ([mutex/lock_event])
[0x00007f9cf940fca0] Safepoint_lock - owner thread: 0x00007f9cf980c800
[0x00007f9cf940fd20] Threads_lock - owner thread: 0x00007f9cf980c800

Heap:
 PSYoungGen      total 38912K, used 7427K [0x00000007aab00000, 0x00000007ae280000, 0x00000007c0000000)
  eden space 23040K, 20% used [0x00000007aab00000,0x00000007aafb8fd0,0x00000007ac180000)
  from space 15872K, 16% used [0x00000007ac180000,0x00000007ac408000,0x00000007ad100000)
  to   space 15872K, 0% used [0x00000007ad300000,0x00000007ad300000,0x00000007ae280000)
 ParOldGen       total 69632K, used 18820K [0x0000000780000000, 0x0000000784400000, 0x00000007aab00000)
  object space 69632K, 27% used [0x0000000780000000,0x0000000781261178,0x0000000784400000)
 Metaspace       used 36249K, capacity 37778K, committed 38144K, reserved 1081344K
  class space    used 4951K, capacity 5258K, committed 5376K, reserved 1048576K

Card table byte_map: [0x00000001148c3000,0x0000000114ac4000] byte_map_base: 0x0000000110cc3000

Marking Bits: (ParMarkBitMap*) 0x00000001048507a0
 Begin Bits: [0x0000000114e20000, 0x0000000115e20000)
 End Bits:   [0x0000000115e20000, 0x0000000116e20000)

Polling page: 0x0000000104f51000

CodeCache: size=245760Kb used=18748Kb max_used=18980Kb free=227011Kb
 bounds [0x0000000105503000, 0x00000001067b3000, 0x0000000114503000]
 total_blobs=6751 nmethods=5885 adapters=779
 compilation: enabled

Compilation events (10 events):
Event: 3133.458 Thread 0x00007f9cf987d000 6923       3       com.sun.scenario.effect.impl.EffectPeer::setInputTransform (8 bytes)
Event: 3133.458 Thread 0x00007f9cf987d000 nmethod 6923 0x0000000105e5db90 code [0x0000000105e5dd00, 0x0000000105e5dfb0]
Event: 3133.458 Thread 0x00007f9cf987d000 6924       3       com.sun.scenario.effect.impl.EffectPeer::setInputNativeBounds (8 bytes)
Event: 3133.458 Thread 0x00007f9cf987d000 nmethod 6924 0x00000001060ffe90 code [0x0000000106100000, 0x00000001061002b0]
Event: 3133.458 Thread 0x00007f9cf987d000 6925       3       com.sun.scenario.effect.impl.EffectPeer::getTextureCoordinates (16 bytes)
Event: 3133.458 Thread 0x00007f9cf987d000 nmethod 6925 0x0000000105ca74d0 code [0x0000000105ca7640, 0x0000000105ca77c8]
Event: 3133.458 Thread 0x00007f9cf987d000 6919       3       com.sun.scenario.effect.impl.state.BoxRenderState::getPassResultBounds (82 bytes)
Event: 3133.459 Thread 0x00007f9cf987d000 nmethod 6919 0x0000000105ca6610 code [0x0000000105ca6820, 0x0000000105ca7048]
Event: 3232.339 Thread 0x00007f9cf987f800 6927       4       java.util.Collections$UnmodifiableCollection$1::next (10 bytes)
Event: 3232.340 Thread 0x00007f9cf987f800 nmethod 6927 0x0000000105c12f90 code [0x0000000105c130e0, 0x0000000105c13178]

GC Heap History (10 events):
Event: 524.031 GC heap before
{Heap before GC invocations=11 (full 2):
 PSYoungGen      total 32768K, used 10778K [0x00000007aab00000, 0x00000007ad900000, 0x00000007c0000000)
  eden space 21504K, 0% used [0x00000007aab00000,0x00000007aab00000,0x00000007ac000000)
  from space 11264K, 95% used [0x00000007ac200000,0x00000007acc86970,0x00000007acd00000)
  to   space 12288K, 0% used [0x00000007acd00000,0x00000007acd00000,0x00000007ad900000)
 ParOldGen       total 38912K, used 11029K [0x0000000780000000, 0x0000000782600000, 0x00000007aab00000)
  object space 38912K, 28% used [0x0000000780000000,0x0000000780ac55c0,0x0000000782600000)
 Metaspace       used 33924K, capacity 35274K, committed 35416K, reserved 1079296K
  class space    used 4770K, capacity 5040K, committed 5120K, reserved 1048576K
Event: 524.273 GC heap after
Heap after GC invocations=11 (full 2):
 PSYoungGen      total 32768K, used 0K [0x00000007aab00000, 0x00000007ad900000, 0x00000007c0000000)
  eden space 21504K, 0% used [0x00000007aab00000,0x00000007aab00000,0x00000007ac000000)
  from space 11264K, 0% used [0x00000007ac200000,0x00000007ac200000,0x00000007acd00000)
  to   space 12288K, 0% used [0x00000007acd00000,0x00000007acd00000,0x00000007ad900000)
 ParOldGen       total 69632K, used 18788K [0x0000000780000000, 0x0000000784400000, 0x00000007aab00000)
  object space 69632K, 26% used [0x0000000780000000,0x0000000781259178,0x0000000784400000)
 Metaspace       used 33924K, capacity 35274K, committed 35416K, reserved 1079296K
  class space    used 4770K, capacity 5040K, committed 5120K, reserved 1048576K
}
Event: 621.522 GC heap before
{Heap before GC invocations=12 (full 2):
 PSYoungGen      total 32768K, used 21502K [0x00000007aab00000, 0x00000007ad900000, 0x00000007c0000000)
  eden space 21504K, 99% used [0x00000007aab00000,0x00000007abfffa28,0x00000007ac000000)
  from space 11264K, 0% used [0x00000007ac200000,0x00000007ac200000,0x00000007acd00000)
  to   space 12288K, 0% used [0x00000007acd00000,0x00000007acd00000,0x00000007ad900000)
 ParOldGen       total 69632K, used 18788K [0x0000000780000000, 0x0000000784400000, 0x00000007aab00000)
  object space 69632K, 26% used [0x0000000780000000,0x0000000781259178,0x0000000784400000)
 Metaspace       used 35100K, capacity 36460K, committed 36608K, reserved 1081344K
  class space    used 4859K, capacity 5111K, committed 5120K, reserved 1048576K
Event: 621.534 GC heap after
Heap after GC invocations=12 (full 2):
 PSYoungGen      total 33792K, used 9808K [0x00000007aab00000, 0x00000007add00000, 0x00000007c0000000)
  eden space 21504K, 0% used [0x00000007aab00000,0x00000007aab00000,0x00000007ac000000)
  from space 12288K, 79% used [0x00000007acd00000,0x00000007ad694020,0x00000007ad900000)
  to   space 13312K, 0% used [0x00000007ac000000,0x00000007ac000000,0x00000007acd00000)
 ParOldGen       total 69632K, used 18796K [0x0000000780000000, 0x0000000784400000, 0x00000007aab00000)
  object space 69632K, 26% used [0x0000000780000000,0x000000078125b178,0x0000000784400000)
 Metaspace       used 35100K, capacity 36460K, committed 36608K, reserved 1081344K
  class space    used 4859K, capacity 5111K, committed 5120K, reserved 1048576K
}
Event: 691.956 GC heap before
{Heap before GC invocations=13 (full 2):
 PSYoungGen      total 33792K, used 31312K [0x00000007aab00000, 0x00000007add00000, 0x00000007c0000000)
  eden space 21504K, 100% used [0x00000007aab00000,0x00000007ac000000,0x00000007ac000000)
  from space 12288K, 79% used [0x00000007acd00000,0x00000007ad694020,0x00000007ad900000)
  to   space 13312K, 0% used [0x00000007ac000000,0x00000007ac000000,0x00000007acd00000)
 ParOldGen       total 69632K, used 18796K [0x0000000780000000, 0x0000000784400000, 0x00000007aab00000)
  object space 69632K, 26% used [0x0000000780000000,0x000000078125b178,0x0000000784400000)
 Metaspace       used 35366K, capacity 36796K, committed 37120K, reserved 1081344K
  class space    used 4861K, capacity 5113K, committed 5120K, reserved 1048576K
Event: 691.971 GC heap after
Heap after GC invocations=13 (full 2):
 PSYoungGen      total 34816K, used 11888K [0x00000007aab00000, 0x00000007adf80000, 0x00000007c0000000)
  eden space 21504K, 0% used [0x00000007aab00000,0x00000007aab00000,0x00000007ac000000)
  from space 13312K, 89% used [0x00000007ac000000,0x00000007acb9c020,0x00000007acd00000)
  to   space 14848K, 0% used [0x00000007ad100000,0x00000007ad100000,0x00000007adf80000)
 ParOldGen       total 69632K, used 18804K [0x0000000780000000, 0x0000000784400000, 0x00000007aab00000)
  object space 69632K, 27% used [0x0000000780000000,0x000000078125d178,0x0000000784400000)
 Metaspace       used 35366K, capacity 36796K, committed 37120K, reserved 1081344K
  class space    used 4861K, capacity 5113K, committed 5120K, reserved 1048576K
}
Event: 1961.169 GC heap before
{Heap before GC invocations=14 (full 2):
 PSYoungGen      total 34816K, used 33392K [0x00000007aab00000, 0x00000007adf80000, 0x00000007c0000000)
  eden space 21504K, 100% used [0x00000007aab00000,0x00000007ac000000,0x00000007ac000000)
  from space 13312K, 89% used [0x00000007ac000000,0x00000007acb9c020,0x00000007acd00000)
  to   space 14848K, 0% used [0x00000007ad100000,0x00000007ad100000,0x00000007adf80000)
 ParOldGen       total 69632K, used 18804K [0x0000000780000000, 0x0000000784400000, 0x00000007aab00000)
  object space 69632K, 27% used [0x0000000780000000,0x000000078125d178,0x0000000784400000)
 Metaspace       used 35735K, capacity 37110K, committed 37504K, reserved 1081344K
  class space    used 4875K, capacity 5128K, committed 5248K, reserved 1048576K
Event: 1961.189 GC heap after
Heap after GC invocations=14 (full 2):
 PSYoungGen      total 37888K, used 12080K [0x00000007aab00000, 0x00000007ae100000, 0x00000007c0000000)
  eden space 23040K, 0% used [0x00000007aab00000,0x00000007aab00000,0x00000007ac180000)
  from space 14848K, 81% used [0x00000007ad100000,0x00000007adccc020,0x00000007adf80000)
  to   space 15872K, 0% used [0x00000007ac180000,0x00000007ac180000,0x00000007ad100000)
 ParOldGen       total 69632K, used 18812K [0x0000000780000000, 0x0000000784400000, 0x00000007aab00000)
  object space 69632K, 27% used [0x0000000780000000,0x000000078125f178,0x0000000784400000)
 Metaspace       used 35735K, capacity 37110K, committed 37504K, reserved 1081344K
  class space    used 4875K, capacity 5128K, committed 5248K, reserved 1048576K
}
Event: 3100.925 GC heap before
{Heap before GC invocations=15 (full 2):
 PSYoungGen      total 37888K, used 35120K [0x00000007aab00000, 0x00000007ae100000, 0x00000007c0000000)
  eden space 23040K, 100% used [0x00000007aab00000,0x00000007ac180000,0x00000007ac180000)
  from space 14848K, 81% used [0x00000007ad100000,0x00000007adccc020,0x00000007adf80000)
  to   space 15872K, 0% used [0x00000007ac180000,0x00000007ac180000,0x00000007ad100000)
 ParOldGen       total 69632K, used 18812K [0x0000000780000000, 0x0000000784400000, 0x00000007aab00000)
  object space 69632K, 27% used [0x0000000780000000,0x000000078125f178,0x0000000784400000)
 Metaspace       used 36184K, capacity 37708K, committed 37760K, reserved 1081344K
  class space    used 4944K, capacity 5217K, committed 5248K, reserved 1048576K
Event: 3100.937 GC heap after
Heap after GC invocations=15 (full 2):
 PSYoungGen      total 38912K, used 2592K [0x00000007aab00000, 0x00000007ae280000, 0x00000007c0000000)
  eden space 23040K, 0% used [0x00000007aab00000,0x00000007aab00000,0x00000007ac180000)
  from space 15872K, 16% used [0x00000007ac180000,0x00000007ac408000,0x00000007ad100000)
  to   space 15872K, 0% used [0x00000007ad300000,0x00000007ad300000,0x00000007ae280000)
 ParOldGen       total 69632K, used 18820K [0x0000000780000000, 0x0000000784400000, 0x00000007aab00000)
  object space 69632K, 27% used [0x0000000780000000,0x0000000781261178,0x0000000784400000)
 Metaspace       used 36184K, capacity 37708K, committed 37760K, reserved 1081344K
  class space    used 4944K, capacity 5217K, committed 5248K, reserved 1048576K
}

Deoptimization events (10 events):
Event: 2558.553 Thread 0x00007f9cf9aaf000 Uncommon trap: reason=bimorphic action=maybe_recompile pc=0x00000001060ecd40 method=javafx.beans.property.DoublePropertyBase.get()D @ 23
Event: 2558.561 Thread 0x00007f9cfa098000 Uncommon trap: reason=unstable_if action=reinterpret pc=0x00000001057cb9e8 method=com.sun.javafx.sg.prism.NGNode.render(Lcom/sun/prism/Graphics;)V @ 28
Event: 2559.033 Thread 0x00007f9cfa098000 Uncommon trap: reason=unstable_if action=reinterpret pc=0x0000000105aa0078 method=com.sun.javafx.sg.prism.NGNode.render(Lcom/sun/prism/Graphics;)V @ 28
Event: 2561.494 Thread 0x00007f9cf9aaf000 Uncommon trap: reason=unstable_if action=reinterpret pc=0x0000000105cc9d80 method=com.sun.javafx.text.TextRun.getPosX(I)F @ 75
Event: 2564.153 Thread 0x00007f9cfa098000 Uncommon trap: reason=unstable_if action=reinterpret pc=0x0000000105a41570 method=javafx.scene.paint.Color.equals(Ljava/lang/Object;)Z @ 40
Event: 2564.241 Thread 0x00007f9cf9aaf000 Uncommon trap: reason=bimorphic action=maybe_recompile pc=0x0000000105f5cefc method=javafx.scene.CssStyleHelper.isUserSetFont(Ljavafx/css/Styleable;)Z @ 35
Event: 2564.241 Thread 0x00007f9cf9aaf000 Uncommon trap: reason=bimorphic action=maybe_recompile pc=0x00000001060bac88 method=javafx.scene.CssStyleHelper.isUserSetFont(Ljavafx/css/Styleable;)Z @ 35
Event: 2845.626 Thread 0x00007f9cf9aaf000 Uncommon trap: reason=class_check action=maybe_recompile pc=0x00000001061b8ef8 method=javafx.scene.Node.updateLocalToParentTransform()V @ 209
Event: 3090.165 Thread 0x00007f9cfa098000 Uncommon trap: reason=unstable_if action=reinterpret pc=0x0000000106775994 method=com.sun.prism.impl.ps.BaseShaderContext.validateLCDBuffer(Lcom/sun/prism/RenderTarget;)V @ 22
Event: 3118.580 Thread 0x00007f9cfa098000 Uncommon trap: reason=unstable_if action=reinterpret pc=0x0000000105f8f940 method=com.sun.prism.es2.GLContext.updateBoundTexture(I)V @ 5

Internal exceptions (10 events):
Event: 520.001 Thread 0x00007f9cf9c4e800 Exception <a 'java/io/FileNotFoundException'> (0x00000007ab141000) thrown at [/Users/java_re/workspace/8-2-build-macosx-x86_64/jdk8u40/3153/hotspot/src/share/vm/prims/jni.cpp, line 709]
Event: 520.001 Thread 0x00007f9cf9c4e800 Exception <a 'java/io/FileNotFoundException'> (0x00000007ab141af8) thrown at [/Users/java_re/workspace/8-2-build-macosx-x86_64/jdk8u40/3153/hotspot/src/share/vm/prims/jni.cpp, line 709]
Event: 524.280 Thread 0x00007f9cf9872000 Exception <a 'java/lang/NullPointerException'> (0x00000007aab8c078) thrown at [/Users/java_re/workspace/8-2-build-macosx-x86_64/jdk8u40/3153/hotspot/src/share/vm/interpreter/linkResolver.cpp, line 1178]
Event: 524.280 Thread 0x00007f9cf9872000 Exception <a 'java/lang/NullPointerException'> (0x00000007aab8c228) thrown at [/Users/java_re/workspace/8-2-build-macosx-x86_64/jdk8u40/3153/hotspot/src/share/vm/interpreter/linkResolver.cpp, line 1178]
Event: 524.280 Thread 0x00007f9cf9872000 Exception <a 'java/lang/NullPointerException'> (0x00000007aab8c3d8) thrown at [/Users/java_re/workspace/8-2-build-macosx-x86_64/jdk8u40/3153/hotspot/src/share/vm/interpreter/linkResolver.cpp, line 1178]
Event: 689.000 Thread 0x00007f9cfa496000 Implicit null exception at 0x00000001063f360b to 0x00000001063f6961
Event: 1878.760 Thread 0x00007f9cfa098000 Implicit null exception at 0x00000001064b4e02 to 0x00000001064b5af9
Event: 1878.837 Thread 0x00007f9cfa098000 Implicit null exception at 0x0000000105e68c5c to 0x0000000105e69275
Event: 1878.837 Thread 0x00007f9cfa098000 Implicit null exception at 0x0000000105a74d41 to 0x0000000105a74f9d
Event: 2404.298 Thread 0x00007f9cf9aaf000 Implicit null exception at 0x0000000105b5971d to 0x0000000105b59899

Events (10 events):
Event: 3234.934 loading class javafx/application/Application done
Event: 3234.947 loading class java/awt/KeyboardFocusManager$5
Event: 3235.041 loading class com/sun/javafx/tk/quantum/QuantumRenderer
Event: 3235.041 loading class com/sun/javafx/tk/quantum/QuantumRenderer done
Event: 3235.041 loading class com/sun/javafx/tk/quantum/QuantumToolkit
Event: 3235.041 loading class com/sun/javafx/tk/quantum/QuantumToolkit done
Event: 3235.042 Thread 0x00007f9cf9aaf000 Thread exited: 0x00007f9cf9aaf000
Event: 3235.043 Thread 0x00007f9cf9810000 Thread exited: 0x00007f9cf9810000
Event: 3235.043 Thread 0x00007f9cfcb91000 Thread added: 0x00007f9cfcb91000
Event: 3235.043 Thread 0x00007f9cfa1bc000 Thread exited: 0x00007f9cfa1bc000


Dynamic libraries:
0x00000000075a6000 	/System/Library/Frameworks/Cocoa.framework/Versions/A/Cocoa
0x00000000075a6000 	/System/Library/Frameworks/Security.framework/Versions/A/Security
0x00000000075a6000 	/System/Library/Frameworks/ApplicationServices.framework/Versions/A/ApplicationServices
0x00000000075a6000 	/usr/lib/libz.1.dylib
0x00000000075a6000 	/usr/lib/libSystem.B.dylib
0x00000000075a6000 	/usr/lib/libobjc.A.dylib
0x00000000075a6000 	/System/Library/Frameworks/CoreFoundation.framework/Versions/A/CoreFoundation
0x00000000075a6000 	/System/Library/Frameworks/Foundation.framework/Versions/C/Foundation
0x00000000075a6000 	/System/Library/Frameworks/AppKit.framework/Versions/C/AppKit
0x00000000075a6000 	/System/Library/Frameworks/CoreData.framework/Versions/A/CoreData
0x00000000075a6000 	/System/Library/PrivateFrameworks/RemoteViewServices.framework/Versions/A/RemoteViewServices
0x00000000075a6000 	/System/Library/PrivateFrameworks/UIFoundation.framework/Versions/A/UIFoundation
0x00000000075a6000 	/System/Library/Frameworks/IOSurface.framework/Versions/A/IOSurface
0x00000000075a6000 	/System/Library/Frameworks/AudioToolbox.framework/Versions/A/AudioToolbox
0x00000000075a6000 	/System/Library/Frameworks/AudioUnit.framework/Versions/A/AudioUnit
0x00000000075a6000 	/System/Library/PrivateFrameworks/DataDetectorsCore.framework/Versions/A/DataDetectorsCore
0x00000000075a6000 	/System/Library/PrivateFrameworks/DesktopServicesPriv.framework/Versions/A/DesktopServicesPriv
0x00000000075a6000 	/System/Library/Frameworks/Carbon.framework/Versions/A/Frameworks/HIToolbox.framework/Versions/A/HIToolbox
0x00000000075a6000 	/System/Library/Frameworks/QuartzCore.framework/Versions/A/QuartzCore
0x00000000075a6000 	/System/Library/Frameworks/Carbon.framework/Versions/A/Frameworks/SpeechRecognition.framework/Versions/A/SpeechRecognition
0x00000000075a6000 	/usr/lib/libauto.dylib
0x00000000075a6000 	/usr/lib/libicucore.A.dylib
0x00000000075a6000 	/usr/lib/libxml2.2.dylib
0x00000000075a6000 	/System/Library/PrivateFrameworks/CoreUI.framework/Versions/A/CoreUI
0x00000000075a6000 	/System/Library/Frameworks/CoreAudio.framework/Versions/A/CoreAudio
0x00000000075a6000 	/System/Library/Frameworks/DiskArbitration.framework/Versions/A/DiskArbitration
0x00000000075a6000 	/usr/lib/liblangid.dylib
0x00000000075a6000 	/System/Library/PrivateFrameworks/MultitouchSupport.framework/Versions/A/MultitouchSupport
0x00000000075a6000 	/System/Library/Frameworks/IOKit.framework/Versions/A/IOKit
0x00000000075a6000 	/usr/lib/libDiagnosticMessagesClient.dylib
0x00000000075a6000 	/System/Library/Frameworks/CoreServices.framework/Versions/A/CoreServices
0x00000000075a6000 	/System/Library/PrivateFrameworks/PerformanceAnalysis.framework/Versions/A/PerformanceAnalysis
0x00000000075a6000 	/System/Library/PrivateFrameworks/GenerationalStorage.framework/Versions/A/GenerationalStorage
0x00000000075a6000 	/System/Library/Frameworks/OpenGL.framework/Versions/A/OpenGL
0x00000000075a6000 	/System/Library/PrivateFrameworks/Sharing.framework/Versions/A/Sharing
0x00000000075a6000 	/System/Library/Frameworks/CoreGraphics.framework/Versions/A/CoreGraphics
0x00000000075a6000 	/System/Library/Frameworks/CoreText.framework/Versions/A/CoreText
0x00000000075a6000 	/System/Library/Frameworks/ImageIO.framework/Versions/A/ImageIO
0x00000000075a6000 	/usr/lib/libextension.dylib
0x00000000075a6000 	/System/Library/PrivateFrameworks/Backup.framework/Versions/A/Backup
0x00000000075a6000 	/usr/lib/libarchive.2.dylib
0x00000000075a6000 	/System/Library/Frameworks/CFNetwork.framework/Versions/A/CFNetwork
0x00000000075a6000 	/System/Library/Frameworks/SystemConfiguration.framework/Versions/A/SystemConfiguration
0x00000000075a6000 	/usr/lib/libCRFSuite.dylib
0x00000000075a6000 	/usr/lib/libc++.1.dylib
0x00000000075a6000 	/usr/lib/libc++abi.dylib
0x00000000075a6000 	/usr/lib/system/libcache.dylib
0x00000000075a6000 	/usr/lib/system/libcommonCrypto.dylib
0x00000000075a6000 	/usr/lib/system/libcompiler_rt.dylib
0x00000000075a6000 	/usr/lib/system/libcopyfile.dylib
0x00000000075a6000 	/usr/lib/system/libcorecrypto.dylib
0x00000000075a6000 	/usr/lib/system/libdispatch.dylib
0x00000000075a6000 	/usr/lib/system/libdyld.dylib
0x00000000075a6000 	/usr/lib/system/libkeymgr.dylib
0x00000000075a6000 	/usr/lib/system/liblaunch.dylib
0x00000000075a6000 	/usr/lib/system/libmacho.dylib
0x00000000075a6000 	/usr/lib/system/libquarantine.dylib
0x00000000075a6000 	/usr/lib/system/libremovefile.dylib
0x00000000075a6000 	/usr/lib/system/libsystem_asl.dylib
0x00000000075a6000 	/usr/lib/system/libsystem_blocks.dylib
0x00000000075a6000 	/usr/lib/system/libsystem_c.dylib
0x00000000075a6000 	/usr/lib/system/libsystem_configuration.dylib
0x00000000075a6000 	/usr/lib/system/libsystem_coreservices.dylib
0x00000000075a6000 	/usr/lib/system/libsystem_coretls.dylib
0x00000000075a6000 	/usr/lib/system/libsystem_dnssd.dylib
0x00000000075a6000 	/usr/lib/system/libsystem_info.dylib
0x00000000075a6000 	/usr/lib/system/libsystem_kernel.dylib
0x00000000075a6000 	/usr/lib/system/libsystem_m.dylib
0x00000000075a6000 	/usr/lib/system/libsystem_malloc.dylib
0x00000000075a6000 	/usr/lib/system/libsystem_network.dylib
0x00000000075a6000 	/usr/lib/system/libsystem_networkextension.dylib
0x00000000075a6000 	/usr/lib/system/libsystem_notify.dylib
0x00000000075a6000 	/usr/lib/system/libsystem_platform.dylib
0x00000000075a6000 	/usr/lib/system/libsystem_pthread.dylib
0x00000000075a6000 	/usr/lib/system/libsystem_sandbox.dylib
0x00000000075a6000 	/usr/lib/system/libsystem_secinit.dylib
0x00000000075a6000 	/usr/lib/system/libsystem_stats.dylib
0x00000000075a6000 	/usr/lib/system/libsystem_trace.dylib
0x00000000075a6000 	/usr/lib/system/libunc.dylib
0x00000000075a6000 	/usr/lib/system/libunwind.dylib
0x00000000075a6000 	/usr/lib/system/libxpc.dylib
0x00000000075a6000 	/usr/lib/libbz2.1.0.dylib
0x00000000075a6000 	/usr/lib/liblzma.5.dylib
0x00000000075a6000 	/usr/lib/libbsm.0.dylib
0x00000000075a6000 	/usr/lib/libsqlite3.dylib
0x00000000075a6000 	/usr/lib/system/libkxld.dylib
0x00000000075a6000 	/usr/lib/libxar.1.dylib
0x00000000075a6000 	/usr/lib/libpam.2.dylib
0x00000000075a6000 	/usr/lib/libOpenScriptingUtil.dylib
0x00000000075a6000 	/System/Library/Frameworks/CoreServices.framework/Versions/A/Frameworks/FSEvents.framework/Versions/A/FSEvents
0x00000000075a6000 	/System/Library/Frameworks/CoreServices.framework/Versions/A/Frameworks/CarbonCore.framework/Versions/A/CarbonCore
0x00000000075a6000 	/System/Library/Frameworks/CoreServices.framework/Versions/A/Frameworks/Metadata.framework/Versions/A/Metadata
0x00000000075a6000 	/System/Library/Frameworks/CoreServices.framework/Versions/A/Frameworks/OSServices.framework/Versions/A/OSServices
0x00000000075a6000 	/System/Library/Frameworks/CoreServices.framework/Versions/A/Frameworks/SearchKit.framework/Versions/A/SearchKit
0x00000000075a6000 	/System/Library/Frameworks/CoreServices.framework/Versions/A/Frameworks/AE.framework/Versions/A/AE
0x00000000075a6000 	/System/Library/Frameworks/CoreServices.framework/Versions/A/Frameworks/LaunchServices.framework/Versions/A/LaunchServices
0x00000000075a6000 	/System/Library/Frameworks/CoreServices.framework/Versions/A/Frameworks/DictionaryServices.framework/Versions/A/DictionaryServices
0x00000000075a6000 	/System/Library/Frameworks/NetFS.framework/Versions/A/NetFS
0x00000000075a6000 	/System/Library/PrivateFrameworks/NetAuth.framework/Versions/A/NetAuth
0x00000000075a6000 	/System/Library/PrivateFrameworks/login.framework/Versions/A/Frameworks/loginsupport.framework/Versions/A/loginsupport
0x00000000075a6000 	/System/Library/PrivateFrameworks/TCC.framework/Versions/A/TCC
0x00000000075a6000 	/usr/lib/libmecabra.dylib
0x00000000075a6000 	/System/Library/Frameworks/ApplicationServices.framework/Versions/A/Frameworks/ATS.framework/Versions/A/ATS
0x00000000075a6000 	/System/Library/Frameworks/ApplicationServices.framework/Versions/A/Frameworks/ColorSync.framework/Versions/A/ColorSync
0x00000000075a6000 	/System/Library/Frameworks/ApplicationServices.framework/Versions/A/Frameworks/HIServices.framework/Versions/A/HIServices
0x00000000075a6000 	/System/Library/Frameworks/ApplicationServices.framework/Versions/A/Frameworks/LangAnalysis.framework/Versions/A/LangAnalysis
0x00000000075a6000 	/System/Library/Frameworks/ApplicationServices.framework/Versions/A/Frameworks/PrintCore.framework/Versions/A/PrintCore
0x00000000075a6000 	/System/Library/Frameworks/ApplicationServices.framework/Versions/A/Frameworks/QD.framework/Versions/A/QD
0x00000000075a6000 	/System/Library/Frameworks/ApplicationServices.framework/Versions/A/Frameworks/SpeechSynthesis.framework/Versions/A/SpeechSynthesis
0x00000000075a6000 	/System/Library/Frameworks/Accelerate.framework/Versions/A/Accelerate
0x00000000075a6000 	/System/Library/Frameworks/Accelerate.framework/Versions/A/Frameworks/vImage.framework/Versions/A/vImage
0x00000000075a6000 	/System/Library/Frameworks/Accelerate.framework/Versions/A/Frameworks/vecLib.framework/Versions/A/vecLib
0x00000000075a6000 	/System/Library/Frameworks/Accelerate.framework/Versions/A/Frameworks/vecLib.framework/Versions/A/libvDSP.dylib
0x00000000075a6000 	/System/Library/Frameworks/Accelerate.framework/Versions/A/Frameworks/vecLib.framework/Versions/A/libvMisc.dylib
0x00000000075a6000 	/System/Library/Frameworks/Accelerate.framework/Versions/A/Frameworks/vecLib.framework/Versions/A/libLAPACK.dylib
0x00000000075a6000 	/System/Library/Frameworks/Accelerate.framework/Versions/A/Frameworks/vecLib.framework/Versions/A/libBLAS.dylib
0x00000000075a6000 	/System/Library/Frameworks/Accelerate.framework/Versions/A/Frameworks/vecLib.framework/Versions/A/libLinearAlgebra.dylib
0x00000000075a6000 	/System/Library/Frameworks/ApplicationServices.framework/Versions/A/Frameworks/ATS.framework/Versions/A/Resources/libFontParser.dylib
0x00000000075a6000 	/System/Library/Frameworks/ApplicationServices.framework/Versions/A/Frameworks/ATS.framework/Versions/A/Resources/libFontRegistry.dylib
0x00000000075a6000 	/System/Library/PrivateFrameworks/AppleVPA.framework/Versions/A/AppleVPA
0x00000000075a6000 	/System/Library/PrivateFrameworks/AppleJPEG.framework/Versions/A/AppleJPEG
0x00000000075a6000 	/System/Library/Frameworks/ImageIO.framework/Versions/A/Resources/libJPEG.dylib
0x00000000075a6000 	/System/Library/Frameworks/ImageIO.framework/Versions/A/Resources/libTIFF.dylib
0x00000000075a6000 	/System/Library/Frameworks/ImageIO.framework/Versions/A/Resources/libPng.dylib
0x00000000075a6000 	/System/Library/Frameworks/ImageIO.framework/Versions/A/Resources/libGIF.dylib
0x00000000075a6000 	/System/Library/Frameworks/ImageIO.framework/Versions/A/Resources/libJP2.dylib
0x00000000075a6000 	/System/Library/Frameworks/ImageIO.framework/Versions/A/Resources/libRadiance.dylib
0x00000000075a6000 	/System/Library/Frameworks/CoreVideo.framework/Versions/A/CoreVideo
0x00000000075a6000 	/System/Library/Frameworks/OpenGL.framework/Versions/A/Libraries/libGLU.dylib
0x00000000075a6000 	/System/Library/Frameworks/OpenGL.framework/Versions/A/Libraries/libGFXShared.dylib
0x00000000075a6000 	/System/Library/Frameworks/OpenGL.framework/Versions/A/Libraries/libGL.dylib
0x00000000075a6000 	/System/Library/Frameworks/OpenGL.framework/Versions/A/Libraries/libGLImage.dylib
0x00000000075a6000 	/System/Library/Frameworks/OpenGL.framework/Versions/A/Libraries/libCVMSPluginSupport.dylib
0x00000000075a6000 	/System/Library/Frameworks/OpenGL.framework/Versions/A/Libraries/libCoreVMClient.dylib
0x00000000075a6000 	/usr/lib/libcups.2.dylib
0x00000000075a6000 	/System/Library/Frameworks/Kerberos.framework/Versions/A/Kerberos
0x00000000075a6000 	/System/Library/Frameworks/GSS.framework/Versions/A/GSS
0x00000000075a6000 	/usr/lib/libresolv.9.dylib
0x00000000075a6000 	/usr/lib/libiconv.2.dylib
0x00000000075a6000 	/System/Library/PrivateFrameworks/Heimdal.framework/Versions/A/Heimdal
0x00000000075a6000 	/usr/lib/libheimdal-asn1.dylib
0x00000000075a6000 	/System/Library/Frameworks/OpenDirectory.framework/Versions/A/OpenDirectory
0x00000000075a6000 	/System/Library/PrivateFrameworks/CommonAuth.framework/Versions/A/CommonAuth
0x00000000075a6000 	/System/Library/Frameworks/OpenDirectory.framework/Versions/A/Frameworks/CFOpenDirectory.framework/Versions/A/CFOpenDirectory
0x00000000075a6000 	/System/Library/Frameworks/SecurityFoundation.framework/Versions/A/SecurityFoundation
0x00000000075a6000 	/System/Library/PrivateFrameworks/LanguageModeling.framework/Versions/A/LanguageModeling
0x00000000075a6000 	/usr/lib/libcmph.dylib
0x00000000075a6000 	/System/Library/Frameworks/ServiceManagement.framework/Versions/A/ServiceManagement
0x00000000075a6000 	/usr/lib/libxslt.1.dylib
0x00000000075a6000 	/System/Library/Frameworks/Carbon.framework/Versions/A/Frameworks/Ink.framework/Versions/A/Ink
0x00000000075a6000 	/System/Library/Frameworks/QuartzCore.framework/Versions/A/Frameworks/CoreImage.framework/Versions/A/CoreImage
0x00000000075a6000 	/System/Library/PrivateFrameworks/CrashReporterSupport.framework/Versions/A/CrashReporterSupport
0x00000000075a6000 	/System/Library/Frameworks/OpenCL.framework/Versions/A/OpenCL
0x00000000075a6000 	/System/Library/PrivateFrameworks/FaceCore.framework/Versions/A/FaceCore
0x00000000075a6000 	/System/Library/PrivateFrameworks/Ubiquity.framework/Versions/A/Ubiquity
0x00000000075a6000 	/System/Library/PrivateFrameworks/IconServices.framework/Versions/A/IconServices
0x00000000075a6000 	/System/Library/PrivateFrameworks/ChunkingLibrary.framework/Versions/A/ChunkingLibrary
0x00000000075a6000 	/System/Library/PrivateFrameworks/Apple80211.framework/Versions/A/Apple80211
0x00000000075a6000 	/System/Library/Frameworks/CoreWLAN.framework/Versions/A/CoreWLAN
0x00000000075a6000 	/System/Library/Frameworks/IOBluetooth.framework/Versions/A/IOBluetooth
0x00000000075a6000 	/System/Library/PrivateFrameworks/CoreWiFi.framework/Versions/A/CoreWiFi
0x00000000075a6000 	/System/Library/Frameworks/CoreBluetooth.framework/Versions/A/CoreBluetooth
0x00000000075a6000 	/System/Library/PrivateFrameworks/DebugSymbols.framework/Versions/A/DebugSymbols
0x00000000075a6000 	/System/Library/PrivateFrameworks/CoreSymbolication.framework/Versions/A/CoreSymbolication
0x00000000075a6000 	/System/Library/PrivateFrameworks/Symbolication.framework/Versions/A/Symbolication
0x00000000075a6000 	/System/Library/PrivateFrameworks/SpeechRecognitionCore.framework/Versions/A/SpeechRecognitionCore
0x0000000103f8e000 	/Library/Java/JavaVirtualMachines/jdk1.8.0_40.jdk/Contents/Home/jre/lib/server/libjvm.dylib
0x00000000075a6000 	/usr/lib/libstdc++.6.dylib
0x0000000104f0e000 	/Library/Java/JavaVirtualMachines/jdk1.8.0_40.jdk/Contents/Home/jre/lib/libverify.dylib
0x0000000104f1c000 	/Library/Java/JavaVirtualMachines/jdk1.8.0_40.jdk/Contents/Home/jre/lib/libjava.dylib
0x0000000104f5b000 	/Library/Java/JavaVirtualMachines/jdk1.8.0_40.jdk/Contents/Home/jre/lib/libzip.dylib
0x0000000118734000 	/System/Library/Frameworks/JavaVM.framework/Frameworks/JavaRuntimeSupport.framework/JavaRuntimeSupport
0x000000011874c000 	/System/Library/Frameworks/JavaVM.framework/Versions/A/Frameworks/JavaNativeFoundation.framework/Versions/A/JavaNativeFoundation
0x0000000118761000 	/System/Library/Frameworks/JavaVM.framework/Versions/A/JavaVM
0x00000000075a6000 	/System/Library/Frameworks/Carbon.framework/Versions/A/Carbon
0x000000011876e000 	/System/Library/PrivateFrameworks/JavaLaunching.framework/Versions/A/JavaLaunching
0x00000000075a6000 	/System/Library/Frameworks/Carbon.framework/Versions/A/Frameworks/CommonPanels.framework/Versions/A/CommonPanels
0x00000000075a6000 	/System/Library/Frameworks/Carbon.framework/Versions/A/Frameworks/Help.framework/Versions/A/Help
0x00000000075a6000 	/System/Library/Frameworks/Carbon.framework/Versions/A/Frameworks/ImageCapture.framework/Versions/A/ImageCapture
0x00000000075a6000 	/System/Library/Frameworks/Carbon.framework/Versions/A/Frameworks/OpenScripting.framework/Versions/A/OpenScripting
0x00000000075a6000 	/System/Library/Frameworks/Carbon.framework/Versions/A/Frameworks/Print.framework/Versions/A/Print
0x00000000075a6000 	/System/Library/Frameworks/Carbon.framework/Versions/A/Frameworks/SecurityHI.framework/Versions/A/SecurityHI
0x000000011a65b000 	/Library/Java/JavaVirtualMachines/jdk1.8.0_40.jdk/Contents/Home/jre/lib/libprism_es2.dylib
0x00000000075a6000 	/System/Library/Frameworks/OpenGL.framework/Versions/A/Resources/GLEngine.bundle/GLEngine
0x00000000075a6000 	/System/Library/Frameworks/OpenGL.framework/Versions/A/Libraries/libGLProgrammability.dylib
0x0000000000000000 	/System/Library/Extensions/GeForceTeslaGLDriver.bundle/Contents/MacOS/GeForceTeslaGLDriver
0x000000011a6d9000 	/System/Library/Extensions/GeForceTeslaGLDriver.bundle/Contents/MacOS/libclh.dylib
0x000000011af20000 	/System/Library/PrivateFrameworks/GPUSupport.framework/Versions/A/Libraries/libGPUSupport.dylib
0x00000000075a6000 	/System/Library/Frameworks/OpenGL.framework/Versions/A/Resources/GLRendererFloat.bundle/GLRendererFloat
0x00000000075a6000 	/System/Library/Frameworks/OpenCL.framework/Versions/A/Libraries/libcldcpuengine.dylib
0x00000000075a6000 	/System/Library/PrivateFrameworks/DiskImages.framework/Versions/A/DiskImages
0x00000000075a6000 	/System/Library/Frameworks/DiscRecording.framework/Versions/A/DiscRecording
0x00000000075a6000 	/usr/lib/libcsfde.dylib
0x00000000075a6000 	/usr/lib/libcurl.4.dylib
0x00000000075a6000 	/System/Library/PrivateFrameworks/MediaKit.framework/Versions/A/MediaKit
0x00000000075a6000 	/System/Library/PrivateFrameworks/ProtectedCloudStorage.framework/Versions/A/ProtectedCloudStorage
0x00000000075a6000 	/usr/lib/libCoreStorage.dylib
0x00000000075a6000 	/System/Library/PrivateFrameworks/EFILogin.framework/Versions/A/EFILogin
0x00000000075a6000 	/usr/lib/libutil.dylib
0x00000000075a6000 	/System/Library/PrivateFrameworks/FindMyDevice.framework/Versions/A/FindMyDevice
0x00000000075a6000 	/System/Library/Frameworks/LDAP.framework/Versions/A/LDAP
0x00000000075a6000 	/usr/lib/libsasl2.2.dylib
0x00000000075a6000 	/System/Library/PrivateFrameworks/CoreDaemon.framework/Versions/B/CoreDaemon
0x00000000075a6000 	/usr/lib/libcrypto.0.9.8.dylib
0x00000000075a6000 	/System/Library/PrivateFrameworks/AppleSRP.framework/Versions/A/AppleSRP
0x00000000075a6000 	/System/Library/PrivateFrameworks/TrustEvaluationAgent.framework/Versions/A/TrustEvaluationAgent
0x000000011afed000 	/Library/Java/JavaVirtualMachines/jdk1.8.0_40.jdk/Contents/Home/jre/lib/libglass.dylib
0x00000000075a6000 	/System/Library/PrivateFrameworks/CoreServicesInternal.framework/Versions/A/CoreServicesInternal
0x00000000075a6000 	/System/Library/PrivateFrameworks/CloudDocs.framework/Versions/A/CloudDocs
0x00000000075a6000 	/System/Library/PrivateFrameworks/CoreDuet.framework/Versions/A/CoreDuet
0x00000000075a6000 	/System/Library/Frameworks/CloudKit.framework/Versions/A/CloudKit
0x00000000075a6000 	/System/Library/PrivateFrameworks/ProtocolBuffer.framework/Versions/A/ProtocolBuffer
0x00000000075a6000 	/System/Library/PrivateFrameworks/CoreDuetDaemonProtocol.framework/Versions/A/CoreDuetDaemonProtocol
0x00000000075a6000 	/System/Library/PrivateFrameworks/CoreDuetDebugLogging.framework/Versions/A/CoreDuetDebugLogging
0x00000000075a6000 	/System/Library/Frameworks/CoreLocation.framework/Versions/A/CoreLocation
0x00000000075a6000 	/System/Library/Frameworks/Accounts.framework/Versions/A/Accounts
0x00000000075a6000 	/System/Library/PrivateFrameworks/ApplePushService.framework/Versions/A/ApplePushService
0x00000000075a6000 	/System/Library/PrivateFrameworks/GeoServices.framework/Versions/A/GeoServices
0x00000000075a6000 	/System/Library/PrivateFrameworks/OAuth.framework/Versions/A/OAuth
0x00000000075a6000 	/System/Library/Frameworks/CoreGraphics.framework/Versions/A/Resources/libCGCMS.A.dylib
0x00000000075a6000 	/System/Library/CoreServices/RawCamera.bundle/Contents/MacOS/RawCamera
0x00000000075a6000 	/System/Library/Frameworks/CoreGraphics.framework/Versions/A/Resources/libRIP.A.dylib
0x00000000075a6000 	/System/Library/PrivateFrameworks/FamilyControls.framework/Versions/A/FamilyControls
0x00000000075a6000 	/System/Library/PrivateFrameworks/CommerceKit.framework/Versions/A/Frameworks/CommerceCore.framework/Versions/A/CommerceCore
0x00000000075a6000 	/System/Library/PrivateFrameworks/SystemAdministration.framework/Versions/A/SystemAdministration
0x00000000075a6000 	/System/Library/PrivateFrameworks/AppContainer.framework/Versions/A/AppContainer
0x00000000075a6000 	/System/Library/PrivateFrameworks/SecCodeWrapper.framework/Versions/A/SecCodeWrapper
0x00000000075a6000 	/System/Library/Frameworks/DirectoryService.framework/Versions/A/DirectoryService
0x00000000075a6000 	/System/Library/PrivateFrameworks/LoginUIKit.framework/Versions/A/Frameworks/LoginUICore.framework/Versions/A/LoginUICore
0x00000000075a6000 	/usr/lib/libodfde.dylib
0x000000011e934000 	/Library/Java/JavaVirtualMachines/jdk1.8.0_40.jdk/Contents/Home/jre/lib/libnet.dylib
0x000000011ca05000 	/Library/Java/JavaVirtualMachines/jdk1.8.0_40.jdk/Contents/Home/jre/lib/libnio.dylib
0x000000011ca40000 	/Library/Java/JavaVirtualMachines/jdk1.8.0_40.jdk/Contents/Home/jre/lib/libsunec.dylib
0x000000011cacb000 	/Library/Java/JavaVirtualMachines/jdk1.8.0_40.jdk/Contents/Home/jre/lib/libjavafx_font.dylib
0x00000000075a6000 	/System/Library/Frameworks/CoreGraphics.framework/Versions/A/Resources/libCGXType.A.dylib
0x000000011e1e7000 	/Library/Java/JavaVirtualMachines/jdk1.8.0_40.jdk/Contents/Home/jre/lib/libprism_common.dylib
0x000000011cac4000 	cl_kernels
0x00000001239a8000 	/System/Library/Frameworks/OpenCL.framework/Versions/A/Libraries/ImageFormats/unorm8_bgra.dylib
0x000000011cac9000 	cl_kernels
0x000000012435f000 	/Library/Java/JavaVirtualMachines/jdk1.8.0_40.jdk/Contents/Home/jre/lib/libawt.dylib
0x0000000125f28000 	/Library/Java/JavaVirtualMachines/jdk1.8.0_40.jdk/Contents/Home/jre/lib/./libmlib_image.dylib
0x0000000125956000 	/Library/Java/JavaVirtualMachines/jdk1.8.0_40.jdk/Contents/Home/jre/lib/libawt_lwawt.dylib
0x000000011877b000 	/Library/Java/JavaVirtualMachines/jdk1.8.0_40.jdk/Contents/Home/jre/lib/./libosxapp.dylib
0x00000000075a6000 	/System/Library/Frameworks/ExceptionHandling.framework/Versions/A/ExceptionHandling
0x000000011b162000 	/Library/Java/JavaVirtualMachines/jdk1.8.0_40.jdk/Contents/Home/jre/lib/libfontmanager.dylib
0x0000000118797000 	/Library/Java/JavaVirtualMachines/jdk1.8.0_40.jdk/Contents/Home/jre/lib/libosxui.dylib
0x00000000075a6000 	/System/Library/Frameworks/Accelerate.framework/Versions/A/Frameworks/vImage.framework/Versions/A/Libraries/libCGInterfaces.dylib

VM Arguments:
jvm_args: -Dfile.encoding=UTF-8 
java_command: VIEW.View
java_class_path (initial): /Users/idinter/Desktop/workspace/SBOBETCLI/bin:/Users/idinter/Desktop/workspace/SBOBETCLI/selenium-java-2.45.0.jar:/Users/idinter/Desktop/workspace/SBOBETCLI/selenium-server-standalone-2.45.0.jar
Launcher Type: SUN_STANDARD

Environment Variables:
PATH=/usr/bin:/bin:/usr/sbin:/sbin
SHELL=/bin/bash
DISPLAY=/private/tmp/com.apple.launchd.IpRDJXs5mS/org.macosforge.xquartz:0

Signal Handlers:
SIGSEGV: [libjvm.dylib+0x58ef95], sa_mask[0]=11111111011111110111111111111111, sa_flags=SA_ONSTACK|SA_RESTART|SA_SIGINFO
SIGBUS: [libjvm.dylib+0x58ef95], sa_mask[0]=11111111011111110111111111111111, sa_flags=SA_RESTART|SA_SIGINFO
SIGFPE: [libjvm.dylib+0x46c118], sa_mask[0]=11111111011111110111111111111111, sa_flags=SA_RESTART|SA_SIGINFO
SIGPIPE: [libjvm.dylib+0x46c118], sa_mask[0]=11111111011111110111111111111111, sa_flags=SA_RESTART|SA_SIGINFO
SIGXFSZ: [libjvm.dylib+0x46c118], sa_mask[0]=11111111011111110111111111111111, sa_flags=SA_RESTART|SA_SIGINFO
SIGILL: [libjvm.dylib+0x46c118], sa_mask[0]=11111111011111110111111111111111, sa_flags=SA_RESTART|SA_SIGINFO
SIGUSR1: SIG_DFL, sa_mask[0]=00000000000000000000000000000000, sa_flags=none
SIGUSR2: [libjvm.dylib+0x46bc36], sa_mask[0]=00100000000000000000000000000000, sa_flags=SA_RESTART|SA_SIGINFO
SIGHUP: [libjvm.dylib+0x46a209], sa_mask[0]=11111111011111110111111111111111, sa_flags=SA_RESTART|SA_SIGINFO
SIGINT: [libjvm.dylib+0x46a209], sa_mask[0]=11111111011111110111111111111111, sa_flags=SA_RESTART|SA_SIGINFO
SIGTERM: [libjvm.dylib+0x46a209], sa_mask[0]=11111111011111110111111111111111, sa_flags=SA_RESTART|SA_SIGINFO
SIGQUIT: [libjvm.dylib+0x46a209], sa_mask[0]=11111111011111110111111111111111, sa_flags=SA_RESTART|SA_SIGINFO


---------------  S Y S T E M  ---------------

OS:Bsduname:Darwin 14.1.0 Darwin Kernel Version 14.1.0: Thu Feb 26 19:26:47 PST 2015; root:xnu-2782.10.73~1/RELEASE_X86_64 x86_64
rlimit: STACK 8192k, CORE 0k, NPROC 709, NOFILE 10240, AS infinity
load average:55.32 16.25 7.14

CPU:total 2 (2 cores per cpu, 1 threads per core) family 6 model 23 stepping 10, cmov, cx8, fxsr, mmx, sse, sse2, sse3, ssse3, sse4.1, tsc

Memory: 4k page, physical 4194304k(52768k free)

/proc/meminfo:


vm_info: Java HotSpot(TM) 64-Bit Server VM (25.40-b25) for bsd-amd64 JRE (1.8.0_40-b27), built on Mar 13 2015 04:46:52 by "java_re" with gcc 4.2.1 (Based on Apple Inc. build 5658) (LLVM build 2336.11.00)

time: Tue Jul 28 13:39:34 2015
elapsed time: 3235 seconds (0d 0h 53m 55s)

