#
# A fatal error has been detected by the Java Runtime Environment:
#
#  SIGSEGV (0xb) at pc=0x000000011ee825dd, pid=545, tid=1811
#
# JRE version: Java(TM) SE Runtime Environment (8.0_40-b27) (build 1.8.0_40-b27)
# Java VM: Java HotSpot(TM) 64-Bit Server VM (25.40-b25 mixed mode bsd-amd64 compressed oops)
# Problematic frame:
# C  [libglass.dylib+0x155dd]  GlassScreenDidChangeScreenParameters+0x9d
#
# Failed to write core dump. Core dumps have been disabled. To enable core dumping, try "ulimit -c unlimited" before starting Java again
#
# If you would like to submit a bug report, please visit:
#   http://bugreport.java.com/bugreport/crash.jsp
#

---------------  T H R E A D  ---------------

Current thread is native thread

siginfo: si_signo: 11 (SIGSEGV), si_code: 1 (SEGV_MAPERR), si_addr: 0x0000000000000000

Registers:
RAX=0x000000011eeb4bc0, RBX=0x0000000000000000, RCX=0x0c0096b656cfdbd0, RDX=0x00007fdeebdba3a0
RSP=0x00007fff57eee080, RBP=0x00007fff57eee090, RSI=0x00007fdeebd1c660, RDI=0x0000000000000000
R8 =0x00007fff57eedf30, R9 =0x00007fff74b77300, R10=0x0000000000000000, R11=0x0000000000000246
R12=0x00007fdeebd39830, R13=0x00000000000f4268, R14=0x00007fdeebdba2b0, R15=0x00007fff57eee1d8
RIP=0x000000011ee825dd, EFLAGS=0x0000000000010206, ERR=0x0000000000000004
  TRAPNO=0x000000000000000e

Top of Stack: (sp=0x00007fff57eee080)
0x00007fff57eee080:   00007fff57eee278 00007fdeebdba2b0
0x00007fff57eee090:   00007fff57eee0a0 00007fff8beb3cdc
0x00007fff57eee0a0:   00007fff57eee400 00007fff8bda5244
0x00007fff57eee0b0:   0000000000000000 0000000000000000
0x00007fff57eee0c0:   0000000000000013 0000000000000000
0x00007fff57eee0d0:   00000000000f43d3 0000000000000f60
0x00007fff57eee0e0:   0000000000000001 00007fdeebdba2b0
0x00007fff57eee0f0:   0000000000000000 00007fff57eee1d0
0x00007fff57eee100:   0000000000000000 00007fdeebdba270
0x00007fff57eee110:   00007fff57eee250 00000000000000a4
0x00007fff57eee120:   00000000000f45b0 00007fdeee46d040
0x00007fff57eee130:   00007fdeebc73340 00007fdeebd39830
0x00007fff57eee140:   0000000000000001 00000000000f4268
0x00007fff57eee150:   00007fdeebd39820 0000000107d2a000
0x00007fff57eee160:   00007fff57eee200 00007fff891fe4ff
0x00007fff57eee170:   00007fdef040cca0 00007fdef0410200
0x00007fff57eee180:   0000000107d2a000 0000000107d2a000
0x00007fff57eee190:   00007fff57eee230 00007fff891fe4ff
0x00007fff57eee1a0:   00007fdeebdfc080 000000000000001c
0x00007fff57eee1b0:   003fb503ebd39854 00007fdeebd39854
0x00007fff57eee1c0:   0000000000000000 00007fff8976c64f
0x00007fff57eee1d0:   00007fdef0cb6a70 00007fdeebdba2b0
0x00007fff57eee1e0:   0000000300000003 0000000000000000
0x00007fff57eee1f0:   00007fff57eee26c 00007fff57eee270
0x00007fff57eee200:   00007fff57eee274 00007fdeebda54b8
0x00007fff57eee210:   ffffffffffffffff 0000206000000040
0x00007fff57eee220:   00007fdeebda54d0 00007fdeebda54b8
0x00007fff57eee230:   00007fff57eee320 00007fff891faedc
0x00007fff57eee240:   303ffffffffdc48a 0000000000019e03
0x00007fff57eee250:   0000000000000014 0000000000000000
0x00007fff57eee260:   00000000000f43d4 0000000000000017
0x00007fff57eee270:   0000000000000000 00000000000f4268 

Instructions: (pc=0x000000011ee825dd)
0x000000011ee825bd:   89 df 4c 89 f1 41 ff 90 68 04 00 00 48 8d 05 f8
0x000000011ee825cd:   24 03 00 48 8b 30 48 8d 05 e6 25 03 00 48 8b 10
0x000000011ee825dd:   48 8b 0b 30 c0 48 89 df ff 91 68 04 00 00 48 8b
0x000000011ee825ed:   03 48 89 df ff 50 78 48 85 c0 74 36 49 89 c6 48 

Register to memory mapping:

RAX=0x000000011eeb4bc0: jScreenNotifySettingsChanged+0 in /Library/Java/JavaVirtualMachines/jdk1.8.0_40.jdk/Contents/Home/jre/lib/libglass.dylib at 0x000000011ee6d000
RBX=0x0000000000000000 is an unknown value
RCX=0x0c0096b656cfdbd0 is an unknown value
RDX=0x00007fdeebdba3a0 is an unknown value
RSP=0x00007fff57eee080 is an unknown value
RBP=0x00007fff57eee090 is an unknown value
RSI=0x00007fdeebd1c660 is a global jni handle
RDI=0x0000000000000000 is an unknown value
R8 =0x00007fff57eedf30 is an unknown value
R9 =0x00007fff74b77300: _thread+0 in /usr/lib/system/libsystem_pthread.dylib at 0x00007fff897a3000
R10=0x0000000000000000 is an unknown value
R11=0x0000000000000246 is an unknown value
R12=0x00007fdeebd39830 is an unknown value
R13=0x00000000000f4268 is an unknown value
R14=0x00007fdeebdba2b0 is an unknown value
R15=0x00007fff57eee1d8 is an unknown value


Stack: [0x00007fff576f1000,0x00007fff57ef1000],  sp=0x00007fff57eee080,  free space=8180k
Native frames: (J=compiled Java code, j=interpreted, Vv=VM code, C=native code)
C  [libglass.dylib+0x155dd]  GlassScreenDidChangeScreenParameters+0x9d
C  [CoreFoundation+0x11ecdc]  __CFNOTIFICATIONCENTER_IS_CALLING_OUT_TO_AN_OBSERVER__+0xc
C  [CoreFoundation+0x10244]  _CFXNotificationPost+0xc44
C  [Foundation+0x2c31]  -[NSNotificationCenter postNotificationName:object:userInfo:]+0x42
C  [AppKit+0x36305e]  -[NSApplication _reactToScreenInvalidationImmediately:]+0x17b
C  [AppKit+0x362e9d]  __44-[NSApplication _reactToScreenInvalidation:]_block_invoke+0x4b
C  [CoreFoundation+0x8056c]  __CFRUNLOOP_IS_CALLING_OUT_TO_A_BLOCK__+0xc
C  [CoreFoundation+0x72675]  __CFRunLoopDoBlocks+0x155
C  [CoreFoundation+0x721b6]  __CFRunLoopRun+0x716
C  [CoreFoundation+0x71858]  CFRunLoopRunSpecific+0x128
C  [java+0x6490]  CreateExecutionEnvironment+0x367
C  [java+0x221c]  JLI_Launch+0x7a0
C  [java+0x84ed]  main+0x65
C  [java+0x1a74]  start+0x34


---------------  P R O C E S S  ---------------

VM state:not at safepoint (normal execution)

VM Mutex/Monitor currently owned by a thread: None

Heap:
 PSYoungGen      total 111616K, used 9232K [0x00000007aab00000, 0x00000007b2480000, 0x00000007c0000000)
  eden space 100864K, 5% used [0x00000007aab00000,0x00000007ab080050,0x00000007b0d80000)
  from space 10752K, 33% used [0x00000007b1a00000,0x00000007b1d84010,0x00000007b2480000)
  to   space 11776K, 0% used [0x00000007b0d80000,0x00000007b0d80000,0x00000007b1900000)
 ParOldGen       total 41984K, used 20120K [0x0000000780000000, 0x0000000782900000, 0x00000007aab00000)
  object space 41984K, 47% used [0x0000000780000000,0x00000007813a6040,0x0000000782900000)
 Metaspace       used 35538K, capacity 37108K, committed 37376K, reserved 1081344K
  class space    used 4775K, capacity 5087K, committed 5120K, reserved 1048576K

Card table byte_map: [0x00000001186c3000,0x00000001188c4000] byte_map_base: 0x0000000114ac3000

Marking Bits: (ParMarkBitMap*) 0x00000001086d07a0
 Begin Bits: [0x0000000118c20000, 0x0000000119c20000)
 End Bits:   [0x0000000119c20000, 0x000000011ac20000)

Polling page: 0x0000000108dd1000

CodeCache: size=245760Kb used=19895Kb max_used=19902Kb free=225864Kb
 bounds [0x0000000109303000, 0x000000010a693000, 0x0000000118303000]
 total_blobs=7100 nmethods=6240 adapters=774
 compilation: enabled

Compilation events (10 events):
Event: 2490.553 Thread 0x00007fdeec806800 7123       3       com.sun.prism.impl.ps.BaseShaderGraphics::canUseStrokeShader (48 bytes)
Event: 2490.554 Thread 0x00007fdeec806800 nmethod 7123 0x000000010a673310 code [0x000000010a6734c0, 0x000000010a673b30]
Event: 2490.554 Thread 0x00007fdeec806800 7124       3       com.sun.prism.BasicStroke::isDashed (13 bytes)
Event: 2490.554 Thread 0x00007fdeec806800 nmethod 7124 0x000000010a67f510 code [0x000000010a67f680, 0x000000010a67f830]
Event: 2532.297 Thread 0x00007fdeec065000 7125       4       javafx.scene.Scene$MouseHandler::handleEnterExit (366 bytes)
Event: 2532.444 Thread 0x00007fdeec065000 nmethod 7125 0x000000010a684910 code [0x000000010a684d60, 0x000000010a6876b0]
Event: 2533.612 Thread 0x00007fdeec806800 7126       3       java.lang.invoke.InnerClassLambdaMetafactory::generateFactory (136 bytes)
Event: 2533.615 Thread 0x00007fdeec806800 nmethod 7126 0x000000010a681150 code [0x000000010a681500, 0x000000010a6832e8]
Event: 2533.756 Thread 0x00007fdeec806800 7127       3       jdk.internal.org.objectweb.asm.MethodVisitor::visitInsn (16 bytes)
Event: 2533.756 Thread 0x00007fdeec806800 nmethod 7127 0x000000010a680cd0 code [0x000000010a680e40, 0x000000010a6810a8]

GC Heap History (10 events):
Event: 88.578 GC heap before
{Heap before GC invocations=8 (full 1):
 PSYoungGen      total 39424K, used 35328K [0x00000007aab00000, 0x00000007ad800000, 0x00000007c0000000)
  eden space 32768K, 100% used [0x00000007aab00000,0x00000007acb00000,0x00000007acb00000)
  from space 6656K, 38% used [0x00000007ad180000,0x00000007ad400010,0x00000007ad800000)
  to   space 6656K, 0% used [0x00000007acb00000,0x00000007acb00000,0x00000007ad180000)
 ParOldGen       total 28672K, used 7726K [0x0000000780000000, 0x0000000781c00000, 0x00000007aab00000)
  object space 28672K, 26% used [0x0000000780000000,0x000000078078b878,0x0000000781c00000)
 Metaspace       used 28036K, capacity 29442K, committed 29696K, reserved 1075200K
  class space    used 4007K, capacity 4272K, committed 4352K, reserved 1048576K
Event: 88.641 GC heap after
Heap after GC invocations=8 (full 1):
 PSYoungGen      total 39424K, used 6624K [0x00000007aab00000, 0x00000007afe00000, 0x00000007c0000000)
  eden space 32768K, 0% used [0x00000007aab00000,0x00000007aab00000,0x00000007acb00000)
  from space 6656K, 99% used [0x00000007acb00000,0x00000007ad178020,0x00000007ad180000)
  to   space 9728K, 0% used [0x00000007af480000,0x00000007af480000,0x00000007afe00000)
 ParOldGen       total 28672K, used 11978K [0x0000000780000000, 0x0000000781c00000, 0x00000007aab00000)
  object space 28672K, 41% used [0x0000000780000000,0x0000000780bb2bc8,0x0000000781c00000)
 Metaspace       used 28036K, capacity 29442K, committed 29696K, reserved 1075200K
  class space    used 4007K, capacity 4272K, committed 4352K, reserved 1048576K
}
Event: 210.399 GC heap before
{Heap before GC invocations=9 (full 1):
 PSYoungGen      total 39424K, used 33085K [0x00000007aab00000, 0x00000007afe00000, 0x00000007c0000000)
  eden space 32768K, 80% used [0x00000007aab00000,0x00000007ac4d76b0,0x00000007acb00000)
  from space 6656K, 99% used [0x00000007acb00000,0x00000007ad178020,0x00000007ad180000)
  to   space 9728K, 0% used [0x00000007af480000,0x00000007af480000,0x00000007afe00000)
 ParOldGen       total 28672K, used 11978K [0x0000000780000000, 0x0000000781c00000, 0x00000007aab00000)
  object space 28672K, 41% used [0x0000000780000000,0x0000000780bb2bc8,0x0000000781c00000)
 Metaspace       used 33810K, capacity 35272K, committed 35416K, reserved 1079296K
  class space    used 4723K, capacity 5031K, committed 5120K, reserved 1048576K
Event: 210.453 GC heap after
Heap after GC invocations=9 (full 1):
 PSYoungGen      total 73216K, used 9712K [0x00000007aab00000, 0x00000007b0200000, 0x00000007c0000000)
  eden space 63488K, 0% used [0x00000007aab00000,0x00000007aab00000,0x00000007ae900000)
  from space 9728K, 99% used [0x00000007af480000,0x00000007afdfc030,0x00000007afe00000)
  to   space 11776K, 0% used [0x00000007ae900000,0x00000007ae900000,0x00000007af480000)
 ParOldGen       total 28672K, used 13630K [0x0000000780000000, 0x0000000781c00000, 0x00000007aab00000)
  object space 28672K, 47% used [0x0000000780000000,0x0000000780d4fbe8,0x0000000781c00000)
 Metaspace       used 33810K, capacity 35272K, committed 35416K, reserved 1079296K
  class space    used 4723K, capacity 5031K, committed 5120K, reserved 1048576K
}
Event: 210.453 GC heap before
{Heap before GC invocations=10 (full 2):
 PSYoungGen      total 73216K, used 9712K [0x00000007aab00000, 0x00000007b0200000, 0x00000007c0000000)
  eden space 63488K, 0% used [0x00000007aab00000,0x00000007aab00000,0x00000007ae900000)
  from space 9728K, 99% used [0x00000007af480000,0x00000007afdfc030,0x00000007afe00000)
  to   space 11776K, 0% used [0x00000007ae900000,0x00000007ae900000,0x00000007af480000)
 ParOldGen       total 28672K, used 13630K [0x0000000780000000, 0x0000000781c00000, 0x00000007aab00000)
  object space 28672K, 47% used [0x0000000780000000,0x0000000780d4fbe8,0x0000000781c00000)
 Metaspace       used 33810K, capacity 35272K, committed 35416K, reserved 1079296K
  class space    used 4723K, capacity 5031K, committed 5120K, reserved 1048576K
Event: 210.727 GC heap after
Heap after GC invocations=10 (full 2):
 PSYoungGen      total 73216K, used 0K [0x00000007aab00000, 0x00000007b0200000, 0x00000007c0000000)
  eden space 63488K, 0% used [0x00000007aab00000,0x00000007aab00000,0x00000007ae900000)
  from space 9728K, 0% used [0x00000007af480000,0x00000007af480000,0x00000007afe00000)
  to   space 11776K, 0% used [0x00000007ae900000,0x00000007ae900000,0x00000007af480000)
 ParOldGen       total 41984K, used 20104K [0x0000000780000000, 0x0000000782900000, 0x00000007aab00000)
  object space 41984K, 47% used [0x0000000780000000,0x00000007813a2040,0x0000000782900000)
 Metaspace       used 33810K, capacity 35272K, committed 35416K, reserved 1079296K
  class space    used 4723K, capacity 5031K, committed 5120K, reserved 1048576K
}
Event: 234.574 GC heap before
{Heap before GC invocations=11 (full 2):
 PSYoungGen      total 73216K, used 63488K [0x00000007aab00000, 0x00000007b0200000, 0x00000007c0000000)
  eden space 63488K, 100% used [0x00000007aab00000,0x00000007ae900000,0x00000007ae900000)
  from space 9728K, 0% used [0x00000007af480000,0x00000007af480000,0x00000007afe00000)
  to   space 11776K, 0% used [0x00000007ae900000,0x00000007ae900000,0x00000007af480000)
 ParOldGen       total 41984K, used 20104K [0x0000000780000000, 0x0000000782900000, 0x00000007aab00000)
  object space 41984K, 47% used [0x0000000780000000,0x00000007813a2040,0x0000000782900000)
 Metaspace       used 34870K, capacity 36392K, committed 36608K, reserved 1081344K
  class space    used 4756K, capacity 5063K, committed 5120K, reserved 1048576K
Event: 234.587 GC heap after
Heap after GC invocations=11 (full 2):
 PSYoungGen      total 75264K, used 1568K [0x00000007aab00000, 0x00000007b2600000, 0x00000007c0000000)
  eden space 63488K, 0% used [0x00000007aab00000,0x00000007aab00000,0x00000007ae900000)
  from space 11776K, 13% used [0x00000007ae900000,0x00000007aea88000,0x00000007af480000)
  to   space 12288K, 0% used [0x00000007b1a00000,0x00000007b1a00000,0x00000007b2600000)
 ParOldGen       total 41984K, used 20112K [0x0000000780000000, 0x0000000782900000, 0x00000007aab00000)
  object space 41984K, 47% used [0x0000000780000000,0x00000007813a4040,0x0000000782900000)
 Metaspace       used 34870K, capacity 36392K, committed 36608K, reserved 1081344K
  class space    used 4756K, capacity 5063K, committed 5120K, reserved 1048576K
}
Event: 2474.620 GC heap before
{Heap before GC invocations=12 (full 2):
 PSYoungGen      total 75264K, used 65056K [0x00000007aab00000, 0x00000007b2600000, 0x00000007c0000000)
  eden space 63488K, 100% used [0x00000007aab00000,0x00000007ae900000,0x00000007ae900000)
  from space 11776K, 13% used [0x00000007ae900000,0x00000007aea88000,0x00000007af480000)
  to   space 12288K, 0% used [0x00000007b1a00000,0x00000007b1a00000,0x00000007b2600000)
 ParOldGen       total 41984K, used 20112K [0x0000000780000000, 0x0000000782900000, 0x00000007aab00000)
  object space 41984K, 47% used [0x0000000780000000,0x00000007813a4040,0x0000000782900000)
 Metaspace       used 35513K, capacity 37076K, committed 37376K, reserved 1081344K
  class space    used 4769K, capacity 5079K, committed 5120K, reserved 1048576K
Event: 2474.648 GC heap after
Heap after GC invocations=12 (full 2):
 PSYoungGen      total 111616K, used 3600K [0x00000007aab00000, 0x00000007b2480000, 0x00000007c0000000)
  eden space 100864K, 0% used [0x00000007aab00000,0x00000007aab00000,0x00000007b0d80000)
  from space 10752K, 33% used [0x00000007b1a00000,0x00000007b1d84010,0x00000007b2480000)
  to   space 11776K, 0% used [0x00000007b0d80000,0x00000007b0d80000,0x00000007b1900000)
 ParOldGen       total 41984K, used 20120K [0x0000000780000000, 0x0000000782900000, 0x00000007aab00000)
  object space 41984K, 47% used [0x0000000780000000,0x00000007813a6040,0x0000000782900000)
 Metaspace       used 35513K, capacity 37076K, committed 37376K, reserved 1081344K
  class space    used 4769K, capacity 5079K, committed 5120K, reserved 1048576K
}

Deoptimization events (10 events):
Event: 288.982 Thread 0x00007fdeec309800 Uncommon trap: reason=unstable_if action=reinterpret pc=0x0000000109b56540 method=java.lang.StrictMath.floorOrCeil(DDDD)D @ 38
Event: 288.985 Thread 0x00007fdeec309800 Uncommon trap: reason=array_check action=maybe_recompile pc=0x00000001096bb08c method=java.util.AbstractCollection.toArray([Ljava/lang/Object;)[Ljava/lang/Object; @ 119
Event: 288.985 Thread 0x00007fdeec309800 Uncommon trap: reason=array_check action=maybe_recompile pc=0x00000001096bb08c method=java.util.AbstractCollection.toArray([Ljava/lang/Object;)[Ljava/lang/Object; @ 119
Event: 288.985 Thread 0x00007fdeec309800 Uncommon trap: reason=array_check action=maybe_recompile pc=0x00000001096bb08c method=java.util.AbstractCollection.toArray([Ljava/lang/Object;)[Ljava/lang/Object; @ 119
Event: 288.988 Thread 0x00007fdeec309800 Uncommon trap: reason=array_check action=maybe_recompile pc=0x00000001096bb08c method=java.util.AbstractCollection.toArray([Ljava/lang/Object;)[Ljava/lang/Object; @ 119
Event: 1515.924 Thread 0x00007fdeec309800 Uncommon trap: reason=unstable_if action=reinterpret pc=0x0000000109f24c08 method=java.util.AbstractList.equals(Ljava/lang/Object;)Z @ 2
Event: 1517.196 Thread 0x00007fdeec309800 Uncommon trap: reason=class_check action=maybe_recompile pc=0x000000010a13df54 method=javafx.scene.Node.setScenes(Ljavafx/scene/Scene;Ljavafx/scene/SubScene;)V @ 7
Event: 1517.656 Thread 0x00007fdeec309800 Uncommon trap: reason=unstable_if action=reinterpret pc=0x000000010a552540 method=java.lang.Double.compare(DD)I @ 3
Event: 1517.657 Thread 0x00007fdeec309800 Uncommon trap: reason=unstable_if action=reinterpret pc=0x000000010a57247c method=java.lang.Double.compare(DD)I @ 3
Event: 1527.352 Thread 0x00007fdeec309800 Uncommon trap: reason=unstable_if action=reinterpret pc=0x0000000109ccae0c method=javafx.scene.Node.impl_intersectsBounds(Lcom/sun/javafx/geom/PickRay;)D @ 902

Internal exceptions (10 events):
Event: 60.555 Thread 0x00007fdeec309800 Implicit null exception at 0x00000001098e1e99 to 0x00000001098e22e5
Event: 61.215 Thread 0x00007fdeec309800 Implicit null exception at 0x000000010991ac50 to 0x000000010991b1d5
Event: 82.012 Thread 0x00007fdeec969000 Implicit null exception at 0x0000000109b6ee47 to 0x0000000109b6f5d3
Event: 168.705 Thread 0x00007fdeec309800 Implicit null exception at 0x0000000109e635a7 to 0x0000000109e661b9
Event: 200.535 Thread 0x00007fdeef9bf800 Exception <a 'java/io/FileNotFoundException'> (0x00000007abea40a8) thrown at [/Users/java_re/workspace/8-2-build-macosx-x86_64/jdk8u40/3153/hotspot/src/share/vm/prims/jni.cpp, line 709]
Event: 200.535 Thread 0x00007fdeef9bf800 Exception <a 'java/io/FileNotFoundException'> (0x00000007abea4b70) thrown at [/Users/java_re/workspace/8-2-build-macosx-x86_64/jdk8u40/3153/hotspot/src/share/vm/prims/jni.cpp, line 709]
Event: 204.342 Thread 0x00007fdeef9bf800 Implicit null exception at 0x00000001095c26f5 to 0x00000001095c2a45
Event: 204.343 Thread 0x00007fdeef9bf800 Implicit null exception at 0x0000000109543eb5 to 0x00000001095441f9
Event: 210.729 Thread 0x00007fdeec04b800 Exception <a 'java/lang/NullPointerException'> (0x00000007aab79848) thrown at [/Users/java_re/workspace/8-2-build-macosx-x86_64/jdk8u40/3153/hotspot/src/share/vm/interpreter/linkResolver.cpp, line 1178]
Event: 210.729 Thread 0x00007fdeec04b800 Exception <a 'java/lang/NullPointerException'> (0x00000007aab799f8) thrown at [/Users/java_re/workspace/8-2-build-macosx-x86_64/jdk8u40/3153/hotspot/src/share/vm/interpreter/linkResolver.cpp, line 1178]

Events (10 events):
Event: 2533.700 loading class javafx/application/Application done
Event: 2533.757 loading class com/sun/javafx/tk/quantum/QuantumRenderer
Event: 2533.757 loading class com/sun/javafx/tk/quantum/QuantumRenderer done
Event: 2533.758 loading class com/sun/javafx/tk/quantum/QuantumToolkit
Event: 2533.758 loading class com/sun/javafx/tk/quantum/QuantumToolkit done
Event: 2533.758 Thread 0x00007fdeec969000 Thread exited: 0x00007fdeec969000
Event: 2533.758 Thread 0x00007fdeeca52800 Thread exited: 0x00007fdeeca52800
Event: 2533.760 Thread 0x00007fdeec309800 Thread exited: 0x00007fdeec309800
Event: 2533.785 Thread 0x00007fdeec009800 Thread exited: 0x00007fdeec009800
Event: 2533.785 Thread 0x00007fdeeca52800 Thread added: 0x00007fdeeca52800


Dynamic libraries:
0x0000000003c0f000 	/System/Library/Frameworks/Cocoa.framework/Versions/A/Cocoa
0x0000000003c0f000 	/System/Library/Frameworks/Security.framework/Versions/A/Security
0x0000000003c0f000 	/System/Library/Frameworks/ApplicationServices.framework/Versions/A/ApplicationServices
0x0000000003c0f000 	/usr/lib/libz.1.dylib
0x0000000003c0f000 	/usr/lib/libSystem.B.dylib
0x0000000003c0f000 	/usr/lib/libobjc.A.dylib
0x0000000003c0f000 	/System/Library/Frameworks/CoreFoundation.framework/Versions/A/CoreFoundation
0x0000000003c0f000 	/System/Library/Frameworks/Foundation.framework/Versions/C/Foundation
0x0000000003c0f000 	/System/Library/Frameworks/AppKit.framework/Versions/C/AppKit
0x0000000003c0f000 	/System/Library/Frameworks/CoreData.framework/Versions/A/CoreData
0x0000000003c0f000 	/System/Library/PrivateFrameworks/RemoteViewServices.framework/Versions/A/RemoteViewServices
0x0000000003c0f000 	/System/Library/PrivateFrameworks/UIFoundation.framework/Versions/A/UIFoundation
0x0000000003c0f000 	/System/Library/Frameworks/IOSurface.framework/Versions/A/IOSurface
0x0000000003c0f000 	/System/Library/Frameworks/AudioToolbox.framework/Versions/A/AudioToolbox
0x0000000003c0f000 	/System/Library/Frameworks/AudioUnit.framework/Versions/A/AudioUnit
0x0000000003c0f000 	/System/Library/PrivateFrameworks/DataDetectorsCore.framework/Versions/A/DataDetectorsCore
0x0000000003c0f000 	/System/Library/PrivateFrameworks/DesktopServicesPriv.framework/Versions/A/DesktopServicesPriv
0x0000000003c0f000 	/System/Library/Frameworks/Carbon.framework/Versions/A/Frameworks/HIToolbox.framework/Versions/A/HIToolbox
0x0000000003c0f000 	/System/Library/Frameworks/QuartzCore.framework/Versions/A/QuartzCore
0x0000000003c0f000 	/System/Library/Frameworks/Carbon.framework/Versions/A/Frameworks/SpeechRecognition.framework/Versions/A/SpeechRecognition
0x0000000003c0f000 	/usr/lib/libauto.dylib
0x0000000003c0f000 	/usr/lib/libicucore.A.dylib
0x0000000003c0f000 	/usr/lib/libxml2.2.dylib
0x0000000003c0f000 	/System/Library/PrivateFrameworks/CoreUI.framework/Versions/A/CoreUI
0x0000000003c0f000 	/System/Library/Frameworks/CoreAudio.framework/Versions/A/CoreAudio
0x0000000003c0f000 	/System/Library/Frameworks/DiskArbitration.framework/Versions/A/DiskArbitration
0x0000000003c0f000 	/usr/lib/liblangid.dylib
0x0000000003c0f000 	/System/Library/PrivateFrameworks/MultitouchSupport.framework/Versions/A/MultitouchSupport
0x0000000003c0f000 	/System/Library/Frameworks/IOKit.framework/Versions/A/IOKit
0x0000000003c0f000 	/usr/lib/libDiagnosticMessagesClient.dylib
0x0000000003c0f000 	/System/Library/Frameworks/CoreServices.framework/Versions/A/CoreServices
0x0000000003c0f000 	/System/Library/PrivateFrameworks/PerformanceAnalysis.framework/Versions/A/PerformanceAnalysis
0x0000000003c0f000 	/System/Library/PrivateFrameworks/GenerationalStorage.framework/Versions/A/GenerationalStorage
0x0000000003c0f000 	/System/Library/Frameworks/OpenGL.framework/Versions/A/OpenGL
0x0000000003c0f000 	/System/Library/PrivateFrameworks/Sharing.framework/Versions/A/Sharing
0x0000000003c0f000 	/System/Library/Frameworks/CoreGraphics.framework/Versions/A/CoreGraphics
0x0000000003c0f000 	/System/Library/Frameworks/CoreText.framework/Versions/A/CoreText
0x0000000003c0f000 	/System/Library/Frameworks/ImageIO.framework/Versions/A/ImageIO
0x0000000003c0f000 	/usr/lib/libextension.dylib
0x0000000003c0f000 	/System/Library/PrivateFrameworks/Backup.framework/Versions/A/Backup
0x0000000003c0f000 	/usr/lib/libarchive.2.dylib
0x0000000003c0f000 	/System/Library/Frameworks/CFNetwork.framework/Versions/A/CFNetwork
0x0000000003c0f000 	/System/Library/Frameworks/SystemConfiguration.framework/Versions/A/SystemConfiguration
0x0000000003c0f000 	/usr/lib/libCRFSuite.dylib
0x0000000003c0f000 	/usr/lib/libc++.1.dylib
0x0000000003c0f000 	/usr/lib/libc++abi.dylib
0x0000000003c0f000 	/usr/lib/system/libcache.dylib
0x0000000003c0f000 	/usr/lib/system/libcommonCrypto.dylib
0x0000000003c0f000 	/usr/lib/system/libcompiler_rt.dylib
0x0000000003c0f000 	/usr/lib/system/libcopyfile.dylib
0x0000000003c0f000 	/usr/lib/system/libcorecrypto.dylib
0x0000000003c0f000 	/usr/lib/system/libdispatch.dylib
0x0000000003c0f000 	/usr/lib/system/libdyld.dylib
0x0000000003c0f000 	/usr/lib/system/libkeymgr.dylib
0x0000000003c0f000 	/usr/lib/system/liblaunch.dylib
0x0000000003c0f000 	/usr/lib/system/libmacho.dylib
0x0000000003c0f000 	/usr/lib/system/libquarantine.dylib
0x0000000003c0f000 	/usr/lib/system/libremovefile.dylib
0x0000000003c0f000 	/usr/lib/system/libsystem_asl.dylib
0x0000000003c0f000 	/usr/lib/system/libsystem_blocks.dylib
0x0000000003c0f000 	/usr/lib/system/libsystem_c.dylib
0x0000000003c0f000 	/usr/lib/system/libsystem_configuration.dylib
0x0000000003c0f000 	/usr/lib/system/libsystem_coreservices.dylib
0x0000000003c0f000 	/usr/lib/system/libsystem_coretls.dylib
0x0000000003c0f000 	/usr/lib/system/libsystem_dnssd.dylib
0x0000000003c0f000 	/usr/lib/system/libsystem_info.dylib
0x0000000003c0f000 	/usr/lib/system/libsystem_kernel.dylib
0x0000000003c0f000 	/usr/lib/system/libsystem_m.dylib
0x0000000003c0f000 	/usr/lib/system/libsystem_malloc.dylib
0x0000000003c0f000 	/usr/lib/system/libsystem_network.dylib
0x0000000003c0f000 	/usr/lib/system/libsystem_networkextension.dylib
0x0000000003c0f000 	/usr/lib/system/libsystem_notify.dylib
0x0000000003c0f000 	/usr/lib/system/libsystem_platform.dylib
0x0000000003c0f000 	/usr/lib/system/libsystem_pthread.dylib
0x0000000003c0f000 	/usr/lib/system/libsystem_sandbox.dylib
0x0000000003c0f000 	/usr/lib/system/libsystem_secinit.dylib
0x0000000003c0f000 	/usr/lib/system/libsystem_stats.dylib
0x0000000003c0f000 	/usr/lib/system/libsystem_trace.dylib
0x0000000003c0f000 	/usr/lib/system/libunc.dylib
0x0000000003c0f000 	/usr/lib/system/libunwind.dylib
0x0000000003c0f000 	/usr/lib/system/libxpc.dylib
0x0000000003c0f000 	/usr/lib/libbz2.1.0.dylib
0x0000000003c0f000 	/usr/lib/liblzma.5.dylib
0x0000000003c0f000 	/usr/lib/libbsm.0.dylib
0x0000000003c0f000 	/usr/lib/libsqlite3.dylib
0x0000000003c0f000 	/usr/lib/system/libkxld.dylib
0x0000000003c0f000 	/usr/lib/libxar.1.dylib
0x0000000003c0f000 	/usr/lib/libpam.2.dylib
0x0000000003c0f000 	/usr/lib/libOpenScriptingUtil.dylib
0x0000000003c0f000 	/System/Library/Frameworks/CoreServices.framework/Versions/A/Frameworks/FSEvents.framework/Versions/A/FSEvents
0x0000000003c0f000 	/System/Library/Frameworks/CoreServices.framework/Versions/A/Frameworks/CarbonCore.framework/Versions/A/CarbonCore
0x0000000003c0f000 	/System/Library/Frameworks/CoreServices.framework/Versions/A/Frameworks/Metadata.framework/Versions/A/Metadata
0x0000000003c0f000 	/System/Library/Frameworks/CoreServices.framework/Versions/A/Frameworks/OSServices.framework/Versions/A/OSServices
0x0000000003c0f000 	/System/Library/Frameworks/CoreServices.framework/Versions/A/Frameworks/SearchKit.framework/Versions/A/SearchKit
0x0000000003c0f000 	/System/Library/Frameworks/CoreServices.framework/Versions/A/Frameworks/AE.framework/Versions/A/AE
0x0000000003c0f000 	/System/Library/Frameworks/CoreServices.framework/Versions/A/Frameworks/LaunchServices.framework/Versions/A/LaunchServices
0x0000000003c0f000 	/System/Library/Frameworks/CoreServices.framework/Versions/A/Frameworks/DictionaryServices.framework/Versions/A/DictionaryServices
0x0000000003c0f000 	/System/Library/Frameworks/NetFS.framework/Versions/A/NetFS
0x0000000003c0f000 	/System/Library/PrivateFrameworks/NetAuth.framework/Versions/A/NetAuth
0x0000000003c0f000 	/System/Library/PrivateFrameworks/login.framework/Versions/A/Frameworks/loginsupport.framework/Versions/A/loginsupport
0x0000000003c0f000 	/System/Library/PrivateFrameworks/TCC.framework/Versions/A/TCC
0x0000000003c0f000 	/usr/lib/libmecabra.dylib
0x0000000003c0f000 	/System/Library/Frameworks/ApplicationServices.framework/Versions/A/Frameworks/ATS.framework/Versions/A/ATS
0x0000000003c0f000 	/System/Library/Frameworks/ApplicationServices.framework/Versions/A/Frameworks/ColorSync.framework/Versions/A/ColorSync
0x0000000003c0f000 	/System/Library/Frameworks/ApplicationServices.framework/Versions/A/Frameworks/HIServices.framework/Versions/A/HIServices
0x0000000003c0f000 	/System/Library/Frameworks/ApplicationServices.framework/Versions/A/Frameworks/LangAnalysis.framework/Versions/A/LangAnalysis
0x0000000003c0f000 	/System/Library/Frameworks/ApplicationServices.framework/Versions/A/Frameworks/PrintCore.framework/Versions/A/PrintCore
0x0000000003c0f000 	/System/Library/Frameworks/ApplicationServices.framework/Versions/A/Frameworks/QD.framework/Versions/A/QD
0x0000000003c0f000 	/System/Library/Frameworks/ApplicationServices.framework/Versions/A/Frameworks/SpeechSynthesis.framework/Versions/A/SpeechSynthesis
0x0000000003c0f000 	/System/Library/Frameworks/Accelerate.framework/Versions/A/Accelerate
0x0000000003c0f000 	/System/Library/Frameworks/Accelerate.framework/Versions/A/Frameworks/vImage.framework/Versions/A/vImage
0x0000000003c0f000 	/System/Library/Frameworks/Accelerate.framework/Versions/A/Frameworks/vecLib.framework/Versions/A/vecLib
0x0000000003c0f000 	/System/Library/Frameworks/Accelerate.framework/Versions/A/Frameworks/vecLib.framework/Versions/A/libvDSP.dylib
0x0000000003c0f000 	/System/Library/Frameworks/Accelerate.framework/Versions/A/Frameworks/vecLib.framework/Versions/A/libvMisc.dylib
0x0000000003c0f000 	/System/Library/Frameworks/Accelerate.framework/Versions/A/Frameworks/vecLib.framework/Versions/A/libLAPACK.dylib
0x0000000003c0f000 	/System/Library/Frameworks/Accelerate.framework/Versions/A/Frameworks/vecLib.framework/Versions/A/libBLAS.dylib
0x0000000003c0f000 	/System/Library/Frameworks/Accelerate.framework/Versions/A/Frameworks/vecLib.framework/Versions/A/libLinearAlgebra.dylib
0x0000000003c0f000 	/System/Library/Frameworks/ApplicationServices.framework/Versions/A/Frameworks/ATS.framework/Versions/A/Resources/libFontParser.dylib
0x0000000003c0f000 	/System/Library/Frameworks/ApplicationServices.framework/Versions/A/Frameworks/ATS.framework/Versions/A/Resources/libFontRegistry.dylib
0x0000000003c0f000 	/System/Library/PrivateFrameworks/AppleVPA.framework/Versions/A/AppleVPA
0x0000000003c0f000 	/System/Library/PrivateFrameworks/AppleJPEG.framework/Versions/A/AppleJPEG
0x0000000003c0f000 	/System/Library/Frameworks/ImageIO.framework/Versions/A/Resources/libJPEG.dylib
0x0000000003c0f000 	/System/Library/Frameworks/ImageIO.framework/Versions/A/Resources/libTIFF.dylib
0x0000000003c0f000 	/System/Library/Frameworks/ImageIO.framework/Versions/A/Resources/libPng.dylib
0x0000000003c0f000 	/System/Library/Frameworks/ImageIO.framework/Versions/A/Resources/libGIF.dylib
0x0000000003c0f000 	/System/Library/Frameworks/ImageIO.framework/Versions/A/Resources/libJP2.dylib
0x0000000003c0f000 	/System/Library/Frameworks/ImageIO.framework/Versions/A/Resources/libRadiance.dylib
0x0000000003c0f000 	/System/Library/Frameworks/CoreVideo.framework/Versions/A/CoreVideo
0x0000000003c0f000 	/System/Library/Frameworks/OpenGL.framework/Versions/A/Libraries/libGLU.dylib
0x0000000003c0f000 	/System/Library/Frameworks/OpenGL.framework/Versions/A/Libraries/libGFXShared.dylib
0x0000000003c0f000 	/System/Library/Frameworks/OpenGL.framework/Versions/A/Libraries/libGL.dylib
0x0000000003c0f000 	/System/Library/Frameworks/OpenGL.framework/Versions/A/Libraries/libGLImage.dylib
0x0000000003c0f000 	/System/Library/Frameworks/OpenGL.framework/Versions/A/Libraries/libCVMSPluginSupport.dylib
0x0000000003c0f000 	/System/Library/Frameworks/OpenGL.framework/Versions/A/Libraries/libCoreVMClient.dylib
0x0000000003c0f000 	/usr/lib/libcups.2.dylib
0x0000000003c0f000 	/System/Library/Frameworks/Kerberos.framework/Versions/A/Kerberos
0x0000000003c0f000 	/System/Library/Frameworks/GSS.framework/Versions/A/GSS
0x0000000003c0f000 	/usr/lib/libresolv.9.dylib
0x0000000003c0f000 	/usr/lib/libiconv.2.dylib
0x0000000003c0f000 	/System/Library/PrivateFrameworks/Heimdal.framework/Versions/A/Heimdal
0x0000000003c0f000 	/usr/lib/libheimdal-asn1.dylib
0x0000000003c0f000 	/System/Library/Frameworks/OpenDirectory.framework/Versions/A/OpenDirectory
0x0000000003c0f000 	/System/Library/PrivateFrameworks/CommonAuth.framework/Versions/A/CommonAuth
0x0000000003c0f000 	/System/Library/Frameworks/OpenDirectory.framework/Versions/A/Frameworks/CFOpenDirectory.framework/Versions/A/CFOpenDirectory
0x0000000003c0f000 	/System/Library/Frameworks/SecurityFoundation.framework/Versions/A/SecurityFoundation
0x0000000003c0f000 	/System/Library/PrivateFrameworks/LanguageModeling.framework/Versions/A/LanguageModeling
0x0000000003c0f000 	/usr/lib/libcmph.dylib
0x0000000003c0f000 	/System/Library/Frameworks/ServiceManagement.framework/Versions/A/ServiceManagement
0x0000000003c0f000 	/usr/lib/libxslt.1.dylib
0x0000000003c0f000 	/System/Library/Frameworks/Carbon.framework/Versions/A/Frameworks/Ink.framework/Versions/A/Ink
0x0000000003c0f000 	/System/Library/Frameworks/QuartzCore.framework/Versions/A/Frameworks/CoreImage.framework/Versions/A/CoreImage
0x0000000003c0f000 	/System/Library/PrivateFrameworks/CrashReporterSupport.framework/Versions/A/CrashReporterSupport
0x0000000003c0f000 	/System/Library/Frameworks/OpenCL.framework/Versions/A/OpenCL
0x0000000003c0f000 	/System/Library/PrivateFrameworks/FaceCore.framework/Versions/A/FaceCore
0x0000000003c0f000 	/System/Library/PrivateFrameworks/Ubiquity.framework/Versions/A/Ubiquity
0x0000000003c0f000 	/System/Library/PrivateFrameworks/IconServices.framework/Versions/A/IconServices
0x0000000003c0f000 	/System/Library/PrivateFrameworks/ChunkingLibrary.framework/Versions/A/ChunkingLibrary
0x0000000003c0f000 	/System/Library/PrivateFrameworks/Apple80211.framework/Versions/A/Apple80211
0x0000000003c0f000 	/System/Library/Frameworks/CoreWLAN.framework/Versions/A/CoreWLAN
0x0000000003c0f000 	/System/Library/Frameworks/IOBluetooth.framework/Versions/A/IOBluetooth
0x0000000003c0f000 	/System/Library/PrivateFrameworks/CoreWiFi.framework/Versions/A/CoreWiFi
0x0000000003c0f000 	/System/Library/Frameworks/CoreBluetooth.framework/Versions/A/CoreBluetooth
0x0000000003c0f000 	/System/Library/PrivateFrameworks/DebugSymbols.framework/Versions/A/DebugSymbols
0x0000000003c0f000 	/System/Library/PrivateFrameworks/CoreSymbolication.framework/Versions/A/CoreSymbolication
0x0000000003c0f000 	/System/Library/PrivateFrameworks/Symbolication.framework/Versions/A/Symbolication
0x0000000003c0f000 	/System/Library/PrivateFrameworks/SpeechRecognitionCore.framework/Versions/A/SpeechRecognitionCore
0x0000000107e0e000 	/Library/Java/JavaVirtualMachines/jdk1.8.0_40.jdk/Contents/Home/jre/lib/server/libjvm.dylib
0x0000000003c0f000 	/usr/lib/libstdc++.6.dylib
0x0000000108d8e000 	/Library/Java/JavaVirtualMachines/jdk1.8.0_40.jdk/Contents/Home/jre/lib/libverify.dylib
0x0000000108d9c000 	/Library/Java/JavaVirtualMachines/jdk1.8.0_40.jdk/Contents/Home/jre/lib/libjava.dylib
0x0000000108ddb000 	/Library/Java/JavaVirtualMachines/jdk1.8.0_40.jdk/Contents/Home/jre/lib/libzip.dylib
0x000000011c5b7000 	/System/Library/Frameworks/JavaVM.framework/Frameworks/JavaRuntimeSupport.framework/JavaRuntimeSupport
0x000000011c5cf000 	/System/Library/Frameworks/JavaVM.framework/Versions/A/Frameworks/JavaNativeFoundation.framework/Versions/A/JavaNativeFoundation
0x000000011c5e4000 	/System/Library/Frameworks/JavaVM.framework/Versions/A/JavaVM
0x0000000003c0f000 	/System/Library/Frameworks/Carbon.framework/Versions/A/Carbon
0x000000011c5f1000 	/System/Library/PrivateFrameworks/JavaLaunching.framework/Versions/A/JavaLaunching
0x0000000003c0f000 	/System/Library/Frameworks/Carbon.framework/Versions/A/Frameworks/CommonPanels.framework/Versions/A/CommonPanels
0x0000000003c0f000 	/System/Library/Frameworks/Carbon.framework/Versions/A/Frameworks/Help.framework/Versions/A/Help
0x0000000003c0f000 	/System/Library/Frameworks/Carbon.framework/Versions/A/Frameworks/ImageCapture.framework/Versions/A/ImageCapture
0x0000000003c0f000 	/System/Library/Frameworks/Carbon.framework/Versions/A/Frameworks/OpenScripting.framework/Versions/A/OpenScripting
0x0000000003c0f000 	/System/Library/Frameworks/Carbon.framework/Versions/A/Frameworks/Print.framework/Versions/A/Print
0x0000000003c0f000 	/System/Library/Frameworks/Carbon.framework/Versions/A/Frameworks/SecurityHI.framework/Versions/A/SecurityHI
0x000000011e458000 	/Library/Java/JavaVirtualMachines/jdk1.8.0_40.jdk/Contents/Home/jre/lib/libprism_es2.dylib
0x0000000003c0f000 	/System/Library/Frameworks/OpenGL.framework/Versions/A/Resources/GLEngine.bundle/GLEngine
0x0000000003c0f000 	/System/Library/Frameworks/OpenGL.framework/Versions/A/Libraries/libGLProgrammability.dylib
0x0000000000000000 	/System/Library/Extensions/GeForceTeslaGLDriver.bundle/Contents/MacOS/GeForceTeslaGLDriver
0x000000011e4d6000 	/System/Library/Extensions/GeForceTeslaGLDriver.bundle/Contents/MacOS/libclh.dylib
0x000000011ed1d000 	/System/Library/PrivateFrameworks/GPUSupport.framework/Versions/A/Libraries/libGPUSupport.dylib
0x0000000003c0f000 	/System/Library/Frameworks/OpenGL.framework/Versions/A/Resources/GLRendererFloat.bundle/GLRendererFloat
0x0000000003c0f000 	/System/Library/Frameworks/OpenCL.framework/Versions/A/Libraries/libcldcpuengine.dylib
0x0000000003c0f000 	/System/Library/PrivateFrameworks/DiskImages.framework/Versions/A/DiskImages
0x0000000003c0f000 	/System/Library/Frameworks/DiscRecording.framework/Versions/A/DiscRecording
0x0000000003c0f000 	/usr/lib/libcsfde.dylib
0x0000000003c0f000 	/usr/lib/libcurl.4.dylib
0x0000000003c0f000 	/System/Library/PrivateFrameworks/MediaKit.framework/Versions/A/MediaKit
0x0000000003c0f000 	/System/Library/PrivateFrameworks/ProtectedCloudStorage.framework/Versions/A/ProtectedCloudStorage
0x0000000003c0f000 	/usr/lib/libCoreStorage.dylib
0x0000000003c0f000 	/System/Library/PrivateFrameworks/EFILogin.framework/Versions/A/EFILogin
0x0000000003c0f000 	/usr/lib/libutil.dylib
0x0000000003c0f000 	/System/Library/PrivateFrameworks/FindMyDevice.framework/Versions/A/FindMyDevice
0x0000000003c0f000 	/System/Library/Frameworks/LDAP.framework/Versions/A/LDAP
0x0000000003c0f000 	/usr/lib/libsasl2.2.dylib
0x0000000003c0f000 	/System/Library/PrivateFrameworks/CoreDaemon.framework/Versions/B/CoreDaemon
0x0000000003c0f000 	/usr/lib/libcrypto.0.9.8.dylib
0x0000000003c0f000 	/System/Library/PrivateFrameworks/AppleSRP.framework/Versions/A/AppleSRP
0x0000000003c0f000 	/System/Library/PrivateFrameworks/TrustEvaluationAgent.framework/Versions/A/TrustEvaluationAgent
0x000000011ee6d000 	/Library/Java/JavaVirtualMachines/jdk1.8.0_40.jdk/Contents/Home/jre/lib/libglass.dylib
0x0000000003c0f000 	/System/Library/PrivateFrameworks/CoreServicesInternal.framework/Versions/A/CoreServicesInternal
0x0000000003c0f000 	/System/Library/PrivateFrameworks/CloudDocs.framework/Versions/A/CloudDocs
0x0000000003c0f000 	/System/Library/PrivateFrameworks/CoreDuet.framework/Versions/A/CoreDuet
0x0000000003c0f000 	/System/Library/Frameworks/CloudKit.framework/Versions/A/CloudKit
0x0000000003c0f000 	/System/Library/PrivateFrameworks/ProtocolBuffer.framework/Versions/A/ProtocolBuffer
0x0000000003c0f000 	/System/Library/PrivateFrameworks/CoreDuetDaemonProtocol.framework/Versions/A/CoreDuetDaemonProtocol
0x0000000003c0f000 	/System/Library/PrivateFrameworks/CoreDuetDebugLogging.framework/Versions/A/CoreDuetDebugLogging
0x0000000003c0f000 	/System/Library/Frameworks/CoreLocation.framework/Versions/A/CoreLocation
0x0000000003c0f000 	/System/Library/Frameworks/Accounts.framework/Versions/A/Accounts
0x0000000003c0f000 	/System/Library/PrivateFrameworks/ApplePushService.framework/Versions/A/ApplePushService
0x0000000003c0f000 	/System/Library/PrivateFrameworks/GeoServices.framework/Versions/A/GeoServices
0x0000000003c0f000 	/System/Library/PrivateFrameworks/OAuth.framework/Versions/A/OAuth
0x0000000003c0f000 	/System/Library/Frameworks/CoreGraphics.framework/Versions/A/Resources/libCGCMS.A.dylib
0x0000000003c0f000 	/System/Library/CoreServices/RawCamera.bundle/Contents/MacOS/RawCamera
0x0000000003c0f000 	/System/Library/Frameworks/CoreGraphics.framework/Versions/A/Resources/libRIP.A.dylib
0x0000000003c0f000 	/System/Library/PrivateFrameworks/FamilyControls.framework/Versions/A/FamilyControls
0x0000000003c0f000 	/System/Library/PrivateFrameworks/CommerceKit.framework/Versions/A/Frameworks/CommerceCore.framework/Versions/A/CommerceCore
0x0000000003c0f000 	/System/Library/PrivateFrameworks/SystemAdministration.framework/Versions/A/SystemAdministration
0x0000000003c0f000 	/System/Library/PrivateFrameworks/AppContainer.framework/Versions/A/AppContainer
0x0000000003c0f000 	/System/Library/PrivateFrameworks/SecCodeWrapper.framework/Versions/A/SecCodeWrapper
0x0000000003c0f000 	/System/Library/Frameworks/DirectoryService.framework/Versions/A/DirectoryService
0x0000000003c0f000 	/System/Library/PrivateFrameworks/LoginUIKit.framework/Versions/A/Frameworks/LoginUICore.framework/Versions/A/LoginUICore
0x0000000003c0f000 	/usr/lib/libodfde.dylib
0x000000012240b000 	/Library/Java/JavaVirtualMachines/jdk1.8.0_40.jdk/Contents/Home/jre/lib/libnet.dylib
0x000000012280c000 	/Library/Java/JavaVirtualMachines/jdk1.8.0_40.jdk/Contents/Home/jre/lib/libsunec.dylib
0x000000011c5fd000 	/Library/Java/JavaVirtualMachines/jdk1.8.0_40.jdk/Contents/Home/jre/lib/libjavafx_font.dylib
0x0000000003c0f000 	/System/Library/Frameworks/CoreGraphics.framework/Versions/A/Resources/libCGXType.A.dylib
0x00000001207ca000 	/Library/Java/JavaVirtualMachines/jdk1.8.0_40.jdk/Contents/Home/jre/lib/libnio.dylib
0x000000011f0d1000 	cl_kernels
0x0000000126226000 	/System/Library/Frameworks/OpenCL.framework/Versions/A/Libraries/ImageFormats/unorm8_bgra.dylib
0x00000001209eb000 	cl_kernels
0x000000011c66d000 	/Library/Java/JavaVirtualMachines/jdk1.8.0_40.jdk/Contents/Home/jre/lib/libprism_common.dylib
0x0000000126120000 	/Library/Java/JavaVirtualMachines/jdk1.8.0_40.jdk/Contents/Home/jre/lib/libawt.dylib
0x000000012b02e000 	/Library/Java/JavaVirtualMachines/jdk1.8.0_40.jdk/Contents/Home/jre/lib/./libmlib_image.dylib
0x000000012b6f1000 	/Library/Java/JavaVirtualMachines/jdk1.8.0_40.jdk/Contents/Home/jre/lib/libawt_lwawt.dylib
0x000000011c64d000 	/Library/Java/JavaVirtualMachines/jdk1.8.0_40.jdk/Contents/Home/jre/lib/./libosxapp.dylib
0x0000000003c0f000 	/System/Library/Frameworks/ExceptionHandling.framework/Versions/A/ExceptionHandling
0x00000001269fe000 	/Library/Java/JavaVirtualMachines/jdk1.8.0_40.jdk/Contents/Home/jre/lib/libfontmanager.dylib
0x000000011ed76000 	/Library/Java/JavaVirtualMachines/jdk1.8.0_40.jdk/Contents/Home/jre/lib/libosxui.dylib
0x0000000003c0f000 	/System/Library/Frameworks/Accelerate.framework/Versions/A/Frameworks/vImage.framework/Versions/A/Libraries/libCGInterfaces.dylib

VM Arguments:
jvm_args: -Dfile.encoding=UTF-8 
java_command: VIEW.View
java_class_path (initial): /Users/idinter/Desktop/workspace/SBOBETCLI/bin:/Users/idinter/Desktop/workspace/SBOBETCLI/selenium-java-2.45.0.jar:/Users/idinter/Desktop/workspace/SBOBETCLI/selenium-server-standalone-2.45.0.jar
Launcher Type: SUN_STANDARD

Environment Variables:
PATH=/usr/bin:/bin:/usr/sbin:/sbin
SHELL=/bin/bash
DISPLAY=/private/tmp/com.apple.launchd.aZnxwAMn5a/org.macosforge.xquartz:0

Signal Handlers:
SIGSEGV: [libjvm.dylib+0x58ef95], sa_mask[0]=11111111011111110111111111111111, sa_flags=SA_ONSTACK|SA_RESTART|SA_SIGINFO
SIGBUS: [libjvm.dylib+0x58ef95], sa_mask[0]=11111111011111110111111111111111, sa_flags=SA_RESTART|SA_SIGINFO
SIGFPE: [libjvm.dylib+0x46c118], sa_mask[0]=11111111011111110111111111111111, sa_flags=SA_RESTART|SA_SIGINFO
SIGPIPE: [libjvm.dylib+0x46c118], sa_mask[0]=11111111011111110111111111111111, sa_flags=SA_RESTART|SA_SIGINFO
SIGXFSZ: [libjvm.dylib+0x46c118], sa_mask[0]=11111111011111110111111111111111, sa_flags=SA_RESTART|SA_SIGINFO
SIGILL: [libjvm.dylib+0x46c118], sa_mask[0]=11111111011111110111111111111111, sa_flags=SA_RESTART|SA_SIGINFO
SIGUSR1: SIG_DFL, sa_mask[0]=00000000000000000000000000000000, sa_flags=none
SIGUSR2: [libjvm.dylib+0x46bc36], sa_mask[0]=00100000000000000000000000000000, sa_flags=SA_RESTART|SA_SIGINFO
SIGHUP: [libjvm.dylib+0x46a209], sa_mask[0]=11111111011111110111111111111111, sa_flags=SA_RESTART|SA_SIGINFO
SIGINT: [libjvm.dylib+0x46a209], sa_mask[0]=11111111011111110111111111111111, sa_flags=SA_RESTART|SA_SIGINFO
SIGTERM: [libjvm.dylib+0x46a209], sa_mask[0]=11111111011111110111111111111111, sa_flags=SA_RESTART|SA_SIGINFO
SIGQUIT: [libjvm.dylib+0x46a209], sa_mask[0]=11111111011111110111111111111111, sa_flags=SA_RESTART|SA_SIGINFO


---------------  S Y S T E M  ---------------

OS:Bsduname:Darwin 14.1.0 Darwin Kernel Version 14.1.0: Thu Feb 26 19:26:47 PST 2015; root:xnu-2782.10.73~1/RELEASE_X86_64 x86_64
rlimit: STACK 8192k, CORE 0k, NPROC 709, NOFILE 10240, AS infinity
load average:1.87 3.39 4.14

CPU:total 2 (2 cores per cpu, 1 threads per core) family 6 model 23 stepping 10, cmov, cx8, fxsr, mmx, sse, sse2, sse3, ssse3, sse4.1, tsc

Memory: 4k page, physical 4194304k(956804k free)

/proc/meminfo:


vm_info: Java HotSpot(TM) 64-Bit Server VM (25.40-b25) for bsd-amd64 JRE (1.8.0_40-b27), built on Mar 13 2015 04:46:52 by "java_re" with gcc 4.2.1 (Based on Apple Inc. build 5658) (LLVM build 2336.11.00)

time: Sun Aug 23 10:50:20 2015
elapsed time: 2534 seconds (0d 0h 42m 14s)

