#
# A fatal error has been detected by the Java Runtime Environment:
#
#  SIGSEGV (0xb) at pc=0x0000000117dea5dd, pid=1119, tid=1811
#
# JRE version: Java(TM) SE Runtime Environment (8.0_40-b27) (build 1.8.0_40-b27)
# Java VM: Java HotSpot(TM) 64-Bit Server VM (25.40-b25 mixed mode bsd-amd64 compressed oops)
# Problematic frame:
# C  [libglass.dylib+0x155dd]  GlassScreenDidChangeScreenParameters+0x9d
#
# Failed to write core dump. Core dumps have been disabled. To enable core dumping, try "ulimit -c unlimited" before starting Java again
#
# If you would like to submit a bug report, please visit:
#   http://bugreport.java.com/bugreport/crash.jsp
#

---------------  T H R E A D  ---------------

Current thread is native thread

siginfo: si_signo: 11 (SIGSEGV), si_code: 1 (SEGV_MAPERR), si_addr: 0x0000000000000000

Registers:
RAX=0x0000000117e1cbc0, RBX=0x0000000000000000, RCX=0x260017206a2838a0, RDX=0x00007fe8bbcc3e50
RSP=0x00007fff5ef86080, RBP=0x00007fff5ef86090, RSI=0x00007fe8bbc0c6f0, RDI=0x0000000000000000
R8 =0x00007fff5ef85f30, R9 =0x00007fff74900300, R10=0x0000000000000000, R11=0x0000000000000246
R12=0x00007fe8bbc1a710, R13=0x00000000000f4268, R14=0x00007fe8bbcc3d60, R15=0x00007fff5ef861d0
RIP=0x0000000117dea5dd, EFLAGS=0x0000000000010206, ERR=0x0000000000000004
  TRAPNO=0x000000000000000e

Top of Stack: (sp=0x00007fff5ef86080)
0x00007fff5ef86080:   00007fff5ef86260 00007fe8bbcc3d60
0x00007fff5ef86090:   00007fff5ef860a0 00007fff879c3cdc
0x00007fff5ef860a0:   00007fff5ef86400 00007fff878b5244
0x00007fff5ef860b0:   00007fff5ef86100 0000000000000a00
0x00007fff5ef860c0:   00007fff74d28cf0 00007fe8c2913ce0
0x00007fff5ef860d0:   0000000000001001 0000000000000f18
0x00007fff5ef860e0:   00007fe8c2913ce0 00007fe8bbcc3d60
0x00007fff5ef860f0:   0000000000000000 00007fff5ef861d0
0x00007fff5ef86100:   0000000000000000 00007fe8bbcc3d20
0x00007fff5ef86110:   00007fff5ef86250 00000000000000a1
0x00007fff5ef86120:   00000000000f46df 00007fe8be496050
0x00007fff5ef86130:   00007fe8bbc7dfd0 00007fe8bbc1a710
0x00007fff5ef86140:   0000000000000001 00000000000f4268
0x00007fff5ef86150:   00007fe8bbc1a700 00007fff8de27acb
0x00007fff5ef86160:   0000000000000001 0000000000000001
0x00007fff5ef86170:   0000000000000030 0000000000000001
0x00007fff5ef86180:   00007fff5ef861a0 00007fff8de2d231
0x00007fff5ef86190:   00007fff74d26dd0 0000000000000000
0x00007fff5ef861a0:   00007fff5ef861c0 0000000000000024
0x00007fff5ef861b0:   004fe803bce0c000 00007fe8bbc1a734
0x00007fff5ef861c0:   0000000000000000 00007fff878aad1f
0x00007fff5ef861d0:   00007fe8bbcc3d60 00007fff74d26dd0
0x00007fff5ef861e0:   00007fff5ef86260 00007fff878b384f
0x00007fff5ef861f0:   00007fe8bbcf9300 00007fe8bbccac20
0x00007fff5ef86200:   0000000100c95a00 0000000000000002
0x00007fff5ef86210:   0000000100c92000 00007fe8be4dd7c2
0x00007fff5ef86220:   0000000000000003 0000000100c96400
0x00007fff5ef86230:   00007fff5ef86320 00007fff8de262a2
0x00007fff5ef86240:   00007fe8bbc7db00 00007fff5ef86408
0x00007fff5ef86250:   0000000000000017 0000000000000000
0x00007fff5ef86260:   00000000000f4268 00007fff878ab013
0x00007fff5ef86270:   00007fff00000000 00007fe8bbc83fb0 

Instructions: (pc=0x0000000117dea5dd)
0x0000000117dea5bd:   89 df 4c 89 f1 41 ff 90 68 04 00 00 48 8d 05 f8
0x0000000117dea5cd:   24 03 00 48 8b 30 48 8d 05 e6 25 03 00 48 8b 10
0x0000000117dea5dd:   48 8b 0b 30 c0 48 89 df ff 91 68 04 00 00 48 8b
0x0000000117dea5ed:   03 48 89 df ff 50 78 48 85 c0 74 36 49 89 c6 48 

Register to memory mapping:

RAX=0x0000000117e1cbc0: jScreenNotifySettingsChanged+0 in /Library/Java/JavaVirtualMachines/jdk1.8.0_40.jdk/Contents/Home/jre/lib/libglass.dylib at 0x0000000117dd5000
RBX=0x0000000000000000 is an unknown value
RCX=0x260017206a2838a0 is an unknown value
RDX=0x00007fe8bbcc3e50 is an unknown value
RSP=0x00007fff5ef86080 is an unknown value
RBP=0x00007fff5ef86090 is an unknown value
RSI=0x00007fe8bbc0c6f0 is a global jni handle
RDI=0x0000000000000000 is an unknown value
R8 =0x00007fff5ef85f30 is an unknown value
R9 =0x00007fff74900300: _thread+0 in /usr/lib/system/libsystem_pthread.dylib at 0x00007fff85417000
R10=0x0000000000000000 is an unknown value
R11=0x0000000000000246 is an unknown value
R12=0x00007fe8bbc1a710 is an unknown value
R13=0x00000000000f4268 is an unknown value
R14=0x00007fe8bbcc3d60 is an unknown value
R15=0x00007fff5ef861d0 is an unknown value


Stack: [0x00007fff5e789000,0x00007fff5ef89000],  sp=0x00007fff5ef86080,  free space=8180k
Native frames: (J=compiled Java code, j=interpreted, Vv=VM code, C=native code)
C  [libglass.dylib+0x155dd]  GlassScreenDidChangeScreenParameters+0x9d
C  [CoreFoundation+0x11ecdc]  __CFNOTIFICATIONCENTER_IS_CALLING_OUT_TO_AN_OBSERVER__+0xc
C  [CoreFoundation+0x10244]  _CFXNotificationPost+0xc44
C  [Foundation+0x2c31]  -[NSNotificationCenter postNotificationName:object:userInfo:]+0x42
C  [AppKit+0x36305e]  -[NSApplication _reactToScreenInvalidationImmediately:]+0x17b
C  [AppKit+0x362e9d]  __44-[NSApplication _reactToScreenInvalidation:]_block_invoke+0x4b
C  [CoreFoundation+0x8056c]  __CFRUNLOOP_IS_CALLING_OUT_TO_A_BLOCK__+0xc
C  [CoreFoundation+0x72675]  __CFRunLoopDoBlocks+0x155
C  [CoreFoundation+0x721b6]  __CFRunLoopRun+0x716
C  [CoreFoundation+0x71858]  CFRunLoopRunSpecific+0x128
C  [java+0x6490]  CreateExecutionEnvironment+0x367
C  [java+0x221c]  JLI_Launch+0x7a0
C  [java+0x84ed]  main+0x65
C  [java+0x1a74]  start+0x34


---------------  P R O C E S S  ---------------

VM state:not at safepoint (normal execution)

VM Mutex/Monitor currently owned by a thread: None

Heap:
 PSYoungGen      total 39936K, used 2765K [0x00000007aab00000, 0x00000007add80000, 0x00000007c0000000)
  eden space 29184K, 5% used [0x00000007aab00000,0x00000007aac93758,0x00000007ac780000)
  from space 10752K, 10% used [0x00000007ad300000,0x00000007ad420000,0x00000007add80000)
  to   space 11264K, 0% used [0x00000007ac780000,0x00000007ac780000,0x00000007ad280000)
 ParOldGen       total 27136K, used 21096K [0x0000000780000000, 0x0000000781a80000, 0x00000007aab00000)
  object space 27136K, 77% used [0x0000000780000000,0x000000078149a210,0x0000000781a80000)
 Metaspace       used 30101K, capacity 31616K, committed 31872K, reserved 1077248K
  class space    used 4178K, capacity 4461K, committed 4480K, reserved 1048576K

Card table byte_map: [0x0000000111614000,0x0000000111815000] byte_map_base: 0x000000010da14000

Marking Bits: (ParMarkBitMap*) 0x00000001016387a0
 Begin Bits: [0x0000000111b71000, 0x0000000112b71000)
 End Bits:   [0x0000000112b71000, 0x0000000113b71000)

Polling page: 0x0000000101df9000

CodeCache: size=245760Kb used=16731Kb max_used=16731Kb free=229028Kb
 bounds [0x0000000102254000, 0x00000001032c4000, 0x0000000111254000]
 total_blobs=5810 nmethods=5100 adapters=623
 compilation: enabled

Compilation events (10 events):
Event: 1918.178 Thread 0x00007fe8bc83c000 6009   !   3       java.lang.invoke.CallSite::makeSite (457 bytes)
Event: 1918.183 Thread 0x00007fe8bc83c000 nmethod 6009 0x00000001032b0710 code [0x00000001032b0ce0, 0x00000001032b55b8]
Event: 1918.183 Thread 0x00007fe8bc83c000 6010       3       java.lang.invoke.LambdaForm$MH/1096979270::invoke_MT (26 bytes)
Event: 1918.184 Thread 0x00007fe8bc83c000 nmethod 6010 0x00000001032b8810 code [0x00000001032b89e0, 0x00000001032b9608]
Event: 1918.184 Thread 0x00007fe8bc83c000 6011       3       java.lang.invoke.LambdaForm$BMH/2074407503::reinvoke (83 bytes)
Event: 1918.184 Thread 0x00007fe8bc83c000 nmethod 6011 0x00000001032b9990 code [0x00000001032b9b80, 0x00000001032ba968]
Event: 1918.203 Thread 0x00007fe8bc83c000 6012   !   3       java.lang.invoke.MethodHandleNatives::linkMethodHandleConstant (154 bytes)
Event: 1918.204 Thread 0x00007fe8bc83c000 nmethod 6012 0x00000001032bad10 code [0x00000001032baf80, 0x00000001032bbb68]
Event: 1918.204 Thread 0x00007fe8bc83c000 6013       3       java.lang.invoke.MethodHandles$Lookup::linkMethodHandleConstant (185 bytes)
Event: 1918.206 Thread 0x00007fe8bc83c000 nmethod 6013 0x00000001032bc190 code [0x00000001032bc440, 0x00000001032bd918]

GC Heap History (10 events):
Event: 195.487 GC heap before
{Heap before GC invocations=13 (full 1):
 PSYoungGen      total 24576K, used 21568K [0x00000007aab00000, 0x00000007ad680000, 0x00000007c0000000)
  eden space 13312K, 100% used [0x00000007aab00000,0x00000007ab800000,0x00000007ab800000)
  from space 11264K, 73% used [0x00000007ab800000,0x00000007ac010020,0x00000007ac300000)
  to   space 11776K, 0% used [0x00000007acb00000,0x00000007acb00000,0x00000007ad680000)
 ParOldGen       total 27136K, used 9781K [0x0000000780000000, 0x0000000781a80000, 0x00000007aab00000)
  object space 27136K, 36% used [0x0000000780000000,0x000000078098d6b8,0x0000000781a80000)
 Metaspace       used 29480K, capacity 30888K, committed 31104K, reserved 1075200K
  class space    used 4156K, capacity 4449K, committed 4480K, reserved 1048576K
Event: 195.535 GC heap after
Heap after GC invocations=13 (full 1):
 PSYoungGen      total 31744K, used 4000K [0x00000007aab00000, 0x00000007ad600000, 0x00000007c0000000)
  eden space 20480K, 0% used [0x00000007aab00000,0x00000007aab00000,0x00000007abf00000)
  from space 11264K, 35% used [0x00000007acb00000,0x00000007acee8000,0x00000007ad600000)
  to   space 11776K, 0% used [0x00000007abf00000,0x00000007abf00000,0x00000007aca80000)
 ParOldGen       total 27136K, used 14448K [0x0000000780000000, 0x0000000781a80000, 0x00000007aab00000)
  object space 27136K, 53% used [0x0000000780000000,0x0000000780e1c200,0x0000000781a80000)
 Metaspace       used 29480K, capacity 30888K, committed 31104K, reserved 1075200K
  class space    used 4156K, capacity 4449K, committed 4480K, reserved 1048576K
}
Event: 641.534 GC heap before
{Heap before GC invocations=14 (full 1):
 PSYoungGen      total 31744K, used 24480K [0x00000007aab00000, 0x00000007ad600000, 0x00000007c0000000)
  eden space 20480K, 100% used [0x00000007aab00000,0x00000007abf00000,0x00000007abf00000)
  from space 11264K, 35% used [0x00000007acb00000,0x00000007acee8000,0x00000007ad600000)
  to   space 11776K, 0% used [0x00000007abf00000,0x00000007abf00000,0x00000007aca80000)
 ParOldGen       total 27136K, used 14448K [0x0000000780000000, 0x0000000781a80000, 0x00000007aab00000)
  object space 27136K, 53% used [0x0000000780000000,0x0000000780e1c200,0x0000000781a80000)
 Metaspace       used 29649K, capacity 31038K, committed 31104K, reserved 1075200K
  class space    used 4157K, capacity 4450K, committed 4480K, reserved 1048576K
Event: 641.580 GC heap after
Heap after GC invocations=14 (full 1):
 PSYoungGen      total 32256K, used 1984K [0x00000007aab00000, 0x00000007ae000000, 0x00000007c0000000)
  eden space 20480K, 0% used [0x00000007aab00000,0x00000007aab00000,0x00000007abf00000)
  from space 11776K, 16% used [0x00000007abf00000,0x00000007ac0f0000,0x00000007aca80000)
  to   space 11776K, 0% used [0x00000007ad480000,0x00000007ad480000,0x00000007ae000000)
 ParOldGen       total 27136K, used 17680K [0x0000000780000000, 0x0000000781a80000, 0x00000007aab00000)
  object space 27136K, 65% used [0x0000000780000000,0x0000000781144200,0x0000000781a80000)
 Metaspace       used 29649K, capacity 31038K, committed 31104K, reserved 1075200K
  class space    used 4157K, capacity 4450K, committed 4480K, reserved 1048576K
}
Event: 650.455 GC heap before
{Heap before GC invocations=15 (full 1):
 PSYoungGen      total 32256K, used 22464K [0x00000007aab00000, 0x00000007ae000000, 0x00000007c0000000)
  eden space 20480K, 100% used [0x00000007aab00000,0x00000007abf00000,0x00000007abf00000)
  from space 11776K, 16% used [0x00000007abf00000,0x00000007ac0f0000,0x00000007aca80000)
  to   space 11776K, 0% used [0x00000007ad480000,0x00000007ad480000,0x00000007ae000000)
 ParOldGen       total 27136K, used 17680K [0x0000000780000000, 0x0000000781a80000, 0x00000007aab00000)
  object space 27136K, 65% used [0x0000000780000000,0x0000000781144200,0x0000000781a80000)
 Metaspace       used 29794K, capacity 31234K, committed 31360K, reserved 1077248K
  class space    used 4167K, capacity 4450K, committed 4480K, reserved 1048576K
Event: 650.468 GC heap after
Heap after GC invocations=15 (full 1):
 PSYoungGen      total 41472K, used 2112K [0x00000007aab00000, 0x00000007adf80000, 0x00000007c0000000)
  eden space 30208K, 0% used [0x00000007aab00000,0x00000007aab00000,0x00000007ac880000)
  from space 11264K, 18% used [0x00000007ad480000,0x00000007ad690000,0x00000007adf80000)
  to   space 11776K, 0% used [0x00000007ac880000,0x00000007ac880000,0x00000007ad400000)
 ParOldGen       total 27136K, used 17936K [0x0000000780000000, 0x0000000781a80000, 0x00000007aab00000)
  object space 27136K, 66% used [0x0000000780000000,0x0000000781184200,0x0000000781a80000)
 Metaspace       used 29794K, capacity 31234K, committed 31360K, reserved 1077248K
  class space    used 4167K, capacity 4450K, committed 4480K, reserved 1048576K
}
Event: 670.518 GC heap before
{Heap before GC invocations=16 (full 1):
 PSYoungGen      total 41472K, used 32320K [0x00000007aab00000, 0x00000007adf80000, 0x00000007c0000000)
  eden space 30208K, 100% used [0x00000007aab00000,0x00000007ac880000,0x00000007ac880000)
  from space 11264K, 18% used [0x00000007ad480000,0x00000007ad690000,0x00000007adf80000)
  to   space 11776K, 0% used [0x00000007ac880000,0x00000007ac880000,0x00000007ad400000)
 ParOldGen       total 27136K, used 17936K [0x0000000780000000, 0x0000000781a80000, 0x00000007aab00000)
  object space 27136K, 66% used [0x0000000780000000,0x0000000781184200,0x0000000781a80000)
 Metaspace       used 29951K, capacity 31302K, committed 31360K, reserved 1077248K
  class space    used 4170K, capacity 4450K, committed 4480K, reserved 1048576K
Event: 670.544 GC heap after
Heap after GC invocations=16 (full 1):
 PSYoungGen      total 31744K, used 1792K [0x00000007aab00000, 0x00000007ade00000, 0x00000007c0000000)
  eden space 29696K, 0% used [0x00000007aab00000,0x00000007aab00000,0x00000007ac800000)
  from space 2048K, 87% used [0x00000007ac880000,0x00000007aca40000,0x00000007aca80000)
  to   space 11264K, 0% used [0x00000007ad300000,0x00000007ad300000,0x00000007ade00000)
 ParOldGen       total 27136K, used 19520K [0x0000000780000000, 0x0000000781a80000, 0x00000007aab00000)
  object space 27136K, 71% used [0x0000000780000000,0x0000000781310200,0x0000000781a80000)
 Metaspace       used 29951K, capacity 31302K, committed 31360K, reserved 1077248K
  class space    used 4170K, capacity 4450K, committed 4480K, reserved 1048576K
}
Event: 1903.891 GC heap before
{Heap before GC invocations=17 (full 1):
 PSYoungGen      total 31744K, used 31488K [0x00000007aab00000, 0x00000007ade00000, 0x00000007c0000000)
  eden space 29696K, 100% used [0x00000007aab00000,0x00000007ac800000,0x00000007ac800000)
  from space 2048K, 87% used [0x00000007ac880000,0x00000007aca40000,0x00000007aca80000)
  to   space 11264K, 0% used [0x00000007ad300000,0x00000007ad300000,0x00000007ade00000)
 ParOldGen       total 27136K, used 19520K [0x0000000780000000, 0x0000000781a80000, 0x00000007aab00000)
  object space 27136K, 71% used [0x0000000780000000,0x0000000781310200,0x0000000781a80000)
 Metaspace       used 30057K, capacity 31442K, committed 31616K, reserved 1077248K
  class space    used 4171K, capacity 4452K, committed 4480K, reserved 1048576K
Event: 1904.065 GC heap after
Heap after GC invocations=17 (full 1):
 PSYoungGen      total 39936K, used 1152K [0x00000007aab00000, 0x00000007add80000, 0x00000007c0000000)
  eden space 29184K, 0% used [0x00000007aab00000,0x00000007aab00000,0x00000007ac780000)
  from space 10752K, 10% used [0x00000007ad300000,0x00000007ad420000,0x00000007add80000)
  to   space 11264K, 0% used [0x00000007ac780000,0x00000007ac780000,0x00000007ad280000)
 ParOldGen       total 27136K, used 21096K [0x0000000780000000, 0x0000000781a80000, 0x00000007aab00000)
  object space 27136K, 77% used [0x0000000780000000,0x000000078149a210,0x0000000781a80000)
 Metaspace       used 30057K, capacity 31442K, committed 31616K, reserved 1077248K
  class space    used 4171K, capacity 4452K, committed 4480K, reserved 1048576K
}

Deoptimization events (10 events):
Event: 661.972 Thread 0x00007fe8bc213000 Uncommon trap: reason=class_check action=maybe_recompile pc=0x00000001027c1fe0 method=com.sun.javafx.scene.control.skin.LabeledSkinBase.isIgnoreGraphic()Z @ 21
Event: 662.709 Thread 0x00007fe8bc213000 Uncommon trap: reason=unstable_if action=reinterpret pc=0x000000010257e814 method=javafx.scene.Scene.getEffectiveNodeOrientation()Ljavafx/geometry/NodeOrientation; @ 4
Event: 662.709 Thread 0x00007fe8bc213000 Uncommon trap: reason=unstable_if action=reinterpret pc=0x000000010315439c method=javafx.scene.Parent$1.onChanged(Ljavafx/collections/ListChangeListener$Change;)V @ 73
Event: 662.709 Thread 0x00007fe8bc213000 Uncommon trap: reason=unstable_if action=reinterpret pc=0x00000001028cda64 method=com.sun.javafx.scene.control.skin.LabeledSkinBase.handleControlPropertyChanged(Ljava/lang/String;)V @ 49
Event: 662.801 Thread 0x00007fe8bc213000 Uncommon trap: reason=class_check action=maybe_recompile pc=0x0000000103166378 method=com.sun.javafx.scene.control.skin.LabeledSkinBase.isIgnoreGraphic()Z @ 21
Event: 676.184 Thread 0x00007fe8bc985000 Uncommon trap: reason=class_check action=maybe_recompile pc=0x000000010289a0c4 method=com.sun.javafx.sg.prism.NGNode.markCullRegions(Lcom/sun/javafx/geom/DirtyRegionContainer;ILcom/sun/javafx/geom/transform/BaseTransform;Lcom/sun/javafx/geom/transform/Gen
Event: 756.202 Thread 0x00007fe8bc985000 Uncommon trap: reason=class_check action=maybe_recompile pc=0x0000000102f63bf0 method=com.sun.javafx.sg.prism.NGGroup.renderContent(Lcom/sun/prism/Graphics;)V @ 66
Event: 756.203 Thread 0x00007fe8bc985000 Uncommon trap: reason=class_check action=maybe_recompile pc=0x0000000102f63bf0 method=com.sun.javafx.sg.prism.NGGroup.renderContent(Lcom/sun/prism/Graphics;)V @ 66
Event: 1918.173 Thread 0x00007fe8bc213000 Uncommon trap: reason=bimorphic action=maybe_recompile pc=0x0000000102e102ac method=java.util.AbstractCollection.toArray()[Ljava/lang/Object; @ 52
Event: 1918.201 Thread 0x00007fe8bc213000 Uncommon trap: reason=unstable_if action=reinterpret pc=0x000000010324de24 method=java.util.concurrent.locks.ReentrantLock$Sync.tryRelease(I)Z @ 28

Internal exceptions (10 events):
Event: 35.702 Thread 0x00007fe8bc213000 Exception <a 'java/lang/ArrayIndexOutOfBoundsException'> (0x00000007ab9c44c8) thrown at [/Users/java_re/workspace/8-2-build-macosx-x86_64/jdk8u40/3153/hotspot/src/share/vm/runtime/sharedRuntime.cpp, line 605]
Event: 35.702 Thread 0x00007fe8bc213000 Exception <a 'java/lang/ArrayIndexOutOfBoundsException'> (0x00000007ab9c5c10) thrown at [/Users/java_re/workspace/8-2-build-macosx-x86_64/jdk8u40/3153/hotspot/src/share/vm/runtime/sharedRuntime.cpp, line 605]
Event: 41.859 Thread 0x00007fe8bc213000 Exception <a 'java/io/FileNotFoundException'> (0x00000007aade4ee0) thrown at [/Users/java_re/workspace/8-2-build-macosx-x86_64/jdk8u40/3153/hotspot/src/share/vm/prims/jni.cpp, line 709]
Event: 42.450 Thread 0x00007fe8bc213000 Implicit null exception at 0x000000010267fb35 to 0x000000010267fd71
Event: 42.450 Thread 0x00007fe8bc213000 Implicit null exception at 0x000000010267ee7b to 0x000000010267f2e1
Event: 42.451 Thread 0x00007fe8bc213000 Implicit null exception at 0x00000001025315af to 0x0000000102531619
Event: 52.589 Thread 0x00007fe8bc213000 Implicit null exception at 0x00000001024e4f71 to 0x00000001024e53dd
Event: 55.066 Thread 0x00007fe8bc213000 Implicit null exception at 0x00000001024a5650 to 0x00000001024a5be9
Event: 620.166 Thread 0x00007fe8bc213000 Implicit null exception at 0x0000000103060c30 to 0x000000010306253d
Event: 653.387 Thread 0x00007fe8bc213000 Implicit null exception at 0x000000010296067f to 0x0000000102960797

Events (10 events):
Event: 1918.201 Thread 0x00007fe8bc213000 DEOPT UNPACKING pc=0x0000000102258f69 sp=0x00007fff5ef82c48 mode 2
Event: 1918.202 loading class com/sun/javafx/tk/quantum/QuantumToolkit
Event: 1918.202 loading class com/sun/javafx/tk/quantum/QuantumToolkit done
Event: 1918.202 Thread 0x00007fe8bc985000 Thread exited: 0x00007fe8bc985000
Event: 1918.204 Thread 0x00007fe8bc213000 Thread exited: 0x00007fe8bc213000
Event: 1918.207 Executing VM operation: RevokeBias
Event: 1918.207 Executing VM operation: RevokeBias done
Event: 1918.207 Thread 0x00007fe8bc80b800 Thread exited: 0x00007fe8bc80b800
Event: 1918.207 Thread 0x00007fe8bc213000 Thread added: 0x00007fe8bc213000
Event: 1918.207 Thread 0x00007fe8bc2c9000 Thread exited: 0x00007fe8bc2c9000


Dynamic libraries:
0x000000000462d000 	/System/Library/Frameworks/Cocoa.framework/Versions/A/Cocoa
0x000000000462d000 	/System/Library/Frameworks/Security.framework/Versions/A/Security
0x000000000462d000 	/System/Library/Frameworks/ApplicationServices.framework/Versions/A/ApplicationServices
0x000000000462d000 	/usr/lib/libz.1.dylib
0x000000000462d000 	/usr/lib/libSystem.B.dylib
0x000000000462d000 	/usr/lib/libobjc.A.dylib
0x000000000462d000 	/System/Library/Frameworks/CoreFoundation.framework/Versions/A/CoreFoundation
0x000000000462d000 	/System/Library/Frameworks/Foundation.framework/Versions/C/Foundation
0x000000000462d000 	/System/Library/Frameworks/AppKit.framework/Versions/C/AppKit
0x000000000462d000 	/System/Library/Frameworks/CoreData.framework/Versions/A/CoreData
0x000000000462d000 	/System/Library/PrivateFrameworks/RemoteViewServices.framework/Versions/A/RemoteViewServices
0x000000000462d000 	/System/Library/PrivateFrameworks/UIFoundation.framework/Versions/A/UIFoundation
0x000000000462d000 	/System/Library/Frameworks/IOSurface.framework/Versions/A/IOSurface
0x000000000462d000 	/System/Library/Frameworks/AudioToolbox.framework/Versions/A/AudioToolbox
0x000000000462d000 	/System/Library/Frameworks/AudioUnit.framework/Versions/A/AudioUnit
0x000000000462d000 	/System/Library/PrivateFrameworks/DataDetectorsCore.framework/Versions/A/DataDetectorsCore
0x000000000462d000 	/System/Library/PrivateFrameworks/DesktopServicesPriv.framework/Versions/A/DesktopServicesPriv
0x000000000462d000 	/System/Library/Frameworks/Carbon.framework/Versions/A/Frameworks/HIToolbox.framework/Versions/A/HIToolbox
0x000000000462d000 	/System/Library/Frameworks/QuartzCore.framework/Versions/A/QuartzCore
0x000000000462d000 	/System/Library/Frameworks/Carbon.framework/Versions/A/Frameworks/SpeechRecognition.framework/Versions/A/SpeechRecognition
0x000000000462d000 	/usr/lib/libauto.dylib
0x000000000462d000 	/usr/lib/libicucore.A.dylib
0x000000000462d000 	/usr/lib/libxml2.2.dylib
0x000000000462d000 	/System/Library/PrivateFrameworks/CoreUI.framework/Versions/A/CoreUI
0x000000000462d000 	/System/Library/Frameworks/CoreAudio.framework/Versions/A/CoreAudio
0x000000000462d000 	/System/Library/Frameworks/DiskArbitration.framework/Versions/A/DiskArbitration
0x000000000462d000 	/usr/lib/liblangid.dylib
0x000000000462d000 	/System/Library/PrivateFrameworks/MultitouchSupport.framework/Versions/A/MultitouchSupport
0x000000000462d000 	/System/Library/Frameworks/IOKit.framework/Versions/A/IOKit
0x000000000462d000 	/usr/lib/libDiagnosticMessagesClient.dylib
0x000000000462d000 	/System/Library/Frameworks/CoreServices.framework/Versions/A/CoreServices
0x000000000462d000 	/System/Library/PrivateFrameworks/PerformanceAnalysis.framework/Versions/A/PerformanceAnalysis
0x000000000462d000 	/System/Library/PrivateFrameworks/GenerationalStorage.framework/Versions/A/GenerationalStorage
0x000000000462d000 	/System/Library/Frameworks/OpenGL.framework/Versions/A/OpenGL
0x000000000462d000 	/System/Library/PrivateFrameworks/Sharing.framework/Versions/A/Sharing
0x000000000462d000 	/System/Library/Frameworks/CoreGraphics.framework/Versions/A/CoreGraphics
0x000000000462d000 	/System/Library/Frameworks/CoreText.framework/Versions/A/CoreText
0x000000000462d000 	/System/Library/Frameworks/ImageIO.framework/Versions/A/ImageIO
0x000000000462d000 	/usr/lib/libextension.dylib
0x000000000462d000 	/System/Library/PrivateFrameworks/Backup.framework/Versions/A/Backup
0x000000000462d000 	/usr/lib/libarchive.2.dylib
0x000000000462d000 	/System/Library/Frameworks/CFNetwork.framework/Versions/A/CFNetwork
0x000000000462d000 	/System/Library/Frameworks/SystemConfiguration.framework/Versions/A/SystemConfiguration
0x000000000462d000 	/usr/lib/libCRFSuite.dylib
0x000000000462d000 	/usr/lib/libc++.1.dylib
0x000000000462d000 	/usr/lib/libc++abi.dylib
0x000000000462d000 	/usr/lib/system/libcache.dylib
0x000000000462d000 	/usr/lib/system/libcommonCrypto.dylib
0x000000000462d000 	/usr/lib/system/libcompiler_rt.dylib
0x000000000462d000 	/usr/lib/system/libcopyfile.dylib
0x000000000462d000 	/usr/lib/system/libcorecrypto.dylib
0x000000000462d000 	/usr/lib/system/libdispatch.dylib
0x000000000462d000 	/usr/lib/system/libdyld.dylib
0x000000000462d000 	/usr/lib/system/libkeymgr.dylib
0x000000000462d000 	/usr/lib/system/liblaunch.dylib
0x000000000462d000 	/usr/lib/system/libmacho.dylib
0x000000000462d000 	/usr/lib/system/libquarantine.dylib
0x000000000462d000 	/usr/lib/system/libremovefile.dylib
0x000000000462d000 	/usr/lib/system/libsystem_asl.dylib
0x000000000462d000 	/usr/lib/system/libsystem_blocks.dylib
0x000000000462d000 	/usr/lib/system/libsystem_c.dylib
0x000000000462d000 	/usr/lib/system/libsystem_configuration.dylib
0x000000000462d000 	/usr/lib/system/libsystem_coreservices.dylib
0x000000000462d000 	/usr/lib/system/libsystem_coretls.dylib
0x000000000462d000 	/usr/lib/system/libsystem_dnssd.dylib
0x000000000462d000 	/usr/lib/system/libsystem_info.dylib
0x000000000462d000 	/usr/lib/system/libsystem_kernel.dylib
0x000000000462d000 	/usr/lib/system/libsystem_m.dylib
0x000000000462d000 	/usr/lib/system/libsystem_malloc.dylib
0x000000000462d000 	/usr/lib/system/libsystem_network.dylib
0x000000000462d000 	/usr/lib/system/libsystem_networkextension.dylib
0x000000000462d000 	/usr/lib/system/libsystem_notify.dylib
0x000000000462d000 	/usr/lib/system/libsystem_platform.dylib
0x000000000462d000 	/usr/lib/system/libsystem_pthread.dylib
0x000000000462d000 	/usr/lib/system/libsystem_sandbox.dylib
0x000000000462d000 	/usr/lib/system/libsystem_secinit.dylib
0x000000000462d000 	/usr/lib/system/libsystem_stats.dylib
0x000000000462d000 	/usr/lib/system/libsystem_trace.dylib
0x000000000462d000 	/usr/lib/system/libunc.dylib
0x000000000462d000 	/usr/lib/system/libunwind.dylib
0x000000000462d000 	/usr/lib/system/libxpc.dylib
0x000000000462d000 	/usr/lib/libbz2.1.0.dylib
0x000000000462d000 	/usr/lib/liblzma.5.dylib
0x000000000462d000 	/usr/lib/libbsm.0.dylib
0x000000000462d000 	/usr/lib/libsqlite3.dylib
0x000000000462d000 	/usr/lib/system/libkxld.dylib
0x000000000462d000 	/usr/lib/libxar.1.dylib
0x000000000462d000 	/usr/lib/libpam.2.dylib
0x000000000462d000 	/usr/lib/libOpenScriptingUtil.dylib
0x000000000462d000 	/System/Library/Frameworks/CoreServices.framework/Versions/A/Frameworks/FSEvents.framework/Versions/A/FSEvents
0x000000000462d000 	/System/Library/Frameworks/CoreServices.framework/Versions/A/Frameworks/CarbonCore.framework/Versions/A/CarbonCore
0x000000000462d000 	/System/Library/Frameworks/CoreServices.framework/Versions/A/Frameworks/Metadata.framework/Versions/A/Metadata
0x000000000462d000 	/System/Library/Frameworks/CoreServices.framework/Versions/A/Frameworks/OSServices.framework/Versions/A/OSServices
0x000000000462d000 	/System/Library/Frameworks/CoreServices.framework/Versions/A/Frameworks/SearchKit.framework/Versions/A/SearchKit
0x000000000462d000 	/System/Library/Frameworks/CoreServices.framework/Versions/A/Frameworks/AE.framework/Versions/A/AE
0x000000000462d000 	/System/Library/Frameworks/CoreServices.framework/Versions/A/Frameworks/LaunchServices.framework/Versions/A/LaunchServices
0x000000000462d000 	/System/Library/Frameworks/CoreServices.framework/Versions/A/Frameworks/DictionaryServices.framework/Versions/A/DictionaryServices
0x000000000462d000 	/System/Library/Frameworks/NetFS.framework/Versions/A/NetFS
0x000000000462d000 	/System/Library/PrivateFrameworks/NetAuth.framework/Versions/A/NetAuth
0x000000000462d000 	/System/Library/PrivateFrameworks/login.framework/Versions/A/Frameworks/loginsupport.framework/Versions/A/loginsupport
0x000000000462d000 	/System/Library/PrivateFrameworks/TCC.framework/Versions/A/TCC
0x000000000462d000 	/usr/lib/libmecabra.dylib
0x000000000462d000 	/System/Library/Frameworks/ApplicationServices.framework/Versions/A/Frameworks/ATS.framework/Versions/A/ATS
0x000000000462d000 	/System/Library/Frameworks/ApplicationServices.framework/Versions/A/Frameworks/ColorSync.framework/Versions/A/ColorSync
0x000000000462d000 	/System/Library/Frameworks/ApplicationServices.framework/Versions/A/Frameworks/HIServices.framework/Versions/A/HIServices
0x000000000462d000 	/System/Library/Frameworks/ApplicationServices.framework/Versions/A/Frameworks/LangAnalysis.framework/Versions/A/LangAnalysis
0x000000000462d000 	/System/Library/Frameworks/ApplicationServices.framework/Versions/A/Frameworks/PrintCore.framework/Versions/A/PrintCore
0x000000000462d000 	/System/Library/Frameworks/ApplicationServices.framework/Versions/A/Frameworks/QD.framework/Versions/A/QD
0x000000000462d000 	/System/Library/Frameworks/ApplicationServices.framework/Versions/A/Frameworks/SpeechSynthesis.framework/Versions/A/SpeechSynthesis
0x000000000462d000 	/System/Library/Frameworks/Accelerate.framework/Versions/A/Accelerate
0x000000000462d000 	/System/Library/Frameworks/Accelerate.framework/Versions/A/Frameworks/vImage.framework/Versions/A/vImage
0x000000000462d000 	/System/Library/Frameworks/Accelerate.framework/Versions/A/Frameworks/vecLib.framework/Versions/A/vecLib
0x000000000462d000 	/System/Library/Frameworks/Accelerate.framework/Versions/A/Frameworks/vecLib.framework/Versions/A/libvDSP.dylib
0x000000000462d000 	/System/Library/Frameworks/Accelerate.framework/Versions/A/Frameworks/vecLib.framework/Versions/A/libvMisc.dylib
0x000000000462d000 	/System/Library/Frameworks/Accelerate.framework/Versions/A/Frameworks/vecLib.framework/Versions/A/libLAPACK.dylib
0x000000000462d000 	/System/Library/Frameworks/Accelerate.framework/Versions/A/Frameworks/vecLib.framework/Versions/A/libBLAS.dylib
0x000000000462d000 	/System/Library/Frameworks/Accelerate.framework/Versions/A/Frameworks/vecLib.framework/Versions/A/libLinearAlgebra.dylib
0x000000000462d000 	/System/Library/Frameworks/ApplicationServices.framework/Versions/A/Frameworks/ATS.framework/Versions/A/Resources/libFontParser.dylib
0x000000000462d000 	/System/Library/Frameworks/ApplicationServices.framework/Versions/A/Frameworks/ATS.framework/Versions/A/Resources/libFontRegistry.dylib
0x000000000462d000 	/System/Library/PrivateFrameworks/AppleVPA.framework/Versions/A/AppleVPA
0x000000000462d000 	/System/Library/PrivateFrameworks/AppleJPEG.framework/Versions/A/AppleJPEG
0x000000000462d000 	/System/Library/Frameworks/ImageIO.framework/Versions/A/Resources/libJPEG.dylib
0x000000000462d000 	/System/Library/Frameworks/ImageIO.framework/Versions/A/Resources/libTIFF.dylib
0x000000000462d000 	/System/Library/Frameworks/ImageIO.framework/Versions/A/Resources/libPng.dylib
0x000000000462d000 	/System/Library/Frameworks/ImageIO.framework/Versions/A/Resources/libGIF.dylib
0x000000000462d000 	/System/Library/Frameworks/ImageIO.framework/Versions/A/Resources/libJP2.dylib
0x000000000462d000 	/System/Library/Frameworks/ImageIO.framework/Versions/A/Resources/libRadiance.dylib
0x000000000462d000 	/System/Library/Frameworks/CoreVideo.framework/Versions/A/CoreVideo
0x000000000462d000 	/System/Library/Frameworks/OpenGL.framework/Versions/A/Libraries/libGLU.dylib
0x000000000462d000 	/System/Library/Frameworks/OpenGL.framework/Versions/A/Libraries/libGFXShared.dylib
0x000000000462d000 	/System/Library/Frameworks/OpenGL.framework/Versions/A/Libraries/libGL.dylib
0x000000000462d000 	/System/Library/Frameworks/OpenGL.framework/Versions/A/Libraries/libGLImage.dylib
0x000000000462d000 	/System/Library/Frameworks/OpenGL.framework/Versions/A/Libraries/libCVMSPluginSupport.dylib
0x000000000462d000 	/System/Library/Frameworks/OpenGL.framework/Versions/A/Libraries/libCoreVMClient.dylib
0x000000000462d000 	/usr/lib/libcups.2.dylib
0x000000000462d000 	/System/Library/Frameworks/Kerberos.framework/Versions/A/Kerberos
0x000000000462d000 	/System/Library/Frameworks/GSS.framework/Versions/A/GSS
0x000000000462d000 	/usr/lib/libresolv.9.dylib
0x000000000462d000 	/usr/lib/libiconv.2.dylib
0x000000000462d000 	/System/Library/PrivateFrameworks/Heimdal.framework/Versions/A/Heimdal
0x000000000462d000 	/usr/lib/libheimdal-asn1.dylib
0x000000000462d000 	/System/Library/Frameworks/OpenDirectory.framework/Versions/A/OpenDirectory
0x000000000462d000 	/System/Library/PrivateFrameworks/CommonAuth.framework/Versions/A/CommonAuth
0x000000000462d000 	/System/Library/Frameworks/OpenDirectory.framework/Versions/A/Frameworks/CFOpenDirectory.framework/Versions/A/CFOpenDirectory
0x000000000462d000 	/System/Library/Frameworks/SecurityFoundation.framework/Versions/A/SecurityFoundation
0x000000000462d000 	/System/Library/PrivateFrameworks/LanguageModeling.framework/Versions/A/LanguageModeling
0x000000000462d000 	/usr/lib/libcmph.dylib
0x000000000462d000 	/System/Library/Frameworks/ServiceManagement.framework/Versions/A/ServiceManagement
0x000000000462d000 	/usr/lib/libxslt.1.dylib
0x000000000462d000 	/System/Library/Frameworks/Carbon.framework/Versions/A/Frameworks/Ink.framework/Versions/A/Ink
0x000000000462d000 	/System/Library/Frameworks/QuartzCore.framework/Versions/A/Frameworks/CoreImage.framework/Versions/A/CoreImage
0x000000000462d000 	/System/Library/PrivateFrameworks/CrashReporterSupport.framework/Versions/A/CrashReporterSupport
0x000000000462d000 	/System/Library/Frameworks/OpenCL.framework/Versions/A/OpenCL
0x000000000462d000 	/System/Library/PrivateFrameworks/FaceCore.framework/Versions/A/FaceCore
0x000000000462d000 	/System/Library/PrivateFrameworks/Ubiquity.framework/Versions/A/Ubiquity
0x000000000462d000 	/System/Library/PrivateFrameworks/IconServices.framework/Versions/A/IconServices
0x000000000462d000 	/System/Library/PrivateFrameworks/ChunkingLibrary.framework/Versions/A/ChunkingLibrary
0x000000000462d000 	/System/Library/PrivateFrameworks/Apple80211.framework/Versions/A/Apple80211
0x000000000462d000 	/System/Library/Frameworks/CoreWLAN.framework/Versions/A/CoreWLAN
0x000000000462d000 	/System/Library/Frameworks/IOBluetooth.framework/Versions/A/IOBluetooth
0x000000000462d000 	/System/Library/PrivateFrameworks/CoreWiFi.framework/Versions/A/CoreWiFi
0x000000000462d000 	/System/Library/Frameworks/CoreBluetooth.framework/Versions/A/CoreBluetooth
0x000000000462d000 	/System/Library/PrivateFrameworks/DebugSymbols.framework/Versions/A/DebugSymbols
0x000000000462d000 	/System/Library/PrivateFrameworks/CoreSymbolication.framework/Versions/A/CoreSymbolication
0x000000000462d000 	/System/Library/PrivateFrameworks/Symbolication.framework/Versions/A/Symbolication
0x000000000462d000 	/System/Library/PrivateFrameworks/SpeechRecognitionCore.framework/Versions/A/SpeechRecognitionCore
0x0000000100d76000 	/Library/Java/JavaVirtualMachines/jdk1.8.0_40.jdk/Contents/Home/jre/lib/server/libjvm.dylib
0x000000000462d000 	/usr/lib/libstdc++.6.dylib
0x0000000102200000 	/Library/Java/JavaVirtualMachines/jdk1.8.0_40.jdk/Contents/Home/jre/lib/libverify.dylib
0x000000010220e000 	/Library/Java/JavaVirtualMachines/jdk1.8.0_40.jdk/Contents/Home/jre/lib/libjava.dylib
0x000000010224b000 	/Library/Java/JavaVirtualMachines/jdk1.8.0_40.jdk/Contents/Home/jre/lib/libzip.dylib
0x000000011551c000 	/System/Library/Frameworks/JavaVM.framework/Frameworks/JavaRuntimeSupport.framework/JavaRuntimeSupport
0x0000000115534000 	/System/Library/Frameworks/JavaVM.framework/Versions/A/Frameworks/JavaNativeFoundation.framework/Versions/A/JavaNativeFoundation
0x0000000115549000 	/System/Library/Frameworks/JavaVM.framework/Versions/A/JavaVM
0x000000000462d000 	/System/Library/Frameworks/Carbon.framework/Versions/A/Carbon
0x0000000115556000 	/System/Library/PrivateFrameworks/JavaLaunching.framework/Versions/A/JavaLaunching
0x000000000462d000 	/System/Library/Frameworks/Carbon.framework/Versions/A/Frameworks/CommonPanels.framework/Versions/A/CommonPanels
0x000000000462d000 	/System/Library/Frameworks/Carbon.framework/Versions/A/Frameworks/Help.framework/Versions/A/Help
0x000000000462d000 	/System/Library/Frameworks/Carbon.framework/Versions/A/Frameworks/ImageCapture.framework/Versions/A/ImageCapture
0x000000000462d000 	/System/Library/Frameworks/Carbon.framework/Versions/A/Frameworks/OpenScripting.framework/Versions/A/OpenScripting
0x000000000462d000 	/System/Library/Frameworks/Carbon.framework/Versions/A/Frameworks/Print.framework/Versions/A/Print
0x000000000462d000 	/System/Library/Frameworks/Carbon.framework/Versions/A/Frameworks/SecurityHI.framework/Versions/A/SecurityHI
0x00000001173c0000 	/Library/Java/JavaVirtualMachines/jdk1.8.0_40.jdk/Contents/Home/jre/lib/libprism_es2.dylib
0x000000000462d000 	/System/Library/Frameworks/OpenGL.framework/Versions/A/Resources/GLEngine.bundle/GLEngine
0x000000000462d000 	/System/Library/Frameworks/OpenGL.framework/Versions/A/Libraries/libGLProgrammability.dylib
0x0000000000000000 	/System/Library/Extensions/GeForceTeslaGLDriver.bundle/Contents/MacOS/GeForceTeslaGLDriver
0x000000011743e000 	/System/Library/Extensions/GeForceTeslaGLDriver.bundle/Contents/MacOS/libclh.dylib
0x0000000117c85000 	/System/Library/PrivateFrameworks/GPUSupport.framework/Versions/A/Libraries/libGPUSupport.dylib
0x000000000462d000 	/System/Library/Frameworks/OpenGL.framework/Versions/A/Resources/GLRendererFloat.bundle/GLRendererFloat
0x000000000462d000 	/System/Library/Frameworks/OpenCL.framework/Versions/A/Libraries/libcldcpuengine.dylib
0x000000000462d000 	/System/Library/PrivateFrameworks/DiskImages.framework/Versions/A/DiskImages
0x000000000462d000 	/System/Library/Frameworks/DiscRecording.framework/Versions/A/DiscRecording
0x000000000462d000 	/usr/lib/libcsfde.dylib
0x000000000462d000 	/usr/lib/libcurl.4.dylib
0x000000000462d000 	/System/Library/PrivateFrameworks/MediaKit.framework/Versions/A/MediaKit
0x000000000462d000 	/System/Library/PrivateFrameworks/ProtectedCloudStorage.framework/Versions/A/ProtectedCloudStorage
0x000000000462d000 	/usr/lib/libCoreStorage.dylib
0x000000000462d000 	/System/Library/PrivateFrameworks/EFILogin.framework/Versions/A/EFILogin
0x000000000462d000 	/usr/lib/libutil.dylib
0x000000000462d000 	/System/Library/PrivateFrameworks/FindMyDevice.framework/Versions/A/FindMyDevice
0x000000000462d000 	/System/Library/Frameworks/LDAP.framework/Versions/A/LDAP
0x000000000462d000 	/usr/lib/libsasl2.2.dylib
0x000000000462d000 	/System/Library/PrivateFrameworks/CoreDaemon.framework/Versions/B/CoreDaemon
0x000000000462d000 	/usr/lib/libcrypto.0.9.8.dylib
0x000000000462d000 	/System/Library/PrivateFrameworks/AppleSRP.framework/Versions/A/AppleSRP
0x000000000462d000 	/System/Library/PrivateFrameworks/TrustEvaluationAgent.framework/Versions/A/TrustEvaluationAgent
0x0000000117dd5000 	/Library/Java/JavaVirtualMachines/jdk1.8.0_40.jdk/Contents/Home/jre/lib/libglass.dylib
0x000000000462d000 	/System/Library/PrivateFrameworks/CoreServicesInternal.framework/Versions/A/CoreServicesInternal
0x000000000462d000 	/System/Library/PrivateFrameworks/CloudDocs.framework/Versions/A/CloudDocs
0x000000000462d000 	/System/Library/PrivateFrameworks/CoreDuet.framework/Versions/A/CoreDuet
0x000000000462d000 	/System/Library/Frameworks/CloudKit.framework/Versions/A/CloudKit
0x000000000462d000 	/System/Library/PrivateFrameworks/ProtocolBuffer.framework/Versions/A/ProtocolBuffer
0x000000000462d000 	/System/Library/PrivateFrameworks/CoreDuetDaemonProtocol.framework/Versions/A/CoreDuetDaemonProtocol
0x000000000462d000 	/System/Library/PrivateFrameworks/CoreDuetDebugLogging.framework/Versions/A/CoreDuetDebugLogging
0x000000000462d000 	/System/Library/Frameworks/CoreLocation.framework/Versions/A/CoreLocation
0x000000000462d000 	/System/Library/Frameworks/Accounts.framework/Versions/A/Accounts
0x000000000462d000 	/System/Library/PrivateFrameworks/ApplePushService.framework/Versions/A/ApplePushService
0x000000000462d000 	/System/Library/PrivateFrameworks/GeoServices.framework/Versions/A/GeoServices
0x000000000462d000 	/System/Library/PrivateFrameworks/OAuth.framework/Versions/A/OAuth
0x000000000462d000 	/System/Library/Frameworks/CoreGraphics.framework/Versions/A/Resources/libCGCMS.A.dylib
0x000000000462d000 	/System/Library/CoreServices/RawCamera.bundle/Contents/MacOS/RawCamera
0x000000000462d000 	/System/Library/Frameworks/CoreGraphics.framework/Versions/A/Resources/libRIP.A.dylib
0x000000000462d000 	/System/Library/PrivateFrameworks/FamilyControls.framework/Versions/A/FamilyControls
0x000000000462d000 	/System/Library/PrivateFrameworks/CommerceKit.framework/Versions/A/Frameworks/CommerceCore.framework/Versions/A/CommerceCore
0x000000000462d000 	/System/Library/PrivateFrameworks/SystemAdministration.framework/Versions/A/SystemAdministration
0x000000000462d000 	/System/Library/PrivateFrameworks/AppContainer.framework/Versions/A/AppContainer
0x000000000462d000 	/System/Library/PrivateFrameworks/SecCodeWrapper.framework/Versions/A/SecCodeWrapper
0x000000000462d000 	/System/Library/Frameworks/DirectoryService.framework/Versions/A/DirectoryService
0x000000000462d000 	/System/Library/PrivateFrameworks/LoginUIKit.framework/Versions/A/Frameworks/LoginUICore.framework/Versions/A/LoginUICore
0x000000000462d000 	/usr/lib/libodfde.dylib
0x000000000462d000 	/System/Library/Frameworks/CoreGraphics.framework/Versions/A/Resources/libCGXType.A.dylib
0x0000000119a50000 	cl_kernels
0x000000011c52a000 	/System/Library/Frameworks/OpenCL.framework/Versions/A/Libraries/ImageFormats/unorm8_bgra.dylib
0x0000000119a54000 	cl_kernels
0x000000011cd36000 	/Library/Java/JavaVirtualMachines/jdk1.8.0_40.jdk/Contents/Home/jre/lib/libnet.dylib
0x000000011d101000 	/Library/Java/JavaVirtualMachines/jdk1.8.0_40.jdk/Contents/Home/jre/lib/libnio.dylib
0x00000001155e9000 	/Library/Java/JavaVirtualMachines/jdk1.8.0_40.jdk/Contents/Home/jre/lib/libsunec.dylib
0x0000000115636000 	/Library/Java/JavaVirtualMachines/jdk1.8.0_40.jdk/Contents/Home/jre/lib/libjavafx_font.dylib
0x000000011992b000 	/Library/Java/JavaVirtualMachines/jdk1.8.0_40.jdk/Contents/Home/jre/lib/libprism_common.dylib

VM Arguments:
jvm_args: -Dfile.encoding=UTF-8 
java_command: VIEW.View
java_class_path (initial): /Users/idinter/Desktop/workspace/SBOBETCLI/bin:/Users/idinter/Desktop/workspace/SBOBETCLI/selenium-java-2.45.0.jar:/Users/idinter/Desktop/workspace/SBOBETCLI/selenium-server-standalone-2.45.0.jar
Launcher Type: SUN_STANDARD

Environment Variables:
PATH=/usr/bin:/bin:/usr/sbin:/sbin
SHELL=/bin/bash
DISPLAY=/private/tmp/com.apple.launchd.mx9hOAuqUI/org.macosforge.xquartz:0

Signal Handlers:
SIGSEGV: [libjvm.dylib+0x58ef95], sa_mask[0]=11111111011111110111111111111111, sa_flags=SA_ONSTACK|SA_RESTART|SA_SIGINFO
SIGBUS: [libjvm.dylib+0x58ef95], sa_mask[0]=11111111011111110111111111111111, sa_flags=SA_RESTART|SA_SIGINFO
SIGFPE: [libjvm.dylib+0x46c118], sa_mask[0]=11111111011111110111111111111111, sa_flags=SA_RESTART|SA_SIGINFO
SIGPIPE: [libjvm.dylib+0x46c118], sa_mask[0]=11111111011111110111111111111111, sa_flags=SA_RESTART|SA_SIGINFO
SIGXFSZ: [libjvm.dylib+0x46c118], sa_mask[0]=11111111011111110111111111111111, sa_flags=SA_RESTART|SA_SIGINFO
SIGILL: [libjvm.dylib+0x46c118], sa_mask[0]=11111111011111110111111111111111, sa_flags=SA_RESTART|SA_SIGINFO
SIGUSR1: SIG_DFL, sa_mask[0]=00000000000000000000000000000000, sa_flags=none
SIGUSR2: [libjvm.dylib+0x46bc36], sa_mask[0]=00100000000000000000000000000000, sa_flags=SA_RESTART|SA_SIGINFO
SIGHUP: [libjvm.dylib+0x46a209], sa_mask[0]=11111111011111110111111111111111, sa_flags=SA_RESTART|SA_SIGINFO
SIGINT: [libjvm.dylib+0x46a209], sa_mask[0]=11111111011111110111111111111111, sa_flags=SA_RESTART|SA_SIGINFO
SIGTERM: [libjvm.dylib+0x46a209], sa_mask[0]=11111111011111110111111111111111, sa_flags=SA_RESTART|SA_SIGINFO
SIGQUIT: [libjvm.dylib+0x46a209], sa_mask[0]=11111111011111110111111111111111, sa_flags=SA_RESTART|SA_SIGINFO


---------------  S Y S T E M  ---------------

OS:Bsduname:Darwin 14.1.0 Darwin Kernel Version 14.1.0: Thu Feb 26 19:26:47 PST 2015; root:xnu-2782.10.73~1/RELEASE_X86_64 x86_64
rlimit: STACK 8192k, CORE 0k, NPROC 709, NOFILE 10240, AS infinity
load average:2.15 2.04 2.23

CPU:total 2 (2 cores per cpu, 1 threads per core) family 6 model 23 stepping 10, cmov, cx8, fxsr, mmx, sse, sse2, sse3, ssse3, sse4.1, tsc

Memory: 4k page, physical 4194304k(52284k free)

/proc/meminfo:


vm_info: Java HotSpot(TM) 64-Bit Server VM (25.40-b25) for bsd-amd64 JRE (1.8.0_40-b27), built on Mar 13 2015 04:46:52 by "java_re" with gcc 4.2.1 (Based on Apple Inc. build 5658) (LLVM build 2336.11.00)

time: Wed Aug 12 17:05:18 2015
elapsed time: 2262 seconds (0d 0h 37m 42s)

