#
# A fatal error has been detected by the Java Runtime Environment:
#
#  SIGSEGV (0xb) at pc=0x0000000101063ae6, pid=862, tid=1811
#
# JRE version: Java(TM) SE Runtime Environment (8.0_40-b27) (build 1.8.0_40-b27)
# Java VM: Java HotSpot(TM) 64-Bit Server VM (25.40-b25 mixed mode bsd-amd64 compressed oops)
# Problematic frame:
# V  [libjvm.dylib+0x164ae6]
#
# Failed to write core dump. Core dumps have been disabled. To enable core dumping, try "ulimit -c unlimited" before starting Java again
#
# If you would like to submit a bug report, please visit:
#   http://bugreport.java.com/bugreport/crash.jsp
#

---------------  T H R E A D  ---------------

Current thread is native thread

siginfo: si_signo: 11 (SIGSEGV), si_code: 1 (SEGV_MAPERR), si_addr: 0x0000000000000270

Registers:
RAX=0x0000000000000000, RBX=0x0000000000000000, RCX=0x0000000101205475, RDX=0x00007fb2e223c9f8
RSP=0x00007fff5edfc0e0, RBP=0x00007fff5edfc0f0, RSI=0x0000000000000006, RDI=0x00007fff5edfc130
R8 =0x0000000000000106, R9 =0x0000000000000000, R10=0x00007fb2e3e008c0, R11=0x00000001156d8b58
R12=0x00007fb2e223c9f8, R13=0x00007fb2e3e2ae50, R14=0x00007fb2e223c9f8, R15=0x0000000000000000
RIP=0x0000000101063ae6, EFLAGS=0x0000000000010246, ERR=0x0000000000000006
  TRAPNO=0x000000000000000e

Top of Stack: (sp=0x00007fff5edfc0e0)
0x00007fff5edfc0e0:   00007fb2e3ad64d0 00007fb2e223c9f8
0x00007fff5edfc0f0:   00007fff5edfc150 00000001012054a5
0x00007fff5edfc100:   00007fff7a7ee070 0000000000000000
0x00007fff5edfc110:   00007fb2e2726e00 00007fb2e3e337c0
0x00007fff5edfc120:   00007fff5edfc150 000000011b349769
0x00007fff5edfc130:   0000000000000000 00007fb2e3c1d550
0x00007fff5edfc140:   00007fb2e2726e00 00007fb2e3e337c0
0x00007fff5edfc150:   00007fff5edfc1b0 0000000122d74a4f
0x00007fff5edfc160:   00007fff7a7ee070 0000000000000000
0x00007fff5edfc170:   40cc4a052d1dadc4 0000000000000004
0x00007fff5edfc180:   00007fff5edfc1b0 00007fff8b0fc0c0
0x00007fff5edfc190:   0000000000000000 00007fb2e3e2ae50
0x00007fff5edfc1a0:   00007fb2e3e337c0 0000000000000004
0x00007fff5edfc1b0:   00007fff5edfc220 00007fff8ad40367
0x00007fff5edfc1c0:   00007fff5edfc200 0000000115784040
0x00007fff5edfc1d0:   0000000000000000 00007fb2e2726e00
0x00007fff5edfc1e0:   00007fb2e3e337c0 0000000000000000
0x00007fff5edfc1f0:   40cc4a052d1dadc4 00007fb2e3e337c0
0x00007fff5edfc200:   00007fff8b0fc0c0 0000000000000018
0x00007fff5edfc210:   0000000000000004 0000000000000000
0x00007fff5edfc220:   00007fff5edfc2a0 00007fff8ad3ff31
0x00007fff5edfc230:   00007fff5edfc270 3ff0000000000000
0x00007fff5edfc240:   4070600000000000 4062200000000000
0x00007fff5edfc250:   0000000000000000 0000000000000000
0x00007fff5edfc260:   4070600000000000 4062200000000000
0x00007fff5edfc270:   00007fff5edfc2e0 00007fff5edfc380
0x00007fff5edfc280:   000000011578a928 00007fff952e4f05
0x00007fff5edfc290:   0000000000000001 000000011578a880
0x00007fff5edfc2a0:   00007fff5edfd380 00007fff8acf3381
0x00007fff5edfc2b0:   00007fff5edfd380 00007fff8acf3243
0x00007fff5edfc2c0:   00007fff5edfd380 00007fff8acf2cda
0x00007fff5edfc2d0:   000000011578a928 000000011578a928 

Instructions: (pc=0x0000000101063ae6)
0x0000000101063ac6:   0e 48 8b 0b 49 8b 56 18 48 63 c0 48 89 0c c2 5b
0x0000000101063ad6:   41 5e 5d c3 90 90 55 48 89 e5 41 56 53 48 8b 1f
0x0000000101063ae6:   c7 83 70 02 00 00 05 00 00 00 48 8d 05 41 d2 75
0x0000000101063af6:   00 8b 00 83 f8 01 41 89 f6 75 0c 48 8d 0d 8e 39 

Register to memory mapping:

RAX=0x0000000000000000 is an unknown value
RBX=0x0000000000000000 is an unknown value
RCX=0x0000000101205475: jni_NewLocalRef+0 in /Library/Java/JavaVirtualMachines/jdk1.8.0_40.jdk/Contents/Home/jre/lib/server/libjvm.dylib at 0x0000000100eff000
RDX=0x00007fb2e223c9f8 is an unknown value
RSP=0x00007fff5edfc0e0 is an unknown value
RBP=0x00007fff5edfc0f0 is an unknown value
RSI=0x0000000000000006 is an unknown value
RDI=0x00007fff5edfc130 is an unknown value
R8 =0x0000000000000106 is an unknown value
R9 =0x0000000000000000 is an unknown value
R10=0x00007fb2e3e008c0 is an unknown value
R11=0x00000001156d8b58: OBJC_CLASS_$_JNFJObjectWrapper+0 in /System/Library/Frameworks/JavaVM.framework/Versions/A/Frameworks/JavaNativeFoundation.framework/Versions/A/JavaNativeFoundation at 0x00000001156cc000
R12=0x00007fb2e223c9f8 is an unknown value
R13=0x00007fb2e3e2ae50 is an unknown value
R14=0x00007fb2e223c9f8 is an unknown value
R15=0x0000000000000000 is an unknown value


Stack: [0x00007fff5e600000,0x00007fff5ee00000],  sp=0x00007fff5edfc0e0,  free space=8176k
Native frames: (J=compiled Java code, j=interpreted, Vv=VM code, C=native code)
V  [libjvm.dylib+0x164ae6]
V  [libjvm.dylib+0x3064a5]
C  [libawt_lwawt.dylib+0x19a4f]  -[CGLLayer drawInCGLContext:pixelFormat:forLayerTime:displayTime:]+0xee
C  [QuartzCore+0x61367]  _ZL17CAOpenGLLayerDrawP13CAOpenGLLayerdPK11CVTimeStampj+0x2b6
C  [QuartzCore+0x60f31]  -[CAOpenGLLayer _display]+0x183
C  [QuartzCore+0x14381]  _ZN2CA5Layer17display_if_neededEPNS_11TransactionE+0x25b
C  [QuartzCore+0x13abd]  _ZN2CA5Layer28layout_and_display_if_neededEPNS_11TransactionE+0x23
C  [QuartzCore+0x1324e]  _ZN2CA7Context18commit_transactionEPNS_11TransactionE+0xf2
C  [QuartzCore+0x12ea4]  _ZN2CA11Transaction6commitEv+0x186
C  [QuartzCore+0x23cad]  _ZN2CA11Transaction17observer_callbackEP19__CFRunLoopObservermPv+0x47
C  [CoreFoundation+0x7fda7]  __CFRUNLOOP_IS_CALLING_OUT_TO_AN_OBSERVER_CALLBACK_FUNCTION__+0x17
C  [CoreFoundation+0x7fd00]  __CFRunLoopDoObservers+0x170
C  [CoreFoundation+0x71f3a]  __CFRunLoopRun+0x49a
C  [CoreFoundation+0x71858]  CFRunLoopRunSpecific+0x128
C  [java+0x6490]  CreateExecutionEnvironment+0x367
C  [java+0x221c]  JLI_Launch+0x7a0
C  [java+0x84ed]  main+0x65
C  [java+0x1a74]  start+0x34


---------------  P R O C E S S  ---------------

VM state:not at safepoint (normal execution)

VM Mutex/Monitor currently owned by a thread: None

Heap:
 PSYoungGen      total 74752K, used 19017K [0x00000007aab00000, 0x00000007b0580000, 0x00000007c0000000)
  eden space 59904K, 10% used [0x00000007aab00000,0x00000007ab0dc780,0x00000007ae580000)
  from space 14848K, 87% used [0x00000007af680000,0x00000007b0336010,0x00000007b0500000)
  to   space 16384K, 0% used [0x00000007ae580000,0x00000007ae580000,0x00000007af580000)
 ParOldGen       total 66048K, used 21340K [0x0000000780000000, 0x0000000784080000, 0x00000007aab00000)
  object space 66048K, 32% used [0x0000000780000000,0x00000007814d7138,0x0000000784080000)
 Metaspace       used 35364K, capacity 36876K, committed 36992K, reserved 1081344K
  class space    used 4891K, capacity 5183K, committed 5248K, reserved 1048576K

Card table byte_map: [0x00000001117c0000,0x00000001119c1000] byte_map_base: 0x000000010dbc0000

Marking Bits: (ParMarkBitMap*) 0x00000001017c17a0
 Begin Bits: [0x0000000111d1d000, 0x0000000112d1d000)
 End Bits:   [0x0000000112d1d000, 0x0000000113d1d000)

Polling page: 0x0000000101fae000

CodeCache: size=245760Kb used=15675Kb max_used=15748Kb free=230084Kb
 bounds [0x0000000102400000, 0x00000001033a0000, 0x0000000111400000]
 total_blobs=5893 nmethods=5044 adapters=762
 compilation: enabled

Compilation events (10 events):
Event: 348.475 Thread 0x00007fb2e180a000 5865       3       com.sun.javafx.animation.TickCalculation::fromDuration (8 bytes)
Event: 348.475 Thread 0x00007fb2e180a000 nmethod 5865 0x000000010306b6d0 code [0x000000010306b880, 0x000000010306bac8]
Event: 349.453 Thread 0x00007fb2e180a000 5866       3       javafx.scene.layout.StackPane$StyleableProperties$1::isSettable (9 bytes)
Event: 349.453 Thread 0x00007fb2e180a000 nmethod 5866 0x00000001026f1390 code [0x00000001026f1520, 0x00000001026f19c8]
Event: 349.454 Thread 0x00007fb2e180a000 5867       3       javafx.scene.layout.StackPane$StyleableProperties$1::isSettable (23 bytes)
Event: 349.454 Thread 0x00007fb2e180a000 nmethod 5867 0x0000000102aab190 code [0x0000000102aab300, 0x0000000102aab5e8]
Event: 350.408 Thread 0x00007fb2e180a000 5868       3       javafx.scene.input.KeyEvent::getEventType (5 bytes)
Event: 350.409 Thread 0x00007fb2e180a000 nmethod 5868 0x0000000102e8cdd0 code [0x0000000102e8cf40, 0x0000000102e8d110]
Event: 350.415 Thread 0x00007fb2e180a000 5869  s    3       javax.swing.event.EventListenerList::add (123 bytes)
Event: 350.417 Thread 0x00007fb2e180a000 nmethod 5869 0x000000010323e210 code [0x000000010323e4e0, 0x000000010323fd88]

GC Heap History (10 events):
Event: 13.990 GC heap before
{Heap before GC invocations=6 (full 1):
 PSYoungGen      total 35328K, used 32768K [0x00000007aab00000, 0x00000007ad000000, 0x00000007c0000000)
  eden space 32768K, 100% used [0x00000007aab00000,0x00000007acb00000,0x00000007acb00000)
  from space 2560K, 0% used [0x00000007acd80000,0x00000007acd80000,0x00000007ad000000)
  to   space 2560K, 0% used [0x00000007acb00000,0x00000007acb00000,0x00000007acd80000)
 ParOldGen       total 36864K, used 7867K [0x0000000780000000, 0x0000000782400000, 0x00000007aab00000)
  object space 36864K, 21% used [0x0000000780000000,0x00000007807aedd0,0x0000000782400000)
 Metaspace       used 27826K, capacity 29094K, committed 29184K, reserved 1075200K
  class space    used 4057K, capacity 4322K, committed 4352K, reserved 1048576K
Event: 14.018 GC heap after
Heap after GC invocations=6 (full 1):
 PSYoungGen      total 35328K, used 2560K [0x00000007aab00000, 0x00000007aed80000, 0x00000007c0000000)
  eden space 32768K, 0% used [0x00000007aab00000,0x00000007aab00000,0x00000007acb00000)
  from space 2560K, 100% used [0x00000007acb00000,0x00000007acd80000,0x00000007acd80000)
  to   space 9728K, 0% used [0x00000007ae400000,0x00000007ae400000,0x00000007aed80000)
 ParOldGen       total 36864K, used 14463K [0x0000000780000000, 0x0000000782400000, 0x00000007aab00000)
  object space 36864K, 39% used [0x0000000780000000,0x0000000780e1ff40,0x0000000782400000)
 Metaspace       used 27826K, capacity 29094K, committed 29184K, reserved 1075200K
  class space    used 4057K, capacity 4322K, committed 4352K, reserved 1048576K
}
Event: 37.136 GC heap before
{Heap before GC invocations=7 (full 1):
 PSYoungGen      total 35328K, used 25196K [0x00000007aab00000, 0x00000007aed80000, 0x00000007c0000000)
  eden space 32768K, 69% used [0x00000007aab00000,0x00000007ac11b378,0x00000007acb00000)
  from space 2560K, 100% used [0x00000007acb00000,0x00000007acd80000,0x00000007acd80000)
  to   space 9728K, 0% used [0x00000007ae400000,0x00000007ae400000,0x00000007aed80000)
 ParOldGen       total 36864K, used 14463K [0x0000000780000000, 0x0000000782400000, 0x00000007aab00000)
  object space 36864K, 39% used [0x0000000780000000,0x0000000780e1ff40,0x0000000782400000)
 Metaspace       used 33967K, capacity 35280K, committed 35416K, reserved 1079296K
  class space    used 4796K, capacity 5077K, committed 5120K, reserved 1048576K
Event: 37.194 GC heap after
Heap after GC invocations=7 (full 1):
 PSYoungGen      total 54784K, used 9696K [0x00000007aab00000, 0x00000007af280000, 0x00000007c0000000)
  eden space 45056K, 0% used [0x00000007aab00000,0x00000007aab00000,0x00000007ad700000)
  from space 9728K, 99% used [0x00000007ae400000,0x00000007aed78010,0x00000007aed80000)
  to   space 13312K, 0% used [0x00000007ad700000,0x00000007ad700000,0x00000007ae400000)
 ParOldGen       total 36864K, used 17541K [0x0000000780000000, 0x0000000782400000, 0x00000007aab00000)
  object space 36864K, 47% used [0x0000000780000000,0x0000000781121750,0x0000000782400000)
 Metaspace       used 33967K, capacity 35280K, committed 35416K, reserved 1079296K
  class space    used 4796K, capacity 5077K, committed 5120K, reserved 1048576K
}
Event: 37.194 GC heap before
{Heap before GC invocations=8 (full 2):
 PSYoungGen      total 54784K, used 9696K [0x00000007aab00000, 0x00000007af280000, 0x00000007c0000000)
  eden space 45056K, 0% used [0x00000007aab00000,0x00000007aab00000,0x00000007ad700000)
  from space 9728K, 99% used [0x00000007ae400000,0x00000007aed78010,0x00000007aed80000)
  to   space 13312K, 0% used [0x00000007ad700000,0x00000007ad700000,0x00000007ae400000)
 ParOldGen       total 36864K, used 17541K [0x0000000780000000, 0x0000000782400000, 0x00000007aab00000)
  object space 36864K, 47% used [0x0000000780000000,0x0000000781121750,0x0000000782400000)
 Metaspace       used 33967K, capacity 35280K, committed 35416K, reserved 1079296K
  class space    used 4796K, capacity 5077K, committed 5120K, reserved 1048576K
Event: 37.431 GC heap after
Heap after GC invocations=8 (full 2):
 PSYoungGen      total 54784K, used 0K [0x00000007aab00000, 0x00000007af280000, 0x00000007c0000000)
  eden space 45056K, 0% used [0x00000007aab00000,0x00000007aab00000,0x00000007ad700000)
  from space 9728K, 0% used [0x00000007ae400000,0x00000007ae400000,0x00000007aed80000)
  to   space 13312K, 0% used [0x00000007ad700000,0x00000007ad700000,0x00000007ae400000)
 ParOldGen       total 66048K, used 21324K [0x0000000780000000, 0x0000000784080000, 0x00000007aab00000)
  object space 66048K, 32% used [0x0000000780000000,0x00000007814d3138,0x0000000784080000)
 Metaspace       used 33967K, capacity 35280K, committed 35416K, reserved 1079296K
  class space    used 4796K, capacity 5077K, committed 5120K, reserved 1048576K
}
Event: 135.592 GC heap before
{Heap before GC invocations=9 (full 2):
 PSYoungGen      total 54784K, used 45056K [0x00000007aab00000, 0x00000007af280000, 0x00000007c0000000)
  eden space 45056K, 100% used [0x00000007aab00000,0x00000007ad700000,0x00000007ad700000)
  from space 9728K, 0% used [0x00000007ae400000,0x00000007ae400000,0x00000007aed80000)
  to   space 13312K, 0% used [0x00000007ad700000,0x00000007ad700000,0x00000007ae400000)
 ParOldGen       total 66048K, used 21324K [0x0000000780000000, 0x0000000784080000, 0x00000007aab00000)
  object space 66048K, 32% used [0x0000000780000000,0x00000007814d3138,0x0000000784080000)
 Metaspace       used 35132K, capacity 36618K, committed 36736K, reserved 1081344K
  class space    used 4881K, capacity 5170K, committed 5248K, reserved 1048576K
Event: 135.614 GC heap after
Heap after GC invocations=9 (full 2):
 PSYoungGen      total 58368K, used 11744K [0x00000007aab00000, 0x00000007b0500000, 0x00000007c0000000)
  eden space 45056K, 0% used [0x00000007aab00000,0x00000007aab00000,0x00000007ad700000)
  from space 13312K, 88% used [0x00000007ad700000,0x00000007ae278000,0x00000007ae400000)
  to   space 14848K, 0% used [0x00000007af680000,0x00000007af680000,0x00000007b0500000)
 ParOldGen       total 66048K, used 21332K [0x0000000780000000, 0x0000000784080000, 0x00000007aab00000)
  object space 66048K, 32% used [0x0000000780000000,0x00000007814d5138,0x0000000784080000)
 Metaspace       used 35132K, capacity 36618K, committed 36736K, reserved 1081344K
  class space    used 4881K, capacity 5170K, committed 5248K, reserved 1048576K
}
Event: 328.745 GC heap before
{Heap before GC invocations=10 (full 2):
 PSYoungGen      total 58368K, used 56800K [0x00000007aab00000, 0x00000007b0500000, 0x00000007c0000000)
  eden space 45056K, 100% used [0x00000007aab00000,0x00000007ad700000,0x00000007ad700000)
  from space 13312K, 88% used [0x00000007ad700000,0x00000007ae278000,0x00000007ae400000)
  to   space 14848K, 0% used [0x00000007af680000,0x00000007af680000,0x00000007b0500000)
 ParOldGen       total 66048K, used 21332K [0x0000000780000000, 0x0000000784080000, 0x00000007aab00000)
  object space 66048K, 32% used [0x0000000780000000,0x00000007814d5138,0x0000000784080000)
 Metaspace       used 35297K, capacity 36774K, committed 36992K, reserved 1081344K
  class space    used 4884K, capacity 5174K, committed 5248K, reserved 1048576K
Event: 328.778 GC heap after
Heap after GC invocations=10 (full 2):
 PSYoungGen      total 74752K, used 13016K [0x00000007aab00000, 0x00000007b0580000, 0x00000007c0000000)
  eden space 59904K, 0% used [0x00000007aab00000,0x00000007aab00000,0x00000007ae580000)
  from space 14848K, 87% used [0x00000007af680000,0x00000007b0336010,0x00000007b0500000)
  to   space 16384K, 0% used [0x00000007ae580000,0x00000007ae580000,0x00000007af580000)
 ParOldGen       total 66048K, used 21340K [0x0000000780000000, 0x0000000784080000, 0x00000007aab00000)
  object space 66048K, 32% used [0x0000000780000000,0x00000007814d7138,0x0000000784080000)
 Metaspace       used 35297K, capacity 36774K, committed 36992K, reserved 1081344K
  class space    used 4884K, capacity 5174K, committed 5248K, reserved 1048576K
}

Deoptimization events (10 events):
Event: 85.509 Thread 0x00007fb2e19fd800 Uncommon trap: reason=unstable_if action=reinterpret pc=0x00000001031320b8 method=com.sun.javafx.sg.prism.NGNode.render(Lcom/sun/prism/Graphics;)V @ 28
Event: 87.103 Thread 0x00007fb2e223c800 Uncommon trap: reason=bimorphic action=maybe_recompile pc=0x0000000103148578 method=com.sun.javafx.event.CompositeEventHandler.dispatchBubblingEvent(Ljavafx/event/Event;)V @ 51
Event: 87.423 Thread 0x00007fb2e223c800 Uncommon trap: reason=bimorphic action=maybe_recompile pc=0x0000000103148578 method=com.sun.javafx.event.CompositeEventHandler.dispatchBubblingEvent(Ljavafx/event/Event;)V @ 51
Event: 87.567 Thread 0x00007fb2e223c800 Uncommon trap: reason=unstable_if action=reinterpret pc=0x000000010304dbc0 method=com.sun.javafx.text.TextRun.getPosX(I)F @ 75
Event: 87.848 Thread 0x00007fb2e223c800 Uncommon trap: reason=bimorphic action=maybe_recompile pc=0x0000000102dc1c1c method=javafx.scene.CssStyleHelper.isUserSetFont(Ljavafx/css/Styleable;)Z @ 35
Event: 87.848 Thread 0x00007fb2e223c800 Uncommon trap: reason=bimorphic action=maybe_recompile pc=0x0000000102dc1c1c method=javafx.scene.CssStyleHelper.isUserSetFont(Ljavafx/css/Styleable;)Z @ 35
Event: 89.393 Thread 0x00007fb2e223c800 Uncommon trap: reason=unstable_if action=reinterpret pc=0x0000000102f94cec method=java.security.AccessControlContext.combine([Ljava/security/ProtectionDomain;[Ljava/security/ProtectionDomain;)[Ljava/security/ProtectionDomain; @ 162
Event: 135.616 Thread 0x00007fb2e2074000 Uncommon trap: reason=unstable_if action=reinterpret pc=0x0000000102ad00b4 method=java.util.concurrent.locks.AbstractQueuedSynchronizer.acquireQueued(Ljava/util/concurrent/locks/AbstractQueuedSynchronizer$Node;I)Z @ 17
Event: 231.678 Thread 0x00007fb2e223c800 Uncommon trap: reason=unstable_if action=reinterpret pc=0x000000010323491c method=com.sun.javafx.geom.RoundRectangle2D.contains(FF)Z @ 54
Event: 350.440 Thread 0x00007fb2e200f800 Uncommon trap: reason=unstable_if action=reinterpret pc=0x00000001029682f8 method=java.security.AccessControlContext.optimize()Ljava/security/AccessControlContext; @ 49

Internal exceptions (10 events):
Event: 8.638 Thread 0x00007fb2e223c800 Exception <a 'java/lang/ArrayIndexOutOfBoundsException'> (0x00000007ab688c60) thrown at [/Users/java_re/workspace/8-2-build-macosx-x86_64/jdk8u40/3153/hotspot/src/share/vm/runtime/sharedRuntime.cpp, line 605]
Event: 8.638 Thread 0x00007fb2e223c800 Exception <a 'java/lang/ArrayIndexOutOfBoundsException'> (0x00000007ab689fc8) thrown at [/Users/java_re/workspace/8-2-build-macosx-x86_64/jdk8u40/3153/hotspot/src/share/vm/runtime/sharedRuntime.cpp, line 605]
Event: 8.645 Thread 0x00007fb2e223c800 Exception <a 'java/lang/ArrayIndexOutOfBoundsException'> (0x00000007ab6a3b00) thrown at [/Users/java_re/workspace/8-2-build-macosx-x86_64/jdk8u40/3153/hotspot/src/share/vm/runtime/sharedRuntime.cpp, line 605]
Event: 8.691 Thread 0x00007fb2e223c800 Exception <a 'java/lang/ArrayIndexOutOfBoundsException'> (0x00000007ab77a238) thrown at [/Users/java_re/workspace/8-2-build-macosx-x86_64/jdk8u40/3153/hotspot/src/share/vm/runtime/sharedRuntime.cpp, line 605]
Event: 9.068 Thread 0x00007fb2e223c800 Implicit null exception at 0x00000001028487b5 to 0x00000001028489ed
Event: 9.068 Thread 0x00007fb2e223c800 Implicit null exception at 0x000000010283edbb to 0x000000010283f221
Event: 17.019 Thread 0x00007fb2e4097000 Exception <a 'java/io/FileNotFoundException'> (0x00000007ab6a70e8) thrown at [/Users/java_re/workspace/8-2-build-macosx-x86_64/jdk8u40/3153/hotspot/src/share/vm/prims/jni.cpp, line 709]
Event: 17.019 Thread 0x00007fb2e4097000 Exception <a 'java/io/FileNotFoundException'> (0x00000007ab6a7be0) thrown at [/Users/java_re/workspace/8-2-build-macosx-x86_64/jdk8u40/3153/hotspot/src/share/vm/prims/jni.cpp, line 709]
Event: 79.419 Thread 0x00007fb2e223c800 Implicit null exception at 0x00000001030fc6e8 to 0x0000000103104619
Event: 350.440 Thread 0x00007fb2e200f800 Implicit null exception at 0x0000000102967c60 to 0x00000001029682e5

Events (10 events):
Event: 350.439 loading class com/sun/javafx/tk/quantum/QuantumToolkit
Event: 350.439 loading class com/sun/javafx/tk/quantum/QuantumToolkit done
Event: 350.439 Thread 0x00007fb2e19fd800 Thread exited: 0x00007fb2e19fd800
Event: 350.440 Thread 0x00007fb2e2342000 Thread exited: 0x00007fb2e2342000
Event: 350.440 Thread 0x00007fb2e200f800 Thread exited: 0x00007fb2e200f800
Event: 350.440 Thread 0x00007fb2e200f800 Thread added: 0x00007fb2e200f800
Event: 350.440 Thread 0x00007fb2e200f800 Uncommon trap: trap_request=0xffffff65 fr.pc=0x00000001029682f8
Event: 350.440 Thread 0x00007fb2e200f800 DEOPT PACKING pc=0x00000001029682f8 sp=0x0000000101f68730
Event: 350.440 Thread 0x00007fb2e200f800 DEOPT UNPACKING pc=0x0000000102404f69 sp=0x0000000101f686f8 mode 2
Event: 350.440 Thread 0x00007fb2e223c800 Thread exited: 0x00007fb2e223c800


Dynamic libraries:
0x000000000a6ca000 	/System/Library/Frameworks/Cocoa.framework/Versions/A/Cocoa
0x000000000a6ca000 	/System/Library/Frameworks/Security.framework/Versions/A/Security
0x000000000a6ca000 	/System/Library/Frameworks/ApplicationServices.framework/Versions/A/ApplicationServices
0x000000000a6ca000 	/usr/lib/libz.1.dylib
0x000000000a6ca000 	/usr/lib/libSystem.B.dylib
0x000000000a6ca000 	/usr/lib/libobjc.A.dylib
0x000000000a6ca000 	/System/Library/Frameworks/CoreFoundation.framework/Versions/A/CoreFoundation
0x000000000a6ca000 	/System/Library/Frameworks/Foundation.framework/Versions/C/Foundation
0x000000000a6ca000 	/System/Library/Frameworks/AppKit.framework/Versions/C/AppKit
0x000000000a6ca000 	/System/Library/Frameworks/CoreData.framework/Versions/A/CoreData
0x000000000a6ca000 	/System/Library/PrivateFrameworks/RemoteViewServices.framework/Versions/A/RemoteViewServices
0x000000000a6ca000 	/System/Library/PrivateFrameworks/UIFoundation.framework/Versions/A/UIFoundation
0x000000000a6ca000 	/System/Library/Frameworks/IOSurface.framework/Versions/A/IOSurface
0x000000000a6ca000 	/System/Library/Frameworks/AudioToolbox.framework/Versions/A/AudioToolbox
0x000000000a6ca000 	/System/Library/Frameworks/AudioUnit.framework/Versions/A/AudioUnit
0x000000000a6ca000 	/System/Library/PrivateFrameworks/DataDetectorsCore.framework/Versions/A/DataDetectorsCore
0x000000000a6ca000 	/System/Library/PrivateFrameworks/DesktopServicesPriv.framework/Versions/A/DesktopServicesPriv
0x000000000a6ca000 	/System/Library/Frameworks/Carbon.framework/Versions/A/Frameworks/HIToolbox.framework/Versions/A/HIToolbox
0x000000000a6ca000 	/System/Library/Frameworks/QuartzCore.framework/Versions/A/QuartzCore
0x000000000a6ca000 	/System/Library/Frameworks/Carbon.framework/Versions/A/Frameworks/SpeechRecognition.framework/Versions/A/SpeechRecognition
0x000000000a6ca000 	/usr/lib/libauto.dylib
0x000000000a6ca000 	/usr/lib/libicucore.A.dylib
0x000000000a6ca000 	/usr/lib/libxml2.2.dylib
0x000000000a6ca000 	/System/Library/PrivateFrameworks/CoreUI.framework/Versions/A/CoreUI
0x000000000a6ca000 	/System/Library/Frameworks/CoreAudio.framework/Versions/A/CoreAudio
0x000000000a6ca000 	/System/Library/Frameworks/DiskArbitration.framework/Versions/A/DiskArbitration
0x000000000a6ca000 	/usr/lib/liblangid.dylib
0x000000000a6ca000 	/System/Library/PrivateFrameworks/MultitouchSupport.framework/Versions/A/MultitouchSupport
0x000000000a6ca000 	/System/Library/Frameworks/IOKit.framework/Versions/A/IOKit
0x000000000a6ca000 	/usr/lib/libDiagnosticMessagesClient.dylib
0x000000000a6ca000 	/System/Library/Frameworks/CoreServices.framework/Versions/A/CoreServices
0x000000000a6ca000 	/System/Library/PrivateFrameworks/PerformanceAnalysis.framework/Versions/A/PerformanceAnalysis
0x000000000a6ca000 	/System/Library/PrivateFrameworks/GenerationalStorage.framework/Versions/A/GenerationalStorage
0x000000000a6ca000 	/System/Library/Frameworks/OpenGL.framework/Versions/A/OpenGL
0x000000000a6ca000 	/System/Library/PrivateFrameworks/Sharing.framework/Versions/A/Sharing
0x000000000a6ca000 	/System/Library/Frameworks/CoreGraphics.framework/Versions/A/CoreGraphics
0x000000000a6ca000 	/System/Library/Frameworks/CoreText.framework/Versions/A/CoreText
0x000000000a6ca000 	/System/Library/Frameworks/ImageIO.framework/Versions/A/ImageIO
0x000000000a6ca000 	/usr/lib/libextension.dylib
0x000000000a6ca000 	/System/Library/PrivateFrameworks/Backup.framework/Versions/A/Backup
0x000000000a6ca000 	/usr/lib/libarchive.2.dylib
0x000000000a6ca000 	/System/Library/Frameworks/CFNetwork.framework/Versions/A/CFNetwork
0x000000000a6ca000 	/System/Library/Frameworks/SystemConfiguration.framework/Versions/A/SystemConfiguration
0x000000000a6ca000 	/usr/lib/libCRFSuite.dylib
0x000000000a6ca000 	/usr/lib/libc++.1.dylib
0x000000000a6ca000 	/usr/lib/libc++abi.dylib
0x000000000a6ca000 	/usr/lib/system/libcache.dylib
0x000000000a6ca000 	/usr/lib/system/libcommonCrypto.dylib
0x000000000a6ca000 	/usr/lib/system/libcompiler_rt.dylib
0x000000000a6ca000 	/usr/lib/system/libcopyfile.dylib
0x000000000a6ca000 	/usr/lib/system/libcorecrypto.dylib
0x000000000a6ca000 	/usr/lib/system/libdispatch.dylib
0x000000000a6ca000 	/usr/lib/system/libdyld.dylib
0x000000000a6ca000 	/usr/lib/system/libkeymgr.dylib
0x000000000a6ca000 	/usr/lib/system/liblaunch.dylib
0x000000000a6ca000 	/usr/lib/system/libmacho.dylib
0x000000000a6ca000 	/usr/lib/system/libquarantine.dylib
0x000000000a6ca000 	/usr/lib/system/libremovefile.dylib
0x000000000a6ca000 	/usr/lib/system/libsystem_asl.dylib
0x000000000a6ca000 	/usr/lib/system/libsystem_blocks.dylib
0x000000000a6ca000 	/usr/lib/system/libsystem_c.dylib
0x000000000a6ca000 	/usr/lib/system/libsystem_configuration.dylib
0x000000000a6ca000 	/usr/lib/system/libsystem_coreservices.dylib
0x000000000a6ca000 	/usr/lib/system/libsystem_coretls.dylib
0x000000000a6ca000 	/usr/lib/system/libsystem_dnssd.dylib
0x000000000a6ca000 	/usr/lib/system/libsystem_info.dylib
0x000000000a6ca000 	/usr/lib/system/libsystem_kernel.dylib
0x000000000a6ca000 	/usr/lib/system/libsystem_m.dylib
0x000000000a6ca000 	/usr/lib/system/libsystem_malloc.dylib
0x000000000a6ca000 	/usr/lib/system/libsystem_network.dylib
0x000000000a6ca000 	/usr/lib/system/libsystem_networkextension.dylib
0x000000000a6ca000 	/usr/lib/system/libsystem_notify.dylib
0x000000000a6ca000 	/usr/lib/system/libsystem_platform.dylib
0x000000000a6ca000 	/usr/lib/system/libsystem_pthread.dylib
0x000000000a6ca000 	/usr/lib/system/libsystem_sandbox.dylib
0x000000000a6ca000 	/usr/lib/system/libsystem_secinit.dylib
0x000000000a6ca000 	/usr/lib/system/libsystem_stats.dylib
0x000000000a6ca000 	/usr/lib/system/libsystem_trace.dylib
0x000000000a6ca000 	/usr/lib/system/libunc.dylib
0x000000000a6ca000 	/usr/lib/system/libunwind.dylib
0x000000000a6ca000 	/usr/lib/system/libxpc.dylib
0x000000000a6ca000 	/usr/lib/libbz2.1.0.dylib
0x000000000a6ca000 	/usr/lib/liblzma.5.dylib
0x000000000a6ca000 	/usr/lib/libbsm.0.dylib
0x000000000a6ca000 	/usr/lib/libsqlite3.dylib
0x000000000a6ca000 	/usr/lib/system/libkxld.dylib
0x000000000a6ca000 	/usr/lib/libxar.1.dylib
0x000000000a6ca000 	/usr/lib/libpam.2.dylib
0x000000000a6ca000 	/usr/lib/libOpenScriptingUtil.dylib
0x000000000a6ca000 	/System/Library/Frameworks/CoreServices.framework/Versions/A/Frameworks/FSEvents.framework/Versions/A/FSEvents
0x000000000a6ca000 	/System/Library/Frameworks/CoreServices.framework/Versions/A/Frameworks/CarbonCore.framework/Versions/A/CarbonCore
0x000000000a6ca000 	/System/Library/Frameworks/CoreServices.framework/Versions/A/Frameworks/Metadata.framework/Versions/A/Metadata
0x000000000a6ca000 	/System/Library/Frameworks/CoreServices.framework/Versions/A/Frameworks/OSServices.framework/Versions/A/OSServices
0x000000000a6ca000 	/System/Library/Frameworks/CoreServices.framework/Versions/A/Frameworks/SearchKit.framework/Versions/A/SearchKit
0x000000000a6ca000 	/System/Library/Frameworks/CoreServices.framework/Versions/A/Frameworks/AE.framework/Versions/A/AE
0x000000000a6ca000 	/System/Library/Frameworks/CoreServices.framework/Versions/A/Frameworks/LaunchServices.framework/Versions/A/LaunchServices
0x000000000a6ca000 	/System/Library/Frameworks/CoreServices.framework/Versions/A/Frameworks/DictionaryServices.framework/Versions/A/DictionaryServices
0x000000000a6ca000 	/System/Library/Frameworks/NetFS.framework/Versions/A/NetFS
0x000000000a6ca000 	/System/Library/PrivateFrameworks/NetAuth.framework/Versions/A/NetAuth
0x000000000a6ca000 	/System/Library/PrivateFrameworks/login.framework/Versions/A/Frameworks/loginsupport.framework/Versions/A/loginsupport
0x000000000a6ca000 	/System/Library/PrivateFrameworks/TCC.framework/Versions/A/TCC
0x000000000a6ca000 	/usr/lib/libmecabra.dylib
0x000000000a6ca000 	/System/Library/Frameworks/ApplicationServices.framework/Versions/A/Frameworks/ATS.framework/Versions/A/ATS
0x000000000a6ca000 	/System/Library/Frameworks/ApplicationServices.framework/Versions/A/Frameworks/ColorSync.framework/Versions/A/ColorSync
0x000000000a6ca000 	/System/Library/Frameworks/ApplicationServices.framework/Versions/A/Frameworks/HIServices.framework/Versions/A/HIServices
0x000000000a6ca000 	/System/Library/Frameworks/ApplicationServices.framework/Versions/A/Frameworks/LangAnalysis.framework/Versions/A/LangAnalysis
0x000000000a6ca000 	/System/Library/Frameworks/ApplicationServices.framework/Versions/A/Frameworks/PrintCore.framework/Versions/A/PrintCore
0x000000000a6ca000 	/System/Library/Frameworks/ApplicationServices.framework/Versions/A/Frameworks/QD.framework/Versions/A/QD
0x000000000a6ca000 	/System/Library/Frameworks/ApplicationServices.framework/Versions/A/Frameworks/SpeechSynthesis.framework/Versions/A/SpeechSynthesis
0x000000000a6ca000 	/System/Library/Frameworks/Accelerate.framework/Versions/A/Accelerate
0x000000000a6ca000 	/System/Library/Frameworks/Accelerate.framework/Versions/A/Frameworks/vImage.framework/Versions/A/vImage
0x000000000a6ca000 	/System/Library/Frameworks/Accelerate.framework/Versions/A/Frameworks/vecLib.framework/Versions/A/vecLib
0x000000000a6ca000 	/System/Library/Frameworks/Accelerate.framework/Versions/A/Frameworks/vecLib.framework/Versions/A/libvDSP.dylib
0x000000000a6ca000 	/System/Library/Frameworks/Accelerate.framework/Versions/A/Frameworks/vecLib.framework/Versions/A/libvMisc.dylib
0x000000000a6ca000 	/System/Library/Frameworks/Accelerate.framework/Versions/A/Frameworks/vecLib.framework/Versions/A/libLAPACK.dylib
0x000000000a6ca000 	/System/Library/Frameworks/Accelerate.framework/Versions/A/Frameworks/vecLib.framework/Versions/A/libBLAS.dylib
0x000000000a6ca000 	/System/Library/Frameworks/Accelerate.framework/Versions/A/Frameworks/vecLib.framework/Versions/A/libLinearAlgebra.dylib
0x000000000a6ca000 	/System/Library/Frameworks/ApplicationServices.framework/Versions/A/Frameworks/ATS.framework/Versions/A/Resources/libFontParser.dylib
0x000000000a6ca000 	/System/Library/Frameworks/ApplicationServices.framework/Versions/A/Frameworks/ATS.framework/Versions/A/Resources/libFontRegistry.dylib
0x000000000a6ca000 	/System/Library/PrivateFrameworks/AppleVPA.framework/Versions/A/AppleVPA
0x000000000a6ca000 	/System/Library/PrivateFrameworks/AppleJPEG.framework/Versions/A/AppleJPEG
0x000000000a6ca000 	/System/Library/Frameworks/ImageIO.framework/Versions/A/Resources/libJPEG.dylib
0x000000000a6ca000 	/System/Library/Frameworks/ImageIO.framework/Versions/A/Resources/libTIFF.dylib
0x000000000a6ca000 	/System/Library/Frameworks/ImageIO.framework/Versions/A/Resources/libPng.dylib
0x000000000a6ca000 	/System/Library/Frameworks/ImageIO.framework/Versions/A/Resources/libGIF.dylib
0x000000000a6ca000 	/System/Library/Frameworks/ImageIO.framework/Versions/A/Resources/libJP2.dylib
0x000000000a6ca000 	/System/Library/Frameworks/ImageIO.framework/Versions/A/Resources/libRadiance.dylib
0x000000000a6ca000 	/System/Library/Frameworks/CoreVideo.framework/Versions/A/CoreVideo
0x000000000a6ca000 	/System/Library/Frameworks/OpenGL.framework/Versions/A/Libraries/libGLU.dylib
0x000000000a6ca000 	/System/Library/Frameworks/OpenGL.framework/Versions/A/Libraries/libGFXShared.dylib
0x000000000a6ca000 	/System/Library/Frameworks/OpenGL.framework/Versions/A/Libraries/libGL.dylib
0x000000000a6ca000 	/System/Library/Frameworks/OpenGL.framework/Versions/A/Libraries/libGLImage.dylib
0x000000000a6ca000 	/System/Library/Frameworks/OpenGL.framework/Versions/A/Libraries/libCVMSPluginSupport.dylib
0x000000000a6ca000 	/System/Library/Frameworks/OpenGL.framework/Versions/A/Libraries/libCoreVMClient.dylib
0x000000000a6ca000 	/usr/lib/libcups.2.dylib
0x000000000a6ca000 	/System/Library/Frameworks/Kerberos.framework/Versions/A/Kerberos
0x000000000a6ca000 	/System/Library/Frameworks/GSS.framework/Versions/A/GSS
0x000000000a6ca000 	/usr/lib/libresolv.9.dylib
0x000000000a6ca000 	/usr/lib/libiconv.2.dylib
0x000000000a6ca000 	/System/Library/PrivateFrameworks/Heimdal.framework/Versions/A/Heimdal
0x000000000a6ca000 	/usr/lib/libheimdal-asn1.dylib
0x000000000a6ca000 	/System/Library/Frameworks/OpenDirectory.framework/Versions/A/OpenDirectory
0x000000000a6ca000 	/System/Library/PrivateFrameworks/CommonAuth.framework/Versions/A/CommonAuth
0x000000000a6ca000 	/System/Library/Frameworks/OpenDirectory.framework/Versions/A/Frameworks/CFOpenDirectory.framework/Versions/A/CFOpenDirectory
0x000000000a6ca000 	/System/Library/Frameworks/SecurityFoundation.framework/Versions/A/SecurityFoundation
0x000000000a6ca000 	/System/Library/PrivateFrameworks/LanguageModeling.framework/Versions/A/LanguageModeling
0x000000000a6ca000 	/usr/lib/libcmph.dylib
0x000000000a6ca000 	/System/Library/Frameworks/ServiceManagement.framework/Versions/A/ServiceManagement
0x000000000a6ca000 	/usr/lib/libxslt.1.dylib
0x000000000a6ca000 	/System/Library/Frameworks/Carbon.framework/Versions/A/Frameworks/Ink.framework/Versions/A/Ink
0x000000000a6ca000 	/System/Library/Frameworks/QuartzCore.framework/Versions/A/Frameworks/CoreImage.framework/Versions/A/CoreImage
0x000000000a6ca000 	/System/Library/PrivateFrameworks/CrashReporterSupport.framework/Versions/A/CrashReporterSupport
0x000000000a6ca000 	/System/Library/Frameworks/OpenCL.framework/Versions/A/OpenCL
0x000000000a6ca000 	/System/Library/PrivateFrameworks/FaceCore.framework/Versions/A/FaceCore
0x000000000a6ca000 	/System/Library/PrivateFrameworks/Ubiquity.framework/Versions/A/Ubiquity
0x000000000a6ca000 	/System/Library/PrivateFrameworks/IconServices.framework/Versions/A/IconServices
0x000000000a6ca000 	/System/Library/PrivateFrameworks/ChunkingLibrary.framework/Versions/A/ChunkingLibrary
0x000000000a6ca000 	/System/Library/PrivateFrameworks/Apple80211.framework/Versions/A/Apple80211
0x000000000a6ca000 	/System/Library/Frameworks/CoreWLAN.framework/Versions/A/CoreWLAN
0x000000000a6ca000 	/System/Library/Frameworks/IOBluetooth.framework/Versions/A/IOBluetooth
0x000000000a6ca000 	/System/Library/PrivateFrameworks/CoreWiFi.framework/Versions/A/CoreWiFi
0x000000000a6ca000 	/System/Library/Frameworks/CoreBluetooth.framework/Versions/A/CoreBluetooth
0x000000000a6ca000 	/System/Library/PrivateFrameworks/DebugSymbols.framework/Versions/A/DebugSymbols
0x000000000a6ca000 	/System/Library/PrivateFrameworks/CoreSymbolication.framework/Versions/A/CoreSymbolication
0x000000000a6ca000 	/System/Library/PrivateFrameworks/Symbolication.framework/Versions/A/Symbolication
0x000000000a6ca000 	/System/Library/PrivateFrameworks/SpeechRecognitionCore.framework/Versions/A/SpeechRecognitionCore
0x0000000100eff000 	/Library/Java/JavaVirtualMachines/jdk1.8.0_40.jdk/Contents/Home/jre/lib/server/libjvm.dylib
0x000000000a6ca000 	/usr/lib/libstdc++.6.dylib
0x0000000101f6b000 	/Library/Java/JavaVirtualMachines/jdk1.8.0_40.jdk/Contents/Home/jre/lib/libverify.dylib
0x0000000101f79000 	/Library/Java/JavaVirtualMachines/jdk1.8.0_40.jdk/Contents/Home/jre/lib/libjava.dylib
0x0000000101fcf000 	/Library/Java/JavaVirtualMachines/jdk1.8.0_40.jdk/Contents/Home/jre/lib/libzip.dylib
0x00000001156b4000 	/System/Library/Frameworks/JavaVM.framework/Frameworks/JavaRuntimeSupport.framework/JavaRuntimeSupport
0x00000001156cc000 	/System/Library/Frameworks/JavaVM.framework/Versions/A/Frameworks/JavaNativeFoundation.framework/Versions/A/JavaNativeFoundation
0x0000000101fed000 	/System/Library/Frameworks/JavaVM.framework/Versions/A/JavaVM
0x000000000a6ca000 	/System/Library/Frameworks/Carbon.framework/Versions/A/Carbon
0x00000001156e1000 	/System/Library/PrivateFrameworks/JavaLaunching.framework/Versions/A/JavaLaunching
0x000000000a6ca000 	/System/Library/Frameworks/Carbon.framework/Versions/A/Frameworks/CommonPanels.framework/Versions/A/CommonPanels
0x000000000a6ca000 	/System/Library/Frameworks/Carbon.framework/Versions/A/Frameworks/Help.framework/Versions/A/Help
0x000000000a6ca000 	/System/Library/Frameworks/Carbon.framework/Versions/A/Frameworks/ImageCapture.framework/Versions/A/ImageCapture
0x000000000a6ca000 	/System/Library/Frameworks/Carbon.framework/Versions/A/Frameworks/OpenScripting.framework/Versions/A/OpenScripting
0x000000000a6ca000 	/System/Library/Frameworks/Carbon.framework/Versions/A/Frameworks/Print.framework/Versions/A/Print
0x000000000a6ca000 	/System/Library/Frameworks/Carbon.framework/Versions/A/Frameworks/SecurityHI.framework/Versions/A/SecurityHI
0x000000011754a000 	/Library/Java/JavaVirtualMachines/jdk1.8.0_40.jdk/Contents/Home/jre/lib/libprism_es2.dylib
0x000000000a6ca000 	/System/Library/Frameworks/OpenGL.framework/Versions/A/Resources/GLEngine.bundle/GLEngine
0x000000000a6ca000 	/System/Library/Frameworks/OpenGL.framework/Versions/A/Libraries/libGLProgrammability.dylib
0x0000000000000000 	/System/Library/Extensions/GeForceTeslaGLDriver.bundle/Contents/MacOS/GeForceTeslaGLDriver
0x00000001175c7000 	/System/Library/Extensions/GeForceTeslaGLDriver.bundle/Contents/MacOS/libclh.dylib
0x0000000117e0e000 	/System/Library/PrivateFrameworks/GPUSupport.framework/Versions/A/Libraries/libGPUSupport.dylib
0x000000000a6ca000 	/System/Library/Frameworks/OpenGL.framework/Versions/A/Resources/GLRendererFloat.bundle/GLRendererFloat
0x000000000a6ca000 	/System/Library/Frameworks/OpenCL.framework/Versions/A/Libraries/libcldcpuengine.dylib
0x000000000a6ca000 	/System/Library/PrivateFrameworks/DiskImages.framework/Versions/A/DiskImages
0x000000000a6ca000 	/System/Library/Frameworks/DiscRecording.framework/Versions/A/DiscRecording
0x000000000a6ca000 	/usr/lib/libcsfde.dylib
0x000000000a6ca000 	/usr/lib/libcurl.4.dylib
0x000000000a6ca000 	/System/Library/PrivateFrameworks/MediaKit.framework/Versions/A/MediaKit
0x000000000a6ca000 	/System/Library/PrivateFrameworks/ProtectedCloudStorage.framework/Versions/A/ProtectedCloudStorage
0x000000000a6ca000 	/usr/lib/libCoreStorage.dylib
0x000000000a6ca000 	/System/Library/PrivateFrameworks/EFILogin.framework/Versions/A/EFILogin
0x000000000a6ca000 	/usr/lib/libutil.dylib
0x000000000a6ca000 	/System/Library/PrivateFrameworks/FindMyDevice.framework/Versions/A/FindMyDevice
0x000000000a6ca000 	/System/Library/Frameworks/LDAP.framework/Versions/A/LDAP
0x000000000a6ca000 	/usr/lib/libsasl2.2.dylib
0x000000000a6ca000 	/System/Library/PrivateFrameworks/CoreDaemon.framework/Versions/B/CoreDaemon
0x000000000a6ca000 	/usr/lib/libcrypto.0.9.8.dylib
0x000000000a6ca000 	/System/Library/PrivateFrameworks/AppleSRP.framework/Versions/A/AppleSRP
0x000000000a6ca000 	/System/Library/PrivateFrameworks/TrustEvaluationAgent.framework/Versions/A/TrustEvaluationAgent
0x0000000117f5e000 	/Library/Java/JavaVirtualMachines/jdk1.8.0_40.jdk/Contents/Home/jre/lib/libglass.dylib
0x000000000a6ca000 	/System/Library/PrivateFrameworks/CoreServicesInternal.framework/Versions/A/CoreServicesInternal
0x000000000a6ca000 	/System/Library/PrivateFrameworks/CloudDocs.framework/Versions/A/CloudDocs
0x000000000a6ca000 	/System/Library/PrivateFrameworks/CoreDuet.framework/Versions/A/CoreDuet
0x000000000a6ca000 	/System/Library/Frameworks/CloudKit.framework/Versions/A/CloudKit
0x000000000a6ca000 	/System/Library/PrivateFrameworks/ProtocolBuffer.framework/Versions/A/ProtocolBuffer
0x000000000a6ca000 	/System/Library/PrivateFrameworks/CoreDuetDaemonProtocol.framework/Versions/A/CoreDuetDaemonProtocol
0x000000000a6ca000 	/System/Library/PrivateFrameworks/CoreDuetDebugLogging.framework/Versions/A/CoreDuetDebugLogging
0x000000000a6ca000 	/System/Library/Frameworks/CoreLocation.framework/Versions/A/CoreLocation
0x000000000a6ca000 	/System/Library/Frameworks/Accounts.framework/Versions/A/Accounts
0x000000000a6ca000 	/System/Library/PrivateFrameworks/ApplePushService.framework/Versions/A/ApplePushService
0x000000000a6ca000 	/System/Library/PrivateFrameworks/GeoServices.framework/Versions/A/GeoServices
0x000000000a6ca000 	/System/Library/PrivateFrameworks/OAuth.framework/Versions/A/OAuth
0x000000000a6ca000 	/System/Library/Frameworks/CoreGraphics.framework/Versions/A/Resources/libCGCMS.A.dylib
0x000000000a6ca000 	/System/Library/CoreServices/RawCamera.bundle/Contents/MacOS/RawCamera
0x000000000a6ca000 	/System/Library/Frameworks/CoreGraphics.framework/Versions/A/Resources/libRIP.A.dylib
0x000000000a6ca000 	/System/Library/PrivateFrameworks/FamilyControls.framework/Versions/A/FamilyControls
0x000000000a6ca000 	/System/Library/PrivateFrameworks/CommerceKit.framework/Versions/A/Frameworks/CommerceCore.framework/Versions/A/CommerceCore
0x000000000a6ca000 	/System/Library/PrivateFrameworks/SystemAdministration.framework/Versions/A/SystemAdministration
0x000000000a6ca000 	/System/Library/PrivateFrameworks/AppContainer.framework/Versions/A/AppContainer
0x000000000a6ca000 	/System/Library/PrivateFrameworks/SecCodeWrapper.framework/Versions/A/SecCodeWrapper
0x000000000a6ca000 	/System/Library/Frameworks/DirectoryService.framework/Versions/A/DirectoryService
0x000000000a6ca000 	/System/Library/PrivateFrameworks/LoginUIKit.framework/Versions/A/Frameworks/LoginUICore.framework/Versions/A/LoginUICore
0x000000000a6ca000 	/usr/lib/libodfde.dylib
0x000000011ba25000 	/Library/Java/JavaVirtualMachines/jdk1.8.0_40.jdk/Contents/Home/jre/lib/libnet.dylib
0x00000001199e6000 	/Library/Java/JavaVirtualMachines/jdk1.8.0_40.jdk/Contents/Home/jre/lib/libnio.dylib
0x0000000119a21000 	/Library/Java/JavaVirtualMachines/jdk1.8.0_40.jdk/Contents/Home/jre/lib/libsunec.dylib
0x0000000115770000 	/Library/Java/JavaVirtualMachines/jdk1.8.0_40.jdk/Contents/Home/jre/lib/libjavafx_font.dylib
0x000000000a6ca000 	/System/Library/Frameworks/CoreGraphics.framework/Versions/A/Resources/libCGXType.A.dylib
0x0000000120033000 	/Library/Java/JavaVirtualMachines/jdk1.8.0_40.jdk/Contents/Home/jre/lib/libprism_common.dylib
0x00000001157f1000 	cl_kernels
0x0000000121d69000 	/System/Library/Frameworks/OpenCL.framework/Versions/A/Libraries/ImageFormats/unorm8_bgra.dylib
0x0000000119be5000 	cl_kernels
0x000000011db38000 	/Library/Java/JavaVirtualMachines/jdk1.8.0_40.jdk/Contents/Home/jre/lib/libawt.dylib
0x0000000122a63000 	/Library/Java/JavaVirtualMachines/jdk1.8.0_40.jdk/Contents/Home/jre/lib/./libmlib_image.dylib
0x0000000122d5b000 	/Library/Java/JavaVirtualMachines/jdk1.8.0_40.jdk/Contents/Home/jre/lib/libawt_lwawt.dylib
0x000000011b345000 	/Library/Java/JavaVirtualMachines/jdk1.8.0_40.jdk/Contents/Home/jre/lib/./libosxapp.dylib
0x000000000a6ca000 	/System/Library/Frameworks/ExceptionHandling.framework/Versions/A/ExceptionHandling
0x00000001215dd000 	/Library/Java/JavaVirtualMachines/jdk1.8.0_40.jdk/Contents/Home/jre/lib/libfontmanager.dylib
0x0000000117ed9000 	/Library/Java/JavaVirtualMachines/jdk1.8.0_40.jdk/Contents/Home/jre/lib/libosxui.dylib
0x000000000a6ca000 	/System/Library/Frameworks/Accelerate.framework/Versions/A/Frameworks/vImage.framework/Versions/A/Libraries/libCGInterfaces.dylib

VM Arguments:
jvm_args: -Dfile.encoding=UTF-8 
java_command: VIEW.View
java_class_path (initial): /Users/idinter/Desktop/workspace/SBOBETCLI/bin:/Users/idinter/Desktop/workspace/SBOBETCLI/selenium-java-2.45.0.jar:/Users/idinter/Desktop/workspace/SBOBETCLI/selenium-server-standalone-2.45.0.jar
Launcher Type: SUN_STANDARD

Environment Variables:
PATH=/usr/bin:/bin:/usr/sbin:/sbin
SHELL=/bin/bash
DISPLAY=/private/tmp/com.apple.launchd.rKGH6mEN3u/org.macosforge.xquartz:0

Signal Handlers:
SIGSEGV: [libjvm.dylib+0x58ef95], sa_mask[0]=11111111011111110111111111111111, sa_flags=SA_ONSTACK|SA_RESTART|SA_SIGINFO
SIGBUS: [libjvm.dylib+0x58ef95], sa_mask[0]=11111111011111110111111111111111, sa_flags=SA_RESTART|SA_SIGINFO
SIGFPE: [libjvm.dylib+0x46c118], sa_mask[0]=11111111011111110111111111111111, sa_flags=SA_RESTART|SA_SIGINFO
SIGPIPE: [libjvm.dylib+0x46c118], sa_mask[0]=11111111011111110111111111111111, sa_flags=SA_RESTART|SA_SIGINFO
SIGXFSZ: [libjvm.dylib+0x46c118], sa_mask[0]=11111111011111110111111111111111, sa_flags=SA_RESTART|SA_SIGINFO
SIGILL: [libjvm.dylib+0x46c118], sa_mask[0]=11111111011111110111111111111111, sa_flags=SA_RESTART|SA_SIGINFO
SIGUSR1: SIG_DFL, sa_mask[0]=00000000000000000000000000000000, sa_flags=none
SIGUSR2: [libjvm.dylib+0x46bc36], sa_mask[0]=00100000000000000000000000000000, sa_flags=SA_RESTART|SA_SIGINFO
SIGHUP: [libjvm.dylib+0x46a209], sa_mask[0]=11111111011111110111111111111111, sa_flags=SA_RESTART|SA_SIGINFO
SIGINT: [libjvm.dylib+0x46a209], sa_mask[0]=11111111011111110111111111111111, sa_flags=SA_RESTART|SA_SIGINFO
SIGTERM: [libjvm.dylib+0x46a209], sa_mask[0]=11111111011111110111111111111111, sa_flags=SA_RESTART|SA_SIGINFO
SIGQUIT: [libjvm.dylib+0x46a209], sa_mask[0]=11111111011111110111111111111111, sa_flags=SA_RESTART|SA_SIGINFO


---------------  S Y S T E M  ---------------

OS:Bsduname:Darwin 14.1.0 Darwin Kernel Version 14.1.0: Thu Feb 26 19:26:47 PST 2015; root:xnu-2782.10.73~1/RELEASE_X86_64 x86_64
rlimit: STACK 8192k, CORE 0k, NPROC 709, NOFILE 10240, AS infinity
load average:2.18 2.12 2.01

CPU:total 2 (2 cores per cpu, 1 threads per core) family 6 model 23 stepping 10, cmov, cx8, fxsr, mmx, sse, sse2, sse3, ssse3, sse4.1, tsc

Memory: 4k page, physical 4194304k(210084k free)

/proc/meminfo:


vm_info: Java HotSpot(TM) 64-Bit Server VM (25.40-b25) for bsd-amd64 JRE (1.8.0_40-b27), built on Mar 13 2015 04:46:52 by "java_re" with gcc 4.2.1 (Based on Apple Inc. build 5658) (LLVM build 2336.11.00)

time: Sat Jul 25 16:14:00 2015
elapsed time: 350 seconds (0d 0h 5m 50s)

