#
# A fatal error has been detected by the Java Runtime Environment:
#
#  SIGSEGV (0xb) at pc=0x000000011bf695dd, pid=1100, tid=1811
#
# JRE version: Java(TM) SE Runtime Environment (8.0_40-b27) (build 1.8.0_40-b27)
# Java VM: Java HotSpot(TM) 64-Bit Server VM (25.40-b25 mixed mode bsd-amd64 compressed oops)
# Problematic frame:
# C  [libglass.dylib+0x155dd]  GlassScreenDidChangeScreenParameters+0x9d
#
# Failed to write core dump. Core dumps have been disabled. To enable core dumping, try "ulimit -c unlimited" before starting Java again
#
# If you would like to submit a bug report, please visit:
#   http://bugreport.java.com/bugreport/crash.jsp
#

---------------  T H R E A D  ---------------

Current thread is native thread

siginfo: si_signo: 11 (SIGSEGV), si_code: 1 (SEGV_MAPERR), si_addr: 0x0000000000000000

Registers:
RAX=0x000000011bf9bbc0, RBX=0x0000000000000000, RCX=0x2f0022d78eb88994, RDX=0x00007f97885b5ea0
RSP=0x00007fff5ae07080, RBP=0x00007fff5ae07090, RSI=0x00007f9788510390, RDI=0x0000000000000000
R8 =0x00007fff5ae06f30, R9 =0x00007fff717c9300, R10=0x0000000000000000, R11=0x0000000000000246
R12=0x00007f978842c0a0, R13=0x00000000000f4268, R14=0x00007f97885b5db0, R15=0x00007fff5ae071d0
RIP=0x000000011bf695dd, EFLAGS=0x0000000000010206, ERR=0x0000000000000004
  TRAPNO=0x000000000000000e

Top of Stack: (sp=0x00007fff5ae07080)
0x00007fff5ae07080:   00007fff5ae07260 00007f97885b5db0
0x00007fff5ae07090:   00007fff5ae070a0 00007fff88b05cdc
0x00007fff5ae070a0:   00007fff5ae07400 00007fff889f7244
0x00007fff5ae070b0:   00007fff5ae07100 0000000000000000
0x00007fff5ae070c0:   00007fff71cdecf0 00007f978c949530
0x00007fff5ae070d0:   0000000000001000 0000000000000e70
0x00007fff5ae070e0:   00007f978c949530 00007f97885b5db0
0x00007fff5ae070f0:   0000000000000000 00007fff5ae071d0
0x00007fff5ae07100:   0000000000000000 00007f97885b5d70
0x00007fff5ae07110:   00007fff5ae07250 000000000000009a
0x00007fff5ae07120:   00000000000f4487 00007f978849b980
0x00007fff5ae07130:   00007f978855f050 00007f978842c0a0
0x00007fff5ae07140:   0000000000000001 00000000000f4268
0x00007fff5ae07150:   00007f978842c090 00007fff85e4eacb
0x00007fff5ae07160:   0000000000000001 0000000000000001
0x00007fff5ae07170:   0000000000000030 0000000000000001
0x00007fff5ae07180:   00007fff5ae071a0 00007fff85e54231
0x00007fff5ae07190:   00007fff71cdcdd0 0000000000000000
0x00007fff5ae071a0:   00007fff5ae071c0 0000000000000023
0x00007fff5ae071b0:   001b180300000256 00007f978842c0c4
0x00007fff5ae071c0:   0000000000000000 00007fff889ecd1f
0x00007fff5ae071d0:   00007f97885b5db0 00007fff71cdcdd0
0x00007fff5ae071e0:   00007fff5ae07260 00007fff889f584f
0x00007fff5ae071f0:   00007fff5ae0726c 00007fff5ae07270
0x00007fff5ae07200:   0000000104e14a00 0000000000000002
0x00007fff5ae07210:   0000000104e11000 00007f978a8f1eb2
0x00007fff5ae07220:   0000000000000003 0000000104e14a00
0x00007fff5ae07230:   00007fff5ae07320 00007fff85e4d2a2
0x00007fff5ae07240:   00007f978849c620 00007fff5ae07408
0x00007fff5ae07250:   0000000000000017 0000000000000000
0x00007fff5ae07260:   00000000000f4268 00007fff889ed013
0x00007fff5ae07270:   00007fff00000000 00007f9788563850 

Instructions: (pc=0x000000011bf695dd)
0x000000011bf695bd:   89 df 4c 89 f1 41 ff 90 68 04 00 00 48 8d 05 f8
0x000000011bf695cd:   24 03 00 48 8b 30 48 8d 05 e6 25 03 00 48 8b 10
0x000000011bf695dd:   48 8b 0b 30 c0 48 89 df ff 91 68 04 00 00 48 8b
0x000000011bf695ed:   03 48 89 df ff 50 78 48 85 c0 74 36 49 89 c6 48 

Register to memory mapping:

RAX=0x000000011bf9bbc0: jScreenNotifySettingsChanged+0 in /Library/Java/JavaVirtualMachines/jdk1.8.0_40.jdk/Contents/Home/jre/lib/libglass.dylib at 0x000000011bf54000
RBX=0x0000000000000000 is an unknown value
RCX=0x2f0022d78eb88994 is an unknown value
RDX=0x00007f97885b5ea0 is an unknown value
RSP=0x00007fff5ae07080 is an unknown value
RBP=0x00007fff5ae07090 is an unknown value
RSI=0x00007f9788510390 is a global jni handle
RDI=0x0000000000000000 is an unknown value
R8 =0x00007fff5ae06f30 is an unknown value
R9 =0x00007fff717c9300: _thread+0 in /usr/lib/system/libsystem_pthread.dylib at 0x00007fff863f5000
R10=0x0000000000000000 is an unknown value
R11=0x0000000000000246 is an unknown value
R12=0x00007f978842c0a0 is an unknown value
R13=0x00000000000f4268 is an unknown value
R14=0x00007f97885b5db0 is an unknown value
R15=0x00007fff5ae071d0 is an unknown value


Stack: [0x00007fff5a60a000,0x00007fff5ae0a000],  sp=0x00007fff5ae07080,  free space=8180k
Native frames: (J=compiled Java code, j=interpreted, Vv=VM code, C=native code)
C  [libglass.dylib+0x155dd]  GlassScreenDidChangeScreenParameters+0x9d
C  [CoreFoundation+0x11ecdc]  __CFNOTIFICATIONCENTER_IS_CALLING_OUT_TO_AN_OBSERVER__+0xc
C  [CoreFoundation+0x10244]  _CFXNotificationPost+0xc44
C  [Foundation+0x2c31]  -[NSNotificationCenter postNotificationName:object:userInfo:]+0x42
C  [AppKit+0x36305e]  -[NSApplication _reactToScreenInvalidationImmediately:]+0x17b
C  [AppKit+0x362e9d]  __44-[NSApplication _reactToScreenInvalidation:]_block_invoke+0x4b
C  [CoreFoundation+0x8056c]  __CFRUNLOOP_IS_CALLING_OUT_TO_A_BLOCK__+0xc
C  [CoreFoundation+0x72675]  __CFRunLoopDoBlocks+0x155
C  [CoreFoundation+0x721b6]  __CFRunLoopRun+0x716
C  [CoreFoundation+0x71858]  CFRunLoopRunSpecific+0x128
C  [java+0x6490]  CreateExecutionEnvironment+0x367
C  [java+0x221c]  JLI_Launch+0x7a0
C  [java+0x84ed]  main+0x65
C  [java+0x1a74]  start+0x34


---------------  P R O C E S S  ---------------

VM state:not at safepoint (normal execution)

VM Mutex/Monitor currently owned by a thread: None

Heap:
 PSYoungGen      total 73728K, used 43334K [0x00000007aab00000, 0x00000007afd80000, 0x00000007c0000000)
  eden space 64000K, 55% used [0x00000007aab00000,0x00000007acdfda40,0x00000007ae980000)
  from space 9728K, 77% used [0x00000007af380000,0x00000007afad4020,0x00000007afd00000)
  to   space 10240K, 0% used [0x00000007ae980000,0x00000007ae980000,0x00000007af380000)
 ParOldGen       total 30208K, used 13314K [0x0000000780000000, 0x0000000781d80000, 0x00000007aab00000)
  object space 30208K, 44% used [0x0000000780000000,0x0000000780d00898,0x0000000781d80000)
 Metaspace       used 28785K, capacity 30328K, committed 30464K, reserved 1075200K
  class space    used 4032K, capacity 4327K, committed 4352K, reserved 1048576K

Card table byte_map: [0x00000001157c0000,0x00000001159c1000] byte_map_base: 0x0000000111bc0000

Marking Bits: (ParMarkBitMap*) 0x00000001057b77a0
 Begin Bits: [0x0000000115d1d000, 0x0000000116d1d000)
 End Bits:   [0x0000000116d1d000, 0x0000000117d1d000)

Polling page: 0x0000000105fa4000

CodeCache: size=245760Kb used=15738Kb max_used=15901Kb free=230021Kb
 bounds [0x0000000106400000, 0x00000001073a0000, 0x0000000115400000]
 total_blobs=5397 nmethods=4693 adapters=618
 compilation: enabled

Compilation events (10 events):
Event: 762.693 Thread 0x00007f9789044800 5279       4       com.sun.prism.impl.ps.BaseShaderContext::validatePaintOp (321 bytes)
Event: 762.753 Thread 0x00007f9789044800 nmethod 5279 0x0000000106d523d0 code [0x0000000106d528e0, 0x0000000106d55600]
Event: 762.754 Thread 0x00007f9789044800 5281       4       com.sun.javafx.sg.prism.NGRegion::renderBorderRectangle (2677 bytes)
Event: 762.831 Thread 0x00007f9789044800 nmethod 5281 0x0000000106d4c010 code [0x0000000106d4c480, 0x0000000106d4eb70]
Event: 762.832 Thread 0x00007f9789044800 5280       4       com.sun.prism.impl.ps.BaseShaderContext::updatePaintShader (157 bytes)
Event: 762.835 Thread 0x00007f9789044800 nmethod 5280 0x00000001069a1390 code [0x00000001069a1540, 0x00000001069a17c8]
Event: 764.236 Thread 0x00007f9788851000 5283       1       java.lang.ref.Reference::clear (6 bytes)
Event: 764.236 Thread 0x00007f9788851000 nmethod 5283 0x0000000106b4d790 code [0x0000000106b4d8e0, 0x0000000106b4da10]
Event: 764.243 Thread 0x00007f9789044800 5284       4       java.util.concurrent.locks.AbstractQueuedSynchronizer::release (33 bytes)
Event: 764.248 Thread 0x00007f9789044800 nmethod 5284 0x000000010697ffd0 code [0x0000000106980140, 0x0000000106980328]

GC Heap History (10 events):
Event: 79.957 GC heap before
{Heap before GC invocations=5 (full 0):
 PSYoungGen      total 18944K, used 2844K [0x00000007aab00000, 0x00000007ac000000, 0x00000007c0000000)
  eden space 16384K, 1% used [0x00000007aab00000,0x00000007aab4b148,0x00000007abb00000)
  from space 2560K, 99% used [0x00000007abd80000,0x00000007abffc040,0x00000007ac000000)
  to   space 2560K, 0% used [0x00000007abb00000,0x00000007abb00000,0x00000007abd80000)
 ParOldGen       total 44032K, used 7436K [0x0000000780000000, 0x0000000782b00000, 0x00000007aab00000)
  object space 44032K, 16% used [0x0000000780000000,0x0000000780743200,0x0000000782b00000)
 Metaspace       used 20663K, capacity 21218K, committed 21248K, reserved 1067008K
  class space    used 2862K, capacity 3048K, committed 3072K, reserved 1048576K
Event: 79.967 GC heap after
Heap after GC invocations=5 (full 0):
 PSYoungGen      total 18944K, used 2528K [0x00000007aab00000, 0x00000007ad800000, 0x00000007c0000000)
  eden space 16384K, 0% used [0x00000007aab00000,0x00000007aab00000,0x00000007abb00000)
  from space 2560K, 98% used [0x00000007abb00000,0x00000007abd78050,0x00000007abd80000)
  to   space 6656K, 0% used [0x00000007ad180000,0x00000007ad180000,0x00000007ad800000)
 ParOldGen       total 44032K, used 7488K [0x0000000780000000, 0x0000000782b00000, 0x00000007aab00000)
  object space 44032K, 17% used [0x0000000780000000,0x0000000780750210,0x0000000782b00000)
 Metaspace       used 20663K, capacity 21218K, committed 21248K, reserved 1067008K
  class space    used 2862K, capacity 3048K, committed 3072K, reserved 1048576K
}
Event: 79.967 GC heap before
{Heap before GC invocations=6 (full 1):
 PSYoungGen      total 18944K, used 2528K [0x00000007aab00000, 0x00000007ad800000, 0x00000007c0000000)
  eden space 16384K, 0% used [0x00000007aab00000,0x00000007aab00000,0x00000007abb00000)
  from space 2560K, 98% used [0x00000007abb00000,0x00000007abd78050,0x00000007abd80000)
  to   space 6656K, 0% used [0x00000007ad180000,0x00000007ad180000,0x00000007ad800000)
 ParOldGen       total 44032K, used 7488K [0x0000000780000000, 0x0000000782b00000, 0x00000007aab00000)
  object space 44032K, 17% used [0x0000000780000000,0x0000000780750210,0x0000000782b00000)
 Metaspace       used 20663K, capacity 21218K, committed 21248K, reserved 1067008K
  class space    used 2862K, capacity 3048K, committed 3072K, reserved 1048576K
Event: 80.075 GC heap after
Heap after GC invocations=6 (full 1):
 PSYoungGen      total 18944K, used 0K [0x00000007aab00000, 0x00000007ad800000, 0x00000007c0000000)
  eden space 16384K, 0% used [0x00000007aab00000,0x00000007aab00000,0x00000007abb00000)
  from space 2560K, 0% used [0x00000007abb00000,0x00000007abb00000,0x00000007abd80000)
  to   space 6656K, 0% used [0x00000007ad180000,0x00000007ad180000,0x00000007ad800000)
 ParOldGen       total 30208K, used 9448K [0x0000000780000000, 0x0000000781d80000, 0x00000007aab00000)
  object space 30208K, 31% used [0x0000000780000000,0x000000078093a388,0x0000000781d80000)
 Metaspace       used 20663K, capacity 21218K, committed 21248K, reserved 1067008K
  class space    used 2862K, capacity 3048K, committed 3072K, reserved 1048576K
}
Event: 82.660 GC heap before
{Heap before GC invocations=7 (full 1):
 PSYoungGen      total 18944K, used 16328K [0x00000007aab00000, 0x00000007ad800000, 0x00000007c0000000)
  eden space 16384K, 99% used [0x00000007aab00000,0x00000007abaf21b8,0x00000007abb00000)
  from space 2560K, 0% used [0x00000007abb00000,0x00000007abb00000,0x00000007abd80000)
  to   space 6656K, 0% used [0x00000007ad180000,0x00000007ad180000,0x00000007ad800000)
 ParOldGen       total 30208K, used 9448K [0x0000000780000000, 0x0000000781d80000, 0x00000007aab00000)
  object space 30208K, 31% used [0x0000000780000000,0x000000078093a388,0x0000000781d80000)
 Metaspace       used 25083K, capacity 26184K, committed 26240K, reserved 1071104K
  class space    used 3691K, capacity 3927K, committed 3968K, reserved 1048576K
Event: 82.671 GC heap after
Heap after GC invocations=7 (full 1):
 PSYoungGen      total 39424K, used 2666K [0x00000007aab00000, 0x00000007ad800000, 0x00000007c0000000)
  eden space 32768K, 0% used [0x00000007aab00000,0x00000007aab00000,0x00000007acb00000)
  from space 6656K, 40% used [0x00000007ad180000,0x00000007ad41a948,0x00000007ad800000)
  to   space 6656K, 0% used [0x00000007acb00000,0x00000007acb00000,0x00000007ad180000)
 ParOldGen       total 30208K, used 9448K [0x0000000780000000, 0x0000000781d80000, 0x00000007aab00000)
  object space 30208K, 31% used [0x0000000780000000,0x000000078093a388,0x0000000781d80000)
 Metaspace       used 25083K, capacity 26184K, committed 26240K, reserved 1071104K
  class space    used 3691K, capacity 3927K, committed 3968K, reserved 1048576K
}
Event: 97.709 GC heap before
{Heap before GC invocations=8 (full 1):
 PSYoungGen      total 39424K, used 35434K [0x00000007aab00000, 0x00000007ad800000, 0x00000007c0000000)
  eden space 32768K, 100% used [0x00000007aab00000,0x00000007acb00000,0x00000007acb00000)
  from space 6656K, 40% used [0x00000007ad180000,0x00000007ad41a948,0x00000007ad800000)
  to   space 6656K, 0% used [0x00000007acb00000,0x00000007acb00000,0x00000007ad180000)
 ParOldGen       total 30208K, used 9448K [0x0000000780000000, 0x0000000781d80000, 0x00000007aab00000)
  object space 30208K, 31% used [0x0000000780000000,0x000000078093a388,0x0000000781d80000)
 Metaspace       used 28032K, capacity 29482K, committed 29696K, reserved 1075200K
  class space    used 3998K, capacity 4262K, committed 4352K, reserved 1048576K
Event: 97.752 GC heap after
Heap after GC invocations=8 (full 1):
 PSYoungGen      total 39424K, used 6624K [0x00000007aab00000, 0x00000007afd00000, 0x00000007c0000000)
  eden space 32768K, 0% used [0x00000007aab00000,0x00000007aab00000,0x00000007acb00000)
  from space 6656K, 99% used [0x00000007acb00000,0x00000007ad178010,0x00000007ad180000)
  to   space 9728K, 0% used [0x00000007af380000,0x00000007af380000,0x00000007afd00000)
 ParOldGen       total 30208K, used 13314K [0x0000000780000000, 0x0000000781d80000, 0x00000007aab00000)
  object space 30208K, 44% used [0x0000000780000000,0x0000000780d00898,0x0000000781d80000)
 Metaspace       used 28032K, capacity 29482K, committed 29696K, reserved 1075200K
  class space    used 3998K, capacity 4262K, committed 4352K, reserved 1048576K
}
Event: 721.959 GC heap before
{Heap before GC invocations=9 (full 1):
 PSYoungGen      total 39424K, used 39392K [0x00000007aab00000, 0x00000007afd00000, 0x00000007c0000000)
  eden space 32768K, 100% used [0x00000007aab00000,0x00000007acb00000,0x00000007acb00000)
  from space 6656K, 99% used [0x00000007acb00000,0x00000007ad178010,0x00000007ad180000)
  to   space 9728K, 0% used [0x00000007af380000,0x00000007af380000,0x00000007afd00000)
 ParOldGen       total 30208K, used 13314K [0x0000000780000000, 0x0000000781d80000, 0x00000007aab00000)
  object space 30208K, 44% used [0x0000000780000000,0x0000000780d00898,0x0000000781d80000)
 Metaspace       used 28434K, capacity 29922K, committed 30208K, reserved 1075200K
  class space    used 4012K, capacity 4270K, committed 4352K, reserved 1048576K
Event: 721.990 GC heap after
Heap after GC invocations=9 (full 1):
 PSYoungGen      total 73728K, used 7504K [0x00000007aab00000, 0x00000007afd80000, 0x00000007c0000000)
  eden space 64000K, 0% used [0x00000007aab00000,0x00000007aab00000,0x00000007ae980000)
  from space 9728K, 77% used [0x00000007af380000,0x00000007afad4020,0x00000007afd00000)
  to   space 10240K, 0% used [0x00000007ae980000,0x00000007ae980000,0x00000007af380000)
 ParOldGen       total 30208K, used 13314K [0x0000000780000000, 0x0000000781d80000, 0x00000007aab00000)
  object space 30208K, 44% used [0x0000000780000000,0x0000000780d00898,0x0000000781d80000)
 Metaspace       used 28434K, capacity 29922K, committed 30208K, reserved 1075200K
  class space    used 4012K, capacity 4270K, committed 4352K, reserved 1048576K
}

Deoptimization events (10 events):
Event: 747.799 Thread 0x00007f9788a3d800 Uncommon trap: reason=class_check action=maybe_recompile pc=0x000000010718b718 method=com.sun.javafx.sg.prism.NGGroup.renderContent(Lcom/sun/prism/Graphics;)V @ 66
Event: 747.800 Thread 0x00007f9788a3d800 Uncommon trap: reason=class_check action=maybe_recompile pc=0x000000010718b718 method=com.sun.javafx.sg.prism.NGGroup.renderContent(Lcom/sun/prism/Graphics;)V @ 66
Event: 755.989 Thread 0x00007f9788a99800 Uncommon trap: reason=unstable_if action=reinterpret pc=0x000000010718a794 method=javafx.scene.Parent.setChildDirty(Ljavafx/scene/Node;Z)V @ 51
Event: 756.209 Thread 0x00007f9788a99800 Uncommon trap: reason=predicate action=maybe_recompile pc=0x00000001073088d0 method=java.util.AbstractCollection.toArray([Ljava/lang/Object;)[Ljava/lang/Object; @ 49
Event: 756.335 Thread 0x00007f9788a99800 Uncommon trap: reason=array_check action=maybe_recompile pc=0x0000000107324fe0 method=java.util.AbstractCollection.toArray([Ljava/lang/Object;)[Ljava/lang/Object; @ 119
Event: 756.335 Thread 0x00007f9788a99800 Uncommon trap: reason=array_check action=maybe_recompile pc=0x0000000107324fe0 method=java.util.AbstractCollection.toArray([Ljava/lang/Object;)[Ljava/lang/Object; @ 119
Event: 756.335 Thread 0x00007f9788a99800 Uncommon trap: reason=array_check action=maybe_recompile pc=0x0000000107324fe0 method=java.util.AbstractCollection.toArray([Ljava/lang/Object;)[Ljava/lang/Object; @ 119
Event: 756.336 Thread 0x00007f9788a99800 Uncommon trap: reason=array_check action=maybe_recompile pc=0x0000000107324fe0 method=java.util.AbstractCollection.toArray([Ljava/lang/Object;)[Ljava/lang/Object; @ 119
Event: 758.986 Thread 0x00007f9788a3d800 Uncommon trap: reason=unstable_if action=reinterpret pc=0x000000010715b404 method=com.sun.prism.es2.GLContext.updateBoundTexture(I)V @ 5
Event: 762.691 Thread 0x00007f9788aac000 Uncommon trap: reason=unstable_if action=reinterpret pc=0x0000000106c686a4 method=com.sun.javafx.tk.quantum.QuantumToolkit.postPulse()V @ 37

Internal exceptions (10 events):
Event: 80.113 Thread 0x00007f9788a99800 Implicit null exception at 0x0000000106821df5 to 0x000000010682202d
Event: 80.114 Thread 0x00007f9788a99800 Implicit null exception at 0x00000001066b06ef to 0x00000001066b0759
Event: 82.912 Thread 0x00007f9788a99800 Implicit null exception at 0x00000001069a1bd0 to 0x00000001069a2155
Event: 152.755 Thread 0x00007f97894ef000 Exception <a 'java/net/ConnectException'> (0x00000007aae615f0) thrown at [/Users/java_re/workspace/8-2-build-macosx-x86_64/jdk8u40/3153/hotspot/src/share/vm/prims/jni.cpp, line 709]
Event: 693.841 Thread 0x00007f978934d800 Exception <a 'sun/net/ConnectionResetException': Connection reset> (0x00000007ab89c7b0) thrown at [/Users/java_re/workspace/8-2-build-macosx-x86_64/jdk8u40/3153/hotspot/src/share/vm/prims/jni.cpp, line 735]
Event: 693.842 Thread 0x00007f978934d800 Exception <a 'java/net/ConnectException'> (0x00000007ab89d648) thrown at [/Users/java_re/workspace/8-2-build-macosx-x86_64/jdk8u40/3153/hotspot/src/share/vm/prims/jni.cpp, line 709]
Event: 723.409 Thread 0x00007f978934d800 Exception <a 'java/net/ConnectException'> (0x00000007ab004d80) thrown at [/Users/java_re/workspace/8-2-build-macosx-x86_64/jdk8u40/3153/hotspot/src/share/vm/prims/jni.cpp, line 709]
Event: 739.064 Thread 0x00007f9788a99800 Implicit null exception at 0x0000000106f7697f to 0x0000000106f7b59d
Event: 741.849 Thread 0x00007f9788a3d800 Implicit null exception at 0x00000001070451e8 to 0x0000000107045461
Event: 753.415 Thread 0x00007f978934d800 Exception <a 'java/net/ConnectException'> (0x00000007ab007b88) thrown at [/Users/java_re/workspace/8-2-build-macosx-x86_64/jdk8u40/3153/hotspot/src/share/vm/prims/jni.cpp, line 709]

Events (10 events):
Event: 764.246 Executing VM operation: RevokeBias done
Event: 764.247 loading class com/sun/javafx/tk/quantum/QuantumRenderer
Event: 764.247 loading class com/sun/javafx/tk/quantum/QuantumRenderer done
Event: 764.247 loading class com/sun/javafx/tk/quantum/QuantumToolkit
Event: 764.247 loading class com/sun/javafx/tk/quantum/QuantumToolkit done
Event: 764.248 Thread 0x00007f9788a99800 Thread exited: 0x00007f9788a99800
Event: 764.248 Thread 0x00007f9788a3d800 Thread exited: 0x00007f9788a3d800
Event: 764.248 Thread 0x00007f97892dd800 Thread exited: 0x00007f97892dd800
Event: 764.248 Thread 0x00007f978880d000 Thread exited: 0x00007f978880d000
Event: 764.248 Thread 0x00007f978880d000 Thread added: 0x00007f978880d000


Dynamic libraries:
0x0000000000861000 	/System/Library/Frameworks/Cocoa.framework/Versions/A/Cocoa
0x0000000000861000 	/System/Library/Frameworks/Security.framework/Versions/A/Security
0x0000000000861000 	/System/Library/Frameworks/ApplicationServices.framework/Versions/A/ApplicationServices
0x0000000000861000 	/usr/lib/libz.1.dylib
0x0000000000861000 	/usr/lib/libSystem.B.dylib
0x0000000000861000 	/usr/lib/libobjc.A.dylib
0x0000000000861000 	/System/Library/Frameworks/CoreFoundation.framework/Versions/A/CoreFoundation
0x0000000000861000 	/System/Library/Frameworks/Foundation.framework/Versions/C/Foundation
0x0000000000861000 	/System/Library/Frameworks/AppKit.framework/Versions/C/AppKit
0x0000000000861000 	/System/Library/Frameworks/CoreData.framework/Versions/A/CoreData
0x0000000000861000 	/System/Library/PrivateFrameworks/RemoteViewServices.framework/Versions/A/RemoteViewServices
0x0000000000861000 	/System/Library/PrivateFrameworks/UIFoundation.framework/Versions/A/UIFoundation
0x0000000000861000 	/System/Library/Frameworks/IOSurface.framework/Versions/A/IOSurface
0x0000000000861000 	/System/Library/Frameworks/AudioToolbox.framework/Versions/A/AudioToolbox
0x0000000000861000 	/System/Library/Frameworks/AudioUnit.framework/Versions/A/AudioUnit
0x0000000000861000 	/System/Library/PrivateFrameworks/DataDetectorsCore.framework/Versions/A/DataDetectorsCore
0x0000000000861000 	/System/Library/PrivateFrameworks/DesktopServicesPriv.framework/Versions/A/DesktopServicesPriv
0x0000000000861000 	/System/Library/Frameworks/Carbon.framework/Versions/A/Frameworks/HIToolbox.framework/Versions/A/HIToolbox
0x0000000000861000 	/System/Library/Frameworks/QuartzCore.framework/Versions/A/QuartzCore
0x0000000000861000 	/System/Library/Frameworks/Carbon.framework/Versions/A/Frameworks/SpeechRecognition.framework/Versions/A/SpeechRecognition
0x0000000000861000 	/usr/lib/libauto.dylib
0x0000000000861000 	/usr/lib/libicucore.A.dylib
0x0000000000861000 	/usr/lib/libxml2.2.dylib
0x0000000000861000 	/System/Library/PrivateFrameworks/CoreUI.framework/Versions/A/CoreUI
0x0000000000861000 	/System/Library/Frameworks/CoreAudio.framework/Versions/A/CoreAudio
0x0000000000861000 	/System/Library/Frameworks/DiskArbitration.framework/Versions/A/DiskArbitration
0x0000000000861000 	/usr/lib/liblangid.dylib
0x0000000000861000 	/System/Library/PrivateFrameworks/MultitouchSupport.framework/Versions/A/MultitouchSupport
0x0000000000861000 	/System/Library/Frameworks/IOKit.framework/Versions/A/IOKit
0x0000000000861000 	/usr/lib/libDiagnosticMessagesClient.dylib
0x0000000000861000 	/System/Library/Frameworks/CoreServices.framework/Versions/A/CoreServices
0x0000000000861000 	/System/Library/PrivateFrameworks/PerformanceAnalysis.framework/Versions/A/PerformanceAnalysis
0x0000000000861000 	/System/Library/PrivateFrameworks/GenerationalStorage.framework/Versions/A/GenerationalStorage
0x0000000000861000 	/System/Library/Frameworks/OpenGL.framework/Versions/A/OpenGL
0x0000000000861000 	/System/Library/PrivateFrameworks/Sharing.framework/Versions/A/Sharing
0x0000000000861000 	/System/Library/Frameworks/CoreGraphics.framework/Versions/A/CoreGraphics
0x0000000000861000 	/System/Library/Frameworks/CoreText.framework/Versions/A/CoreText
0x0000000000861000 	/System/Library/Frameworks/ImageIO.framework/Versions/A/ImageIO
0x0000000000861000 	/usr/lib/libextension.dylib
0x0000000000861000 	/System/Library/PrivateFrameworks/Backup.framework/Versions/A/Backup
0x0000000000861000 	/usr/lib/libarchive.2.dylib
0x0000000000861000 	/System/Library/Frameworks/CFNetwork.framework/Versions/A/CFNetwork
0x0000000000861000 	/System/Library/Frameworks/SystemConfiguration.framework/Versions/A/SystemConfiguration
0x0000000000861000 	/usr/lib/libCRFSuite.dylib
0x0000000000861000 	/usr/lib/libc++.1.dylib
0x0000000000861000 	/usr/lib/libc++abi.dylib
0x0000000000861000 	/usr/lib/system/libcache.dylib
0x0000000000861000 	/usr/lib/system/libcommonCrypto.dylib
0x0000000000861000 	/usr/lib/system/libcompiler_rt.dylib
0x0000000000861000 	/usr/lib/system/libcopyfile.dylib
0x0000000000861000 	/usr/lib/system/libcorecrypto.dylib
0x0000000000861000 	/usr/lib/system/libdispatch.dylib
0x0000000000861000 	/usr/lib/system/libdyld.dylib
0x0000000000861000 	/usr/lib/system/libkeymgr.dylib
0x0000000000861000 	/usr/lib/system/liblaunch.dylib
0x0000000000861000 	/usr/lib/system/libmacho.dylib
0x0000000000861000 	/usr/lib/system/libquarantine.dylib
0x0000000000861000 	/usr/lib/system/libremovefile.dylib
0x0000000000861000 	/usr/lib/system/libsystem_asl.dylib
0x0000000000861000 	/usr/lib/system/libsystem_blocks.dylib
0x0000000000861000 	/usr/lib/system/libsystem_c.dylib
0x0000000000861000 	/usr/lib/system/libsystem_configuration.dylib
0x0000000000861000 	/usr/lib/system/libsystem_coreservices.dylib
0x0000000000861000 	/usr/lib/system/libsystem_coretls.dylib
0x0000000000861000 	/usr/lib/system/libsystem_dnssd.dylib
0x0000000000861000 	/usr/lib/system/libsystem_info.dylib
0x0000000000861000 	/usr/lib/system/libsystem_kernel.dylib
0x0000000000861000 	/usr/lib/system/libsystem_m.dylib
0x0000000000861000 	/usr/lib/system/libsystem_malloc.dylib
0x0000000000861000 	/usr/lib/system/libsystem_network.dylib
0x0000000000861000 	/usr/lib/system/libsystem_networkextension.dylib
0x0000000000861000 	/usr/lib/system/libsystem_notify.dylib
0x0000000000861000 	/usr/lib/system/libsystem_platform.dylib
0x0000000000861000 	/usr/lib/system/libsystem_pthread.dylib
0x0000000000861000 	/usr/lib/system/libsystem_sandbox.dylib
0x0000000000861000 	/usr/lib/system/libsystem_secinit.dylib
0x0000000000861000 	/usr/lib/system/libsystem_stats.dylib
0x0000000000861000 	/usr/lib/system/libsystem_trace.dylib
0x0000000000861000 	/usr/lib/system/libunc.dylib
0x0000000000861000 	/usr/lib/system/libunwind.dylib
0x0000000000861000 	/usr/lib/system/libxpc.dylib
0x0000000000861000 	/usr/lib/libbz2.1.0.dylib
0x0000000000861000 	/usr/lib/liblzma.5.dylib
0x0000000000861000 	/usr/lib/libbsm.0.dylib
0x0000000000861000 	/usr/lib/libsqlite3.dylib
0x0000000000861000 	/usr/lib/system/libkxld.dylib
0x0000000000861000 	/usr/lib/libxar.1.dylib
0x0000000000861000 	/usr/lib/libpam.2.dylib
0x0000000000861000 	/usr/lib/libOpenScriptingUtil.dylib
0x0000000000861000 	/System/Library/Frameworks/CoreServices.framework/Versions/A/Frameworks/FSEvents.framework/Versions/A/FSEvents
0x0000000000861000 	/System/Library/Frameworks/CoreServices.framework/Versions/A/Frameworks/CarbonCore.framework/Versions/A/CarbonCore
0x0000000000861000 	/System/Library/Frameworks/CoreServices.framework/Versions/A/Frameworks/Metadata.framework/Versions/A/Metadata
0x0000000000861000 	/System/Library/Frameworks/CoreServices.framework/Versions/A/Frameworks/OSServices.framework/Versions/A/OSServices
0x0000000000861000 	/System/Library/Frameworks/CoreServices.framework/Versions/A/Frameworks/SearchKit.framework/Versions/A/SearchKit
0x0000000000861000 	/System/Library/Frameworks/CoreServices.framework/Versions/A/Frameworks/AE.framework/Versions/A/AE
0x0000000000861000 	/System/Library/Frameworks/CoreServices.framework/Versions/A/Frameworks/LaunchServices.framework/Versions/A/LaunchServices
0x0000000000861000 	/System/Library/Frameworks/CoreServices.framework/Versions/A/Frameworks/DictionaryServices.framework/Versions/A/DictionaryServices
0x0000000000861000 	/System/Library/Frameworks/NetFS.framework/Versions/A/NetFS
0x0000000000861000 	/System/Library/PrivateFrameworks/NetAuth.framework/Versions/A/NetAuth
0x0000000000861000 	/System/Library/PrivateFrameworks/login.framework/Versions/A/Frameworks/loginsupport.framework/Versions/A/loginsupport
0x0000000000861000 	/System/Library/PrivateFrameworks/TCC.framework/Versions/A/TCC
0x0000000000861000 	/usr/lib/libmecabra.dylib
0x0000000000861000 	/System/Library/Frameworks/ApplicationServices.framework/Versions/A/Frameworks/ATS.framework/Versions/A/ATS
0x0000000000861000 	/System/Library/Frameworks/ApplicationServices.framework/Versions/A/Frameworks/ColorSync.framework/Versions/A/ColorSync
0x0000000000861000 	/System/Library/Frameworks/ApplicationServices.framework/Versions/A/Frameworks/HIServices.framework/Versions/A/HIServices
0x0000000000861000 	/System/Library/Frameworks/ApplicationServices.framework/Versions/A/Frameworks/LangAnalysis.framework/Versions/A/LangAnalysis
0x0000000000861000 	/System/Library/Frameworks/ApplicationServices.framework/Versions/A/Frameworks/PrintCore.framework/Versions/A/PrintCore
0x0000000000861000 	/System/Library/Frameworks/ApplicationServices.framework/Versions/A/Frameworks/QD.framework/Versions/A/QD
0x0000000000861000 	/System/Library/Frameworks/ApplicationServices.framework/Versions/A/Frameworks/SpeechSynthesis.framework/Versions/A/SpeechSynthesis
0x0000000000861000 	/System/Library/Frameworks/Accelerate.framework/Versions/A/Accelerate
0x0000000000861000 	/System/Library/Frameworks/Accelerate.framework/Versions/A/Frameworks/vImage.framework/Versions/A/vImage
0x0000000000861000 	/System/Library/Frameworks/Accelerate.framework/Versions/A/Frameworks/vecLib.framework/Versions/A/vecLib
0x0000000000861000 	/System/Library/Frameworks/Accelerate.framework/Versions/A/Frameworks/vecLib.framework/Versions/A/libvDSP.dylib
0x0000000000861000 	/System/Library/Frameworks/Accelerate.framework/Versions/A/Frameworks/vecLib.framework/Versions/A/libvMisc.dylib
0x0000000000861000 	/System/Library/Frameworks/Accelerate.framework/Versions/A/Frameworks/vecLib.framework/Versions/A/libLAPACK.dylib
0x0000000000861000 	/System/Library/Frameworks/Accelerate.framework/Versions/A/Frameworks/vecLib.framework/Versions/A/libBLAS.dylib
0x0000000000861000 	/System/Library/Frameworks/Accelerate.framework/Versions/A/Frameworks/vecLib.framework/Versions/A/libLinearAlgebra.dylib
0x0000000000861000 	/System/Library/Frameworks/ApplicationServices.framework/Versions/A/Frameworks/ATS.framework/Versions/A/Resources/libFontParser.dylib
0x0000000000861000 	/System/Library/Frameworks/ApplicationServices.framework/Versions/A/Frameworks/ATS.framework/Versions/A/Resources/libFontRegistry.dylib
0x0000000000861000 	/System/Library/PrivateFrameworks/AppleVPA.framework/Versions/A/AppleVPA
0x0000000000861000 	/System/Library/PrivateFrameworks/AppleJPEG.framework/Versions/A/AppleJPEG
0x0000000000861000 	/System/Library/Frameworks/ImageIO.framework/Versions/A/Resources/libJPEG.dylib
0x0000000000861000 	/System/Library/Frameworks/ImageIO.framework/Versions/A/Resources/libTIFF.dylib
0x0000000000861000 	/System/Library/Frameworks/ImageIO.framework/Versions/A/Resources/libPng.dylib
0x0000000000861000 	/System/Library/Frameworks/ImageIO.framework/Versions/A/Resources/libGIF.dylib
0x0000000000861000 	/System/Library/Frameworks/ImageIO.framework/Versions/A/Resources/libJP2.dylib
0x0000000000861000 	/System/Library/Frameworks/ImageIO.framework/Versions/A/Resources/libRadiance.dylib
0x0000000000861000 	/System/Library/Frameworks/CoreVideo.framework/Versions/A/CoreVideo
0x0000000000861000 	/System/Library/Frameworks/OpenGL.framework/Versions/A/Libraries/libGLU.dylib
0x0000000000861000 	/System/Library/Frameworks/OpenGL.framework/Versions/A/Libraries/libGFXShared.dylib
0x0000000000861000 	/System/Library/Frameworks/OpenGL.framework/Versions/A/Libraries/libGL.dylib
0x0000000000861000 	/System/Library/Frameworks/OpenGL.framework/Versions/A/Libraries/libGLImage.dylib
0x0000000000861000 	/System/Library/Frameworks/OpenGL.framework/Versions/A/Libraries/libCVMSPluginSupport.dylib
0x0000000000861000 	/System/Library/Frameworks/OpenGL.framework/Versions/A/Libraries/libCoreVMClient.dylib
0x0000000000861000 	/usr/lib/libcups.2.dylib
0x0000000000861000 	/System/Library/Frameworks/Kerberos.framework/Versions/A/Kerberos
0x0000000000861000 	/System/Library/Frameworks/GSS.framework/Versions/A/GSS
0x0000000000861000 	/usr/lib/libresolv.9.dylib
0x0000000000861000 	/usr/lib/libiconv.2.dylib
0x0000000000861000 	/System/Library/PrivateFrameworks/Heimdal.framework/Versions/A/Heimdal
0x0000000000861000 	/usr/lib/libheimdal-asn1.dylib
0x0000000000861000 	/System/Library/Frameworks/OpenDirectory.framework/Versions/A/OpenDirectory
0x0000000000861000 	/System/Library/PrivateFrameworks/CommonAuth.framework/Versions/A/CommonAuth
0x0000000000861000 	/System/Library/Frameworks/OpenDirectory.framework/Versions/A/Frameworks/CFOpenDirectory.framework/Versions/A/CFOpenDirectory
0x0000000000861000 	/System/Library/Frameworks/SecurityFoundation.framework/Versions/A/SecurityFoundation
0x0000000000861000 	/System/Library/PrivateFrameworks/LanguageModeling.framework/Versions/A/LanguageModeling
0x0000000000861000 	/usr/lib/libcmph.dylib
0x0000000000861000 	/System/Library/Frameworks/ServiceManagement.framework/Versions/A/ServiceManagement
0x0000000000861000 	/usr/lib/libxslt.1.dylib
0x0000000000861000 	/System/Library/Frameworks/Carbon.framework/Versions/A/Frameworks/Ink.framework/Versions/A/Ink
0x0000000000861000 	/System/Library/Frameworks/QuartzCore.framework/Versions/A/Frameworks/CoreImage.framework/Versions/A/CoreImage
0x0000000000861000 	/System/Library/PrivateFrameworks/CrashReporterSupport.framework/Versions/A/CrashReporterSupport
0x0000000000861000 	/System/Library/Frameworks/OpenCL.framework/Versions/A/OpenCL
0x0000000000861000 	/System/Library/PrivateFrameworks/FaceCore.framework/Versions/A/FaceCore
0x0000000000861000 	/System/Library/PrivateFrameworks/Ubiquity.framework/Versions/A/Ubiquity
0x0000000000861000 	/System/Library/PrivateFrameworks/IconServices.framework/Versions/A/IconServices
0x0000000000861000 	/System/Library/PrivateFrameworks/ChunkingLibrary.framework/Versions/A/ChunkingLibrary
0x0000000000861000 	/System/Library/PrivateFrameworks/Apple80211.framework/Versions/A/Apple80211
0x0000000000861000 	/System/Library/Frameworks/CoreWLAN.framework/Versions/A/CoreWLAN
0x0000000000861000 	/System/Library/Frameworks/IOBluetooth.framework/Versions/A/IOBluetooth
0x0000000000861000 	/System/Library/PrivateFrameworks/CoreWiFi.framework/Versions/A/CoreWiFi
0x0000000000861000 	/System/Library/Frameworks/CoreBluetooth.framework/Versions/A/CoreBluetooth
0x0000000000861000 	/System/Library/PrivateFrameworks/DebugSymbols.framework/Versions/A/DebugSymbols
0x0000000000861000 	/System/Library/PrivateFrameworks/CoreSymbolication.framework/Versions/A/CoreSymbolication
0x0000000000861000 	/System/Library/PrivateFrameworks/Symbolication.framework/Versions/A/Symbolication
0x0000000000861000 	/System/Library/PrivateFrameworks/SpeechRecognitionCore.framework/Versions/A/SpeechRecognitionCore
0x0000000104ef5000 	/Library/Java/JavaVirtualMachines/jdk1.8.0_40.jdk/Contents/Home/jre/lib/server/libjvm.dylib
0x0000000000861000 	/usr/lib/libstdc++.6.dylib
0x0000000105f61000 	/Library/Java/JavaVirtualMachines/jdk1.8.0_40.jdk/Contents/Home/jre/lib/libverify.dylib
0x0000000105f6f000 	/Library/Java/JavaVirtualMachines/jdk1.8.0_40.jdk/Contents/Home/jre/lib/libjava.dylib
0x0000000105fc5000 	/Library/Java/JavaVirtualMachines/jdk1.8.0_40.jdk/Contents/Home/jre/lib/libzip.dylib
0x0000000105fe3000 	/System/Library/Frameworks/JavaVM.framework/Frameworks/JavaRuntimeSupport.framework/JavaRuntimeSupport
0x00000001196b4000 	/System/Library/Frameworks/JavaVM.framework/Versions/A/Frameworks/JavaNativeFoundation.framework/Versions/A/JavaNativeFoundation
0x00000001196c9000 	/System/Library/Frameworks/JavaVM.framework/Versions/A/JavaVM
0x0000000000861000 	/System/Library/Frameworks/Carbon.framework/Versions/A/Carbon
0x00000001196d6000 	/System/Library/PrivateFrameworks/JavaLaunching.framework/Versions/A/JavaLaunching
0x0000000000861000 	/System/Library/Frameworks/Carbon.framework/Versions/A/Frameworks/CommonPanels.framework/Versions/A/CommonPanels
0x0000000000861000 	/System/Library/Frameworks/Carbon.framework/Versions/A/Frameworks/Help.framework/Versions/A/Help
0x0000000000861000 	/System/Library/Frameworks/Carbon.framework/Versions/A/Frameworks/ImageCapture.framework/Versions/A/ImageCapture
0x0000000000861000 	/System/Library/Frameworks/Carbon.framework/Versions/A/Frameworks/OpenScripting.framework/Versions/A/OpenScripting
0x0000000000861000 	/System/Library/Frameworks/Carbon.framework/Versions/A/Frameworks/Print.framework/Versions/A/Print
0x0000000000861000 	/System/Library/Frameworks/Carbon.framework/Versions/A/Frameworks/SecurityHI.framework/Versions/A/SecurityHI
0x000000011b53f000 	/Library/Java/JavaVirtualMachines/jdk1.8.0_40.jdk/Contents/Home/jre/lib/libprism_es2.dylib
0x0000000000861000 	/System/Library/Frameworks/OpenGL.framework/Versions/A/Resources/GLEngine.bundle/GLEngine
0x0000000000861000 	/System/Library/Frameworks/OpenGL.framework/Versions/A/Libraries/libGLProgrammability.dylib
0x0000000000000000 	/System/Library/Extensions/GeForceTeslaGLDriver.bundle/Contents/MacOS/GeForceTeslaGLDriver
0x000000011b5bd000 	/System/Library/Extensions/GeForceTeslaGLDriver.bundle/Contents/MacOS/libclh.dylib
0x000000011be04000 	/System/Library/PrivateFrameworks/GPUSupport.framework/Versions/A/Libraries/libGPUSupport.dylib
0x0000000000861000 	/System/Library/Frameworks/OpenGL.framework/Versions/A/Resources/GLRendererFloat.bundle/GLRendererFloat
0x0000000000861000 	/System/Library/Frameworks/OpenCL.framework/Versions/A/Libraries/libcldcpuengine.dylib
0x0000000000861000 	/System/Library/PrivateFrameworks/DiskImages.framework/Versions/A/DiskImages
0x0000000000861000 	/System/Library/Frameworks/DiscRecording.framework/Versions/A/DiscRecording
0x0000000000861000 	/usr/lib/libcsfde.dylib
0x0000000000861000 	/usr/lib/libcurl.4.dylib
0x0000000000861000 	/System/Library/PrivateFrameworks/MediaKit.framework/Versions/A/MediaKit
0x0000000000861000 	/System/Library/PrivateFrameworks/ProtectedCloudStorage.framework/Versions/A/ProtectedCloudStorage
0x0000000000861000 	/usr/lib/libCoreStorage.dylib
0x0000000000861000 	/System/Library/PrivateFrameworks/EFILogin.framework/Versions/A/EFILogin
0x0000000000861000 	/usr/lib/libutil.dylib
0x0000000000861000 	/System/Library/PrivateFrameworks/FindMyDevice.framework/Versions/A/FindMyDevice
0x0000000000861000 	/System/Library/Frameworks/LDAP.framework/Versions/A/LDAP
0x0000000000861000 	/usr/lib/libsasl2.2.dylib
0x0000000000861000 	/System/Library/PrivateFrameworks/CoreDaemon.framework/Versions/B/CoreDaemon
0x0000000000861000 	/usr/lib/libcrypto.0.9.8.dylib
0x0000000000861000 	/System/Library/PrivateFrameworks/AppleSRP.framework/Versions/A/AppleSRP
0x0000000000861000 	/System/Library/PrivateFrameworks/TrustEvaluationAgent.framework/Versions/A/TrustEvaluationAgent
0x000000011bf54000 	/Library/Java/JavaVirtualMachines/jdk1.8.0_40.jdk/Contents/Home/jre/lib/libglass.dylib
0x0000000000861000 	/System/Library/PrivateFrameworks/CoreServicesInternal.framework/Versions/A/CoreServicesInternal
0x0000000000861000 	/System/Library/PrivateFrameworks/CloudDocs.framework/Versions/A/CloudDocs
0x0000000000861000 	/System/Library/PrivateFrameworks/CoreDuet.framework/Versions/A/CoreDuet
0x0000000000861000 	/System/Library/Frameworks/CloudKit.framework/Versions/A/CloudKit
0x0000000000861000 	/System/Library/PrivateFrameworks/ProtocolBuffer.framework/Versions/A/ProtocolBuffer
0x0000000000861000 	/System/Library/PrivateFrameworks/CoreDuetDaemonProtocol.framework/Versions/A/CoreDuetDaemonProtocol
0x0000000000861000 	/System/Library/PrivateFrameworks/CoreDuetDebugLogging.framework/Versions/A/CoreDuetDebugLogging
0x0000000000861000 	/System/Library/Frameworks/CoreLocation.framework/Versions/A/CoreLocation
0x0000000000861000 	/System/Library/Frameworks/Accounts.framework/Versions/A/Accounts
0x0000000000861000 	/System/Library/PrivateFrameworks/ApplePushService.framework/Versions/A/ApplePushService
0x0000000000861000 	/System/Library/PrivateFrameworks/GeoServices.framework/Versions/A/GeoServices
0x0000000000861000 	/System/Library/PrivateFrameworks/OAuth.framework/Versions/A/OAuth
0x0000000000861000 	/System/Library/Frameworks/CoreGraphics.framework/Versions/A/Resources/libCGCMS.A.dylib
0x0000000000861000 	/System/Library/CoreServices/RawCamera.bundle/Contents/MacOS/RawCamera
0x0000000000861000 	/System/Library/Frameworks/CoreGraphics.framework/Versions/A/Resources/libRIP.A.dylib
0x0000000000861000 	/System/Library/PrivateFrameworks/FamilyControls.framework/Versions/A/FamilyControls
0x0000000000861000 	/System/Library/PrivateFrameworks/CommerceKit.framework/Versions/A/Frameworks/CommerceCore.framework/Versions/A/CommerceCore
0x0000000000861000 	/System/Library/PrivateFrameworks/SystemAdministration.framework/Versions/A/SystemAdministration
0x0000000000861000 	/System/Library/PrivateFrameworks/AppContainer.framework/Versions/A/AppContainer
0x0000000000861000 	/System/Library/PrivateFrameworks/SecCodeWrapper.framework/Versions/A/SecCodeWrapper
0x0000000000861000 	/System/Library/Frameworks/DirectoryService.framework/Versions/A/DirectoryService
0x0000000000861000 	/System/Library/PrivateFrameworks/LoginUIKit.framework/Versions/A/Frameworks/LoginUICore.framework/Versions/A/LoginUICore
0x0000000000861000 	/usr/lib/libodfde.dylib
0x000000011f3e0000 	/Library/Java/JavaVirtualMachines/jdk1.8.0_40.jdk/Contents/Home/jre/lib/libnet.dylib
0x000000011f833000 	/Library/Java/JavaVirtualMachines/jdk1.8.0_40.jdk/Contents/Home/jre/lib/libsunec.dylib
0x00000001196e2000 	/Library/Java/JavaVirtualMachines/jdk1.8.0_40.jdk/Contents/Home/jre/lib/libjavafx_font.dylib
0x0000000000861000 	/System/Library/Frameworks/CoreGraphics.framework/Versions/A/Resources/libCGXType.A.dylib
0x00000001197c5000 	/Library/Java/JavaVirtualMachines/jdk1.8.0_40.jdk/Contents/Home/jre/lib/libnio.dylib
0x000000011dd37000 	cl_kernels
0x0000000123332000 	/System/Library/Frameworks/OpenCL.framework/Versions/A/Libraries/ImageFormats/unorm8_bgra.dylib
0x000000011f82a000 	cl_kernels
0x000000011dc22000 	/Library/Java/JavaVirtualMachines/jdk1.8.0_40.jdk/Contents/Home/jre/lib/libprism_common.dylib

VM Arguments:
jvm_args: -Dfile.encoding=UTF-8 
java_command: VIEW.View
java_class_path (initial): /Users/idinter/Desktop/workspace/SBOBETCLI/bin:/Users/idinter/Desktop/workspace/SBOBETCLI/selenium-java-2.45.0.jar:/Users/idinter/Desktop/workspace/SBOBETCLI/selenium-server-standalone-2.45.0.jar
Launcher Type: SUN_STANDARD

Environment Variables:
PATH=/usr/bin:/bin:/usr/sbin:/sbin
SHELL=/bin/bash
DISPLAY=/private/tmp/com.apple.launchd.X0BEkHfg9c/org.macosforge.xquartz:0

Signal Handlers:
SIGSEGV: [libjvm.dylib+0x58ef95], sa_mask[0]=11111111011111110111111111111111, sa_flags=SA_ONSTACK|SA_RESTART|SA_SIGINFO
SIGBUS: [libjvm.dylib+0x58ef95], sa_mask[0]=11111111011111110111111111111111, sa_flags=SA_RESTART|SA_SIGINFO
SIGFPE: [libjvm.dylib+0x46c118], sa_mask[0]=11111111011111110111111111111111, sa_flags=SA_RESTART|SA_SIGINFO
SIGPIPE: [libjvm.dylib+0x46c118], sa_mask[0]=11111111011111110111111111111111, sa_flags=SA_RESTART|SA_SIGINFO
SIGXFSZ: [libjvm.dylib+0x46c118], sa_mask[0]=11111111011111110111111111111111, sa_flags=SA_RESTART|SA_SIGINFO
SIGILL: [libjvm.dylib+0x46c118], sa_mask[0]=11111111011111110111111111111111, sa_flags=SA_RESTART|SA_SIGINFO
SIGUSR1: SIG_DFL, sa_mask[0]=00000000000000000000000000000000, sa_flags=none
SIGUSR2: [libjvm.dylib+0x46bc36], sa_mask[0]=00100000000000000000000000000000, sa_flags=SA_RESTART|SA_SIGINFO
SIGHUP: [libjvm.dylib+0x46a209], sa_mask[0]=11111111011111110111111111111111, sa_flags=SA_RESTART|SA_SIGINFO
SIGINT: [libjvm.dylib+0x46a209], sa_mask[0]=11111111011111110111111111111111, sa_flags=SA_RESTART|SA_SIGINFO
SIGTERM: [libjvm.dylib+0x46a209], sa_mask[0]=11111111011111110111111111111111, sa_flags=SA_RESTART|SA_SIGINFO
SIGQUIT: [libjvm.dylib+0x46a209], sa_mask[0]=11111111011111110111111111111111, sa_flags=SA_RESTART|SA_SIGINFO


---------------  S Y S T E M  ---------------

OS:Bsduname:Darwin 14.1.0 Darwin Kernel Version 14.1.0: Thu Feb 26 19:26:47 PST 2015; root:xnu-2782.10.73~1/RELEASE_X86_64 x86_64
rlimit: STACK 8192k, CORE 0k, NPROC 709, NOFILE 10240, AS infinity
load average:1.78 2.07 2.27

CPU:total 2 (2 cores per cpu, 1 threads per core) family 6 model 23 stepping 10, cmov, cx8, fxsr, mmx, sse, sse2, sse3, ssse3, sse4.1, tsc

Memory: 4k page, physical 4194304k(717692k free)

/proc/meminfo:


vm_info: Java HotSpot(TM) 64-Bit Server VM (25.40-b25) for bsd-amd64 JRE (1.8.0_40-b27), built on Mar 13 2015 04:46:52 by "java_re" with gcc 4.2.1 (Based on Apple Inc. build 5658) (LLVM build 2336.11.00)

time: Fri Aug 21 17:58:43 2015
elapsed time: 767 seconds (0d 0h 12m 47s)

