#
# A fatal error has been detected by the Java Runtime Environment:
#
#  SIGSEGV (0xb) at pc=0x000000011ec025dd, pid=877, tid=1811
#
# JRE version: Java(TM) SE Runtime Environment (8.0_40-b27) (build 1.8.0_40-b27)
# Java VM: Java HotSpot(TM) 64-Bit Server VM (25.40-b25 mixed mode bsd-amd64 compressed oops)
# Problematic frame:
# C  [libglass.dylib+0x155dd]  GlassScreenDidChangeScreenParameters+0x9d
#
# Failed to write core dump. Core dumps have been disabled. To enable core dumping, try "ulimit -c unlimited" before starting Java again
#
# If you would like to submit a bug report, please visit:
#   http://bugreport.java.com/bugreport/crash.jsp
#

---------------  T H R E A D  ---------------

Current thread is native thread

siginfo: si_signo: 11 (SIGSEGV), si_code: 1 (SEGV_MAPERR), si_addr: 0x0000000000000000

Registers:
RAX=0x000000011ec34bc0, RBX=0x0000000000000000, RCX=0x0200c025d4509de7, RDX=0x00007ffe325b9490
RSP=0x00007fff5816e080, RBP=0x00007fff5816e090, RSI=0x00007ffe3242b150, RDI=0x0000000000000000
R8 =0x00007fff5816df30, R9 =0x00007fff76bd9300, R10=0x0000000000000000, R11=0x0000000000000246
R12=0x00007ffe32514fd0, R13=0x00000000000f4268, R14=0x00007ffe325b93a0, R15=0x00007fff5816e1d0
RIP=0x000000011ec025dd, EFLAGS=0x0000000000010206, ERR=0x0000000000000004
  TRAPNO=0x000000000000000e

Top of Stack: (sp=0x00007fff5816e080)
0x00007fff5816e080:   00007fff5816e260 00007ffe325b93a0
0x00007fff5816e090:   00007fff5816e0a0 00007fff8df15cdc
0x00007fff5816e0a0:   00007fff5816e400 00007fff8de07244
0x00007fff5816e0b0:   00007fff5816e100 0000000000000000
0x00007fff5816e0c0:   00007fff770eecf0 00007ffe324ce030
0x00007fff5816e0d0:   0000000000001000 00000000000008e8
0x00007fff5816e0e0:   00007ffe324ce030 00007ffe325b93a0
0x00007fff5816e0f0:   0000000000000000 00007fff5816e1d0
0x00007fff5816e100:   0000000000000000 00007ffe325b9360
0x00007fff5816e110:   00007fff5816e250 000000000000005f
0x00007fff5816e120:   00000000000f430e 00007ffe34c97af0
0x00007fff5816e130:   00007ffe325629e0 00007ffe32514fd0
0x00007fff5816e140:   0000000000000001 00000000000f4268
0x00007fff5816e150:   00007ffe32514fc0 00007fff8b25eacb
0x00007fff5816e160:   0000000000000001 0000000000000001
0x00007fff5816e170:   0000000000000030 0000000000000001
0x00007fff5816e180:   00007fff5816e1a0 00007fff8b264231
0x00007fff5816e190:   00007fff770ecdd0 0000000000000000
0x00007fff5816e1a0:   00007fff5816e1c0 0000000000000005
0x00007fff5816e1b0:   000116033320fa00 00007ffe32514ff4
0x00007fff5816e1c0:   0000000000000000 00007fff8ddfcd1f
0x00007fff5816e1d0:   00007ffe325b93a0 00007fff770ecdd0
0x00007fff5816e1e0:   00007fff5816e260 00007fff8de0584f
0x00007fff5816e1f0:   00007fff5816e264 0000000000419b01
0x00007fff5816e200:   0000000107aada00 0000000000000002
0x00007fff5816e210:   0000000107aaa000 00007ffe3241d332
0x00007fff5816e220:   0000000000000003 0000000107aada00
0x00007fff5816e230:   00007fff5816e320 00007fff8b25d2a2
0x00007fff5816e240:   00007ffe32499170 00007fff5816e408
0x00007fff5816e250:   0000000000000017 0000000000000000
0x00007fff5816e260:   00000000000f4268 00007fff8ddfd013
0x00007fff5816e270:   00007fff00000000 00007ffe32567890 

Instructions: (pc=0x000000011ec025dd)
0x000000011ec025bd:   89 df 4c 89 f1 41 ff 90 68 04 00 00 48 8d 05 f8
0x000000011ec025cd:   24 03 00 48 8b 30 48 8d 05 e6 25 03 00 48 8b 10
0x000000011ec025dd:   48 8b 0b 30 c0 48 89 df ff 91 68 04 00 00 48 8b
0x000000011ec025ed:   03 48 89 df ff 50 78 48 85 c0 74 36 49 89 c6 48 

Register to memory mapping:

RAX=0x000000011ec34bc0: jScreenNotifySettingsChanged+0 in /Library/Java/JavaVirtualMachines/jdk1.8.0_40.jdk/Contents/Home/jre/lib/libglass.dylib at 0x000000011ebed000
RBX=0x0000000000000000 is an unknown value
RCX=0x0200c025d4509de7 is an unknown value
RDX=0x00007ffe325b9490 is an unknown value
RSP=0x00007fff5816e080 is an unknown value
RBP=0x00007fff5816e090 is an unknown value
RSI=0x00007ffe3242b150 is a global jni handle
RDI=0x0000000000000000 is an unknown value
R8 =0x00007fff5816df30 is an unknown value
R9 =0x00007fff76bd9300: _thread+0 in /usr/lib/system/libsystem_pthread.dylib at 0x00007fff8b805000
R10=0x0000000000000000 is an unknown value
R11=0x0000000000000246 is an unknown value
R12=0x00007ffe32514fd0 is an unknown value
R13=0x00000000000f4268 is an unknown value
R14=0x00007ffe325b93a0 is an unknown value
R15=0x00007fff5816e1d0 is an unknown value


Stack: [0x00007fff57971000,0x00007fff58171000],  sp=0x00007fff5816e080,  free space=8180k
Native frames: (J=compiled Java code, j=interpreted, Vv=VM code, C=native code)
C  [libglass.dylib+0x155dd]  GlassScreenDidChangeScreenParameters+0x9d
C  [CoreFoundation+0x11ecdc]  __CFNOTIFICATIONCENTER_IS_CALLING_OUT_TO_AN_OBSERVER__+0xc
C  [CoreFoundation+0x10244]  _CFXNotificationPost+0xc44
C  [Foundation+0x2c31]  -[NSNotificationCenter postNotificationName:object:userInfo:]+0x42
C  [AppKit+0x36305e]  -[NSApplication _reactToScreenInvalidationImmediately:]+0x17b
C  [AppKit+0x362e9d]  __44-[NSApplication _reactToScreenInvalidation:]_block_invoke+0x4b
C  [CoreFoundation+0x8056c]  __CFRUNLOOP_IS_CALLING_OUT_TO_A_BLOCK__+0xc
C  [CoreFoundation+0x72675]  __CFRunLoopDoBlocks+0x155
C  [CoreFoundation+0x721b6]  __CFRunLoopRun+0x716
C  [CoreFoundation+0x71858]  CFRunLoopRunSpecific+0x128
C  [java+0x6490]  CreateExecutionEnvironment+0x367
C  [java+0x221c]  JLI_Launch+0x7a0
C  [java+0x84ed]  main+0x65
C  [java+0x1a74]  start+0x34


---------------  P R O C E S S  ---------------

VM state:not at safepoint (normal execution)

VM Mutex/Monitor currently owned by a thread: None

Heap:
 PSYoungGen      total 18944K, used 12012K [0x00000007aab00000, 0x00000007ad600000, 0x00000007c0000000)
  eden space 16384K, 57% used [0x00000007aab00000,0x00000007ab43bd58,0x00000007abb00000)
  from space 2560K, 99% used [0x00000007abb00000,0x00000007abd7f3c8,0x00000007abd80000)
  to   space 6656K, 0% used [0x00000007acf80000,0x00000007acf80000,0x00000007ad600000)
 ParOldGen       total 32256K, used 9515K [0x0000000780000000, 0x0000000781f80000, 0x00000007aab00000)
  object space 32256K, 29% used [0x0000000780000000,0x000000078094ae70,0x0000000781f80000)
 Metaspace       used 26257K, capacity 27468K, committed 27776K, reserved 1073152K
  class space    used 3869K, capacity 4115K, committed 4224K, reserved 1048576K

Card table byte_map: [0x00000001185c0000,0x00000001187c1000] byte_map_base: 0x00000001149c0000

Marking Bits: (ParMarkBitMap*) 0x00000001084507a0
 Begin Bits: [0x00000001189c7000, 0x00000001199c7000)
 End Bits:   [0x00000001199c7000, 0x000000011a9c7000)

Polling page: 0x0000000108c3d000

CodeCache: size=245760Kb used=6882Kb max_used=6896Kb free=238877Kb
 bounds [0x0000000109200000, 0x00000001098d0000, 0x0000000118200000]
 total_blobs=2965 nmethods=2293 adapters=586
 compilation: enabled

Compilation events (10 events):
Event: 58.804 Thread 0x00007ffe3289c800 nmethod 2312 0x00000001098b4c90 code [0x00000001098b4e60, 0x00000001098b57f0]
Event: 58.829 Thread 0x00007ffe3289c800 2313       1       javafx.event.Event::isConsumed (5 bytes)
Event: 58.829 Thread 0x00007ffe3289c800 nmethod 2313 0x00000001098b5a50 code [0x00000001098b5ba0, 0x00000001098b5cb0]
Event: 58.866 Thread 0x00007ffe32846000 nmethod 2272 0x00000001098baf10 code [0x00000001098bb300, 0x00000001098bd848]
Event: 58.866 Thread 0x00007ffe32846000 2281       4       java.lang.AbstractStringBuilder::expandCapacity (50 bytes)
Event: 58.869 Thread 0x00007ffe32846000 nmethod 2281 0x00000001098b7b90 code [0x00000001098b7ce0, 0x00000001098b7f58]
Event: 58.981 Thread 0x00007ffe3289c800 2315       3       java.lang.invoke.CallSite::maybeReBoxElements (24 bytes)
Event: 58.982 Thread 0x00007ffe3289c800 nmethod 2315 0x00000001098b7110 code [0x00000001098b72c0, 0x00000001098b7988]
Event: 58.982 Thread 0x00007ffe3289c800 2314       3       java.util.ArrayList::remove (69 bytes)
Event: 58.983 Thread 0x00007ffe3289c800 nmethod 2314 0x00000001098b65d0 code [0x00000001098b67a0, 0x00000001098b6dc8]

GC Heap History (10 events):
Event: 2.499 GC heap before
{Heap before GC invocations=2 (full 0):
 PSYoungGen      total 18944K, used 18928K [0x00000007aab00000, 0x00000007ac000000, 0x00000007c0000000)
  eden space 16384K, 100% used [0x00000007aab00000,0x00000007abb00000,0x00000007abb00000)
  from space 2560K, 99% used [0x00000007abb00000,0x00000007abd7c320,0x00000007abd80000)
  to   space 2560K, 0% used [0x00000007abd80000,0x00000007abd80000,0x00000007ac000000)
 ParOldGen       total 44032K, used 220K [0x0000000780000000, 0x0000000782b00000, 0x00000007aab00000)
  object space 44032K, 0% used [0x0000000780000000,0x00000007800372f8,0x0000000782b00000)
 Metaspace       used 13270K, capacity 13674K, committed 13824K, reserved 1060864K
  class space    used 1641K, capacity 1779K, committed 1792K, reserved 1048576K
Event: 2.520 GC heap after
Heap after GC invocations=2 (full 0):
 PSYoungGen      total 18944K, used 2528K [0x00000007aab00000, 0x00000007ad000000, 0x00000007c0000000)
  eden space 16384K, 0% used [0x00000007aab00000,0x00000007aab00000,0x00000007abb00000)
  from space 2560K, 98% used [0x00000007abd80000,0x00000007abff8040,0x00000007ac000000)
  to   space 2560K, 0% used [0x00000007abb00000,0x00000007abb00000,0x00000007abd80000)
 ParOldGen       total 44032K, used 2799K [0x0000000780000000, 0x0000000782b00000, 0x00000007aab00000)
  object space 44032K, 6% used [0x0000000780000000,0x00000007802bbfa8,0x0000000782b00000)
 Metaspace       used 13270K, capacity 13674K, committed 13824K, reserved 1060864K
  class space    used 1641K, capacity 1779K, committed 1792K, reserved 1048576K
}
Event: 55.937 GC heap before
{Heap before GC invocations=3 (full 0):
 PSYoungGen      total 18944K, used 18912K [0x00000007aab00000, 0x00000007ad000000, 0x00000007c0000000)
  eden space 16384K, 100% used [0x00000007aab00000,0x00000007abb00000,0x00000007abb00000)
  from space 2560K, 98% used [0x00000007abd80000,0x00000007abff8040,0x00000007ac000000)
  to   space 2560K, 0% used [0x00000007abb00000,0x00000007abb00000,0x00000007abd80000)
 ParOldGen       total 44032K, used 2799K [0x0000000780000000, 0x0000000782b00000, 0x00000007aab00000)
  object space 44032K, 6% used [0x0000000780000000,0x00000007802bbfa8,0x0000000782b00000)
 Metaspace       used 16917K, capacity 17298K, committed 17536K, reserved 1064960K
  class space    used 2214K, capacity 2354K, committed 2432K, reserved 1048576K
Event: 55.949 GC heap after
Heap after GC invocations=3 (full 0):
 PSYoungGen      total 18944K, used 2528K [0x00000007aab00000, 0x00000007ac000000, 0x00000007c0000000)
  eden space 16384K, 0% used [0x00000007aab00000,0x00000007aab00000,0x00000007abb00000)
  from space 2560K, 98% used [0x00000007abb00000,0x00000007abd78020,0x00000007abd80000)
  to   space 2560K, 0% used [0x00000007abd80000,0x00000007abd80000,0x00000007ac000000)
 ParOldGen       total 44032K, used 5427K [0x0000000780000000, 0x0000000782b00000, 0x00000007aab00000)
  object space 44032K, 12% used [0x0000000780000000,0x000000078054cd88,0x0000000782b00000)
 Metaspace       used 16917K, capacity 17298K, committed 17536K, reserved 1064960K
  class space    used 2214K, capacity 2354K, committed 2432K, reserved 1048576K
}
Event: 56.520 GC heap before
{Heap before GC invocations=4 (full 0):
 PSYoungGen      total 18944K, used 18795K [0x00000007aab00000, 0x00000007ac000000, 0x00000007c0000000)
  eden space 16384K, 99% used [0x00000007aab00000,0x00000007abae2f08,0x00000007abb00000)
  from space 2560K, 98% used [0x00000007abb00000,0x00000007abd78020,0x00000007abd80000)
  to   space 2560K, 0% used [0x00000007abd80000,0x00000007abd80000,0x00000007ac000000)
 ParOldGen       total 44032K, used 5427K [0x0000000780000000, 0x0000000782b00000, 0x00000007aab00000)
  object space 44032K, 12% used [0x0000000780000000,0x000000078054cd88,0x0000000782b00000)
 Metaspace       used 20652K, capacity 21214K, committed 21248K, reserved 1067008K
  class space    used 2860K, capacity 3048K, committed 3072K, reserved 1048576K
Event: 56.534 GC heap after
Heap after GC invocations=4 (full 0):
 PSYoungGen      total 18944K, used 2528K [0x00000007aab00000, 0x00000007ad000000, 0x00000007c0000000)
  eden space 16384K, 0% used [0x00000007aab00000,0x00000007aab00000,0x00000007abb00000)
  from space 2560K, 98% used [0x00000007abd80000,0x00000007abff8020,0x00000007ac000000)
  to   space 2560K, 0% used [0x00000007abb00000,0x00000007abb00000,0x00000007abd80000)
 ParOldGen       total 44032K, used 7486K [0x0000000780000000, 0x0000000782b00000, 0x00000007aab00000)
  object space 44032K, 17% used [0x0000000780000000,0x000000078074fae0,0x0000000782b00000)
 Metaspace       used 20652K, capacity 21214K, committed 21248K, reserved 1067008K
  class space    used 2860K, capacity 3048K, committed 3072K, reserved 1048576K
}
Event: 56.534 GC heap before
{Heap before GC invocations=5 (full 1):
 PSYoungGen      total 18944K, used 2528K [0x00000007aab00000, 0x00000007ad000000, 0x00000007c0000000)
  eden space 16384K, 0% used [0x00000007aab00000,0x00000007aab00000,0x00000007abb00000)
  from space 2560K, 98% used [0x00000007abd80000,0x00000007abff8020,0x00000007ac000000)
  to   space 2560K, 0% used [0x00000007abb00000,0x00000007abb00000,0x00000007abd80000)
 ParOldGen       total 44032K, used 7486K [0x0000000780000000, 0x0000000782b00000, 0x00000007aab00000)
  object space 44032K, 17% used [0x0000000780000000,0x000000078074fae0,0x0000000782b00000)
 Metaspace       used 20652K, capacity 21214K, committed 21248K, reserved 1067008K
  class space    used 2860K, capacity 3048K, committed 3072K, reserved 1048576K
Event: 56.646 GC heap after
Heap after GC invocations=5 (full 1):
 PSYoungGen      total 18944K, used 0K [0x00000007aab00000, 0x00000007ad000000, 0x00000007c0000000)
  eden space 16384K, 0% used [0x00000007aab00000,0x00000007aab00000,0x00000007abb00000)
  from space 2560K, 0% used [0x00000007abd80000,0x00000007abd80000,0x00000007ac000000)
  to   space 2560K, 0% used [0x00000007abb00000,0x00000007abb00000,0x00000007abd80000)
 ParOldGen       total 32256K, used 9459K [0x0000000780000000, 0x0000000781f80000, 0x00000007aab00000)
  object space 32256K, 29% used [0x0000000780000000,0x000000078093ce70,0x0000000781f80000)
 Metaspace       used 20652K, capacity 21214K, committed 21248K, reserved 1067008K
  class space    used 2860K, capacity 3048K, committed 3072K, reserved 1048576K
}
Event: 57.800 GC heap before
{Heap before GC invocations=6 (full 1):
 PSYoungGen      total 18944K, used 16310K [0x00000007aab00000, 0x00000007ad000000, 0x00000007c0000000)
  eden space 16384K, 99% used [0x00000007aab00000,0x00000007abaedb58,0x00000007abb00000)
  from space 2560K, 0% used [0x00000007abd80000,0x00000007abd80000,0x00000007ac000000)
  to   space 2560K, 0% used [0x00000007abb00000,0x00000007abb00000,0x00000007abd80000)
 ParOldGen       total 32256K, used 9459K [0x0000000780000000, 0x0000000781f80000, 0x00000007aab00000)
  object space 32256K, 29% used [0x0000000780000000,0x000000078093ce70,0x0000000781f80000)
 Metaspace       used 25042K, capacity 26180K, committed 26240K, reserved 1071104K
  class space    used 3692K, capacity 3927K, committed 3968K, reserved 1048576K
Event: 57.809 GC heap after
Heap after GC invocations=6 (full 1):
 PSYoungGen      total 18944K, used 2556K [0x00000007aab00000, 0x00000007ad600000, 0x00000007c0000000)
  eden space 16384K, 0% used [0x00000007aab00000,0x00000007aab00000,0x00000007abb00000)
  from space 2560K, 99% used [0x00000007abb00000,0x00000007abd7f3c8,0x00000007abd80000)
  to   space 6656K, 0% used [0x00000007acf80000,0x00000007acf80000,0x00000007ad600000)
 ParOldGen       total 32256K, used 9515K [0x0000000780000000, 0x0000000781f80000, 0x00000007aab00000)
  object space 32256K, 29% used [0x0000000780000000,0x000000078094ae70,0x0000000781f80000)
 Metaspace       used 25042K, capacity 26180K, committed 26240K, reserved 1071104K
  class space    used 3692K, capacity 3927K, committed 3968K, reserved 1048576K
}

Deoptimization events (10 events):
Event: 57.669 Thread 0x00007ffe32b33000 Uncommon trap: reason=bimorphic action=maybe_recompile pc=0x000000010972c9e0 method=java.io.DataInputStream.readByte()B @ 4
Event: 57.669 Thread 0x00007ffe32b33000 Uncommon trap: reason=bimorphic action=maybe_recompile pc=0x000000010972c9e0 method=java.io.DataInputStream.readByte()B @ 4
Event: 57.669 Thread 0x00007ffe32b33000 Uncommon trap: reason=bimorphic action=maybe_recompile pc=0x000000010972c9e0 method=java.io.DataInputStream.readByte()B @ 4
Event: 57.989 Thread 0x00007ffe32b33000 Uncommon trap: reason=unstable_if action=reinterpret pc=0x0000000109765118 method=com.sun.javafx.css.BitSet.addAll(Ljava/util/Collection;)Z @ 1
Event: 57.990 Thread 0x00007ffe32b33000 Uncommon trap: reason=unstable_if action=reinterpret pc=0x000000010978756c method=javafx.scene.CssStyleHelper.getStyle(Ljavafx/css/Styleable;Ljava/lang/String;Lcom/sun/javafx/css/StyleMap;Ljava/util/Set;)Lcom/sun/javafx/css/CascadingStyle; @ 8
Event: 58.070 Thread 0x00007ffe32b33000 Uncommon trap: reason=unstable_if action=reinterpret pc=0x00000001097006fc method=jdk.internal.org.objectweb.asm.Type.getArgumentsAndReturnSizes(Ljava/lang/String;)I @ 47
Event: 58.270 Thread 0x00007ffe32aaa000 Uncommon trap: reason=bimorphic action=maybe_recompile pc=0x000000010982f200 method=java.util.WeakHashMap.eq(Ljava/lang/Object;Ljava/lang/Object;)Z @ 7
Event: 58.271 Thread 0x00007ffe32aaa000 Uncommon trap: reason=bimorphic action=maybe_recompile pc=0x000000010982f200 method=java.util.WeakHashMap.eq(Ljava/lang/Object;Ljava/lang/Object;)Z @ 7
Event: 58.273 Thread 0x00007ffe32aaa000 Uncommon trap: reason=bimorphic action=maybe_recompile pc=0x000000010982f200 method=java.util.WeakHashMap.eq(Ljava/lang/Object;Ljava/lang/Object;)Z @ 7
Event: 58.292 Thread 0x00007ffe32aaa000 Uncommon trap: reason=bimorphic action=maybe_recompile pc=0x000000010982f200 method=java.util.WeakHashMap.eq(Ljava/lang/Object;Ljava/lang/Object;)Z @ 7

Internal exceptions (10 events):
Event: 55.917 Thread 0x00007ffe32b33000 Exception <a 'java/lang/ArrayIndexOutOfBoundsException'> (0x00000007aba47c88) thrown at [/Users/java_re/workspace/8-2-build-macosx-x86_64/jdk8u40/3153/hotspot/src/share/vm/runtime/sharedRuntime.cpp, line 605]
Event: 55.917 Thread 0x00007ffe32b33000 Exception <a 'java/lang/ArrayIndexOutOfBoundsException'> (0x00000007aba49b98) thrown at [/Users/java_re/workspace/8-2-build-macosx-x86_64/jdk8u40/3153/hotspot/src/share/vm/runtime/sharedRuntime.cpp, line 605]
Event: 56.026 Thread 0x00007ffe32b33000 Exception <a 'java/lang/ArrayIndexOutOfBoundsException'> (0x00000007aad6f6a8) thrown at [/Users/java_re/workspace/8-2-build-macosx-x86_64/jdk8u40/3153/hotspot/src/share/vm/runtime/sharedRuntime.cpp, line 605]
Event: 56.026 Thread 0x00007ffe32b33000 Exception <a 'java/lang/ArrayIndexOutOfBoundsException'> (0x00000007aad70468) thrown at [/Users/java_re/workspace/8-2-build-macosx-x86_64/jdk8u40/3153/hotspot/src/share/vm/runtime/sharedRuntime.cpp, line 605]
Event: 56.027 Thread 0x00007ffe32b33000 Exception <a 'java/lang/ArrayIndexOutOfBoundsException'> (0x00000007aad71bb0) thrown at [/Users/java_re/workspace/8-2-build-macosx-x86_64/jdk8u40/3153/hotspot/src/share/vm/runtime/sharedRuntime.cpp, line 605]
Event: 56.464 Thread 0x00007ffe32b33000 Exception <a 'java/io/FileNotFoundException'> (0x00000007ab97a3b8) thrown at [/Users/java_re/workspace/8-2-build-macosx-x86_64/jdk8u40/3153/hotspot/src/share/vm/prims/jni.cpp, line 709]
Event: 56.662 Thread 0x00007ffe32b33000 Implicit null exception at 0x00000001096570b5 to 0x00000001096572ed
Event: 56.664 Thread 0x00007ffe32b33000 Implicit null exception at 0x00000001095837ef to 0x0000000109583859
Event: 57.602 Thread 0x00007ffe32b33000 Implicit null exception at 0x0000000109789241 to 0x0000000109789661
Event: 57.989 Thread 0x00007ffe32b33000 Implicit null exception at 0x0000000109764b90 to 0x0000000109765105

Events (10 events):
Event: 58.986 loading class javafx/application/Application done
Event: 58.995 loading class com/sun/javafx/tk/quantum/QuantumRenderer
Event: 58.995 loading class com/sun/javafx/tk/quantum/QuantumRenderer done
Event: 58.996 loading class com/sun/javafx/tk/quantum/QuantumToolkit
Event: 58.996 loading class com/sun/javafx/tk/quantum/QuantumToolkit done
Event: 58.996 Thread 0x00007ffe32aaa000 Thread exited: 0x00007ffe32aaa000
Event: 58.996 Thread 0x00007ffe32b9b000 Thread exited: 0x00007ffe32b9b000
Event: 58.996 Thread 0x00007ffe32b33000 Thread exited: 0x00007ffe32b33000
Event: 58.996 Thread 0x00007ffe3280d000 Thread exited: 0x00007ffe3280d000
Event: 58.996 Thread 0x00007ffe33491800 Thread added: 0x00007ffe33491800


Dynamic libraries:
0x0000000005c71000 	/System/Library/Frameworks/Cocoa.framework/Versions/A/Cocoa
0x0000000005c71000 	/System/Library/Frameworks/Security.framework/Versions/A/Security
0x0000000005c71000 	/System/Library/Frameworks/ApplicationServices.framework/Versions/A/ApplicationServices
0x0000000005c71000 	/usr/lib/libz.1.dylib
0x0000000005c71000 	/usr/lib/libSystem.B.dylib
0x0000000005c71000 	/usr/lib/libobjc.A.dylib
0x0000000005c71000 	/System/Library/Frameworks/CoreFoundation.framework/Versions/A/CoreFoundation
0x0000000005c71000 	/System/Library/Frameworks/Foundation.framework/Versions/C/Foundation
0x0000000005c71000 	/System/Library/Frameworks/AppKit.framework/Versions/C/AppKit
0x0000000005c71000 	/System/Library/Frameworks/CoreData.framework/Versions/A/CoreData
0x0000000005c71000 	/System/Library/PrivateFrameworks/RemoteViewServices.framework/Versions/A/RemoteViewServices
0x0000000005c71000 	/System/Library/PrivateFrameworks/UIFoundation.framework/Versions/A/UIFoundation
0x0000000005c71000 	/System/Library/Frameworks/IOSurface.framework/Versions/A/IOSurface
0x0000000005c71000 	/System/Library/Frameworks/AudioToolbox.framework/Versions/A/AudioToolbox
0x0000000005c71000 	/System/Library/Frameworks/AudioUnit.framework/Versions/A/AudioUnit
0x0000000005c71000 	/System/Library/PrivateFrameworks/DataDetectorsCore.framework/Versions/A/DataDetectorsCore
0x0000000005c71000 	/System/Library/PrivateFrameworks/DesktopServicesPriv.framework/Versions/A/DesktopServicesPriv
0x0000000005c71000 	/System/Library/Frameworks/Carbon.framework/Versions/A/Frameworks/HIToolbox.framework/Versions/A/HIToolbox
0x0000000005c71000 	/System/Library/Frameworks/QuartzCore.framework/Versions/A/QuartzCore
0x0000000005c71000 	/System/Library/Frameworks/Carbon.framework/Versions/A/Frameworks/SpeechRecognition.framework/Versions/A/SpeechRecognition
0x0000000005c71000 	/usr/lib/libauto.dylib
0x0000000005c71000 	/usr/lib/libicucore.A.dylib
0x0000000005c71000 	/usr/lib/libxml2.2.dylib
0x0000000005c71000 	/System/Library/PrivateFrameworks/CoreUI.framework/Versions/A/CoreUI
0x0000000005c71000 	/System/Library/Frameworks/CoreAudio.framework/Versions/A/CoreAudio
0x0000000005c71000 	/System/Library/Frameworks/DiskArbitration.framework/Versions/A/DiskArbitration
0x0000000005c71000 	/usr/lib/liblangid.dylib
0x0000000005c71000 	/System/Library/PrivateFrameworks/MultitouchSupport.framework/Versions/A/MultitouchSupport
0x0000000005c71000 	/System/Library/Frameworks/IOKit.framework/Versions/A/IOKit
0x0000000005c71000 	/usr/lib/libDiagnosticMessagesClient.dylib
0x0000000005c71000 	/System/Library/Frameworks/CoreServices.framework/Versions/A/CoreServices
0x0000000005c71000 	/System/Library/PrivateFrameworks/PerformanceAnalysis.framework/Versions/A/PerformanceAnalysis
0x0000000005c71000 	/System/Library/PrivateFrameworks/GenerationalStorage.framework/Versions/A/GenerationalStorage
0x0000000005c71000 	/System/Library/Frameworks/OpenGL.framework/Versions/A/OpenGL
0x0000000005c71000 	/System/Library/PrivateFrameworks/Sharing.framework/Versions/A/Sharing
0x0000000005c71000 	/System/Library/Frameworks/CoreGraphics.framework/Versions/A/CoreGraphics
0x0000000005c71000 	/System/Library/Frameworks/CoreText.framework/Versions/A/CoreText
0x0000000005c71000 	/System/Library/Frameworks/ImageIO.framework/Versions/A/ImageIO
0x0000000005c71000 	/usr/lib/libextension.dylib
0x0000000005c71000 	/System/Library/PrivateFrameworks/Backup.framework/Versions/A/Backup
0x0000000005c71000 	/usr/lib/libarchive.2.dylib
0x0000000005c71000 	/System/Library/Frameworks/CFNetwork.framework/Versions/A/CFNetwork
0x0000000005c71000 	/System/Library/Frameworks/SystemConfiguration.framework/Versions/A/SystemConfiguration
0x0000000005c71000 	/usr/lib/libCRFSuite.dylib
0x0000000005c71000 	/usr/lib/libc++.1.dylib
0x0000000005c71000 	/usr/lib/libc++abi.dylib
0x0000000005c71000 	/usr/lib/system/libcache.dylib
0x0000000005c71000 	/usr/lib/system/libcommonCrypto.dylib
0x0000000005c71000 	/usr/lib/system/libcompiler_rt.dylib
0x0000000005c71000 	/usr/lib/system/libcopyfile.dylib
0x0000000005c71000 	/usr/lib/system/libcorecrypto.dylib
0x0000000005c71000 	/usr/lib/system/libdispatch.dylib
0x0000000005c71000 	/usr/lib/system/libdyld.dylib
0x0000000005c71000 	/usr/lib/system/libkeymgr.dylib
0x0000000005c71000 	/usr/lib/system/liblaunch.dylib
0x0000000005c71000 	/usr/lib/system/libmacho.dylib
0x0000000005c71000 	/usr/lib/system/libquarantine.dylib
0x0000000005c71000 	/usr/lib/system/libremovefile.dylib
0x0000000005c71000 	/usr/lib/system/libsystem_asl.dylib
0x0000000005c71000 	/usr/lib/system/libsystem_blocks.dylib
0x0000000005c71000 	/usr/lib/system/libsystem_c.dylib
0x0000000005c71000 	/usr/lib/system/libsystem_configuration.dylib
0x0000000005c71000 	/usr/lib/system/libsystem_coreservices.dylib
0x0000000005c71000 	/usr/lib/system/libsystem_coretls.dylib
0x0000000005c71000 	/usr/lib/system/libsystem_dnssd.dylib
0x0000000005c71000 	/usr/lib/system/libsystem_info.dylib
0x0000000005c71000 	/usr/lib/system/libsystem_kernel.dylib
0x0000000005c71000 	/usr/lib/system/libsystem_m.dylib
0x0000000005c71000 	/usr/lib/system/libsystem_malloc.dylib
0x0000000005c71000 	/usr/lib/system/libsystem_network.dylib
0x0000000005c71000 	/usr/lib/system/libsystem_networkextension.dylib
0x0000000005c71000 	/usr/lib/system/libsystem_notify.dylib
0x0000000005c71000 	/usr/lib/system/libsystem_platform.dylib
0x0000000005c71000 	/usr/lib/system/libsystem_pthread.dylib
0x0000000005c71000 	/usr/lib/system/libsystem_sandbox.dylib
0x0000000005c71000 	/usr/lib/system/libsystem_secinit.dylib
0x0000000005c71000 	/usr/lib/system/libsystem_stats.dylib
0x0000000005c71000 	/usr/lib/system/libsystem_trace.dylib
0x0000000005c71000 	/usr/lib/system/libunc.dylib
0x0000000005c71000 	/usr/lib/system/libunwind.dylib
0x0000000005c71000 	/usr/lib/system/libxpc.dylib
0x0000000005c71000 	/usr/lib/libbz2.1.0.dylib
0x0000000005c71000 	/usr/lib/liblzma.5.dylib
0x0000000005c71000 	/usr/lib/libbsm.0.dylib
0x0000000005c71000 	/usr/lib/libsqlite3.dylib
0x0000000005c71000 	/usr/lib/system/libkxld.dylib
0x0000000005c71000 	/usr/lib/libxar.1.dylib
0x0000000005c71000 	/usr/lib/libpam.2.dylib
0x0000000005c71000 	/usr/lib/libOpenScriptingUtil.dylib
0x0000000005c71000 	/System/Library/Frameworks/CoreServices.framework/Versions/A/Frameworks/FSEvents.framework/Versions/A/FSEvents
0x0000000005c71000 	/System/Library/Frameworks/CoreServices.framework/Versions/A/Frameworks/CarbonCore.framework/Versions/A/CarbonCore
0x0000000005c71000 	/System/Library/Frameworks/CoreServices.framework/Versions/A/Frameworks/Metadata.framework/Versions/A/Metadata
0x0000000005c71000 	/System/Library/Frameworks/CoreServices.framework/Versions/A/Frameworks/OSServices.framework/Versions/A/OSServices
0x0000000005c71000 	/System/Library/Frameworks/CoreServices.framework/Versions/A/Frameworks/SearchKit.framework/Versions/A/SearchKit
0x0000000005c71000 	/System/Library/Frameworks/CoreServices.framework/Versions/A/Frameworks/AE.framework/Versions/A/AE
0x0000000005c71000 	/System/Library/Frameworks/CoreServices.framework/Versions/A/Frameworks/LaunchServices.framework/Versions/A/LaunchServices
0x0000000005c71000 	/System/Library/Frameworks/CoreServices.framework/Versions/A/Frameworks/DictionaryServices.framework/Versions/A/DictionaryServices
0x0000000005c71000 	/System/Library/Frameworks/NetFS.framework/Versions/A/NetFS
0x0000000005c71000 	/System/Library/PrivateFrameworks/NetAuth.framework/Versions/A/NetAuth
0x0000000005c71000 	/System/Library/PrivateFrameworks/login.framework/Versions/A/Frameworks/loginsupport.framework/Versions/A/loginsupport
0x0000000005c71000 	/System/Library/PrivateFrameworks/TCC.framework/Versions/A/TCC
0x0000000005c71000 	/usr/lib/libmecabra.dylib
0x0000000005c71000 	/System/Library/Frameworks/ApplicationServices.framework/Versions/A/Frameworks/ATS.framework/Versions/A/ATS
0x0000000005c71000 	/System/Library/Frameworks/ApplicationServices.framework/Versions/A/Frameworks/ColorSync.framework/Versions/A/ColorSync
0x0000000005c71000 	/System/Library/Frameworks/ApplicationServices.framework/Versions/A/Frameworks/HIServices.framework/Versions/A/HIServices
0x0000000005c71000 	/System/Library/Frameworks/ApplicationServices.framework/Versions/A/Frameworks/LangAnalysis.framework/Versions/A/LangAnalysis
0x0000000005c71000 	/System/Library/Frameworks/ApplicationServices.framework/Versions/A/Frameworks/PrintCore.framework/Versions/A/PrintCore
0x0000000005c71000 	/System/Library/Frameworks/ApplicationServices.framework/Versions/A/Frameworks/QD.framework/Versions/A/QD
0x0000000005c71000 	/System/Library/Frameworks/ApplicationServices.framework/Versions/A/Frameworks/SpeechSynthesis.framework/Versions/A/SpeechSynthesis
0x0000000005c71000 	/System/Library/Frameworks/Accelerate.framework/Versions/A/Accelerate
0x0000000005c71000 	/System/Library/Frameworks/Accelerate.framework/Versions/A/Frameworks/vImage.framework/Versions/A/vImage
0x0000000005c71000 	/System/Library/Frameworks/Accelerate.framework/Versions/A/Frameworks/vecLib.framework/Versions/A/vecLib
0x0000000005c71000 	/System/Library/Frameworks/Accelerate.framework/Versions/A/Frameworks/vecLib.framework/Versions/A/libvDSP.dylib
0x0000000005c71000 	/System/Library/Frameworks/Accelerate.framework/Versions/A/Frameworks/vecLib.framework/Versions/A/libvMisc.dylib
0x0000000005c71000 	/System/Library/Frameworks/Accelerate.framework/Versions/A/Frameworks/vecLib.framework/Versions/A/libLAPACK.dylib
0x0000000005c71000 	/System/Library/Frameworks/Accelerate.framework/Versions/A/Frameworks/vecLib.framework/Versions/A/libBLAS.dylib
0x0000000005c71000 	/System/Library/Frameworks/Accelerate.framework/Versions/A/Frameworks/vecLib.framework/Versions/A/libLinearAlgebra.dylib
0x0000000005c71000 	/System/Library/Frameworks/ApplicationServices.framework/Versions/A/Frameworks/ATS.framework/Versions/A/Resources/libFontParser.dylib
0x0000000005c71000 	/System/Library/Frameworks/ApplicationServices.framework/Versions/A/Frameworks/ATS.framework/Versions/A/Resources/libFontRegistry.dylib
0x0000000005c71000 	/System/Library/PrivateFrameworks/AppleVPA.framework/Versions/A/AppleVPA
0x0000000005c71000 	/System/Library/PrivateFrameworks/AppleJPEG.framework/Versions/A/AppleJPEG
0x0000000005c71000 	/System/Library/Frameworks/ImageIO.framework/Versions/A/Resources/libJPEG.dylib
0x0000000005c71000 	/System/Library/Frameworks/ImageIO.framework/Versions/A/Resources/libTIFF.dylib
0x0000000005c71000 	/System/Library/Frameworks/ImageIO.framework/Versions/A/Resources/libPng.dylib
0x0000000005c71000 	/System/Library/Frameworks/ImageIO.framework/Versions/A/Resources/libGIF.dylib
0x0000000005c71000 	/System/Library/Frameworks/ImageIO.framework/Versions/A/Resources/libJP2.dylib
0x0000000005c71000 	/System/Library/Frameworks/ImageIO.framework/Versions/A/Resources/libRadiance.dylib
0x0000000005c71000 	/System/Library/Frameworks/CoreVideo.framework/Versions/A/CoreVideo
0x0000000005c71000 	/System/Library/Frameworks/OpenGL.framework/Versions/A/Libraries/libGLU.dylib
0x0000000005c71000 	/System/Library/Frameworks/OpenGL.framework/Versions/A/Libraries/libGFXShared.dylib
0x0000000005c71000 	/System/Library/Frameworks/OpenGL.framework/Versions/A/Libraries/libGL.dylib
0x0000000005c71000 	/System/Library/Frameworks/OpenGL.framework/Versions/A/Libraries/libGLImage.dylib
0x0000000005c71000 	/System/Library/Frameworks/OpenGL.framework/Versions/A/Libraries/libCVMSPluginSupport.dylib
0x0000000005c71000 	/System/Library/Frameworks/OpenGL.framework/Versions/A/Libraries/libCoreVMClient.dylib
0x0000000005c71000 	/usr/lib/libcups.2.dylib
0x0000000005c71000 	/System/Library/Frameworks/Kerberos.framework/Versions/A/Kerberos
0x0000000005c71000 	/System/Library/Frameworks/GSS.framework/Versions/A/GSS
0x0000000005c71000 	/usr/lib/libresolv.9.dylib
0x0000000005c71000 	/usr/lib/libiconv.2.dylib
0x0000000005c71000 	/System/Library/PrivateFrameworks/Heimdal.framework/Versions/A/Heimdal
0x0000000005c71000 	/usr/lib/libheimdal-asn1.dylib
0x0000000005c71000 	/System/Library/Frameworks/OpenDirectory.framework/Versions/A/OpenDirectory
0x0000000005c71000 	/System/Library/PrivateFrameworks/CommonAuth.framework/Versions/A/CommonAuth
0x0000000005c71000 	/System/Library/Frameworks/OpenDirectory.framework/Versions/A/Frameworks/CFOpenDirectory.framework/Versions/A/CFOpenDirectory
0x0000000005c71000 	/System/Library/Frameworks/SecurityFoundation.framework/Versions/A/SecurityFoundation
0x0000000005c71000 	/System/Library/PrivateFrameworks/LanguageModeling.framework/Versions/A/LanguageModeling
0x0000000005c71000 	/usr/lib/libcmph.dylib
0x0000000005c71000 	/System/Library/Frameworks/ServiceManagement.framework/Versions/A/ServiceManagement
0x0000000005c71000 	/usr/lib/libxslt.1.dylib
0x0000000005c71000 	/System/Library/Frameworks/Carbon.framework/Versions/A/Frameworks/Ink.framework/Versions/A/Ink
0x0000000005c71000 	/System/Library/Frameworks/QuartzCore.framework/Versions/A/Frameworks/CoreImage.framework/Versions/A/CoreImage
0x0000000005c71000 	/System/Library/PrivateFrameworks/CrashReporterSupport.framework/Versions/A/CrashReporterSupport
0x0000000005c71000 	/System/Library/Frameworks/OpenCL.framework/Versions/A/OpenCL
0x0000000005c71000 	/System/Library/PrivateFrameworks/FaceCore.framework/Versions/A/FaceCore
0x0000000005c71000 	/System/Library/PrivateFrameworks/Ubiquity.framework/Versions/A/Ubiquity
0x0000000005c71000 	/System/Library/PrivateFrameworks/IconServices.framework/Versions/A/IconServices
0x0000000005c71000 	/System/Library/PrivateFrameworks/ChunkingLibrary.framework/Versions/A/ChunkingLibrary
0x0000000005c71000 	/System/Library/PrivateFrameworks/Apple80211.framework/Versions/A/Apple80211
0x0000000005c71000 	/System/Library/Frameworks/CoreWLAN.framework/Versions/A/CoreWLAN
0x0000000005c71000 	/System/Library/Frameworks/IOBluetooth.framework/Versions/A/IOBluetooth
0x0000000005c71000 	/System/Library/PrivateFrameworks/CoreWiFi.framework/Versions/A/CoreWiFi
0x0000000005c71000 	/System/Library/Frameworks/CoreBluetooth.framework/Versions/A/CoreBluetooth
0x0000000005c71000 	/System/Library/PrivateFrameworks/DebugSymbols.framework/Versions/A/DebugSymbols
0x0000000005c71000 	/System/Library/PrivateFrameworks/CoreSymbolication.framework/Versions/A/CoreSymbolication
0x0000000005c71000 	/System/Library/PrivateFrameworks/Symbolication.framework/Versions/A/Symbolication
0x0000000005c71000 	/System/Library/PrivateFrameworks/SpeechRecognitionCore.framework/Versions/A/SpeechRecognitionCore
0x0000000107b8e000 	/Library/Java/JavaVirtualMachines/jdk1.8.0_40.jdk/Contents/Home/jre/lib/server/libjvm.dylib
0x0000000005c71000 	/usr/lib/libstdc++.6.dylib
0x0000000108bfa000 	/Library/Java/JavaVirtualMachines/jdk1.8.0_40.jdk/Contents/Home/jre/lib/libverify.dylib
0x0000000108c08000 	/Library/Java/JavaVirtualMachines/jdk1.8.0_40.jdk/Contents/Home/jre/lib/libjava.dylib
0x0000000108c5e000 	/Library/Java/JavaVirtualMachines/jdk1.8.0_40.jdk/Contents/Home/jre/lib/libzip.dylib
0x000000011c336000 	/System/Library/Frameworks/JavaVM.framework/Frameworks/JavaRuntimeSupport.framework/JavaRuntimeSupport
0x000000011c34e000 	/System/Library/Frameworks/JavaVM.framework/Versions/A/Frameworks/JavaNativeFoundation.framework/Versions/A/JavaNativeFoundation
0x000000011c363000 	/System/Library/Frameworks/JavaVM.framework/Versions/A/JavaVM
0x0000000005c71000 	/System/Library/Frameworks/Carbon.framework/Versions/A/Carbon
0x000000011c370000 	/System/Library/PrivateFrameworks/JavaLaunching.framework/Versions/A/JavaLaunching
0x0000000005c71000 	/System/Library/Frameworks/Carbon.framework/Versions/A/Frameworks/CommonPanels.framework/Versions/A/CommonPanels
0x0000000005c71000 	/System/Library/Frameworks/Carbon.framework/Versions/A/Frameworks/Help.framework/Versions/A/Help
0x0000000005c71000 	/System/Library/Frameworks/Carbon.framework/Versions/A/Frameworks/ImageCapture.framework/Versions/A/ImageCapture
0x0000000005c71000 	/System/Library/Frameworks/Carbon.framework/Versions/A/Frameworks/OpenScripting.framework/Versions/A/OpenScripting
0x0000000005c71000 	/System/Library/Frameworks/Carbon.framework/Versions/A/Frameworks/Print.framework/Versions/A/Print
0x0000000005c71000 	/System/Library/Frameworks/Carbon.framework/Versions/A/Frameworks/SecurityHI.framework/Versions/A/SecurityHI
0x000000011e1d9000 	/Library/Java/JavaVirtualMachines/jdk1.8.0_40.jdk/Contents/Home/jre/lib/libprism_es2.dylib
0x0000000005c71000 	/System/Library/Frameworks/OpenGL.framework/Versions/A/Resources/GLEngine.bundle/GLEngine
0x0000000005c71000 	/System/Library/Frameworks/OpenGL.framework/Versions/A/Libraries/libGLProgrammability.dylib
0x0000000000000000 	/System/Library/Extensions/GeForceTeslaGLDriver.bundle/Contents/MacOS/GeForceTeslaGLDriver
0x000000011e256000 	/System/Library/Extensions/GeForceTeslaGLDriver.bundle/Contents/MacOS/libclh.dylib
0x000000011ea9d000 	/System/Library/PrivateFrameworks/GPUSupport.framework/Versions/A/Libraries/libGPUSupport.dylib
0x0000000005c71000 	/System/Library/Frameworks/OpenGL.framework/Versions/A/Resources/GLRendererFloat.bundle/GLRendererFloat
0x0000000005c71000 	/System/Library/Frameworks/OpenCL.framework/Versions/A/Libraries/libcldcpuengine.dylib
0x0000000005c71000 	/System/Library/PrivateFrameworks/DiskImages.framework/Versions/A/DiskImages
0x0000000005c71000 	/System/Library/Frameworks/DiscRecording.framework/Versions/A/DiscRecording
0x0000000005c71000 	/usr/lib/libcsfde.dylib
0x0000000005c71000 	/usr/lib/libcurl.4.dylib
0x0000000005c71000 	/System/Library/PrivateFrameworks/MediaKit.framework/Versions/A/MediaKit
0x0000000005c71000 	/System/Library/PrivateFrameworks/ProtectedCloudStorage.framework/Versions/A/ProtectedCloudStorage
0x0000000005c71000 	/usr/lib/libCoreStorage.dylib
0x0000000005c71000 	/System/Library/PrivateFrameworks/EFILogin.framework/Versions/A/EFILogin
0x0000000005c71000 	/usr/lib/libutil.dylib
0x0000000005c71000 	/System/Library/PrivateFrameworks/FindMyDevice.framework/Versions/A/FindMyDevice
0x0000000005c71000 	/System/Library/Frameworks/LDAP.framework/Versions/A/LDAP
0x0000000005c71000 	/usr/lib/libsasl2.2.dylib
0x0000000005c71000 	/System/Library/PrivateFrameworks/CoreDaemon.framework/Versions/B/CoreDaemon
0x0000000005c71000 	/usr/lib/libcrypto.0.9.8.dylib
0x0000000005c71000 	/System/Library/PrivateFrameworks/AppleSRP.framework/Versions/A/AppleSRP
0x0000000005c71000 	/System/Library/PrivateFrameworks/TrustEvaluationAgent.framework/Versions/A/TrustEvaluationAgent
0x000000011ebed000 	/Library/Java/JavaVirtualMachines/jdk1.8.0_40.jdk/Contents/Home/jre/lib/libglass.dylib
0x0000000005c71000 	/System/Library/PrivateFrameworks/CoreServicesInternal.framework/Versions/A/CoreServicesInternal
0x0000000005c71000 	/System/Library/PrivateFrameworks/CloudDocs.framework/Versions/A/CloudDocs
0x0000000005c71000 	/System/Library/PrivateFrameworks/CoreDuet.framework/Versions/A/CoreDuet
0x0000000005c71000 	/System/Library/Frameworks/CloudKit.framework/Versions/A/CloudKit
0x0000000005c71000 	/System/Library/PrivateFrameworks/ProtocolBuffer.framework/Versions/A/ProtocolBuffer
0x0000000005c71000 	/System/Library/PrivateFrameworks/CoreDuetDaemonProtocol.framework/Versions/A/CoreDuetDaemonProtocol
0x0000000005c71000 	/System/Library/PrivateFrameworks/CoreDuetDebugLogging.framework/Versions/A/CoreDuetDebugLogging
0x0000000005c71000 	/System/Library/Frameworks/CoreLocation.framework/Versions/A/CoreLocation
0x0000000005c71000 	/System/Library/Frameworks/Accounts.framework/Versions/A/Accounts
0x0000000005c71000 	/System/Library/PrivateFrameworks/ApplePushService.framework/Versions/A/ApplePushService
0x0000000005c71000 	/System/Library/PrivateFrameworks/GeoServices.framework/Versions/A/GeoServices
0x0000000005c71000 	/System/Library/PrivateFrameworks/OAuth.framework/Versions/A/OAuth
0x0000000005c71000 	/System/Library/Frameworks/CoreGraphics.framework/Versions/A/Resources/libCGCMS.A.dylib
0x0000000005c71000 	/System/Library/CoreServices/RawCamera.bundle/Contents/MacOS/RawCamera
0x0000000005c71000 	/System/Library/Frameworks/CoreGraphics.framework/Versions/A/Resources/libRIP.A.dylib
0x0000000005c71000 	/System/Library/PrivateFrameworks/FamilyControls.framework/Versions/A/FamilyControls
0x0000000005c71000 	/System/Library/PrivateFrameworks/CommerceKit.framework/Versions/A/Frameworks/CommerceCore.framework/Versions/A/CommerceCore
0x0000000005c71000 	/System/Library/PrivateFrameworks/SystemAdministration.framework/Versions/A/SystemAdministration
0x0000000005c71000 	/System/Library/PrivateFrameworks/AppContainer.framework/Versions/A/AppContainer
0x0000000005c71000 	/System/Library/PrivateFrameworks/SecCodeWrapper.framework/Versions/A/SecCodeWrapper
0x0000000005c71000 	/System/Library/Frameworks/DirectoryService.framework/Versions/A/DirectoryService
0x0000000005c71000 	/System/Library/PrivateFrameworks/LoginUIKit.framework/Versions/A/Frameworks/LoginUICore.framework/Versions/A/LoginUICore
0x0000000005c71000 	/usr/lib/libodfde.dylib
0x0000000005c71000 	/System/Library/Frameworks/CoreGraphics.framework/Versions/A/Resources/libCGXType.A.dylib
0x00000001204ea000 	cl_kernels
0x00000001232f8000 	/System/Library/Frameworks/OpenCL.framework/Versions/A/Libraries/ImageFormats/unorm8_bgra.dylib
0x00000001204db000 	cl_kernels
0x0000000123676000 	/Library/Java/JavaVirtualMachines/jdk1.8.0_40.jdk/Contents/Home/jre/lib/libnet.dylib
0x00000001239fc000 	/Library/Java/JavaVirtualMachines/jdk1.8.0_40.jdk/Contents/Home/jre/lib/libsunec.dylib
0x000000011c37c000 	/Library/Java/JavaVirtualMachines/jdk1.8.0_40.jdk/Contents/Home/jre/lib/libjavafx_font.dylib
0x000000011c45e000 	/Library/Java/JavaVirtualMachines/jdk1.8.0_40.jdk/Contents/Home/jre/lib/libnio.dylib
0x0000000125845000 	/Library/Java/JavaVirtualMachines/jdk1.8.0_40.jdk/Contents/Home/jre/lib/libprism_common.dylib

VM Arguments:
jvm_args: -Dfile.encoding=UTF-8 
java_command: VIEW.View
java_class_path (initial): /Users/idinter/Desktop/workspace/SBOBETCLI/bin:/Users/idinter/Desktop/workspace/SBOBETCLI/selenium-java-2.45.0.jar:/Users/idinter/Desktop/workspace/SBOBETCLI/selenium-server-standalone-2.45.0.jar
Launcher Type: SUN_STANDARD

Environment Variables:
PATH=/usr/bin:/bin:/usr/sbin:/sbin
SHELL=/bin/bash
DISPLAY=/private/tmp/com.apple.launchd.xciuG5yt9T/org.macosforge.xquartz:0

Signal Handlers:
SIGSEGV: [libjvm.dylib+0x58ef95], sa_mask[0]=11111111011111110111111111111111, sa_flags=SA_ONSTACK|SA_RESTART|SA_SIGINFO
SIGBUS: [libjvm.dylib+0x58ef95], sa_mask[0]=11111111011111110111111111111111, sa_flags=SA_RESTART|SA_SIGINFO
SIGFPE: [libjvm.dylib+0x46c118], sa_mask[0]=11111111011111110111111111111111, sa_flags=SA_RESTART|SA_SIGINFO
SIGPIPE: [libjvm.dylib+0x46c118], sa_mask[0]=11111111011111110111111111111111, sa_flags=SA_RESTART|SA_SIGINFO
SIGXFSZ: [libjvm.dylib+0x46c118], sa_mask[0]=11111111011111110111111111111111, sa_flags=SA_RESTART|SA_SIGINFO
SIGILL: [libjvm.dylib+0x46c118], sa_mask[0]=11111111011111110111111111111111, sa_flags=SA_RESTART|SA_SIGINFO
SIGUSR1: SIG_DFL, sa_mask[0]=00000000000000000000000000000000, sa_flags=none
SIGUSR2: [libjvm.dylib+0x46bc36], sa_mask[0]=00100000000000000000000000000000, sa_flags=SA_RESTART|SA_SIGINFO
SIGHUP: [libjvm.dylib+0x46a209], sa_mask[0]=11111111011111110111111111111111, sa_flags=SA_RESTART|SA_SIGINFO
SIGINT: [libjvm.dylib+0x46a209], sa_mask[0]=11111111011111110111111111111111, sa_flags=SA_RESTART|SA_SIGINFO
SIGTERM: [libjvm.dylib+0x46a209], sa_mask[0]=11111111011111110111111111111111, sa_flags=SA_RESTART|SA_SIGINFO
SIGQUIT: [libjvm.dylib+0x46a209], sa_mask[0]=11111111011111110111111111111111, sa_flags=SA_RESTART|SA_SIGINFO


---------------  S Y S T E M  ---------------

OS:Bsduname:Darwin 14.1.0 Darwin Kernel Version 14.1.0: Thu Feb 26 19:26:47 PST 2015; root:xnu-2782.10.73~1/RELEASE_X86_64 x86_64
rlimit: STACK 8192k, CORE 0k, NPROC 709, NOFILE 10240, AS infinity
load average:2.53 2.15 2.07

CPU:total 2 (2 cores per cpu, 1 threads per core) family 6 model 23 stepping 10, cmov, cx8, fxsr, mmx, sse, sse2, sse3, ssse3, sse4.1, tsc

Memory: 4k page, physical 4194304k(567196k free)

/proc/meminfo:


vm_info: Java HotSpot(TM) 64-Bit Server VM (25.40-b25) for bsd-amd64 JRE (1.8.0_40-b27), built on Mar 13 2015 04:46:52 by "java_re" with gcc 4.2.1 (Based on Apple Inc. build 5658) (LLVM build 2336.11.00)

time: Sun Aug 23 01:08:03 2015
elapsed time: 59 seconds (0d 0h 0m 59s)

