#
# A fatal error has been detected by the Java Runtime Environment:
#
#  SIGSEGV (0xb) at pc=0x0000000125b105dd, pid=968, tid=1811
#
# JRE version: Java(TM) SE Runtime Environment (8.0_40-b27) (build 1.8.0_40-b27)
# Java VM: Java HotSpot(TM) 64-Bit Server VM (25.40-b25 mixed mode bsd-amd64 compressed oops)
# Problematic frame:
# C  [libglass.dylib+0x155dd]  GlassScreenDidChangeScreenParameters+0x9d
#
# Failed to write core dump. Core dumps have been disabled. To enable core dumping, try "ulimit -c unlimited" before starting Java again
#
# If you would like to submit a bug report, please visit:
#   http://bugreport.java.com/bugreport/crash.jsp
#

---------------  T H R E A D  ---------------

Current thread is native thread

siginfo: si_signo: 11 (SIGSEGV), si_code: 1 (SEGV_MAPERR), si_addr: 0x0000000000000000

Registers:
RAX=0x0000000125b42bc0, RBX=0x0000000000000000, RCX=0x87003bf6293c9d62, RDX=0x00007f957adb5160
RSP=0x00007fff51260080, RBP=0x00007fff51260090, RSI=0x00007f957ad19a40, RDI=0x0000000000000000
R8 =0x00007fff5125ff30, R9 =0x00007fff76bd9300, R10=0x0000000000000000, R11=0x0000000000000246
R12=0x00007f957ad20ce0, R13=0x00000000000f4268, R14=0x00007f957adb4c60, R15=0x00007fff512601d0
RIP=0x0000000125b105dd, EFLAGS=0x0000000000010206, ERR=0x0000000000000004
  TRAPNO=0x000000000000000e

Top of Stack: (sp=0x00007fff51260080)
0x00007fff51260080:   00007fff51260260 00007f957adb4c60
0x00007fff51260090:   00007fff512600a0 00007fff8df15cdc
0x00007fff512600a0:   00007fff51260400 00007fff8de07244
0x00007fff512600b0:   00007fff51260100 0000000000000a00
0x00007fff512600c0:   00007fff770eecf0 00007f957d3d3740
0x00007fff512600d0:   0000000000001001 0000000000000eb8
0x00007fff512600e0:   00007f957d3d3740 00007f957adb4c60
0x00007fff512600f0:   0000000000000000 00007fff512601d0
0x00007fff51260100:   0000000000000000 00007f957adb4c20
0x00007fff51260110:   00007fff51260250 000000000000009d
0x00007fff51260120:   00000000000f440c 00007f957d4b46c0
0x00007fff51260130:   00007f957ac7d050 00007f957ad20ce0
0x00007fff51260140:   0000000000000001 00000000000f4268
0x00007fff51260150:   00007f957ad20cd0 00007fff8b25eacb
0x00007fff51260160:   0000000000000001 0000000000000001
0x00007fff51260170:   0000000000000030 0000000000000001
0x00007fff51260180:   00007fff512601a0 00007fff8b264231
0x00007fff51260190:   00007fff770ecdd0 0000000000000000
0x00007fff512601a0:   00007fff512601c0 000000000000001a
0x00007fff512601b0:   001037037b500600 00007f957ad20d04
0x00007fff512601c0:   0000000000000000 00007fff8ddfcd1f
0x00007fff512601d0:   00007f957adb4c60 00007fff770ecdd0
0x00007fff512601e0:   00007fff51260260 00007fff8de0584f
0x00007fff512601f0:   00007fff5126026c 00007fff51260270
0x00007fff51260200:   000000010e9bba00 0000000000000002
0x00007fff51260210:   000000010e9b8000 00007f957d4fb4e2
0x00007fff51260220:   0000000000000003 000000010e9bc400
0x00007fff51260230:   00007fff51260320 00007fff8b25d2a2
0x00007fff51260240:   00007f957ad7e0b0 00007fff51260408
0x00007fff51260250:   0000000000000017 0000000000000000
0x00007fff51260260:   00000000000f4268 00007fff8ddfd013
0x00007fff51260270:   00007fff00000000 00007f957ad836a0 

Instructions: (pc=0x0000000125b105dd)
0x0000000125b105bd:   89 df 4c 89 f1 41 ff 90 68 04 00 00 48 8d 05 f8
0x0000000125b105cd:   24 03 00 48 8b 30 48 8d 05 e6 25 03 00 48 8b 10
0x0000000125b105dd:   48 8b 0b 30 c0 48 89 df ff 91 68 04 00 00 48 8b
0x0000000125b105ed:   03 48 89 df ff 50 78 48 85 c0 74 36 49 89 c6 48 

Register to memory mapping:

RAX=0x0000000125b42bc0: jScreenNotifySettingsChanged+0 in /Library/Java/JavaVirtualMachines/jdk1.8.0_40.jdk/Contents/Home/jre/lib/libglass.dylib at 0x0000000125afb000
RBX=0x0000000000000000 is an unknown value
RCX=0x87003bf6293c9d62 is an unknown value
RDX=0x00007f957adb5160 is an unknown value
RSP=0x00007fff51260080 is an unknown value
RBP=0x00007fff51260090 is an unknown value
RSI=0x00007f957ad19a40 is a global jni handle
RDI=0x0000000000000000 is an unknown value
R8 =0x00007fff5125ff30 is an unknown value
R9 =0x00007fff76bd9300: _thread+0 in /usr/lib/system/libsystem_pthread.dylib at 0x00007fff8b805000
R10=0x0000000000000000 is an unknown value
R11=0x0000000000000246 is an unknown value
R12=0x00007f957ad20ce0 is an unknown value
R13=0x00000000000f4268 is an unknown value
R14=0x00007f957adb4c60 is an unknown value
R15=0x00007fff512601d0 is an unknown value


Stack: [0x00007fff50a63000,0x00007fff51263000],  sp=0x00007fff51260080,  free space=8180k
Native frames: (J=compiled Java code, j=interpreted, Vv=VM code, C=native code)
C  [libglass.dylib+0x155dd]  GlassScreenDidChangeScreenParameters+0x9d
C  [CoreFoundation+0x11ecdc]  __CFNOTIFICATIONCENTER_IS_CALLING_OUT_TO_AN_OBSERVER__+0xc
C  [CoreFoundation+0x10244]  _CFXNotificationPost+0xc44
C  [Foundation+0x2c31]  -[NSNotificationCenter postNotificationName:object:userInfo:]+0x42
C  [AppKit+0x36305e]  -[NSApplication _reactToScreenInvalidationImmediately:]+0x17b
C  [AppKit+0x362e9d]  __44-[NSApplication _reactToScreenInvalidation:]_block_invoke+0x4b
C  [CoreFoundation+0x8056c]  __CFRUNLOOP_IS_CALLING_OUT_TO_A_BLOCK__+0xc
C  [CoreFoundation+0x72675]  __CFRunLoopDoBlocks+0x155
C  [CoreFoundation+0x721b6]  __CFRunLoopRun+0x716
C  [CoreFoundation+0x71858]  CFRunLoopRunSpecific+0x128
C  [java+0x6490]  CreateExecutionEnvironment+0x367
C  [java+0x221c]  JLI_Launch+0x7a0
C  [java+0x84ed]  main+0x65
C  [java+0x1a74]  start+0x34


---------------  P R O C E S S  ---------------

VM state:not at safepoint (normal execution)

VM Mutex/Monitor currently owned by a thread: None

Heap:
 PSYoungGen      total 39424K, used 26916K [0x00000007aab00000, 0x00000007ad800000, 0x00000007c0000000)
  eden space 32768K, 74% used [0x00000007aab00000,0x00000007ac2c1158,0x00000007acb00000)
  from space 6656K, 38% used [0x00000007ad180000,0x00000007ad408010,0x00000007ad800000)
  to   space 6656K, 0% used [0x00000007acb00000,0x00000007acb00000,0x00000007ad180000)
 ParOldGen       total 28672K, used 7917K [0x0000000780000000, 0x0000000781c00000, 0x00000007aab00000)
  object space 28672K, 27% used [0x0000000780000000,0x00000007807bb758,0x0000000781c00000)
 Metaspace       used 27708K, capacity 29102K, committed 29440K, reserved 1075200K
  class space    used 3947K, capacity 4230K, committed 4352K, reserved 1048576K

Card table byte_map: [0x000000011f3c0000,0x000000011f5c1000] byte_map_base: 0x000000011b7c0000

Marking Bits: (ParMarkBitMap*) 0x000000010f35e7a0
 Begin Bits: [0x000000011f91d000, 0x000000012091d000)
 End Bits:   [0x000000012091d000, 0x000000012191d000)

Polling page: 0x000000010fb62000

CodeCache: size=245760Kb used=10703Kb max_used=10788Kb free=235056Kb
 bounds [0x0000000110000000, 0x0000000110ac0000, 0x000000011f000000]
 total_blobs=4225 nmethods=3522 adapters=617
 compilation: enabled

Compilation events (10 events):
Event: 110.241 Thread 0x00007f957b86b000 3839       3       java.lang.invoke.MethodHandleNatives::linkCallSiteImpl (44 bytes)
Event: 110.241 Thread 0x00007f957b86b000 nmethod 3839 0x00000001103cf750 code [0x00000001103cf920, 0x00000001103d0078]
Event: 110.241 Thread 0x00007f957b86b000 3840   !   3       java.lang.invoke.CallSite::makeSite (457 bytes)
Event: 110.246 Thread 0x00007f957b86b000 nmethod 3840 0x0000000110aad550 code [0x0000000110aadb20, 0x0000000110ab23f8]
Event: 110.246 Thread 0x00007f957b86b000 3841       3       java.lang.invoke.LambdaForm$MH/1096979270::invoke_MT (26 bytes)
Event: 110.247 Thread 0x00007f957b86b000 nmethod 3841 0x0000000110141a90 code [0x0000000110141c60, 0x0000000110142888]
Event: 110.247 Thread 0x00007f957b86b000 3842       3       java.lang.invoke.LambdaForm$BMH/2074407503::reinvoke (83 bytes)
Event: 110.247 Thread 0x00007f957b86b000 nmethod 3842 0x00000001103cad50 code [0x00000001103caf40, 0x00000001103cbd28]
Event: 110.247 Thread 0x00007f957b86b000 3843       3       java.lang.invoke.LambdaMetafactory::metafactory (35 bytes)
Event: 110.248 Thread 0x00007f957b86b000 nmethod 3843 0x0000000110484950 code [0x0000000110484ae0, 0x0000000110484de8]

GC Heap History (10 events):
Event: 57.311 GC heap before
{Heap before GC invocations=3 (full 0):
 PSYoungGen      total 18944K, used 18912K [0x00000007aab00000, 0x00000007ac000000, 0x00000007c0000000)
  eden space 16384K, 100% used [0x00000007aab00000,0x00000007abb00000,0x00000007abb00000)
  from space 2560K, 98% used [0x00000007abd80000,0x00000007abff8040,0x00000007ac000000)
  to   space 2560K, 0% used [0x00000007abb00000,0x00000007abb00000,0x00000007abd80000)
 ParOldGen       total 44032K, used 2812K [0x0000000780000000, 0x0000000782b00000, 0x00000007aab00000)
  object space 44032K, 6% used [0x0000000780000000,0x00000007802bf240,0x0000000782b00000)
 Metaspace       used 16932K, capacity 17366K, committed 17536K, reserved 1064960K
  class space    used 2213K, capacity 2354K, committed 2432K, reserved 1048576K
Event: 57.324 GC heap after
Heap after GC invocations=3 (full 0):
 PSYoungGen      total 18944K, used 2544K [0x00000007aab00000, 0x00000007ac000000, 0x00000007c0000000)
  eden space 16384K, 0% used [0x00000007aab00000,0x00000007aab00000,0x00000007abb00000)
  from space 2560K, 99% used [0x00000007abb00000,0x00000007abd7c010,0x00000007abd80000)
  to   space 2560K, 0% used [0x00000007abd80000,0x00000007abd80000,0x00000007ac000000)
 ParOldGen       total 44032K, used 5385K [0x0000000780000000, 0x0000000782b00000, 0x00000007aab00000)
  object space 44032K, 12% used [0x0000000780000000,0x0000000780542458,0x0000000782b00000)
 Metaspace       used 16932K, capacity 17366K, committed 17536K, reserved 1064960K
  class space    used 2213K, capacity 2354K, committed 2432K, reserved 1048576K
}
Event: 61.315 GC heap before
{Heap before GC invocations=4 (full 0):
 PSYoungGen      total 18944K, used 18928K [0x00000007aab00000, 0x00000007ac000000, 0x00000007c0000000)
  eden space 16384K, 100% used [0x00000007aab00000,0x00000007abb00000,0x00000007abb00000)
  from space 2560K, 99% used [0x00000007abb00000,0x00000007abd7c010,0x00000007abd80000)
  to   space 2560K, 0% used [0x00000007abd80000,0x00000007abd80000,0x00000007ac000000)
 ParOldGen       total 44032K, used 5385K [0x0000000780000000, 0x0000000782b00000, 0x00000007aab00000)
  object space 44032K, 12% used [0x0000000780000000,0x0000000780542458,0x0000000782b00000)
 Metaspace       used 20618K, capacity 21186K, committed 21248K, reserved 1067008K
  class space    used 2842K, capacity 3016K, committed 3072K, reserved 1048576K
Event: 61.332 GC heap after
Heap after GC invocations=4 (full 0):
 PSYoungGen      total 18944K, used 2528K [0x00000007aab00000, 0x00000007ac000000, 0x00000007c0000000)
  eden space 16384K, 0% used [0x00000007aab00000,0x00000007aab00000,0x00000007abb00000)
  from space 2560K, 98% used [0x00000007abd80000,0x00000007abff8010,0x00000007ac000000)
  to   space 2560K, 0% used [0x00000007abb00000,0x00000007abb00000,0x00000007abd80000)
 ParOldGen       total 44032K, used 7440K [0x0000000780000000, 0x0000000782b00000, 0x00000007aab00000)
  object space 44032K, 16% used [0x0000000780000000,0x0000000780744338,0x0000000782b00000)
 Metaspace       used 20618K, capacity 21186K, committed 21248K, reserved 1067008K
  class space    used 2842K, capacity 3016K, committed 3072K, reserved 1048576K
}
Event: 61.332 GC heap before
{Heap before GC invocations=5 (full 0):
 PSYoungGen      total 18944K, used 2827K [0x00000007aab00000, 0x00000007ac000000, 0x00000007c0000000)
  eden space 16384K, 1% used [0x00000007aab00000,0x00000007aab4acf0,0x00000007abb00000)
  from space 2560K, 98% used [0x00000007abd80000,0x00000007abff8010,0x00000007ac000000)
  to   space 2560K, 0% used [0x00000007abb00000,0x00000007abb00000,0x00000007abd80000)
 ParOldGen       total 44032K, used 7440K [0x0000000780000000, 0x0000000782b00000, 0x00000007aab00000)
  object space 44032K, 16% used [0x0000000780000000,0x0000000780744338,0x0000000782b00000)
 Metaspace       used 20618K, capacity 21186K, committed 21248K, reserved 1067008K
  class space    used 2842K, capacity 3016K, committed 3072K, reserved 1048576K
Event: 61.342 GC heap after
Heap after GC invocations=5 (full 0):
 PSYoungGen      total 18944K, used 2544K [0x00000007aab00000, 0x00000007ad800000, 0x00000007c0000000)
  eden space 16384K, 0% used [0x00000007aab00000,0x00000007aab00000,0x00000007abb00000)
  from space 2560K, 99% used [0x00000007abb00000,0x00000007abd7c020,0x00000007abd80000)
  to   space 6656K, 0% used [0x00000007ad180000,0x00000007ad180000,0x00000007ad800000)
 ParOldGen       total 44032K, used 7464K [0x0000000780000000, 0x0000000782b00000, 0x00000007aab00000)
  object space 44032K, 16% used [0x0000000780000000,0x000000078074a338,0x0000000782b00000)
 Metaspace       used 20618K, capacity 21186K, committed 21248K, reserved 1067008K
  class space    used 2842K, capacity 3016K, committed 3072K, reserved 1048576K
}
Event: 61.342 GC heap before
{Heap before GC invocations=6 (full 1):
 PSYoungGen      total 18944K, used 2544K [0x00000007aab00000, 0x00000007ad800000, 0x00000007c0000000)
  eden space 16384K, 0% used [0x00000007aab00000,0x00000007aab00000,0x00000007abb00000)
  from space 2560K, 99% used [0x00000007abb00000,0x00000007abd7c020,0x00000007abd80000)
  to   space 6656K, 0% used [0x00000007ad180000,0x00000007ad180000,0x00000007ad800000)
 ParOldGen       total 44032K, used 7464K [0x0000000780000000, 0x0000000782b00000, 0x00000007aab00000)
  object space 44032K, 16% used [0x0000000780000000,0x000000078074a338,0x0000000782b00000)
 Metaspace       used 20618K, capacity 21186K, committed 21248K, reserved 1067008K
  class space    used 2842K, capacity 3016K, committed 3072K, reserved 1048576K
Event: 61.421 GC heap after
Heap after GC invocations=6 (full 1):
 PSYoungGen      total 18944K, used 0K [0x00000007aab00000, 0x00000007ad800000, 0x00000007c0000000)
  eden space 16384K, 0% used [0x00000007aab00000,0x00000007aab00000,0x00000007abb00000)
  from space 2560K, 0% used [0x00000007abb00000,0x00000007abb00000,0x00000007abd80000)
  to   space 6656K, 0% used [0x00000007ad180000,0x00000007ad180000,0x00000007ad800000)
 ParOldGen       total 28672K, used 7909K [0x0000000780000000, 0x0000000781c00000, 0x00000007aab00000)
  object space 28672K, 27% used [0x0000000780000000,0x00000007807b9758,0x0000000781c00000)
 Metaspace       used 20618K, capacity 21186K, committed 21248K, reserved 1067008K
  class space    used 2842K, capacity 3016K, committed 3072K, reserved 1048576K
}
Event: 64.823 GC heap before
{Heap before GC invocations=7 (full 1):
 PSYoungGen      total 18944K, used 16384K [0x00000007aab00000, 0x00000007ad800000, 0x00000007c0000000)
  eden space 16384K, 100% used [0x00000007aab00000,0x00000007abb00000,0x00000007abb00000)
  from space 2560K, 0% used [0x00000007abb00000,0x00000007abb00000,0x00000007abd80000)
  to   space 6656K, 0% used [0x00000007ad180000,0x00000007ad180000,0x00000007ad800000)
 ParOldGen       total 28672K, used 7909K [0x0000000780000000, 0x0000000781c00000, 0x00000007aab00000)
  object space 28672K, 27% used [0x0000000780000000,0x00000007807b9758,0x0000000781c00000)
 Metaspace       used 25177K, capacity 26320K, committed 26496K, reserved 1071104K
  class space    used 3689K, capacity 3927K, committed 3968K, reserved 1048576K
Event: 64.837 GC heap after
Heap after GC invocations=7 (full 1):
 PSYoungGen      total 39424K, used 2592K [0x00000007aab00000, 0x00000007ad800000, 0x00000007c0000000)
  eden space 32768K, 0% used [0x00000007aab00000,0x00000007aab00000,0x00000007acb00000)
  from space 6656K, 38% used [0x00000007ad180000,0x00000007ad408010,0x00000007ad800000)
  to   space 6656K, 0% used [0x00000007acb00000,0x00000007acb00000,0x00000007ad180000)
 ParOldGen       total 28672K, used 7917K [0x0000000780000000, 0x0000000781c00000, 0x00000007aab00000)
  object space 28672K, 27% used [0x0000000780000000,0x00000007807bb758,0x0000000781c00000)
 Metaspace       used 25177K, capacity 26320K, committed 26496K, reserved 1071104K
  class space    used 3689K, capacity 3927K, committed 3968K, reserved 1048576K
}

Deoptimization events (10 events):
Event: 65.822 Thread 0x00007f957b8c2800 Uncommon trap: reason=class_check action=maybe_recompile pc=0x0000000110693298 method=java.util.WeakHashMap.eq(Ljava/lang/Object;Ljava/lang/Object;)Z @ 7
Event: 65.823 Thread 0x00007f957b8c2800 Uncommon trap: reason=class_check action=maybe_recompile pc=0x0000000110693298 method=java.util.WeakHashMap.eq(Ljava/lang/Object;Ljava/lang/Object;)Z @ 7
Event: 65.823 Thread 0x00007f957b8c2800 Uncommon trap: reason=class_check action=maybe_recompile pc=0x0000000110693298 method=java.util.WeakHashMap.eq(Ljava/lang/Object;Ljava/lang/Object;)Z @ 7
Event: 65.840 Thread 0x00007f957b8c2800 Uncommon trap: reason=class_check action=maybe_recompile pc=0x0000000110693298 method=java.util.WeakHashMap.eq(Ljava/lang/Object;Ljava/lang/Object;)Z @ 7
Event: 67.906 Thread 0x00007f957ba32000 Uncommon trap: reason=unstable_if action=reinterpret pc=0x0000000110706ee0 method=com.sun.javafx.css.StyleManager$CacheContainer.getStyleMap(I)Lcom/sun/javafx/css/StyleMap; @ 22
Event: 67.906 Thread 0x00007f957ba32000 Uncommon trap: reason=unstable_if action=reinterpret pc=0x000000011070b1b8 method=com.sun.javafx.css.StyleManager$CacheContainer.getStyleMap(I)Lcom/sun/javafx/css/StyleMap; @ 22
Event: 67.913 Thread 0x00007f957ba32000 Uncommon trap: reason=unstable_if action=reinterpret pc=0x000000011069ac68 method=javafx.scene.CssStyleHelper.lookup(Ljavafx/css/Styleable;Ljavafx/css/CssMetaData;Lcom/sun/javafx/css/StyleMap;Ljava/util/Set;Ljavafx/css/Styleable;Lcom/sun/javafx/css/Calcul
Event: 68.888 Thread 0x00007f957b8c2800 Uncommon trap: reason=unstable_if action=reinterpret pc=0x000000011084ddb0 method=java.lang.Math.round(F)I @ 36
Event: 71.241 Thread 0x00007f957b8c2800 Uncommon trap: reason=class_check action=maybe_recompile pc=0x00000001108b0bb0 method=com.sun.javafx.font.CompositeStrike.getStrikeSlot(I)Lcom/sun/javafx/font/FontStrike; @ 16
Event: 71.252 Thread 0x00007f957b8c2800 Uncommon trap: reason=unstable_if action=reinterpret pc=0x0000000110801ca4 method=com.sun.javafx.geom.RectBounds.isEmpty()Z @ 21

Internal exceptions (10 events):
Event: 57.168 Thread 0x00007f957ba32000 Exception <a 'java/lang/ArrayIndexOutOfBoundsException'> (0x00000007aba74678) thrown at [/Users/java_re/workspace/8-2-build-macosx-x86_64/jdk8u40/3153/hotspot/src/share/vm/runtime/sharedRuntime.cpp, line 605]
Event: 57.168 Thread 0x00007f957ba32000 Exception <a 'java/lang/ArrayIndexOutOfBoundsException'> (0x00000007aba76588) thrown at [/Users/java_re/workspace/8-2-build-macosx-x86_64/jdk8u40/3153/hotspot/src/share/vm/runtime/sharedRuntime.cpp, line 605]
Event: 59.011 Thread 0x00007f957ba32000 Exception <a 'java/lang/ArrayIndexOutOfBoundsException'> (0x00000007aad9c008) thrown at [/Users/java_re/workspace/8-2-build-macosx-x86_64/jdk8u40/3153/hotspot/src/share/vm/runtime/sharedRuntime.cpp, line 605]
Event: 59.011 Thread 0x00007f957ba32000 Exception <a 'java/lang/ArrayIndexOutOfBoundsException'> (0x00000007aad9cdc8) thrown at [/Users/java_re/workspace/8-2-build-macosx-x86_64/jdk8u40/3153/hotspot/src/share/vm/runtime/sharedRuntime.cpp, line 605]
Event: 59.012 Thread 0x00007f957ba32000 Exception <a 'java/lang/ArrayIndexOutOfBoundsException'> (0x00000007aad9e510) thrown at [/Users/java_re/workspace/8-2-build-macosx-x86_64/jdk8u40/3153/hotspot/src/share/vm/runtime/sharedRuntime.cpp, line 605]
Event: 61.141 Thread 0x00007f957ba32000 Exception <a 'java/io/FileNotFoundException'> (0x00000007ab9e99c0) thrown at [/Users/java_re/workspace/8-2-build-macosx-x86_64/jdk8u40/3153/hotspot/src/share/vm/prims/jni.cpp, line 709]
Event: 61.638 Thread 0x00007f957ba32000 Implicit null exception at 0x000000011043dab5 to 0x000000011043dcb1
Event: 61.638 Thread 0x00007f957ba32000 Implicit null exception at 0x000000011049957b to 0x0000000110499a19
Event: 63.989 Thread 0x00007f957ba32000 Implicit null exception at 0x0000000110666519 to 0x0000000110666965
Event: 65.230 Thread 0x00007f957ba32000 Implicit null exception at 0x0000000110684d10 to 0x00000001106852a1

Events (10 events):
Event: 110.231 loading class java/util/ArrayList$1 done
Event: 110.239 loading class com/sun/javafx/tk/quantum/QuantumRenderer
Event: 110.239 loading class com/sun/javafx/tk/quantum/QuantumRenderer done
Event: 110.240 loading class com/sun/javafx/tk/quantum/QuantumToolkit
Event: 110.240 loading class com/sun/javafx/tk/quantum/QuantumToolkit done
Event: 110.241 Thread 0x00007f957ba32000 Thread exited: 0x00007f957ba32000
Event: 110.241 Thread 0x00007f957b8c2800 Thread exited: 0x00007f957b8c2800
Event: 110.242 Thread 0x00007f957b260800 Thread exited: 0x00007f957b260800
Event: 110.243 Thread 0x00007f957b808000 Thread exited: 0x00007f957b808000
Event: 110.243 Thread 0x00007f957b260800 Thread added: 0x00007f957b260800


Dynamic libraries:
0x0000000005c71000 	/System/Library/Frameworks/Cocoa.framework/Versions/A/Cocoa
0x0000000005c71000 	/System/Library/Frameworks/Security.framework/Versions/A/Security
0x0000000005c71000 	/System/Library/Frameworks/ApplicationServices.framework/Versions/A/ApplicationServices
0x0000000005c71000 	/usr/lib/libz.1.dylib
0x0000000005c71000 	/usr/lib/libSystem.B.dylib
0x0000000005c71000 	/usr/lib/libobjc.A.dylib
0x0000000005c71000 	/System/Library/Frameworks/CoreFoundation.framework/Versions/A/CoreFoundation
0x0000000005c71000 	/System/Library/Frameworks/Foundation.framework/Versions/C/Foundation
0x0000000005c71000 	/System/Library/Frameworks/AppKit.framework/Versions/C/AppKit
0x0000000005c71000 	/System/Library/Frameworks/CoreData.framework/Versions/A/CoreData
0x0000000005c71000 	/System/Library/PrivateFrameworks/RemoteViewServices.framework/Versions/A/RemoteViewServices
0x0000000005c71000 	/System/Library/PrivateFrameworks/UIFoundation.framework/Versions/A/UIFoundation
0x0000000005c71000 	/System/Library/Frameworks/IOSurface.framework/Versions/A/IOSurface
0x0000000005c71000 	/System/Library/Frameworks/AudioToolbox.framework/Versions/A/AudioToolbox
0x0000000005c71000 	/System/Library/Frameworks/AudioUnit.framework/Versions/A/AudioUnit
0x0000000005c71000 	/System/Library/PrivateFrameworks/DataDetectorsCore.framework/Versions/A/DataDetectorsCore
0x0000000005c71000 	/System/Library/PrivateFrameworks/DesktopServicesPriv.framework/Versions/A/DesktopServicesPriv
0x0000000005c71000 	/System/Library/Frameworks/Carbon.framework/Versions/A/Frameworks/HIToolbox.framework/Versions/A/HIToolbox
0x0000000005c71000 	/System/Library/Frameworks/QuartzCore.framework/Versions/A/QuartzCore
0x0000000005c71000 	/System/Library/Frameworks/Carbon.framework/Versions/A/Frameworks/SpeechRecognition.framework/Versions/A/SpeechRecognition
0x0000000005c71000 	/usr/lib/libauto.dylib
0x0000000005c71000 	/usr/lib/libicucore.A.dylib
0x0000000005c71000 	/usr/lib/libxml2.2.dylib
0x0000000005c71000 	/System/Library/PrivateFrameworks/CoreUI.framework/Versions/A/CoreUI
0x0000000005c71000 	/System/Library/Frameworks/CoreAudio.framework/Versions/A/CoreAudio
0x0000000005c71000 	/System/Library/Frameworks/DiskArbitration.framework/Versions/A/DiskArbitration
0x0000000005c71000 	/usr/lib/liblangid.dylib
0x0000000005c71000 	/System/Library/PrivateFrameworks/MultitouchSupport.framework/Versions/A/MultitouchSupport
0x0000000005c71000 	/System/Library/Frameworks/IOKit.framework/Versions/A/IOKit
0x0000000005c71000 	/usr/lib/libDiagnosticMessagesClient.dylib
0x0000000005c71000 	/System/Library/Frameworks/CoreServices.framework/Versions/A/CoreServices
0x0000000005c71000 	/System/Library/PrivateFrameworks/PerformanceAnalysis.framework/Versions/A/PerformanceAnalysis
0x0000000005c71000 	/System/Library/PrivateFrameworks/GenerationalStorage.framework/Versions/A/GenerationalStorage
0x0000000005c71000 	/System/Library/Frameworks/OpenGL.framework/Versions/A/OpenGL
0x0000000005c71000 	/System/Library/PrivateFrameworks/Sharing.framework/Versions/A/Sharing
0x0000000005c71000 	/System/Library/Frameworks/CoreGraphics.framework/Versions/A/CoreGraphics
0x0000000005c71000 	/System/Library/Frameworks/CoreText.framework/Versions/A/CoreText
0x0000000005c71000 	/System/Library/Frameworks/ImageIO.framework/Versions/A/ImageIO
0x0000000005c71000 	/usr/lib/libextension.dylib
0x0000000005c71000 	/System/Library/PrivateFrameworks/Backup.framework/Versions/A/Backup
0x0000000005c71000 	/usr/lib/libarchive.2.dylib
0x0000000005c71000 	/System/Library/Frameworks/CFNetwork.framework/Versions/A/CFNetwork
0x0000000005c71000 	/System/Library/Frameworks/SystemConfiguration.framework/Versions/A/SystemConfiguration
0x0000000005c71000 	/usr/lib/libCRFSuite.dylib
0x0000000005c71000 	/usr/lib/libc++.1.dylib
0x0000000005c71000 	/usr/lib/libc++abi.dylib
0x0000000005c71000 	/usr/lib/system/libcache.dylib
0x0000000005c71000 	/usr/lib/system/libcommonCrypto.dylib
0x0000000005c71000 	/usr/lib/system/libcompiler_rt.dylib
0x0000000005c71000 	/usr/lib/system/libcopyfile.dylib
0x0000000005c71000 	/usr/lib/system/libcorecrypto.dylib
0x0000000005c71000 	/usr/lib/system/libdispatch.dylib
0x0000000005c71000 	/usr/lib/system/libdyld.dylib
0x0000000005c71000 	/usr/lib/system/libkeymgr.dylib
0x0000000005c71000 	/usr/lib/system/liblaunch.dylib
0x0000000005c71000 	/usr/lib/system/libmacho.dylib
0x0000000005c71000 	/usr/lib/system/libquarantine.dylib
0x0000000005c71000 	/usr/lib/system/libremovefile.dylib
0x0000000005c71000 	/usr/lib/system/libsystem_asl.dylib
0x0000000005c71000 	/usr/lib/system/libsystem_blocks.dylib
0x0000000005c71000 	/usr/lib/system/libsystem_c.dylib
0x0000000005c71000 	/usr/lib/system/libsystem_configuration.dylib
0x0000000005c71000 	/usr/lib/system/libsystem_coreservices.dylib
0x0000000005c71000 	/usr/lib/system/libsystem_coretls.dylib
0x0000000005c71000 	/usr/lib/system/libsystem_dnssd.dylib
0x0000000005c71000 	/usr/lib/system/libsystem_info.dylib
0x0000000005c71000 	/usr/lib/system/libsystem_kernel.dylib
0x0000000005c71000 	/usr/lib/system/libsystem_m.dylib
0x0000000005c71000 	/usr/lib/system/libsystem_malloc.dylib
0x0000000005c71000 	/usr/lib/system/libsystem_network.dylib
0x0000000005c71000 	/usr/lib/system/libsystem_networkextension.dylib
0x0000000005c71000 	/usr/lib/system/libsystem_notify.dylib
0x0000000005c71000 	/usr/lib/system/libsystem_platform.dylib
0x0000000005c71000 	/usr/lib/system/libsystem_pthread.dylib
0x0000000005c71000 	/usr/lib/system/libsystem_sandbox.dylib
0x0000000005c71000 	/usr/lib/system/libsystem_secinit.dylib
0x0000000005c71000 	/usr/lib/system/libsystem_stats.dylib
0x0000000005c71000 	/usr/lib/system/libsystem_trace.dylib
0x0000000005c71000 	/usr/lib/system/libunc.dylib
0x0000000005c71000 	/usr/lib/system/libunwind.dylib
0x0000000005c71000 	/usr/lib/system/libxpc.dylib
0x0000000005c71000 	/usr/lib/libbz2.1.0.dylib
0x0000000005c71000 	/usr/lib/liblzma.5.dylib
0x0000000005c71000 	/usr/lib/libbsm.0.dylib
0x0000000005c71000 	/usr/lib/libsqlite3.dylib
0x0000000005c71000 	/usr/lib/system/libkxld.dylib
0x0000000005c71000 	/usr/lib/libxar.1.dylib
0x0000000005c71000 	/usr/lib/libpam.2.dylib
0x0000000005c71000 	/usr/lib/libOpenScriptingUtil.dylib
0x0000000005c71000 	/System/Library/Frameworks/CoreServices.framework/Versions/A/Frameworks/FSEvents.framework/Versions/A/FSEvents
0x0000000005c71000 	/System/Library/Frameworks/CoreServices.framework/Versions/A/Frameworks/CarbonCore.framework/Versions/A/CarbonCore
0x0000000005c71000 	/System/Library/Frameworks/CoreServices.framework/Versions/A/Frameworks/Metadata.framework/Versions/A/Metadata
0x0000000005c71000 	/System/Library/Frameworks/CoreServices.framework/Versions/A/Frameworks/OSServices.framework/Versions/A/OSServices
0x0000000005c71000 	/System/Library/Frameworks/CoreServices.framework/Versions/A/Frameworks/SearchKit.framework/Versions/A/SearchKit
0x0000000005c71000 	/System/Library/Frameworks/CoreServices.framework/Versions/A/Frameworks/AE.framework/Versions/A/AE
0x0000000005c71000 	/System/Library/Frameworks/CoreServices.framework/Versions/A/Frameworks/LaunchServices.framework/Versions/A/LaunchServices
0x0000000005c71000 	/System/Library/Frameworks/CoreServices.framework/Versions/A/Frameworks/DictionaryServices.framework/Versions/A/DictionaryServices
0x0000000005c71000 	/System/Library/Frameworks/NetFS.framework/Versions/A/NetFS
0x0000000005c71000 	/System/Library/PrivateFrameworks/NetAuth.framework/Versions/A/NetAuth
0x0000000005c71000 	/System/Library/PrivateFrameworks/login.framework/Versions/A/Frameworks/loginsupport.framework/Versions/A/loginsupport
0x0000000005c71000 	/System/Library/PrivateFrameworks/TCC.framework/Versions/A/TCC
0x0000000005c71000 	/usr/lib/libmecabra.dylib
0x0000000005c71000 	/System/Library/Frameworks/ApplicationServices.framework/Versions/A/Frameworks/ATS.framework/Versions/A/ATS
0x0000000005c71000 	/System/Library/Frameworks/ApplicationServices.framework/Versions/A/Frameworks/ColorSync.framework/Versions/A/ColorSync
0x0000000005c71000 	/System/Library/Frameworks/ApplicationServices.framework/Versions/A/Frameworks/HIServices.framework/Versions/A/HIServices
0x0000000005c71000 	/System/Library/Frameworks/ApplicationServices.framework/Versions/A/Frameworks/LangAnalysis.framework/Versions/A/LangAnalysis
0x0000000005c71000 	/System/Library/Frameworks/ApplicationServices.framework/Versions/A/Frameworks/PrintCore.framework/Versions/A/PrintCore
0x0000000005c71000 	/System/Library/Frameworks/ApplicationServices.framework/Versions/A/Frameworks/QD.framework/Versions/A/QD
0x0000000005c71000 	/System/Library/Frameworks/ApplicationServices.framework/Versions/A/Frameworks/SpeechSynthesis.framework/Versions/A/SpeechSynthesis
0x0000000005c71000 	/System/Library/Frameworks/Accelerate.framework/Versions/A/Accelerate
0x0000000005c71000 	/System/Library/Frameworks/Accelerate.framework/Versions/A/Frameworks/vImage.framework/Versions/A/vImage
0x0000000005c71000 	/System/Library/Frameworks/Accelerate.framework/Versions/A/Frameworks/vecLib.framework/Versions/A/vecLib
0x0000000005c71000 	/System/Library/Frameworks/Accelerate.framework/Versions/A/Frameworks/vecLib.framework/Versions/A/libvDSP.dylib
0x0000000005c71000 	/System/Library/Frameworks/Accelerate.framework/Versions/A/Frameworks/vecLib.framework/Versions/A/libvMisc.dylib
0x0000000005c71000 	/System/Library/Frameworks/Accelerate.framework/Versions/A/Frameworks/vecLib.framework/Versions/A/libLAPACK.dylib
0x0000000005c71000 	/System/Library/Frameworks/Accelerate.framework/Versions/A/Frameworks/vecLib.framework/Versions/A/libBLAS.dylib
0x0000000005c71000 	/System/Library/Frameworks/Accelerate.framework/Versions/A/Frameworks/vecLib.framework/Versions/A/libLinearAlgebra.dylib
0x0000000005c71000 	/System/Library/Frameworks/ApplicationServices.framework/Versions/A/Frameworks/ATS.framework/Versions/A/Resources/libFontParser.dylib
0x0000000005c71000 	/System/Library/Frameworks/ApplicationServices.framework/Versions/A/Frameworks/ATS.framework/Versions/A/Resources/libFontRegistry.dylib
0x0000000005c71000 	/System/Library/PrivateFrameworks/AppleVPA.framework/Versions/A/AppleVPA
0x0000000005c71000 	/System/Library/PrivateFrameworks/AppleJPEG.framework/Versions/A/AppleJPEG
0x0000000005c71000 	/System/Library/Frameworks/ImageIO.framework/Versions/A/Resources/libJPEG.dylib
0x0000000005c71000 	/System/Library/Frameworks/ImageIO.framework/Versions/A/Resources/libTIFF.dylib
0x0000000005c71000 	/System/Library/Frameworks/ImageIO.framework/Versions/A/Resources/libPng.dylib
0x0000000005c71000 	/System/Library/Frameworks/ImageIO.framework/Versions/A/Resources/libGIF.dylib
0x0000000005c71000 	/System/Library/Frameworks/ImageIO.framework/Versions/A/Resources/libJP2.dylib
0x0000000005c71000 	/System/Library/Frameworks/ImageIO.framework/Versions/A/Resources/libRadiance.dylib
0x0000000005c71000 	/System/Library/Frameworks/CoreVideo.framework/Versions/A/CoreVideo
0x0000000005c71000 	/System/Library/Frameworks/OpenGL.framework/Versions/A/Libraries/libGLU.dylib
0x0000000005c71000 	/System/Library/Frameworks/OpenGL.framework/Versions/A/Libraries/libGFXShared.dylib
0x0000000005c71000 	/System/Library/Frameworks/OpenGL.framework/Versions/A/Libraries/libGL.dylib
0x0000000005c71000 	/System/Library/Frameworks/OpenGL.framework/Versions/A/Libraries/libGLImage.dylib
0x0000000005c71000 	/System/Library/Frameworks/OpenGL.framework/Versions/A/Libraries/libCVMSPluginSupport.dylib
0x0000000005c71000 	/System/Library/Frameworks/OpenGL.framework/Versions/A/Libraries/libCoreVMClient.dylib
0x0000000005c71000 	/usr/lib/libcups.2.dylib
0x0000000005c71000 	/System/Library/Frameworks/Kerberos.framework/Versions/A/Kerberos
0x0000000005c71000 	/System/Library/Frameworks/GSS.framework/Versions/A/GSS
0x0000000005c71000 	/usr/lib/libresolv.9.dylib
0x0000000005c71000 	/usr/lib/libiconv.2.dylib
0x0000000005c71000 	/System/Library/PrivateFrameworks/Heimdal.framework/Versions/A/Heimdal
0x0000000005c71000 	/usr/lib/libheimdal-asn1.dylib
0x0000000005c71000 	/System/Library/Frameworks/OpenDirectory.framework/Versions/A/OpenDirectory
0x0000000005c71000 	/System/Library/PrivateFrameworks/CommonAuth.framework/Versions/A/CommonAuth
0x0000000005c71000 	/System/Library/Frameworks/OpenDirectory.framework/Versions/A/Frameworks/CFOpenDirectory.framework/Versions/A/CFOpenDirectory
0x0000000005c71000 	/System/Library/Frameworks/SecurityFoundation.framework/Versions/A/SecurityFoundation
0x0000000005c71000 	/System/Library/PrivateFrameworks/LanguageModeling.framework/Versions/A/LanguageModeling
0x0000000005c71000 	/usr/lib/libcmph.dylib
0x0000000005c71000 	/System/Library/Frameworks/ServiceManagement.framework/Versions/A/ServiceManagement
0x0000000005c71000 	/usr/lib/libxslt.1.dylib
0x0000000005c71000 	/System/Library/Frameworks/Carbon.framework/Versions/A/Frameworks/Ink.framework/Versions/A/Ink
0x0000000005c71000 	/System/Library/Frameworks/QuartzCore.framework/Versions/A/Frameworks/CoreImage.framework/Versions/A/CoreImage
0x0000000005c71000 	/System/Library/PrivateFrameworks/CrashReporterSupport.framework/Versions/A/CrashReporterSupport
0x0000000005c71000 	/System/Library/Frameworks/OpenCL.framework/Versions/A/OpenCL
0x0000000005c71000 	/System/Library/PrivateFrameworks/FaceCore.framework/Versions/A/FaceCore
0x0000000005c71000 	/System/Library/PrivateFrameworks/Ubiquity.framework/Versions/A/Ubiquity
0x0000000005c71000 	/System/Library/PrivateFrameworks/IconServices.framework/Versions/A/IconServices
0x0000000005c71000 	/System/Library/PrivateFrameworks/ChunkingLibrary.framework/Versions/A/ChunkingLibrary
0x0000000005c71000 	/System/Library/PrivateFrameworks/Apple80211.framework/Versions/A/Apple80211
0x0000000005c71000 	/System/Library/Frameworks/CoreWLAN.framework/Versions/A/CoreWLAN
0x0000000005c71000 	/System/Library/Frameworks/IOBluetooth.framework/Versions/A/IOBluetooth
0x0000000005c71000 	/System/Library/PrivateFrameworks/CoreWiFi.framework/Versions/A/CoreWiFi
0x0000000005c71000 	/System/Library/Frameworks/CoreBluetooth.framework/Versions/A/CoreBluetooth
0x0000000005c71000 	/System/Library/PrivateFrameworks/DebugSymbols.framework/Versions/A/DebugSymbols
0x0000000005c71000 	/System/Library/PrivateFrameworks/CoreSymbolication.framework/Versions/A/CoreSymbolication
0x0000000005c71000 	/System/Library/PrivateFrameworks/Symbolication.framework/Versions/A/Symbolication
0x0000000005c71000 	/System/Library/PrivateFrameworks/SpeechRecognitionCore.framework/Versions/A/SpeechRecognitionCore
0x000000010ea9c000 	/Library/Java/JavaVirtualMachines/jdk1.8.0_40.jdk/Contents/Home/jre/lib/server/libjvm.dylib
0x0000000005c71000 	/usr/lib/libstdc++.6.dylib
0x000000010fb1f000 	/Library/Java/JavaVirtualMachines/jdk1.8.0_40.jdk/Contents/Home/jre/lib/libverify.dylib
0x000000010fb2d000 	/Library/Java/JavaVirtualMachines/jdk1.8.0_40.jdk/Contents/Home/jre/lib/libjava.dylib
0x000000010fb6c000 	/Library/Java/JavaVirtualMachines/jdk1.8.0_40.jdk/Contents/Home/jre/lib/libzip.dylib
0x000000012324c000 	/System/Library/Frameworks/JavaVM.framework/Frameworks/JavaRuntimeSupport.framework/JavaRuntimeSupport
0x0000000123264000 	/System/Library/Frameworks/JavaVM.framework/Versions/A/Frameworks/JavaNativeFoundation.framework/Versions/A/JavaNativeFoundation
0x000000010fbf2000 	/System/Library/Frameworks/JavaVM.framework/Versions/A/JavaVM
0x0000000005c71000 	/System/Library/Frameworks/Carbon.framework/Versions/A/Carbon
0x0000000123279000 	/System/Library/PrivateFrameworks/JavaLaunching.framework/Versions/A/JavaLaunching
0x0000000005c71000 	/System/Library/Frameworks/Carbon.framework/Versions/A/Frameworks/CommonPanels.framework/Versions/A/CommonPanels
0x0000000005c71000 	/System/Library/Frameworks/Carbon.framework/Versions/A/Frameworks/Help.framework/Versions/A/Help
0x0000000005c71000 	/System/Library/Frameworks/Carbon.framework/Versions/A/Frameworks/ImageCapture.framework/Versions/A/ImageCapture
0x0000000005c71000 	/System/Library/Frameworks/Carbon.framework/Versions/A/Frameworks/OpenScripting.framework/Versions/A/OpenScripting
0x0000000005c71000 	/System/Library/Frameworks/Carbon.framework/Versions/A/Frameworks/Print.framework/Versions/A/Print
0x0000000005c71000 	/System/Library/Frameworks/Carbon.framework/Versions/A/Frameworks/SecurityHI.framework/Versions/A/SecurityHI
0x00000001250e6000 	/Library/Java/JavaVirtualMachines/jdk1.8.0_40.jdk/Contents/Home/jre/lib/libprism_es2.dylib
0x0000000005c71000 	/System/Library/Frameworks/OpenGL.framework/Versions/A/Resources/GLEngine.bundle/GLEngine
0x0000000005c71000 	/System/Library/Frameworks/OpenGL.framework/Versions/A/Libraries/libGLProgrammability.dylib
0x0000000000000000 	/System/Library/Extensions/GeForceTeslaGLDriver.bundle/Contents/MacOS/GeForceTeslaGLDriver
0x0000000125164000 	/System/Library/Extensions/GeForceTeslaGLDriver.bundle/Contents/MacOS/libclh.dylib
0x00000001259ab000 	/System/Library/PrivateFrameworks/GPUSupport.framework/Versions/A/Libraries/libGPUSupport.dylib
0x0000000005c71000 	/System/Library/Frameworks/OpenGL.framework/Versions/A/Resources/GLRendererFloat.bundle/GLRendererFloat
0x0000000005c71000 	/System/Library/Frameworks/OpenCL.framework/Versions/A/Libraries/libcldcpuengine.dylib
0x0000000005c71000 	/System/Library/PrivateFrameworks/DiskImages.framework/Versions/A/DiskImages
0x0000000005c71000 	/System/Library/Frameworks/DiscRecording.framework/Versions/A/DiscRecording
0x0000000005c71000 	/usr/lib/libcsfde.dylib
0x0000000005c71000 	/usr/lib/libcurl.4.dylib
0x0000000005c71000 	/System/Library/PrivateFrameworks/MediaKit.framework/Versions/A/MediaKit
0x0000000005c71000 	/System/Library/PrivateFrameworks/ProtectedCloudStorage.framework/Versions/A/ProtectedCloudStorage
0x0000000005c71000 	/usr/lib/libCoreStorage.dylib
0x0000000005c71000 	/System/Library/PrivateFrameworks/EFILogin.framework/Versions/A/EFILogin
0x0000000005c71000 	/usr/lib/libutil.dylib
0x0000000005c71000 	/System/Library/PrivateFrameworks/FindMyDevice.framework/Versions/A/FindMyDevice
0x0000000005c71000 	/System/Library/Frameworks/LDAP.framework/Versions/A/LDAP
0x0000000005c71000 	/usr/lib/libsasl2.2.dylib
0x0000000005c71000 	/System/Library/PrivateFrameworks/CoreDaemon.framework/Versions/B/CoreDaemon
0x0000000005c71000 	/usr/lib/libcrypto.0.9.8.dylib
0x0000000005c71000 	/System/Library/PrivateFrameworks/AppleSRP.framework/Versions/A/AppleSRP
0x0000000005c71000 	/System/Library/PrivateFrameworks/TrustEvaluationAgent.framework/Versions/A/TrustEvaluationAgent
0x0000000125afb000 	/Library/Java/JavaVirtualMachines/jdk1.8.0_40.jdk/Contents/Home/jre/lib/libglass.dylib
0x0000000005c71000 	/System/Library/PrivateFrameworks/CoreServicesInternal.framework/Versions/A/CoreServicesInternal
0x0000000005c71000 	/System/Library/PrivateFrameworks/CloudDocs.framework/Versions/A/CloudDocs
0x0000000005c71000 	/System/Library/PrivateFrameworks/CoreDuet.framework/Versions/A/CoreDuet
0x0000000005c71000 	/System/Library/Frameworks/CloudKit.framework/Versions/A/CloudKit
0x0000000005c71000 	/System/Library/PrivateFrameworks/ProtocolBuffer.framework/Versions/A/ProtocolBuffer
0x0000000005c71000 	/System/Library/PrivateFrameworks/CoreDuetDaemonProtocol.framework/Versions/A/CoreDuetDaemonProtocol
0x0000000005c71000 	/System/Library/PrivateFrameworks/CoreDuetDebugLogging.framework/Versions/A/CoreDuetDebugLogging
0x0000000005c71000 	/System/Library/Frameworks/CoreLocation.framework/Versions/A/CoreLocation
0x0000000005c71000 	/System/Library/Frameworks/Accounts.framework/Versions/A/Accounts
0x0000000005c71000 	/System/Library/PrivateFrameworks/ApplePushService.framework/Versions/A/ApplePushService
0x0000000005c71000 	/System/Library/PrivateFrameworks/GeoServices.framework/Versions/A/GeoServices
0x0000000005c71000 	/System/Library/PrivateFrameworks/OAuth.framework/Versions/A/OAuth
0x0000000005c71000 	/System/Library/Frameworks/CoreGraphics.framework/Versions/A/Resources/libCGCMS.A.dylib
0x0000000005c71000 	/System/Library/CoreServices/RawCamera.bundle/Contents/MacOS/RawCamera
0x0000000005c71000 	/System/Library/Frameworks/CoreGraphics.framework/Versions/A/Resources/libRIP.A.dylib
0x0000000005c71000 	/System/Library/PrivateFrameworks/FamilyControls.framework/Versions/A/FamilyControls
0x0000000005c71000 	/System/Library/PrivateFrameworks/CommerceKit.framework/Versions/A/Frameworks/CommerceCore.framework/Versions/A/CommerceCore
0x0000000005c71000 	/System/Library/PrivateFrameworks/SystemAdministration.framework/Versions/A/SystemAdministration
0x0000000005c71000 	/System/Library/PrivateFrameworks/AppContainer.framework/Versions/A/AppContainer
0x0000000005c71000 	/System/Library/PrivateFrameworks/SecCodeWrapper.framework/Versions/A/SecCodeWrapper
0x0000000005c71000 	/System/Library/Frameworks/DirectoryService.framework/Versions/A/DirectoryService
0x0000000005c71000 	/System/Library/PrivateFrameworks/LoginUIKit.framework/Versions/A/Frameworks/LoginUICore.framework/Versions/A/LoginUICore
0x0000000005c71000 	/usr/lib/libodfde.dylib
0x000000012913e000 	/Library/Java/JavaVirtualMachines/jdk1.8.0_40.jdk/Contents/Home/jre/lib/libnet.dylib
0x0000000123308000 	/Library/Java/JavaVirtualMachines/jdk1.8.0_40.jdk/Contents/Home/jre/lib/libsunec.dylib
0x0000000123285000 	/Library/Java/JavaVirtualMachines/jdk1.8.0_40.jdk/Contents/Home/jre/lib/libjavafx_font.dylib
0x0000000005c71000 	/System/Library/Frameworks/CoreGraphics.framework/Versions/A/Resources/libCGXType.A.dylib
0x00000001232e5000 	/Library/Java/JavaVirtualMachines/jdk1.8.0_40.jdk/Contents/Home/jre/lib/libnio.dylib
0x0000000127583000 	/Library/Java/JavaVirtualMachines/jdk1.8.0_40.jdk/Contents/Home/jre/lib/libprism_common.dylib
0x0000000125cbc000 	cl_kernels
0x000000013041c000 	/System/Library/Frameworks/OpenCL.framework/Versions/A/Libraries/ImageFormats/unorm8_bgra.dylib
0x0000000125cc1000 	cl_kernels

VM Arguments:
jvm_args: -Dfile.encoding=UTF-8 
java_command: VIEW.View
java_class_path (initial): /Users/idinter/Desktop/workspace/SBOBETCLI/bin:/Users/idinter/Desktop/workspace/SBOBETCLI/selenium-java-2.45.0.jar:/Users/idinter/Desktop/workspace/SBOBETCLI/selenium-server-standalone-2.45.0.jar
Launcher Type: SUN_STANDARD

Environment Variables:
PATH=/usr/bin:/bin:/usr/sbin:/sbin
SHELL=/bin/bash
DISPLAY=/private/tmp/com.apple.launchd.xciuG5yt9T/org.macosforge.xquartz:0

Signal Handlers:
SIGSEGV: [libjvm.dylib+0x58ef95], sa_mask[0]=11111111011111110111111111111111, sa_flags=SA_ONSTACK|SA_RESTART|SA_SIGINFO
SIGBUS: [libjvm.dylib+0x58ef95], sa_mask[0]=11111111011111110111111111111111, sa_flags=SA_RESTART|SA_SIGINFO
SIGFPE: [libjvm.dylib+0x46c118], sa_mask[0]=11111111011111110111111111111111, sa_flags=SA_RESTART|SA_SIGINFO
SIGPIPE: [libjvm.dylib+0x46c118], sa_mask[0]=11111111011111110111111111111111, sa_flags=SA_RESTART|SA_SIGINFO
SIGXFSZ: [libjvm.dylib+0x46c118], sa_mask[0]=11111111011111110111111111111111, sa_flags=SA_RESTART|SA_SIGINFO
SIGILL: [libjvm.dylib+0x46c118], sa_mask[0]=11111111011111110111111111111111, sa_flags=SA_RESTART|SA_SIGINFO
SIGUSR1: SIG_DFL, sa_mask[0]=00000000000000000000000000000000, sa_flags=none
SIGUSR2: [libjvm.dylib+0x46bc36], sa_mask[0]=00100000000000000000000000000000, sa_flags=SA_RESTART|SA_SIGINFO
SIGHUP: [libjvm.dylib+0x46a209], sa_mask[0]=11111111011111110111111111111111, sa_flags=SA_RESTART|SA_SIGINFO
SIGINT: [libjvm.dylib+0x46a209], sa_mask[0]=11111111011111110111111111111111, sa_flags=SA_RESTART|SA_SIGINFO
SIGTERM: [libjvm.dylib+0x46a209], sa_mask[0]=11111111011111110111111111111111, sa_flags=SA_RESTART|SA_SIGINFO
SIGQUIT: [libjvm.dylib+0x46a209], sa_mask[0]=11111111011111110111111111111111, sa_flags=SA_RESTART|SA_SIGINFO


---------------  S Y S T E M  ---------------

OS:Bsduname:Darwin 14.1.0 Darwin Kernel Version 14.1.0: Thu Feb 26 19:26:47 PST 2015; root:xnu-2782.10.73~1/RELEASE_X86_64 x86_64
rlimit: STACK 8192k, CORE 0k, NPROC 709, NOFILE 10240, AS infinity
load average:1.47 2.20 2.28

CPU:total 2 (2 cores per cpu, 1 threads per core) family 6 model 23 stepping 10, cmov, cx8, fxsr, mmx, sse, sse2, sse3, ssse3, sse4.1, tsc

Memory: 4k page, physical 4194304k(781864k free)

/proc/meminfo:


vm_info: Java HotSpot(TM) 64-Bit Server VM (25.40-b25) for bsd-amd64 JRE (1.8.0_40-b27), built on Mar 13 2015 04:46:52 by "java_re" with gcc 4.2.1 (Based on Apple Inc. build 5658) (LLVM build 2336.11.00)

time: Sun Aug 23 01:36:44 2015
elapsed time: 120 seconds (0d 0h 2m 0s)

